
Starting 1_FQC_StarAlign.sh... Wed Feb 24 20:03:43 PST 2016

HT_ROW14_N710
Script is beginning...
Analysis complete for HT_ROW14_N710_R1.fastq
Analysis complete for HT_ROW14_N710_R2.fastq
FastQC complete
Feb 24 20:03:51 ..... Started STAR run
Feb 24 20:11:50 ..... Started mapping
Feb 24 20:11:51 ..... Started sorting BAM
Feb 24 20:11:52 ..... Finished successfully
STAR alignment complete

End of 1_FQC_StarAlign.sh... Wed Feb 24 20:11:52 PST 2016

Starting 1_FQC_StarAlign.sh... Thu Feb 25 04:15:29 PST 2016

HT_ROW14_N710
Script is beginning...
Analysis complete for HT_ROW14_N710_R1.fastq
Analysis complete for HT_ROW14_N710_R2.fastq
FastQC complete
Feb 25 04:15:42 ..... Started STAR run
Feb 25 04:37:45 ..... Started mapping
Feb 25 04:37:49 ..... Started sorting BAM
Feb 25 04:37:55 ..... Finished successfully
STAR alignment complete

End of 1_FQC_StarAlign.sh... Thu Feb 25 04:37:56 PST 2016
