
Starting 1_FQC_StarAlign.sh... Wed Feb 24 23:25:58 PST 2016

HT_ROW30_N722
Script is beginning...
Analysis complete for HT_ROW30_N722_R1.fastq
Analysis complete for HT_ROW30_N722_R2.fastq
FastQC complete
Feb 24 23:26:09 ..... Started STAR run
Feb 24 23:27:51 ..... Started mapping
Feb 24 23:28:04 ..... Started sorting BAM
Feb 24 23:28:05 ..... Finished successfully
STAR alignment complete

End of 1_FQC_StarAlign.sh... Wed Feb 24 23:28:05 PST 2016

Starting 1_FQC_StarAlign.sh... Thu Feb 25 08:59:13 PST 2016

HT_ROW30_N722
Script is beginning...
Analysis complete for HT_ROW30_N722_R1.fastq
Analysis complete for HT_ROW30_N722_R2.fastq
FastQC complete
Feb 25 08:59:23 ..... Started STAR run
Feb 25 09:01:10 ..... Started mapping
Feb 25 09:01:24 ..... Started sorting BAM
Feb 25 09:01:25 ..... Finished successfully
STAR alignment complete

End of 1_FQC_StarAlign.sh... Thu Feb 25 09:01:25 PST 2016
