
Starting 1_FQC_StarAlign.sh... Wed Feb 24 21:31:43 PST 2016

HT_ROW19_N705
Script is beginning...
Analysis complete for HT_ROW19_N705_R1.fastq
Analysis complete for HT_ROW19_N705_R2.fastq
FastQC complete
Feb 24 21:31:55 ..... Started STAR run
Feb 24 21:37:15 ..... Started mapping
Feb 24 21:37:29 ..... Started sorting BAM
Feb 24 21:37:31 ..... Finished successfully
STAR alignment complete

End of 1_FQC_StarAlign.sh... Wed Feb 24 21:37:32 PST 2016

Starting 1_FQC_StarAlign.sh... Thu Feb 25 06:20:43 PST 2016

HT_ROW19_N705
Script is beginning...
Analysis complete for HT_ROW19_N705_R1.fastq
Analysis complete for HT_ROW19_N705_R2.fastq
FastQC complete
Feb 25 06:20:53 ..... Started STAR run
Feb 25 06:24:29 ..... Started mapping
Feb 25 06:24:41 ..... Started sorting BAM
Feb 25 06:24:42 ..... Finished successfully
STAR alignment complete

End of 1_FQC_StarAlign.sh... Thu Feb 25 06:24:42 PST 2016
