
Starting 1_FQC_StarAlign.sh... Wed Feb 24 22:24:58 PST 2016

HT_ROW22_N716
Script is beginning...
Analysis complete for HT_ROW22_N716_R1.fastq
Analysis complete for HT_ROW22_N716_R2.fastq
FastQC complete
Feb 24 22:25:05 ..... Started STAR run
Feb 24 22:29:48 ..... Started mapping
Feb 24 22:29:54 ..... Started sorting BAM
Feb 24 22:29:54 ..... Finished successfully
STAR alignment complete

End of 1_FQC_StarAlign.sh... Wed Feb 24 22:29:55 PST 2016

Starting 1_FQC_StarAlign.sh... Thu Feb 25 06:58:43 PST 2016

HT_ROW22_N716
Script is beginning...
Analysis complete for HT_ROW22_N716_R1.fastq
Analysis complete for HT_ROW22_N716_R2.fastq
FastQC complete
Feb 25 06:58:50 ..... Started STAR run
Feb 25 07:01:19 ..... Started mapping
Feb 25 07:01:26 ..... Started sorting BAM
Feb 25 07:01:27 ..... Finished successfully
STAR alignment complete

End of 1_FQC_StarAlign.sh... Thu Feb 25 07:01:28 PST 2016
