
Starting 1_FQC_StarAlign.sh... Wed Feb 24 20:12:28 PST 2016

HT_ROW15_N711
Script is beginning...
Analysis complete for HT_ROW15_N711_R1.fastq
Analysis complete for HT_ROW15_N711_R2.fastq
FastQC complete
Feb 24 20:13:06 ..... Started STAR run
Feb 24 20:19:59 ..... Started mapping
Feb 24 20:20:27 ..... Started sorting BAM
Feb 24 20:20:29 ..... Finished successfully
STAR alignment complete

End of 1_FQC_StarAlign.sh... Wed Feb 24 20:20:30 PST 2016

Starting 1_FQC_StarAlign.sh... Thu Feb 25 04:46:43 PST 2016

HT_ROW15_N711
Script is beginning...
Analysis complete for HT_ROW15_N711_R1.fastq
Analysis complete for HT_ROW15_N711_R2.fastq
FastQC complete
Feb 25 04:47:19 ..... Started STAR run
Feb 25 04:55:18 ..... Started mapping
Feb 25 04:55:47 ..... Started sorting BAM
Feb 25 04:55:51 ..... Finished successfully
STAR alignment complete

End of 1_FQC_StarAlign.sh... Thu Feb 25 04:55:52 PST 2016
