
Starting 1_FQC_StarAlign.sh... Wed Feb 24 18:30:13 PST 2016

HT_ROW10_N714
Script is beginning...
Analysis complete for HT_ROW10_N714_R1.fastq
Analysis complete for HT_ROW10_N714_R2.fastq
FastQC complete
Feb 24 18:30:26 ..... Started STAR run
Feb 24 18:43:06 ..... Started mapping
Feb 24 18:43:20 ..... Started sorting BAM
Feb 24 18:43:20 ..... Finished successfully
STAR alignment complete

End of 1_FQC_StarAlign.sh... Wed Feb 24 18:43:21 PST 2016

Starting 1_FQC_StarAlign.sh... Thu Feb 25 02:38:13 PST 2016

HT_ROW10_N714
Script is beginning...
Analysis complete for HT_ROW10_N714_R1.fastq
Analysis complete for HT_ROW10_N714_R2.fastq
FastQC complete
Feb 25 02:38:23 ..... Started STAR run
Feb 25 02:38:35 ..... Started mapping
Feb 25 02:38:45 ..... Started sorting BAM
Feb 25 02:38:45 ..... Finished successfully
STAR alignment complete

End of 1_FQC_StarAlign.sh... Thu Feb 25 02:38:46 PST 2016
