
Starting 1_FQC_StarAlign.sh... Wed Feb 24 22:58:58 PST 2016

HT_ROW27_N704
Script is beginning...
Analysis complete for HT_ROW27_N704_R1.fastq
Analysis complete for HT_ROW27_N704_R2.fastq
FastQC complete
Feb 24 22:59:06 ..... Started STAR run
Feb 24 22:59:40 ..... Started mapping
Feb 24 22:59:49 ..... Started sorting BAM
Feb 24 22:59:49 ..... Finished successfully
STAR alignment complete

End of 1_FQC_StarAlign.sh... Wed Feb 24 22:59:49 PST 2016

Starting 1_FQC_StarAlign.sh... Thu Feb 25 08:11:13 PST 2016

HT_ROW27_N704
Script is beginning...
Analysis complete for HT_ROW27_N704_R1.fastq
Analysis complete for HT_ROW27_N704_R2.fastq
FastQC complete
Feb 25 08:11:22 ..... Started STAR run
Feb 25 08:11:33 ..... Started mapping
Feb 25 08:11:40 ..... Started sorting BAM
Feb 25 08:11:41 ..... Finished successfully
STAR alignment complete

End of 1_FQC_StarAlign.sh... Thu Feb 25 08:11:41 PST 2016
