
Starting 1_FQC_StarAlign.sh... Wed Feb 24 23:35:58 PST 2016

HT_ROW31_N722
Script is beginning...
Analysis complete for HT_ROW31_N722_R1.fastq
Analysis complete for HT_ROW31_N722_R2.fastq
FastQC complete
Feb 24 23:36:05 ..... Started STAR run
Feb 24 23:36:17 ..... Started mapping
Feb 24 23:36:17 ..... Started sorting BAM
Feb 24 23:36:17 ..... Finished successfully
STAR alignment complete

End of 1_FQC_StarAlign.sh... Wed Feb 24 23:36:18 PST 2016

Starting 1_FQC_StarAlign.sh... Thu Feb 25 09:08:28 PST 2016

HT_ROW31_N722
Script is beginning...
Analysis complete for HT_ROW31_N722_R1.fastq
Analysis complete for HT_ROW31_N722_R2.fastq
FastQC complete
Feb 25 09:08:38 ..... Started STAR run
Feb 25 09:14:06 ..... Started mapping
Feb 25 09:14:07 ..... Started sorting BAM
Feb 25 09:14:08 ..... Finished successfully
STAR alignment complete

End of 1_FQC_StarAlign.sh... Thu Feb 25 09:14:08 PST 2016
