
Starting 1_FQC_StarAlign.sh... Wed Feb 24 19:02:00 PST 2016

HT_ROW11_N705
Script is beginning...
Analysis complete for HT_ROW11_N705_R1.fastq
Analysis complete for HT_ROW11_N705_R2.fastq
FastQC complete
Feb 24 19:02:12 ..... Started STAR run
Feb 24 19:19:46 ..... Started mapping
Feb 24 19:19:56 ..... Started sorting BAM
Feb 24 19:19:57 ..... Finished successfully
STAR alignment complete

End of 1_FQC_StarAlign.sh... Wed Feb 24 19:19:58 PST 2016

Starting 1_FQC_StarAlign.sh... Thu Feb 25 02:52:43 PST 2016

HT_ROW11_N705
Script is beginning...
Analysis complete for HT_ROW11_N705_R1.fastq
Analysis complete for HT_ROW11_N705_R2.fastq
FastQC complete
Feb 25 02:53:03 ..... Started STAR run
Feb 25 03:14:08 ..... Started mapping
Feb 25 03:14:20 ..... Started sorting BAM
Feb 25 03:14:21 ..... Finished successfully
STAR alignment complete

End of 1_FQC_StarAlign.sh... Thu Feb 25 03:14:23 PST 2016
