
Starting 1_FQC_StarAlign.sh... Wed Feb 24 17:28:13 PST 2016

HT_ROW08_N720
Script is beginning...
Analysis complete for HT_ROW08_N720_R1.fastq
Analysis complete for HT_ROW08_N720_R2.fastq
FastQC complete
Feb 24 17:28:27 ..... Started STAR run
Feb 24 17:31:17 ..... Started mapping
Feb 24 17:31:24 ..... Started sorting BAM
Feb 24 17:31:25 ..... Finished successfully
STAR alignment complete

End of 1_FQC_StarAlign.sh... Wed Feb 24 17:31:26 PST 2016

Starting 1_FQC_StarAlign.sh... Thu Feb 25 02:11:58 PST 2016

HT_ROW08_N720
Script is beginning...
Analysis complete for HT_ROW08_N720_R1.fastq
Analysis complete for HT_ROW08_N720_R2.fastq
FastQC complete
Feb 25 02:12:07 ..... Started STAR run
Feb 25 02:12:56 ..... Started mapping
Feb 25 02:13:01 ..... Started sorting BAM
Feb 25 02:13:02 ..... Finished successfully
STAR alignment complete

End of 1_FQC_StarAlign.sh... Thu Feb 25 02:13:02 PST 2016
