
Starting 1_FQC_StarAlign.sh... Wed Feb 24 23:52:58 PST 2016

HT_ROW34_N701
Script is beginning...
Analysis complete for HT_ROW34_N701_R1.fastq
Analysis complete for HT_ROW34_N701_R2.fastq
FastQC complete
Feb 24 23:53:08 ..... Started STAR run
Feb 24 23:53:19 ..... Started mapping
Feb 24 23:53:32 ..... Started sorting BAM
Feb 24 23:53:32 ..... Finished successfully
STAR alignment complete

End of 1_FQC_StarAlign.sh... Wed Feb 24 23:53:33 PST 2016

Starting 1_FQC_StarAlign.sh... Thu Feb 25 09:28:58 PST 2016

HT_ROW34_N701
Script is beginning...
Analysis complete for HT_ROW34_N701_R1.fastq
Analysis complete for HT_ROW34_N701_R2.fastq
FastQC complete
Feb 25 09:29:10 ..... Started STAR run
Feb 25 09:38:24 ..... Started mapping
Feb 25 09:38:38 ..... Started sorting BAM
Feb 25 09:38:38 ..... Finished successfully
STAR alignment complete

End of 1_FQC_StarAlign.sh... Thu Feb 25 09:38:38 PST 2016
