
Starting 1_FQC_StarAlign.sh... Wed Feb 24 22:49:43 PST 2016

HT_ROW25_N719
Script is beginning...
Analysis complete for HT_ROW25_N719_R1.fastq
Analysis complete for HT_ROW25_N719_R2.fastq
FastQC complete
Feb 24 22:49:53 ..... Started STAR run
Feb 24 22:56:56 ..... Started mapping
Feb 24 22:57:07 ..... Started sorting BAM
Feb 24 22:57:07 ..... Finished successfully
STAR alignment complete

End of 1_FQC_StarAlign.sh... Wed Feb 24 22:57:07 PST 2016

Starting 1_FQC_StarAlign.sh... Thu Feb 25 07:44:43 PST 2016

HT_ROW25_N719
Script is beginning...
Analysis complete for HT_ROW25_N719_R1.fastq
Analysis complete for HT_ROW25_N719_R2.fastq
FastQC complete
Feb 25 07:44:53 ..... Started STAR run
Feb 25 07:56:10 ..... Started mapping
Feb 25 07:56:24 ..... Started sorting BAM
Feb 25 07:56:25 ..... Finished successfully
STAR alignment complete

End of 1_FQC_StarAlign.sh... Thu Feb 25 07:56:26 PST 2016
