
Starting 1_FQC_StarAlign.sh... Wed Feb 24 23:35:13 PST 2016

HT_ROW31_N719
Script is beginning...
Analysis complete for HT_ROW31_N719_R1.fastq
Analysis complete for HT_ROW31_N719_R2.fastq
FastQC complete
Feb 24 23:35:22 ..... Started STAR run
Feb 24 23:36:29 ..... Started mapping
Feb 24 23:36:37 ..... Started sorting BAM
Feb 24 23:36:38 ..... Finished successfully
STAR alignment complete

End of 1_FQC_StarAlign.sh... Wed Feb 24 23:36:38 PST 2016

Starting 1_FQC_StarAlign.sh... Thu Feb 25 09:07:28 PST 2016

HT_ROW31_N719
Script is beginning...
Analysis complete for HT_ROW31_N719_R1.fastq
Analysis complete for HT_ROW31_N719_R2.fastq
FastQC complete
Feb 25 09:07:36 ..... Started STAR run
Feb 25 09:08:51 ..... Started mapping
Feb 25 09:08:59 ..... Started sorting BAM
Feb 25 09:09:00 ..... Finished successfully
STAR alignment complete

End of 1_FQC_StarAlign.sh... Thu Feb 25 09:09:00 PST 2016
