
Starting 1_FQC_StarAlign.sh... Wed Feb 24 23:51:58 PST 2016

HT_ROW33_N719
Script is beginning...
Analysis complete for HT_ROW33_N719_R1.fastq
Analysis complete for HT_ROW33_N719_R2.fastq
FastQC complete
Feb 24 23:52:07 ..... Started STAR run
Feb 24 23:52:18 ..... Started mapping
Feb 24 23:52:21 ..... Started sorting BAM
Feb 24 23:52:21 ..... Finished successfully
STAR alignment complete

End of 1_FQC_StarAlign.sh... Wed Feb 24 23:52:22 PST 2016

Starting 1_FQC_StarAlign.sh... Thu Feb 25 09:28:13 PST 2016

HT_ROW33_N719
Script is beginning...
Analysis complete for HT_ROW33_N719_R1.fastq
Analysis complete for HT_ROW33_N719_R2.fastq
FastQC complete
Feb 25 09:28:21 ..... Started STAR run
Feb 25 09:28:32 ..... Started mapping
Feb 25 09:28:36 ..... Started sorting BAM
Feb 25 09:28:36 ..... Finished successfully
STAR alignment complete

End of 1_FQC_StarAlign.sh... Thu Feb 25 09:28:36 PST 2016
