
Starting 1_FQC_StarAlign.sh... Wed Feb 24 19:55:43 PST 2016

HT_ROW14_N704
Script is beginning...
Analysis complete for HT_ROW14_N704_R1.fastq
Analysis complete for HT_ROW14_N704_R2.fastq
FastQC complete
Feb 24 19:55:54 ..... Started STAR run
Feb 24 20:00:13 ..... Started mapping
Feb 24 20:00:24 ..... Started sorting BAM
Feb 24 20:00:24 ..... Finished successfully
STAR alignment complete

End of 1_FQC_StarAlign.sh... Wed Feb 24 20:00:25 PST 2016

Starting 1_FQC_StarAlign.sh... Thu Feb 25 04:11:58 PST 2016

HT_ROW14_N704
Script is beginning...
Analysis complete for HT_ROW14_N704_R1.fastq
Analysis complete for HT_ROW14_N704_R2.fastq
FastQC complete
Feb 25 04:12:09 ..... Started STAR run
Feb 25 04:34:31 ..... Started mapping
Feb 25 04:34:41 ..... Started sorting BAM
Feb 25 04:34:41 ..... Finished successfully
STAR alignment complete

End of 1_FQC_StarAlign.sh... Thu Feb 25 04:34:42 PST 2016
