
Starting 1_FQC_StarAlign.sh... Wed Feb 24 23:53:13 PST 2016

HT_ROW34_N703
Script is beginning...
Analysis complete for HT_ROW34_N703_R1.fastq
Analysis complete for HT_ROW34_N703_R2.fastq
FastQC complete
Feb 24 23:53:31 ..... Started STAR run
Feb 25 00:04:16 ..... Started mapping
Feb 25 00:04:39 ..... Started sorting BAM
Feb 25 00:04:39 ..... Finished successfully
STAR alignment complete

End of 1_FQC_StarAlign.sh... Thu Feb 25 00:04:40 PST 2016

Starting 1_FQC_StarAlign.sh... Thu Feb 25 09:29:13 PST 2016

HT_ROW34_N703
Script is beginning...
Analysis complete for HT_ROW34_N703_R1.fastq
Analysis complete for HT_ROW34_N703_R2.fastq
FastQC complete
Feb 25 09:29:26 ..... Started STAR run
Feb 25 09:29:39 ..... Started mapping
Feb 25 09:29:55 ..... Started sorting BAM
Feb 25 09:29:55 ..... Finished successfully
STAR alignment complete

End of 1_FQC_StarAlign.sh... Thu Feb 25 09:29:55 PST 2016
