
Starting 1_FQC_StarAlign.sh... Wed Feb 24 21:59:28 PST 2016

HT_ROW20_N712
Script is beginning...
Analysis complete for HT_ROW20_N712_R1.fastq
Analysis complete for HT_ROW20_N712_R2.fastq
FastQC complete
Feb 24 21:59:53 ..... Started STAR run
Feb 24 22:12:10 ..... Started mapping
Feb 24 22:12:31 ..... Started sorting BAM
Feb 24 22:12:33 ..... Finished successfully
STAR alignment complete

End of 1_FQC_StarAlign.sh... Wed Feb 24 22:12:33 PST 2016

Starting 1_FQC_StarAlign.sh... Thu Feb 25 06:38:43 PST 2016

HT_ROW20_N712
Script is beginning...
Analysis complete for HT_ROW20_N712_R1.fastq
Analysis complete for HT_ROW20_N712_R2.fastq
FastQC complete
Feb 25 06:39:03 ..... Started STAR run
Feb 25 06:46:07 ..... Started mapping
Feb 25 06:46:28 ..... Started sorting BAM
Feb 25 06:46:29 ..... Finished successfully
STAR alignment complete

End of 1_FQC_StarAlign.sh... Thu Feb 25 06:46:29 PST 2016
