
Starting 1_FQC_StarAlign.sh... Thu Feb 25 00:33:13 PST 2016

HT_ROW37_N721
Script is beginning...
Analysis complete for HT_ROW37_N721_R1.fastq
Analysis complete for HT_ROW37_N721_R2.fastq
FastQC complete
Feb 25 00:33:21 ..... Started STAR run
Feb 25 00:39:04 ..... Started mapping
Feb 25 00:39:06 ..... Started sorting BAM
Feb 25 00:39:06 ..... Finished successfully
STAR alignment complete

End of 1_FQC_StarAlign.sh... Thu Feb 25 00:39:07 PST 2016

Starting 1_FQC_StarAlign.sh... Thu Feb 25 09:54:58 PST 2016

HT_ROW37_N721
Script is beginning...
Analysis complete for HT_ROW37_N721_R1.fastq
Analysis complete for HT_ROW37_N721_R2.fastq
FastQC complete
Feb 25 09:55:06 ..... Started STAR run
Feb 25 10:01:08 ..... Started mapping
Feb 25 10:01:10 ..... Started sorting BAM
Feb 25 10:01:10 ..... Finished successfully
STAR alignment complete

End of 1_FQC_StarAlign.sh... Thu Feb 25 10:01:11 PST 2016
