
Starting 1_FQC_StarAlign.sh... Wed Feb 24 22:29:58 PST 2016

HT_ROW23_N704
Script is beginning...
Analysis complete for HT_ROW23_N704_R1.fastq
Analysis complete for HT_ROW23_N704_R2.fastq
FastQC complete
Feb 24 22:30:06 ..... Started STAR run
Feb 24 22:34:39 ..... Started mapping
Feb 24 22:34:41 ..... Started sorting BAM
Feb 24 22:34:41 ..... Finished successfully
STAR alignment complete

End of 1_FQC_StarAlign.sh... Wed Feb 24 22:34:42 PST 2016

Starting 1_FQC_StarAlign.sh... Thu Feb 25 07:05:13 PST 2016

HT_ROW23_N704
Script is beginning...
Analysis complete for HT_ROW23_N704_R1.fastq
Analysis complete for HT_ROW23_N704_R2.fastq
FastQC complete
Feb 25 07:05:23 ..... Started STAR run
Feb 25 07:09:07 ..... Started mapping
Feb 25 07:09:09 ..... Started sorting BAM
Feb 25 07:09:09 ..... Finished successfully
STAR alignment complete

End of 1_FQC_StarAlign.sh... Thu Feb 25 07:09:09 PST 2016
