
Starting 1_FQC_StarAlign.sh... Wed Feb 24 23:30:43 PST 2016

HT_ROW31_N710
Script is beginning...
Analysis complete for HT_ROW31_N710_R1.fastq
Analysis complete for HT_ROW31_N710_R2.fastq
FastQC complete
Feb 24 23:30:51 ..... Started STAR run
Feb 24 23:35:41 ..... Started mapping
Feb 24 23:35:41 ..... Started sorting BAM
Feb 24 23:35:42 ..... Finished successfully
STAR alignment complete

End of 1_FQC_StarAlign.sh... Wed Feb 24 23:35:42 PST 2016

Starting 1_FQC_StarAlign.sh... Thu Feb 25 09:04:28 PST 2016

HT_ROW31_N710
Script is beginning...
Analysis complete for HT_ROW31_N710_R1.fastq
Analysis complete for HT_ROW31_N710_R2.fastq
FastQC complete
Feb 25 09:04:36 ..... Started STAR run
Feb 25 09:08:16 ..... Started mapping
Feb 25 09:08:17 ..... Started sorting BAM
Feb 25 09:08:17 ..... Finished successfully
STAR alignment complete

End of 1_FQC_StarAlign.sh... Thu Feb 25 09:08:18 PST 2016
