
Starting 1_FQC_StarAlign.sh... Wed Feb 24 23:24:13 PST 2016

HT_ROW30_N712
Script is beginning...
Analysis complete for HT_ROW30_N712_R1.fastq
Analysis complete for HT_ROW30_N712_R2.fastq
FastQC complete
Feb 24 23:24:23 ..... Started STAR run
Feb 24 23:24:34 ..... Started mapping
Feb 24 23:24:49 ..... Started sorting BAM
Feb 24 23:24:49 ..... Finished successfully
STAR alignment complete

End of 1_FQC_StarAlign.sh... Wed Feb 24 23:24:50 PST 2016

Starting 1_FQC_StarAlign.sh... Thu Feb 25 08:53:58 PST 2016

HT_ROW30_N712
Script is beginning...
Analysis complete for HT_ROW30_N712_R1.fastq
Analysis complete for HT_ROW30_N712_R2.fastq
FastQC complete
Feb 25 08:54:09 ..... Started STAR run
Feb 25 08:56:27 ..... Started mapping
Feb 25 08:56:43 ..... Started sorting BAM
Feb 25 08:56:43 ..... Finished successfully
STAR alignment complete

End of 1_FQC_StarAlign.sh... Thu Feb 25 08:56:44 PST 2016
