
Starting 1_FQC_StarAlign.sh... Wed Feb 24 22:43:43 PST 2016

HT_ROW25_N701
Script is beginning...
Analysis complete for HT_ROW25_N701_R1.fastq
Analysis complete for HT_ROW25_N701_R2.fastq
FastQC complete
Feb 24 22:43:51 ..... Started STAR run
Feb 24 22:49:41 ..... Started mapping
Feb 24 22:49:42 ..... Started sorting BAM
Feb 24 22:49:42 ..... Finished successfully
STAR alignment complete

End of 1_FQC_StarAlign.sh... Wed Feb 24 22:49:43 PST 2016

Starting 1_FQC_StarAlign.sh... Thu Feb 25 07:31:28 PST 2016

HT_ROW25_N701
Script is beginning...
Analysis complete for HT_ROW25_N701_R1.fastq
Analysis complete for HT_ROW25_N701_R2.fastq
FastQC complete
Feb 25 07:31:37 ..... Started STAR run
Feb 25 07:36:17 ..... Started mapping
Feb 25 07:36:19 ..... Started sorting BAM
Feb 25 07:36:20 ..... Finished successfully
STAR alignment complete

End of 1_FQC_StarAlign.sh... Thu Feb 25 07:36:20 PST 2016
