
Starting 1_FQC_StarAlign.sh... Wed Feb 24 21:10:13 PST 2016

HT_ROW17_N721
Script is beginning...
Analysis complete for HT_ROW17_N721_R1.fastq
Analysis complete for HT_ROW17_N721_R2.fastq
FastQC complete
Feb 24 21:10:42 ..... Started STAR run
Feb 24 21:13:32 ..... Started mapping
Feb 24 21:13:51 ..... Started sorting BAM
Feb 24 21:13:58 ..... Finished successfully
STAR alignment complete

End of 1_FQC_StarAlign.sh... Wed Feb 24 21:13:59 PST 2016

Starting 1_FQC_StarAlign.sh... Thu Feb 25 05:47:13 PST 2016

HT_ROW17_N721
Script is beginning...
Analysis complete for HT_ROW17_N721_R1.fastq
Analysis complete for HT_ROW17_N721_R2.fastq
FastQC complete
Feb 25 05:47:41 ..... Started STAR run
Feb 25 05:52:15 ..... Started mapping
Feb 25 05:52:27 ..... Started sorting BAM
Feb 25 05:52:31 ..... Finished successfully
STAR alignment complete

End of 1_FQC_StarAlign.sh... Thu Feb 25 05:52:31 PST 2016
