
Starting 1_FQC_StarAlign.sh... Wed Feb 24 20:06:13 PST 2016

HT_ROW14_N722
Script is beginning...
Analysis complete for HT_ROW14_N722_R1.fastq
Analysis complete for HT_ROW14_N722_R2.fastq
FastQC complete
Feb 24 20:06:23 ..... Started STAR run
Feb 24 20:06:34 ..... Started mapping
Feb 24 20:06:36 ..... Started sorting BAM
Feb 24 20:06:37 ..... Finished successfully
STAR alignment complete

End of 1_FQC_StarAlign.sh... Wed Feb 24 20:06:37 PST 2016

Starting 1_FQC_StarAlign.sh... Thu Feb 25 04:30:58 PST 2016

HT_ROW14_N722
Script is beginning...
Analysis complete for HT_ROW14_N722_R1.fastq
Analysis complete for HT_ROW14_N722_R2.fastq
FastQC complete
Feb 25 04:31:07 ..... Started STAR run
Feb 25 04:31:19 ..... Started mapping
Feb 25 04:31:21 ..... Started sorting BAM
Feb 25 04:31:22 ..... Finished successfully
STAR alignment complete

End of 1_FQC_StarAlign.sh... Thu Feb 25 04:31:22 PST 2016
