
Starting 1_FQC_StarAlign.sh... Wed Feb 24 23:53:13 PST 2016

HT_ROW34_N702
Script is beginning...
Analysis complete for HT_ROW34_N702_R1.fastq
Analysis complete for HT_ROW34_N702_R2.fastq
FastQC complete
Feb 24 23:53:25 ..... Started STAR run
Feb 25 00:04:16 ..... Started mapping
Feb 25 00:04:23 ..... Started sorting BAM
Feb 25 00:04:26 ..... Finished successfully
STAR alignment complete

End of 1_FQC_StarAlign.sh... Thu Feb 25 00:04:27 PST 2016

Starting 1_FQC_StarAlign.sh... Thu Feb 25 09:28:58 PST 2016

HT_ROW34_N702
Script is beginning...
Analysis complete for HT_ROW34_N702_R1.fastq
Analysis complete for HT_ROW34_N702_R2.fastq
FastQC complete
Feb 25 09:29:08 ..... Started STAR run
Feb 25 09:38:24 ..... Started mapping
Feb 25 09:38:29 ..... Started sorting BAM
Feb 25 09:38:29 ..... Finished successfully
STAR alignment complete

End of 1_FQC_StarAlign.sh... Thu Feb 25 09:38:30 PST 2016
