
Starting 1_FQC_StarAlign.sh... Wed Feb 24 16:56:13 PST 2016

HT_ROW05_N711
Script is beginning...
Analysis complete for HT_ROW05_N711_R1.fastq
Analysis complete for HT_ROW05_N711_R2.fastq
FastQC complete
Feb 24 16:56:34 ..... Started STAR run
Feb 24 16:56:45 ..... Started mapping
Feb 24 16:56:58 ..... Started sorting BAM
Feb 24 16:56:59 ..... Finished successfully
STAR alignment complete

End of 1_FQC_StarAlign.sh... Wed Feb 24 16:56:59 PST 2016

Starting 1_FQC_StarAlign.sh... Thu Feb 25 01:39:43 PST 2016

HT_ROW05_N711
Script is beginning...
Analysis complete for HT_ROW05_N711_R1.fastq
Analysis complete for HT_ROW05_N711_R2.fastq
FastQC complete
Feb 25 01:40:06 ..... Started STAR run
Feb 25 01:41:17 ..... Started mapping
Feb 25 01:41:32 ..... Started sorting BAM
Feb 25 01:41:33 ..... Finished successfully
STAR alignment complete

End of 1_FQC_StarAlign.sh... Thu Feb 25 01:41:33 PST 2016
