
Starting 1_FQC_StarAlign.sh... Wed Feb 24 19:44:28 PST 2016

HT_ROW13_N703
Script is beginning...
Analysis complete for HT_ROW13_N703_R1.fastq
Analysis complete for HT_ROW13_N703_R2.fastq
FastQC complete
Feb 24 19:44:37 ..... Started STAR run
Feb 24 19:44:48 ..... Started mapping
Feb 24 19:44:50 ..... Started sorting BAM
Feb 24 19:44:50 ..... Finished successfully
STAR alignment complete

End of 1_FQC_StarAlign.sh... Wed Feb 24 19:44:51 PST 2016

Starting 1_FQC_StarAlign.sh... Thu Feb 25 03:38:28 PST 2016

HT_ROW13_N703
Script is beginning...
Analysis complete for HT_ROW13_N703_R1.fastq
Analysis complete for HT_ROW13_N703_R2.fastq
FastQC complete
Feb 25 03:38:36 ..... Started STAR run
Feb 25 03:42:41 ..... Started mapping
Feb 25 03:42:44 ..... Started sorting BAM
Feb 25 03:42:45 ..... Finished successfully
STAR alignment complete

End of 1_FQC_StarAlign.sh... Thu Feb 25 03:42:47 PST 2016
