
Starting 1_FQC_StarAlign.sh... Wed Feb 24 19:27:13 PST 2016

HT_ROW12_N703
Script is beginning...
Analysis complete for HT_ROW12_N703_R1.fastq
Analysis complete for HT_ROW12_N703_R2.fastq
FastQC complete
Feb 24 19:27:22 ..... Started STAR run
Feb 24 19:31:00 ..... Started mapping
Feb 24 19:31:02 ..... Started sorting BAM
Feb 24 19:31:05 ..... Finished successfully
STAR alignment complete

End of 1_FQC_StarAlign.sh... Wed Feb 24 19:31:07 PST 2016

Starting 1_FQC_StarAlign.sh... Thu Feb 25 03:15:28 PST 2016

HT_ROW12_N703
Script is beginning...
Analysis complete for HT_ROW12_N703_R1.fastq
Analysis complete for HT_ROW12_N703_R2.fastq
FastQC complete
Feb 25 03:15:35 ..... Started STAR run
Feb 25 03:22:05 ..... Started mapping
Feb 25 03:22:08 ..... Started sorting BAM
Feb 25 03:22:08 ..... Finished successfully
STAR alignment complete

End of 1_FQC_StarAlign.sh... Thu Feb 25 03:22:08 PST 2016
