
Starting 1_FQC_StarAlign.sh... Wed Feb 24 22:57:58 PST 2016

HT_ROW26_N724
Script is beginning...
Analysis complete for HT_ROW26_N724_R1.fastq
Analysis complete for HT_ROW26_N724_R2.fastq
FastQC complete
Feb 24 22:58:12 ..... Started STAR run
Feb 24 22:58:38 ..... Started mapping
Feb 24 22:58:55 ..... Started sorting BAM
Feb 24 22:58:57 ..... Finished successfully
STAR alignment complete

End of 1_FQC_StarAlign.sh... Wed Feb 24 22:58:57 PST 2016

Starting 1_FQC_StarAlign.sh... Thu Feb 25 08:10:28 PST 2016

HT_ROW26_N724
Script is beginning...
Analysis complete for HT_ROW26_N724_R1.fastq
Analysis complete for HT_ROW26_N724_R2.fastq
FastQC complete
Feb 25 08:10:41 ..... Started STAR run
Feb 25 08:19:56 ..... Started mapping
Feb 25 08:20:12 ..... Started sorting BAM
Feb 25 08:20:14 ..... Finished successfully
STAR alignment complete

End of 1_FQC_StarAlign.sh... Thu Feb 25 08:20:15 PST 2016
