
Starting 1_FQC_StarAlign.sh... Wed Feb 24 17:02:58 PST 2016

HT_ROW06_N706
Script is beginning...
Analysis complete for HT_ROW06_N706_R1.fastq
Analysis complete for HT_ROW06_N706_R2.fastq
FastQC complete
Feb 24 17:03:07 ..... Started STAR run
Feb 24 17:03:20 ..... Started mapping
Feb 24 17:03:28 ..... Started sorting BAM
Feb 24 17:03:28 ..... Finished successfully
STAR alignment complete

End of 1_FQC_StarAlign.sh... Wed Feb 24 17:03:29 PST 2016

Starting 1_FQC_StarAlign.sh... Thu Feb 25 01:44:43 PST 2016

HT_ROW06_N706
Script is beginning...
Analysis complete for HT_ROW06_N706_R1.fastq
Analysis complete for HT_ROW06_N706_R2.fastq
FastQC complete
Feb 25 01:44:52 ..... Started STAR run
Feb 25 01:50:40 ..... Started mapping
Feb 25 01:50:47 ..... Started sorting BAM
Feb 25 01:50:47 ..... Finished successfully
STAR alignment complete

End of 1_FQC_StarAlign.sh... Thu Feb 25 01:50:48 PST 2016
