
Starting 1_FQC_StarAlign.sh... Wed Feb 24 20:12:13 PST 2016

HT_ROW15_N710
Script is beginning...
Analysis complete for HT_ROW15_N710_R1.fastq
Analysis complete for HT_ROW15_N710_R2.fastq
FastQC complete
Feb 24 20:12:31 ..... Started STAR run
Feb 24 20:19:48 ..... Started mapping
Feb 24 20:20:06 ..... Started sorting BAM
Feb 24 20:20:07 ..... Finished successfully
STAR alignment complete

End of 1_FQC_StarAlign.sh... Wed Feb 24 20:20:08 PST 2016

Starting 1_FQC_StarAlign.sh... Thu Feb 25 04:38:32 PST 2016

HT_ROW15_N710
Script is beginning...
Analysis complete for HT_ROW15_N710_R1.fastq
Analysis complete for HT_ROW15_N710_R2.fastq
FastQC complete
Feb 25 04:39:07 ..... Started STAR run
Feb 25 05:00:18 ..... Started mapping
Feb 25 05:00:40 ..... Started sorting BAM
Feb 25 05:00:42 ..... Finished successfully
STAR alignment complete

End of 1_FQC_StarAlign.sh... Thu Feb 25 05:00:43 PST 2016
