
Starting 1_FQC_StarAlign.sh... Wed Feb 24 22:24:58 PST 2016

HT_ROW22_N715
Script is beginning...
Analysis complete for HT_ROW22_N715_R1.fastq
Analysis complete for HT_ROW22_N715_R2.fastq
FastQC complete
Feb 24 22:25:12 ..... Started STAR run
Feb 24 22:29:48 ..... Started mapping
Feb 24 22:30:05 ..... Started sorting BAM
Feb 24 22:30:06 ..... Finished successfully
STAR alignment complete

End of 1_FQC_StarAlign.sh... Wed Feb 24 22:30:06 PST 2016

Starting 1_FQC_StarAlign.sh... Thu Feb 25 06:58:28 PST 2016

HT_ROW22_N715
Script is beginning...
Analysis complete for HT_ROW22_N715_R1.fastq
Analysis complete for HT_ROW22_N715_R2.fastq
FastQC complete
Feb 25 06:58:42 ..... Started STAR run
Feb 25 06:58:58 ..... Started mapping
Feb 25 06:59:14 ..... Started sorting BAM
Feb 25 06:59:14 ..... Finished successfully
STAR alignment complete

End of 1_FQC_StarAlign.sh... Thu Feb 25 06:59:15 PST 2016
