
Starting 1_FQC_StarAlign.sh... Wed Feb 24 17:05:43 PST 2016

HT_ROW06_N722
Script is beginning...
Analysis complete for HT_ROW06_N722_R1.fastq
Analysis complete for HT_ROW06_N722_R2.fastq
FastQC complete
Feb 24 17:05:51 ..... Started STAR run
Feb 24 17:06:03 ..... Started mapping
Feb 24 17:06:07 ..... Started sorting BAM
Feb 24 17:06:07 ..... Finished successfully
STAR alignment complete

End of 1_FQC_StarAlign.sh... Wed Feb 24 17:06:08 PST 2016

Starting 1_FQC_StarAlign.sh... Thu Feb 25 01:51:13 PST 2016

HT_ROW06_N722
Script is beginning...
Analysis complete for HT_ROW06_N722_R1.fastq
Analysis complete for HT_ROW06_N722_R2.fastq
FastQC complete
Feb 25 01:51:21 ..... Started STAR run
Feb 25 01:57:18 ..... Started mapping
Feb 25 01:57:22 ..... Started sorting BAM
Feb 25 01:57:22 ..... Finished successfully
STAR alignment complete

End of 1_FQC_StarAlign.sh... Thu Feb 25 01:57:23 PST 2016
