
Starting 1_FQC_StarAlign.sh... Wed Feb 24 15:51:13 PST 2016

HT_ROW01_N706
Script is beginning...
Analysis complete for HT_ROW01_N706_R1.fastq
Analysis complete for HT_ROW01_N706_R2.fastq
FastQC complete
Feb 24 15:51:22 ..... Started STAR run
Feb 24 15:57:50 ..... Started mapping
Feb 24 15:57:54 ..... Started sorting BAM
Feb 24 15:57:54 ..... Finished successfully
STAR alignment complete

End of 1_FQC_StarAlign.sh... Wed Feb 24 15:57:55 PST 2016

Starting 1_FQC_StarAlign.sh... Thu Feb 25 01:07:13 PST 2016

HT_ROW01_N706
Script is beginning...
Analysis complete for HT_ROW01_N706_R1.fastq
Analysis complete for HT_ROW01_N706_R2.fastq
FastQC complete
Feb 25 01:07:21 ..... Started STAR run
Feb 25 01:12:18 ..... Started mapping
Feb 25 01:12:21 ..... Started sorting BAM
Feb 25 01:12:22 ..... Finished successfully
STAR alignment complete

End of 1_FQC_StarAlign.sh... Thu Feb 25 01:12:22 PST 2016
