
Starting 1_FQC_StarAlign.sh... Wed Feb 24 23:53:43 PST 2016

HT_ROW34_N705
Script is beginning...
Analysis complete for HT_ROW34_N705_R1.fastq
Analysis complete for HT_ROW34_N705_R2.fastq
FastQC complete
Feb 24 23:53:53 ..... Started STAR run
Feb 24 23:54:05 ..... Started mapping
Feb 24 23:54:18 ..... Started sorting BAM
Feb 24 23:54:19 ..... Finished successfully
STAR alignment complete

End of 1_FQC_StarAlign.sh... Wed Feb 24 23:54:19 PST 2016

Starting 1_FQC_StarAlign.sh... Thu Feb 25 09:29:28 PST 2016

HT_ROW34_N705
Script is beginning...
Analysis complete for HT_ROW34_N705_R1.fastq
Analysis complete for HT_ROW34_N705_R2.fastq
FastQC complete
Feb 25 09:29:38 ..... Started STAR run
Feb 25 09:29:49 ..... Started mapping
Feb 25 09:30:06 ..... Started sorting BAM
Feb 25 09:30:06 ..... Finished successfully
STAR alignment complete

End of 1_FQC_StarAlign.sh... Thu Feb 25 09:30:07 PST 2016
