
Starting 1_FQC_StarAlign.sh... Wed Feb 24 22:29:58 PST 2016

HT_ROW23_N702
Script is beginning...
Analysis complete for HT_ROW23_N702_R1.fastq
Analysis complete for HT_ROW23_N702_R2.fastq
FastQC complete
Feb 24 22:30:14 ..... Started STAR run
Feb 24 22:39:59 ..... Started mapping
Feb 24 22:40:17 ..... Started sorting BAM
Feb 24 22:40:18 ..... Finished successfully
STAR alignment complete

End of 1_FQC_StarAlign.sh... Wed Feb 24 22:40:18 PST 2016

Starting 1_FQC_StarAlign.sh... Thu Feb 25 07:03:58 PST 2016

HT_ROW23_N702
Script is beginning...
Analysis complete for HT_ROW23_N702_R1.fastq
Analysis complete for HT_ROW23_N702_R2.fastq
FastQC complete
Feb 25 07:04:11 ..... Started STAR run
Feb 25 07:06:48 ..... Started mapping
Feb 25 07:07:04 ..... Started sorting BAM
Feb 25 07:07:04 ..... Finished successfully
STAR alignment complete

End of 1_FQC_StarAlign.sh... Thu Feb 25 07:07:05 PST 2016
