
Starting 1_FQC_StarAlign.sh... Wed Feb 24 22:39:28 PST 2016

HT_ROW24_N705
Script is beginning...
Analysis complete for HT_ROW24_N705_R1.fastq
Analysis complete for HT_ROW24_N705_R2.fastq
FastQC complete
Feb 24 22:39:40 ..... Started STAR run
Feb 24 22:43:12 ..... Started mapping
Feb 24 22:43:30 ..... Started sorting BAM
Feb 24 22:43:30 ..... Finished successfully
STAR alignment complete

End of 1_FQC_StarAlign.sh... Wed Feb 24 22:43:31 PST 2016

Starting 1_FQC_StarAlign.sh... Thu Feb 25 07:17:28 PST 2016

HT_ROW24_N705
Script is beginning...
Analysis complete for HT_ROW24_N705_R1.fastq
Analysis complete for HT_ROW24_N705_R2.fastq
FastQC complete
Feb 25 07:17:38 ..... Started STAR run
Feb 25 07:23:53 ..... Started mapping
Feb 25 07:24:08 ..... Started sorting BAM
Feb 25 07:24:09 ..... Finished successfully
STAR alignment complete

End of 1_FQC_StarAlign.sh... Thu Feb 25 07:24:09 PST 2016
