
Starting 1_FQC_StarAlign.sh... Wed Feb 24 15:51:13 PST 2016

HT_ROW01_N701
Script is beginning...
Analysis complete for HT_ROW01_N701_R1.fastq
Analysis complete for HT_ROW01_N701_R2.fastq
FastQC complete
Feb 24 15:51:21 ..... Started STAR run
Feb 24 15:54:24 ..... Started mapping
Feb 24 15:54:27 ..... Started sorting BAM
Feb 24 15:54:27 ..... Finished successfully
STAR alignment complete

End of 1_FQC_StarAlign.sh... Wed Feb 24 15:54:27 PST 2016

Starting 1_FQC_StarAlign.sh... Thu Feb 25 01:06:13 PST 2016

HT_ROW01_N701
Script is beginning...
Analysis complete for HT_ROW01_N701_R1.fastq
Analysis complete for HT_ROW01_N701_R2.fastq
FastQC complete
Feb 25 01:06:21 ..... Started STAR run
Feb 25 01:07:39 ..... Started mapping
Feb 25 01:07:40 ..... Started sorting BAM
Feb 25 01:07:40 ..... Finished successfully
STAR alignment complete

End of 1_FQC_StarAlign.sh... Thu Feb 25 01:07:41 PST 2016
