
Starting 1_FQC_StarAlign.sh... Wed Feb 24 16:35:59 PST 2016

HT_ROW03_N721
Script is beginning...
Analysis complete for HT_ROW03_N721_R1.fastq
Analysis complete for HT_ROW03_N721_R2.fastq
FastQC complete
Feb 24 16:36:23 ..... Started STAR run
Feb 24 16:43:30 ..... Started mapping
Feb 24 16:43:53 ..... Started sorting BAM
Feb 24 16:43:56 ..... Finished successfully
STAR alignment complete

End of 1_FQC_StarAlign.sh... Wed Feb 24 16:43:58 PST 2016

Starting 1_FQC_StarAlign.sh... Thu Feb 25 01:28:43 PST 2016

HT_ROW03_N721
Script is beginning...
Analysis complete for HT_ROW03_N721_R1.fastq
Analysis complete for HT_ROW03_N721_R2.fastq
FastQC complete
Feb 25 01:29:02 ..... Started STAR run
Feb 25 01:31:12 ..... Started mapping
Feb 25 01:31:29 ..... Started sorting BAM
Feb 25 01:31:29 ..... Finished successfully
STAR alignment complete

End of 1_FQC_StarAlign.sh... Thu Feb 25 01:31:30 PST 2016
