
Starting 1_FQC_StarAlign.sh... Thu Feb 25 00:59:28 PST 2016

HT_ROW40_N706
Script is beginning...
Analysis complete for HT_ROW40_N706_R1.fastq
Analysis complete for HT_ROW40_N706_R2.fastq
FastQC complete
Feb 25 00:59:38 ..... Started STAR run
Feb 25 01:01:48 ..... Started mapping
Feb 25 01:01:51 ..... Started sorting BAM
Feb 25 01:01:52 ..... Finished successfully
STAR alignment complete

End of 1_FQC_StarAlign.sh... Thu Feb 25 01:01:52 PST 2016

Starting 1_FQC_StarAlign.sh... Thu Feb 25 10:12:58 PST 2016

HT_ROW40_N706
Script is beginning...
Analysis complete for HT_ROW40_N706_R1.fastq
Analysis complete for HT_ROW40_N706_R2.fastq
FastQC complete
Feb 25 10:13:06 ..... Started STAR run
Feb 25 10:18:01 ..... Started mapping
Feb 25 10:18:04 ..... Started sorting BAM
Feb 25 10:18:05 ..... Finished successfully
STAR alignment complete

End of 1_FQC_StarAlign.sh... Thu Feb 25 10:18:05 PST 2016
