
Starting 1_FQC_StarAlign.sh... Thu Feb 25 00:39:13 PST 2016

HT_ROW38_N712
Script is beginning...
Analysis complete for HT_ROW38_N712_R1.fastq
Analysis complete for HT_ROW38_N712_R2.fastq
FastQC complete
Feb 25 00:39:21 ..... Started STAR run
Feb 25 00:40:43 ..... Started mapping
Feb 25 00:40:47 ..... Started sorting BAM
Feb 25 00:40:47 ..... Finished successfully
STAR alignment complete

End of 1_FQC_StarAlign.sh... Thu Feb 25 00:40:48 PST 2016

Starting 1_FQC_StarAlign.sh... Thu Feb 25 10:01:13 PST 2016

HT_ROW38_N712
Script is beginning...
Analysis complete for HT_ROW38_N712_R1.fastq
Analysis complete for HT_ROW38_N712_R2.fastq
FastQC complete
Feb 25 10:01:23 ..... Started STAR run
Feb 25 10:05:05 ..... Started mapping
Feb 25 10:05:09 ..... Started sorting BAM
Feb 25 10:05:09 ..... Finished successfully
STAR alignment complete

End of 1_FQC_StarAlign.sh... Thu Feb 25 10:05:10 PST 2016
