
Starting 1_FQC_StarAlign.sh... Wed Feb 24 17:08:43 PST 2016

HT_ROW07_N721
Script is beginning...
Analysis complete for HT_ROW07_N721_R1.fastq
Analysis complete for HT_ROW07_N721_R2.fastq
FastQC complete
Feb 24 17:08:51 ..... Started STAR run
Feb 24 17:09:53 ..... Started mapping
Feb 24 17:09:55 ..... Started sorting BAM
Feb 24 17:09:55 ..... Finished successfully
STAR alignment complete

End of 1_FQC_StarAlign.sh... Wed Feb 24 17:09:56 PST 2016

Starting 1_FQC_StarAlign.sh... Thu Feb 25 02:03:43 PST 2016

HT_ROW07_N721
Script is beginning...
Analysis complete for HT_ROW07_N721_R1.fastq
Analysis complete for HT_ROW07_N721_R2.fastq
FastQC complete
Feb 25 02:03:51 ..... Started STAR run
Feb 25 02:06:47 ..... Started mapping
Feb 25 02:06:49 ..... Started sorting BAM
Feb 25 02:06:49 ..... Finished successfully
STAR alignment complete

End of 1_FQC_StarAlign.sh... Thu Feb 25 02:06:50 PST 2016
