
Starting 1_FQC_StarAlign.sh... Wed Feb 24 19:45:59 PST 2016

HT_ROW13_N711
Script is beginning...
Analysis complete for HT_ROW13_N711_R1.fastq
Analysis complete for HT_ROW13_N711_R2.fastq
FastQC complete
Feb 24 19:46:14 ..... Started STAR run
Feb 24 20:04:11 ..... Started mapping
Feb 24 20:04:29 ..... Started sorting BAM
Feb 24 20:04:29 ..... Finished successfully
STAR alignment complete

End of 1_FQC_StarAlign.sh... Wed Feb 24 20:04:31 PST 2016

Starting 1_FQC_StarAlign.sh... Thu Feb 25 03:46:17 PST 2016

HT_ROW13_N711
Script is beginning...
Analysis complete for HT_ROW13_N711_R1.fastq
Analysis complete for HT_ROW13_N711_R2.fastq
FastQC complete
Feb 25 03:46:38 ..... Started STAR run
Feb 25 04:15:03 ..... Started mapping
Feb 25 04:15:22 ..... Started sorting BAM
Feb 25 04:15:23 ..... Finished successfully
STAR alignment complete

End of 1_FQC_StarAlign.sh... Thu Feb 25 04:15:26 PST 2016
