
Starting 1_FQC_StarAlign.sh... Wed Feb 24 19:42:13 PST 2016

HT_ROW12_N721
Script is beginning...
Analysis complete for HT_ROW12_N721_R1.fastq
Analysis complete for HT_ROW12_N721_R2.fastq
FastQC complete
Feb 24 19:42:23 ..... Started STAR run
Feb 24 19:42:35 ..... Started mapping
Feb 24 19:42:50 ..... Started sorting BAM
Feb 24 19:42:50 ..... Finished successfully
STAR alignment complete

End of 1_FQC_StarAlign.sh... Wed Feb 24 19:42:51 PST 2016

Starting 1_FQC_StarAlign.sh... Thu Feb 25 03:31:28 PST 2016

HT_ROW12_N721
Script is beginning...
Analysis complete for HT_ROW12_N721_R1.fastq
Analysis complete for HT_ROW12_N721_R2.fastq
FastQC complete
Feb 25 03:31:49 ..... Started STAR run
Feb 25 03:49:16 ..... Started mapping
Feb 25 03:49:36 ..... Started sorting BAM
Feb 25 03:49:38 ..... Finished successfully
STAR alignment complete

End of 1_FQC_StarAlign.sh... Thu Feb 25 03:49:39 PST 2016
