
Starting 1_FQC_StarAlign.sh... Thu Feb 25 01:06:13 PST 2016

Undetermined
Script is beginning...
Analysis complete for Undetermined_R1.fastq
Analysis complete for Undetermined_R2.fastq
FastQC complete
Feb 25 01:06:21 ..... Started STAR run
Feb 25 01:07:39 ..... Started mapping
Feb 25 01:07:43 ..... Started sorting BAM
Feb 25 01:07:43 ..... Finished successfully
STAR alignment complete

End of 1_FQC_StarAlign.sh... Thu Feb 25 01:07:44 PST 2016

Starting 1_FQC_StarAlign.sh... Thu Feb 25 10:20:16 PST 2016

Undetermined
Script is beginning...
Analysis complete for Undetermined_R1.fastq
Analysis complete for Undetermined_R2.fastq
FastQC complete
Feb 25 10:20:25 ..... Started STAR run
Feb 25 10:23:08 ..... Started mapping
Feb 25 10:23:12 ..... Started sorting BAM
Feb 25 10:23:13 ..... Finished successfully
STAR alignment complete

End of 1_FQC_StarAlign.sh... Thu Feb 25 10:23:13 PST 2016
