
Starting 1_FQC_StarAlign.sh... Wed Feb 24 20:05:13 PST 2016

HT_ROW14_N719
Script is beginning...
Analysis complete for HT_ROW14_N719_R1.fastq
Analysis complete for HT_ROW14_N719_R2.fastq
FastQC complete
Feb 24 20:05:21 ..... Started STAR run
Feb 24 20:05:32 ..... Started mapping
Feb 24 20:05:33 ..... Started sorting BAM
Feb 24 20:05:34 ..... Finished successfully
STAR alignment complete

End of 1_FQC_StarAlign.sh... Wed Feb 24 20:05:35 PST 2016

Starting 1_FQC_StarAlign.sh... Thu Feb 25 04:24:58 PST 2016

HT_ROW14_N719
Script is beginning...
Analysis complete for HT_ROW14_N719_R1.fastq
Analysis complete for HT_ROW14_N719_R2.fastq
FastQC complete
Feb 25 04:25:04 ..... Started STAR run
Feb 25 04:30:48 ..... Started mapping
Feb 25 04:30:50 ..... Started sorting BAM
Feb 25 04:30:50 ..... Finished successfully
STAR alignment complete

End of 1_FQC_StarAlign.sh... Thu Feb 25 04:30:51 PST 2016
