
Starting 1_FQC_StarAlign.sh... Thu Feb 25 00:46:58 PST 2016

HT_ROW39_N710
Script is beginning...
Analysis complete for HT_ROW39_N710_R1.fastq
Analysis complete for HT_ROW39_N710_R2.fastq
FastQC complete
Feb 25 00:47:06 ..... Started STAR run
Feb 25 00:48:42 ..... Started mapping
Feb 25 00:48:44 ..... Started sorting BAM
Feb 25 00:48:45 ..... Finished successfully
STAR alignment complete

End of 1_FQC_StarAlign.sh... Thu Feb 25 00:48:45 PST 2016

Starting 1_FQC_StarAlign.sh... Thu Feb 25 10:06:28 PST 2016

HT_ROW39_N710
Script is beginning...
Analysis complete for HT_ROW39_N710_R1.fastq
Analysis complete for HT_ROW39_N710_R2.fastq
FastQC complete
Feb 25 10:06:35 ..... Started STAR run
Feb 25 10:07:48 ..... Started mapping
Feb 25 10:07:51 ..... Started sorting BAM
Feb 25 10:07:52 ..... Finished successfully
STAR alignment complete

End of 1_FQC_StarAlign.sh... Thu Feb 25 10:07:52 PST 2016
