
Starting 1_FQC_StarAlign.sh... Thu Feb 25 00:11:43 PST 2016

HT_ROW36_N703
Script is beginning...
Analysis complete for HT_ROW36_N703_R1.fastq
Analysis complete for HT_ROW36_N703_R2.fastq
FastQC complete
Feb 25 00:11:52 ..... Started STAR run
Feb 25 00:18:01 ..... Started mapping
Feb 25 00:18:04 ..... Started sorting BAM
Feb 25 00:18:04 ..... Finished successfully
STAR alignment complete

End of 1_FQC_StarAlign.sh... Thu Feb 25 00:18:04 PST 2016

Starting 1_FQC_StarAlign.sh... Thu Feb 25 09:43:13 PST 2016

HT_ROW36_N703
Script is beginning...
Analysis complete for HT_ROW36_N703_R1.fastq
Analysis complete for HT_ROW36_N703_R2.fastq
FastQC complete
Feb 25 09:43:24 ..... Started STAR run
Feb 25 09:47:03 ..... Started mapping
Feb 25 09:47:06 ..... Started sorting BAM
Feb 25 09:47:06 ..... Finished successfully
STAR alignment complete

End of 1_FQC_StarAlign.sh... Thu Feb 25 09:47:06 PST 2016
