
Starting 1_FQC_StarAlign.sh... Wed Feb 24 23:56:13 PST 2016

HT_ROW34_N718
Script is beginning...
Analysis complete for HT_ROW34_N718_R1.fastq
Analysis complete for HT_ROW34_N718_R2.fastq
FastQC complete
Feb 24 23:56:21 ..... Started STAR run
Feb 24 23:58:05 ..... Started mapping
Feb 24 23:58:10 ..... Started sorting BAM
Feb 24 23:58:10 ..... Finished successfully
STAR alignment complete

End of 1_FQC_StarAlign.sh... Wed Feb 24 23:58:11 PST 2016

Starting 1_FQC_StarAlign.sh... Thu Feb 25 09:32:43 PST 2016

HT_ROW34_N718
Script is beginning...
Analysis complete for HT_ROW34_N718_R1.fastq
Analysis complete for HT_ROW34_N718_R2.fastq
FastQC complete
Feb 25 09:32:51 ..... Started STAR run
Feb 25 09:38:17 ..... Started mapping
Feb 25 09:38:18 ..... Started sorting BAM
Feb 25 09:38:19 ..... Finished successfully
STAR alignment complete

End of 1_FQC_StarAlign.sh... Thu Feb 25 09:38:20 PST 2016
