
Starting 1_FQC_StarAlign.sh... Wed Feb 24 21:23:28 PST 2016

HT_ROW18_N715
Script is beginning...
Analysis complete for HT_ROW18_N715_R1.fastq
Analysis complete for HT_ROW18_N715_R2.fastq
FastQC complete
Feb 24 21:23:44 ..... Started STAR run
Feb 24 21:24:59 ..... Started mapping
Feb 24 21:25:16 ..... Started sorting BAM
Feb 24 21:25:16 ..... Finished successfully
STAR alignment complete

End of 1_FQC_StarAlign.sh... Wed Feb 24 21:25:17 PST 2016

Starting 1_FQC_StarAlign.sh... Thu Feb 25 06:04:15 PST 2016

HT_ROW18_N715
Script is beginning...
Analysis complete for HT_ROW18_N715_R1.fastq
Analysis complete for HT_ROW18_N715_R2.fastq
FastQC complete
Feb 25 06:04:38 ..... Started STAR run
Feb 25 06:12:23 ..... Started mapping
Feb 25 06:12:42 ..... Started sorting BAM
Feb 25 06:12:44 ..... Finished successfully
STAR alignment complete

End of 1_FQC_StarAlign.sh... Thu Feb 25 06:12:44 PST 2016
