
Starting 1_FQC_StarAlign.sh... Thu Feb 25 00:50:58 PST 2016

HT_ROW39_N719
Script is beginning...
Analysis complete for HT_ROW39_N719_R1.fastq
Analysis complete for HT_ROW39_N719_R2.fastq
FastQC complete
Feb 25 00:51:07 ..... Started STAR run
Feb 25 00:54:48 ..... Started mapping
Feb 25 00:54:51 ..... Started sorting BAM
Feb 25 00:54:52 ..... Finished successfully
STAR alignment complete

End of 1_FQC_StarAlign.sh... Thu Feb 25 00:54:53 PST 2016

Starting 1_FQC_StarAlign.sh... Thu Feb 25 10:09:13 PST 2016

HT_ROW39_N719
Script is beginning...
Analysis complete for HT_ROW39_N719_R1.fastq
Analysis complete for HT_ROW39_N719_R2.fastq
FastQC complete
Feb 25 10:09:22 ..... Started STAR run
Feb 25 10:12:21 ..... Started mapping
Feb 25 10:12:26 ..... Started sorting BAM
Feb 25 10:12:26 ..... Finished successfully
STAR alignment complete

End of 1_FQC_StarAlign.sh... Thu Feb 25 10:12:26 PST 2016
