
Starting 1_FQC_StarAlign.sh... Wed Feb 24 21:19:13 PST 2016

HT_ROW18_N707
Script is beginning...
Analysis complete for HT_ROW18_N707_R1.fastq
Analysis complete for HT_ROW18_N707_R2.fastq
FastQC complete
Feb 24 21:19:21 ..... Started STAR run
Feb 24 21:25:14 ..... Started mapping
Feb 24 21:25:16 ..... Started sorting BAM
Feb 24 21:25:16 ..... Finished successfully
STAR alignment complete

End of 1_FQC_StarAlign.sh... Wed Feb 24 21:25:17 PST 2016

Starting 1_FQC_StarAlign.sh... Thu Feb 25 05:58:13 PST 2016

HT_ROW18_N707
Script is beginning...
Analysis complete for HT_ROW18_N707_R1.fastq
Analysis complete for HT_ROW18_N707_R2.fastq
FastQC complete
Feb 25 05:58:22 ..... Started STAR run
Feb 25 06:03:56 ..... Started mapping
Feb 25 06:03:58 ..... Started sorting BAM
Feb 25 06:03:59 ..... Finished successfully
STAR alignment complete

End of 1_FQC_StarAlign.sh... Thu Feb 25 06:04:03 PST 2016
