
Starting 1_FQC_StarAlign.sh... Wed Feb 24 23:14:58 PST 2016

HT_ROW29_N706
Script is beginning...
Analysis complete for HT_ROW29_N706_R1.fastq
Analysis complete for HT_ROW29_N706_R2.fastq
FastQC complete
Feb 24 23:15:06 ..... Started STAR run
Feb 24 23:16:39 ..... Started mapping
Feb 24 23:16:40 ..... Started sorting BAM
Feb 24 23:16:40 ..... Finished successfully
STAR alignment complete

End of 1_FQC_StarAlign.sh... Wed Feb 24 23:16:41 PST 2016

Starting 1_FQC_StarAlign.sh... Thu Feb 25 08:36:28 PST 2016

HT_ROW29_N706
Script is beginning...
Analysis complete for HT_ROW29_N706_R1.fastq
Analysis complete for HT_ROW29_N706_R2.fastq
FastQC complete
Feb 25 08:36:35 ..... Started STAR run
Feb 25 08:44:01 ..... Started mapping
Feb 25 08:44:04 ..... Started sorting BAM
Feb 25 08:44:04 ..... Finished successfully
STAR alignment complete

End of 1_FQC_StarAlign.sh... Thu Feb 25 08:44:05 PST 2016
