
Starting 1_FQC_StarAlign.sh... Wed Feb 24 21:20:43 PST 2016

HT_ROW18_N711
Script is beginning...
Analysis complete for HT_ROW18_N711_R1.fastq
Analysis complete for HT_ROW18_N711_R2.fastq
FastQC complete
Feb 24 21:20:55 ..... Started STAR run
Feb 24 21:27:02 ..... Started mapping
Feb 24 21:27:15 ..... Started sorting BAM
Feb 24 21:27:16 ..... Finished successfully
STAR alignment complete

End of 1_FQC_StarAlign.sh... Wed Feb 24 21:27:17 PST 2016

Starting 1_FQC_StarAlign.sh... Thu Feb 25 05:59:14 PST 2016

HT_ROW18_N711
Script is beginning...
Analysis complete for HT_ROW18_N711_R1.fastq
Analysis complete for HT_ROW18_N711_R2.fastq
FastQC complete
Feb 25 05:59:25 ..... Started STAR run
Feb 25 06:22:28 ..... Started mapping
Feb 25 06:22:39 ..... Started sorting BAM
Feb 25 06:22:40 ..... Finished successfully
STAR alignment complete

End of 1_FQC_StarAlign.sh... Thu Feb 25 06:22:41 PST 2016
