
Starting 1_FQC_StarAlign.sh... Wed Feb 24 22:57:43 PST 2016

HT_ROW26_N721
Script is beginning...
Analysis complete for HT_ROW26_N721_R1.fastq
Analysis complete for HT_ROW26_N721_R2.fastq
FastQC complete
Feb 24 22:57:53 ..... Started STAR run
Feb 24 22:58:06 ..... Started mapping
Feb 24 22:58:18 ..... Started sorting BAM
Feb 24 22:58:18 ..... Finished successfully
STAR alignment complete

End of 1_FQC_StarAlign.sh... Wed Feb 24 22:58:19 PST 2016

Starting 1_FQC_StarAlign.sh... Thu Feb 25 08:09:58 PST 2016

HT_ROW26_N721
Script is beginning...
Analysis complete for HT_ROW26_N721_R1.fastq
Analysis complete for HT_ROW26_N721_R2.fastq
FastQC complete
Feb 25 08:10:11 ..... Started STAR run
Feb 25 08:10:21 ..... Started mapping
Feb 25 08:10:33 ..... Started sorting BAM
Feb 25 08:10:34 ..... Finished successfully
STAR alignment complete

End of 1_FQC_StarAlign.sh... Thu Feb 25 08:10:34 PST 2016
