
Starting 1_FQC_StarAlign.sh... Wed Feb 24 20:51:13 PST 2016

HT_ROW17_N702
Script is beginning...
Analysis complete for HT_ROW17_N702_R1.fastq
Analysis complete for HT_ROW17_N702_R2.fastq
FastQC complete
Feb 24 20:51:28 ..... Started STAR run
Feb 24 21:04:54 ..... Started mapping
Feb 24 21:05:09 ..... Started sorting BAM
Feb 24 21:05:09 ..... Finished successfully
STAR alignment complete

End of 1_FQC_StarAlign.sh... Wed Feb 24 21:05:09 PST 2016

Starting 1_FQC_StarAlign.sh... Thu Feb 25 05:29:28 PST 2016

HT_ROW17_N702
Script is beginning...
Analysis complete for HT_ROW17_N702_R1.fastq
Analysis complete for HT_ROW17_N702_R2.fastq
FastQC complete
Feb 25 05:29:41 ..... Started STAR run
Feb 25 05:33:07 ..... Started mapping
Feb 25 05:33:19 ..... Started sorting BAM
Feb 25 05:33:20 ..... Finished successfully
STAR alignment complete

End of 1_FQC_StarAlign.sh... Thu Feb 25 05:33:20 PST 2016
