
Starting 1_FQC_StarAlign.sh... Wed Feb 24 22:10:58 PST 2016

HT_ROW21_N712
Script is beginning...
Analysis complete for HT_ROW21_N712_R1.fastq
Analysis complete for HT_ROW21_N712_R2.fastq
FastQC complete
Feb 24 22:11:09 ..... Started STAR run
Feb 24 22:18:55 ..... Started mapping
Feb 24 22:19:12 ..... Started sorting BAM
Feb 24 22:19:13 ..... Finished successfully
STAR alignment complete

End of 1_FQC_StarAlign.sh... Wed Feb 24 22:19:14 PST 2016

Starting 1_FQC_StarAlign.sh... Thu Feb 25 06:52:13 PST 2016

HT_ROW21_N712
Script is beginning...
Analysis complete for HT_ROW21_N712_R1.fastq
Analysis complete for HT_ROW21_N712_R2.fastq
FastQC complete
Feb 25 06:52:24 ..... Started STAR run
Feb 25 06:52:39 ..... Started mapping
Feb 25 06:52:54 ..... Started sorting BAM
Feb 25 06:52:55 ..... Finished successfully
STAR alignment complete

End of 1_FQC_StarAlign.sh... Thu Feb 25 06:52:56 PST 2016
