
Starting 1_FQC_StarAlign.sh... Wed Feb 24 23:35:58 PST 2016

HT_ROW31_N723
Script is beginning...
Analysis complete for HT_ROW31_N723_R1.fastq
Analysis complete for HT_ROW31_N723_R2.fastq
FastQC complete
Feb 24 23:36:12 ..... Started STAR run
Feb 24 23:36:23 ..... Started mapping
Feb 24 23:36:39 ..... Started sorting BAM
Feb 24 23:36:39 ..... Finished successfully
STAR alignment complete

End of 1_FQC_StarAlign.sh... Wed Feb 24 23:36:39 PST 2016

Starting 1_FQC_StarAlign.sh... Thu Feb 25 09:08:28 PST 2016

HT_ROW31_N723
Script is beginning...
Analysis complete for HT_ROW31_N723_R1.fastq
Analysis complete for HT_ROW31_N723_R2.fastq
FastQC complete
Feb 25 09:08:43 ..... Started STAR run
Feb 25 09:14:07 ..... Started mapping
Feb 25 09:14:23 ..... Started sorting BAM
Feb 25 09:14:23 ..... Finished successfully
STAR alignment complete

End of 1_FQC_StarAlign.sh... Thu Feb 25 09:14:24 PST 2016
