
Starting 1_FQC_StarAlign.sh... Thu Feb 25 00:28:13 PST 2016

HT_ROW37_N706
Script is beginning...
Analysis complete for HT_ROW37_N706_R1.fastq
Analysis complete for HT_ROW37_N706_R2.fastq
FastQC complete
Feb 25 00:28:23 ..... Started STAR run
Feb 25 00:33:05 ..... Started mapping
Feb 25 00:33:10 ..... Started sorting BAM
Feb 25 00:33:10 ..... Finished successfully
STAR alignment complete

End of 1_FQC_StarAlign.sh... Thu Feb 25 00:33:10 PST 2016

Starting 1_FQC_StarAlign.sh... Thu Feb 25 09:52:13 PST 2016

HT_ROW37_N706
Script is beginning...
Analysis complete for HT_ROW37_N706_R1.fastq
Analysis complete for HT_ROW37_N706_R2.fastq
FastQC complete
Feb 25 09:52:22 ..... Started STAR run
Feb 25 09:56:05 ..... Started mapping
Feb 25 09:56:09 ..... Started sorting BAM
Feb 25 09:56:10 ..... Finished successfully
STAR alignment complete

End of 1_FQC_StarAlign.sh... Thu Feb 25 09:56:10 PST 2016
