
Starting 1_FQC_StarAlign.sh... Wed Feb 24 17:35:14 PST 2016

HT_ROW09_N702
Script is beginning...
Analysis complete for HT_ROW09_N702_R1.fastq
Analysis complete for HT_ROW09_N702_R2.fastq
FastQC complete
Feb 24 17:35:28 ..... Started STAR run
Feb 24 17:50:31 ..... Started mapping
Feb 24 17:50:38 ..... Started sorting BAM
Feb 24 17:50:39 ..... Finished successfully
STAR alignment complete

End of 1_FQC_StarAlign.sh... Wed Feb 24 17:50:39 PST 2016

Starting 1_FQC_StarAlign.sh... Thu Feb 25 02:13:13 PST 2016

HT_ROW09_N702
Script is beginning...
Analysis complete for HT_ROW09_N702_R1.fastq
Analysis complete for HT_ROW09_N702_R2.fastq
FastQC complete
Feb 25 02:13:21 ..... Started STAR run
Feb 25 02:17:50 ..... Started mapping
Feb 25 02:17:53 ..... Started sorting BAM
Feb 25 02:17:53 ..... Finished successfully
STAR alignment complete

End of 1_FQC_StarAlign.sh... Thu Feb 25 02:17:54 PST 2016
