
Starting 1_FQC_StarAlign.sh... Wed Feb 24 20:44:13 PST 2016

HT_ROW16_N716
Script is beginning...
Analysis complete for HT_ROW16_N716_R1.fastq
Analysis complete for HT_ROW16_N716_R2.fastq
FastQC complete
Feb 24 20:44:23 ..... Started STAR run
Feb 24 20:49:44 ..... Started mapping
Feb 24 20:49:51 ..... Started sorting BAM
Feb 24 20:49:51 ..... Finished successfully
STAR alignment complete

End of 1_FQC_StarAlign.sh... Wed Feb 24 20:49:52 PST 2016

Starting 1_FQC_StarAlign.sh... Thu Feb 25 05:22:58 PST 2016

HT_ROW16_N716
Script is beginning...
Analysis complete for HT_ROW16_N716_R1.fastq
Analysis complete for HT_ROW16_N716_R2.fastq
FastQC complete
Feb 25 05:23:06 ..... Started STAR run
Feb 25 05:28:23 ..... Started mapping
Feb 25 05:28:30 ..... Started sorting BAM
Feb 25 05:28:31 ..... Finished successfully
STAR alignment complete

End of 1_FQC_StarAlign.sh... Thu Feb 25 05:28:31 PST 2016
