
Starting 1_FQC_StarAlign.sh... Wed Feb 24 16:56:13 PST 2016

HT_ROW05_N712
Script is beginning...
Analysis complete for HT_ROW05_N712_R1.fastq
Analysis complete for HT_ROW05_N712_R2.fastq
FastQC complete
Feb 24 16:56:19 ..... Started STAR run
Feb 24 16:56:31 ..... Started mapping
Feb 24 16:56:31 ..... Started sorting BAM
Feb 24 16:56:32 ..... Finished successfully
STAR alignment complete

End of 1_FQC_StarAlign.sh... Wed Feb 24 16:56:32 PST 2016

Starting 1_FQC_StarAlign.sh... Thu Feb 25 01:39:43 PST 2016

HT_ROW05_N712
Script is beginning...
Analysis complete for HT_ROW05_N712_R1.fastq
Analysis complete for HT_ROW05_N712_R2.fastq
FastQC complete
Feb 25 01:39:50 ..... Started STAR run
Feb 25 01:44:16 ..... Started mapping
Feb 25 01:44:17 ..... Started sorting BAM
Feb 25 01:44:17 ..... Finished successfully
STAR alignment complete

End of 1_FQC_StarAlign.sh... Thu Feb 25 01:44:18 PST 2016
