
Starting 1_FQC_StarAlign.sh... Wed Feb 24 19:44:28 PST 2016

HT_ROW13_N704
Script is beginning...
Analysis complete for HT_ROW13_N704_R1.fastq
Analysis complete for HT_ROW13_N704_R2.fastq
FastQC complete
Feb 24 19:44:36 ..... Started STAR run
Feb 24 19:44:48 ..... Started mapping
Feb 24 19:44:51 ..... Started sorting BAM
Feb 24 19:44:52 ..... Finished successfully
STAR alignment complete

End of 1_FQC_StarAlign.sh... Wed Feb 24 19:44:52 PST 2016

Starting 1_FQC_StarAlign.sh... Thu Feb 25 03:40:28 PST 2016

HT_ROW13_N704
Script is beginning...
Analysis complete for HT_ROW13_N704_R1.fastq
Analysis complete for HT_ROW13_N704_R2.fastq
FastQC complete
Feb 25 03:40:37 ..... Started STAR run
Feb 25 03:42:41 ..... Started mapping
Feb 25 03:42:46 ..... Started sorting BAM
Feb 25 03:42:47 ..... Finished successfully
STAR alignment complete

End of 1_FQC_StarAlign.sh... Thu Feb 25 03:42:48 PST 2016
