
Starting 1_FQC_StarAlign.sh... Thu Feb 25 00:17:58 PST 2016

HT_ROW36_N712
Script is beginning...
Analysis complete for HT_ROW36_N712_R1.fastq
Analysis complete for HT_ROW36_N712_R2.fastq
FastQC complete
Feb 25 00:18:06 ..... Started STAR run
Feb 25 00:22:24 ..... Started mapping
Feb 25 00:22:26 ..... Started sorting BAM
Feb 25 00:22:26 ..... Finished successfully
STAR alignment complete

End of 1_FQC_StarAlign.sh... Thu Feb 25 00:22:27 PST 2016

Starting 1_FQC_StarAlign.sh... Thu Feb 25 09:46:58 PST 2016

HT_ROW36_N712
Script is beginning...
Analysis complete for HT_ROW36_N712_R1.fastq
Analysis complete for HT_ROW36_N712_R2.fastq
FastQC complete
Feb 25 09:47:05 ..... Started STAR run
Feb 25 09:48:00 ..... Started mapping
Feb 25 09:48:02 ..... Started sorting BAM
Feb 25 09:48:02 ..... Finished successfully
STAR alignment complete

End of 1_FQC_StarAlign.sh... Thu Feb 25 09:48:03 PST 2016
