
Starting 1_FQC_StarAlign.sh... Wed Feb 24 22:48:58 PST 2016

HT_ROW25_N715
Script is beginning...
Analysis complete for HT_ROW25_N715_R1.fastq
Analysis complete for HT_ROW25_N715_R2.fastq
FastQC complete
Feb 24 22:49:08 ..... Started STAR run
Feb 24 22:49:28 ..... Started mapping
Feb 24 22:49:37 ..... Started sorting BAM
Feb 24 22:49:37 ..... Finished successfully
STAR alignment complete

End of 1_FQC_StarAlign.sh... Wed Feb 24 22:49:37 PST 2016

Starting 1_FQC_StarAlign.sh... Thu Feb 25 07:42:28 PST 2016

HT_ROW25_N715
Script is beginning...
Analysis complete for HT_ROW25_N715_R1.fastq
Analysis complete for HT_ROW25_N715_R2.fastq
FastQC complete
Feb 25 07:42:36 ..... Started STAR run
Feb 25 07:47:22 ..... Started mapping
Feb 25 07:47:31 ..... Started sorting BAM
Feb 25 07:47:32 ..... Finished successfully
STAR alignment complete

End of 1_FQC_StarAlign.sh... Thu Feb 25 07:47:33 PST 2016
