
Starting 1_FQC_StarAlign.sh... Wed Feb 24 18:05:58 PST 2016

HT_ROW09_N723
Script is beginning...
Analysis complete for HT_ROW09_N723_R1.fastq
Analysis complete for HT_ROW09_N723_R2.fastq
FastQC complete
Feb 24 18:06:09 ..... Started STAR run
Feb 24 18:15:59 ..... Started mapping
Feb 24 18:16:09 ..... Started sorting BAM
Feb 24 18:16:11 ..... Finished successfully
STAR alignment complete

End of 1_FQC_StarAlign.sh... Wed Feb 24 18:16:11 PST 2016

Starting 1_FQC_StarAlign.sh... Thu Feb 25 02:23:58 PST 2016

HT_ROW09_N723
Script is beginning...
Analysis complete for HT_ROW09_N723_R1.fastq
Analysis complete for HT_ROW09_N723_R2.fastq
FastQC complete
Feb 25 02:24:21 ..... Started STAR run
Feb 25 02:48:21 ..... Started mapping
Feb 25 02:48:31 ..... Started sorting BAM
Feb 25 02:48:32 ..... Finished successfully
STAR alignment complete

End of 1_FQC_StarAlign.sh... Thu Feb 25 02:48:33 PST 2016
