
Starting 1_FQC_StarAlign.sh... Wed Feb 24 20:09:28 PST 2016

HT_ROW15_N703
Script is beginning...
Analysis complete for HT_ROW15_N703_R1.fastq
Analysis complete for HT_ROW15_N703_R2.fastq
FastQC complete
Feb 24 20:09:40 ..... Started STAR run
Feb 24 20:12:16 ..... Started mapping
Feb 24 20:12:17 ..... Started sorting BAM
Feb 24 20:12:17 ..... Finished successfully
STAR alignment complete

End of 1_FQC_StarAlign.sh... Wed Feb 24 20:12:17 PST 2016

Starting 1_FQC_StarAlign.sh... Thu Feb 25 04:34:43 PST 2016

HT_ROW15_N703
Script is beginning...
Analysis complete for HT_ROW15_N703_R1.fastq
Analysis complete for HT_ROW15_N703_R2.fastq
FastQC complete
Feb 25 04:34:52 ..... Started STAR run
Feb 25 04:47:37 ..... Started mapping
Feb 25 04:47:39 ..... Started sorting BAM
Feb 25 04:47:39 ..... Finished successfully
STAR alignment complete

End of 1_FQC_StarAlign.sh... Thu Feb 25 04:47:41 PST 2016
