
Starting 1_FQC_StarAlign.sh... Wed Feb 24 19:35:43 PST 2016

HT_ROW12_N706
Script is beginning...
Analysis complete for HT_ROW12_N706_R1.fastq
Analysis complete for HT_ROW12_N706_R2.fastq
FastQC complete
Feb 24 19:35:57 ..... Started STAR run
Feb 24 19:40:11 ..... Started mapping
Feb 24 19:40:17 ..... Started sorting BAM
Feb 24 19:40:17 ..... Finished successfully
STAR alignment complete

End of 1_FQC_StarAlign.sh... Wed Feb 24 19:40:18 PST 2016

Starting 1_FQC_StarAlign.sh... Thu Feb 25 03:15:43 PST 2016

HT_ROW12_N706
Script is beginning...
Analysis complete for HT_ROW12_N706_R1.fastq
Analysis complete for HT_ROW12_N706_R2.fastq
FastQC complete
Feb 25 03:15:52 ..... Started STAR run
Feb 25 03:19:54 ..... Started mapping
Feb 25 03:20:00 ..... Started sorting BAM
Feb 25 03:20:02 ..... Finished successfully
STAR alignment complete

End of 1_FQC_StarAlign.sh... Thu Feb 25 03:20:03 PST 2016
