
Starting 1_FQC_StarAlign.sh... Thu Feb 25 00:30:28 PST 2016

HT_ROW37_N714
Script is beginning...
Analysis complete for HT_ROW37_N714_R1.fastq
Analysis complete for HT_ROW37_N714_R2.fastq
FastQC complete
Feb 25 00:30:35 ..... Started STAR run
Feb 25 00:33:58 ..... Started mapping
Feb 25 00:34:00 ..... Started sorting BAM
Feb 25 00:34:00 ..... Finished successfully
STAR alignment complete

End of 1_FQC_StarAlign.sh... Thu Feb 25 00:34:01 PST 2016

Starting 1_FQC_StarAlign.sh... Thu Feb 25 09:53:43 PST 2016

HT_ROW37_N714
Script is beginning...
Analysis complete for HT_ROW37_N714_R1.fastq
Analysis complete for HT_ROW37_N714_R2.fastq
FastQC complete
Feb 25 09:53:51 ..... Started STAR run
Feb 25 09:56:14 ..... Started mapping
Feb 25 09:56:16 ..... Started sorting BAM
Feb 25 09:56:16 ..... Finished successfully
STAR alignment complete

End of 1_FQC_StarAlign.sh... Thu Feb 25 09:56:16 PST 2016
