
Starting 1_FQC_StarAlign.sh... Wed Feb 24 16:37:13 PST 2016

HT_ROW03_N724
Script is beginning...
Analysis complete for HT_ROW03_N724_R1.fastq
Analysis complete for HT_ROW03_N724_R2.fastq
FastQC complete
Feb 24 16:37:23 ..... Started STAR run
Feb 24 16:43:18 ..... Started mapping
Feb 24 16:43:24 ..... Started sorting BAM
Feb 24 16:43:24 ..... Finished successfully
STAR alignment complete

End of 1_FQC_StarAlign.sh... Wed Feb 24 16:43:25 PST 2016

Starting 1_FQC_StarAlign.sh... Thu Feb 25 01:30:28 PST 2016

HT_ROW03_N724
Script is beginning...
Analysis complete for HT_ROW03_N724_R1.fastq
Analysis complete for HT_ROW03_N724_R2.fastq
FastQC complete
Feb 25 01:30:36 ..... Started STAR run
Feb 25 01:31:47 ..... Started mapping
Feb 25 01:31:54 ..... Started sorting BAM
Feb 25 01:31:54 ..... Finished successfully
STAR alignment complete

End of 1_FQC_StarAlign.sh... Thu Feb 25 01:31:54 PST 2016
