
Starting 1_FQC_StarAlign.sh... Wed Feb 24 23:00:43 PST 2016

HT_ROW27_N718
Script is beginning...
Analysis complete for HT_ROW27_N718_R1.fastq
Analysis complete for HT_ROW27_N718_R2.fastq
FastQC complete
Feb 24 23:00:50 ..... Started STAR run
Feb 24 23:01:26 ..... Started mapping
Feb 24 23:01:31 ..... Started sorting BAM
Feb 24 23:01:31 ..... Finished successfully
STAR alignment complete

End of 1_FQC_StarAlign.sh... Wed Feb 24 23:01:32 PST 2016

Starting 1_FQC_StarAlign.sh... Thu Feb 25 08:13:43 PST 2016

HT_ROW27_N718
Script is beginning...
Analysis complete for HT_ROW27_N718_R1.fastq
Analysis complete for HT_ROW27_N718_R2.fastq
FastQC complete
Feb 25 08:13:51 ..... Started STAR run
Feb 25 08:14:03 ..... Started mapping
Feb 25 08:14:07 ..... Started sorting BAM
Feb 25 08:14:08 ..... Finished successfully
STAR alignment complete

End of 1_FQC_StarAlign.sh... Thu Feb 25 08:14:09 PST 2016
