
Starting 1_FQC_StarAlign.sh... Wed Feb 24 20:20:28 PST 2016

HT_ROW15_N719
Script is beginning...
Analysis complete for HT_ROW15_N719_R1.fastq
Analysis complete for HT_ROW15_N719_R2.fastq
FastQC complete
Feb 24 20:20:40 ..... Started STAR run
Feb 24 20:25:44 ..... Started mapping
Feb 24 20:25:54 ..... Started sorting BAM
Feb 24 20:25:56 ..... Finished successfully
STAR alignment complete

End of 1_FQC_StarAlign.sh... Wed Feb 24 20:25:56 PST 2016

Starting 1_FQC_StarAlign.sh... Thu Feb 25 04:55:43 PST 2016

HT_ROW15_N719
Script is beginning...
Analysis complete for HT_ROW15_N719_R1.fastq
Analysis complete for HT_ROW15_N719_R2.fastq
FastQC complete
Feb 25 04:55:57 ..... Started STAR run
Feb 25 05:04:58 ..... Started mapping
Feb 25 05:05:07 ..... Started sorting BAM
Feb 25 05:05:09 ..... Finished successfully
STAR alignment complete

End of 1_FQC_StarAlign.sh... Thu Feb 25 05:05:10 PST 2016
