
Starting 1_FQC_StarAlign.sh... Wed Feb 24 23:16:58 PST 2016

HT_ROW29_N716
Script is beginning...
Analysis complete for HT_ROW29_N716_R1.fastq
Analysis complete for HT_ROW29_N716_R2.fastq
FastQC complete
Feb 24 23:17:08 ..... Started STAR run
Feb 24 23:18:20 ..... Started mapping
Feb 24 23:18:32 ..... Started sorting BAM
Feb 24 23:18:33 ..... Finished successfully
STAR alignment complete

End of 1_FQC_StarAlign.sh... Wed Feb 24 23:18:33 PST 2016

Starting 1_FQC_StarAlign.sh... Thu Feb 25 08:40:58 PST 2016

HT_ROW29_N716
Script is beginning...
Analysis complete for HT_ROW29_N716_R1.fastq
Analysis complete for HT_ROW29_N716_R2.fastq
FastQC complete
Feb 25 08:41:15 ..... Started STAR run
Feb 25 09:00:59 ..... Started mapping
Feb 25 09:01:15 ..... Started sorting BAM
Feb 25 09:01:16 ..... Finished successfully
STAR alignment complete

End of 1_FQC_StarAlign.sh... Thu Feb 25 09:01:17 PST 2016
