
Starting 1_FQC_StarAlign.sh... Wed Feb 24 23:24:28 PST 2016

HT_ROW30_N715
Script is beginning...
Analysis complete for HT_ROW30_N715_R1.fastq
Analysis complete for HT_ROW30_N715_R2.fastq
FastQC complete
Feb 24 23:24:45 ..... Started STAR run
Feb 24 23:24:57 ..... Started mapping
Feb 24 23:25:13 ..... Started sorting BAM
Feb 24 23:25:14 ..... Finished successfully
STAR alignment complete

End of 1_FQC_StarAlign.sh... Wed Feb 24 23:25:14 PST 2016

Starting 1_FQC_StarAlign.sh... Thu Feb 25 08:55:43 PST 2016

HT_ROW30_N715
Script is beginning...
Analysis complete for HT_ROW30_N715_R1.fastq
Analysis complete for HT_ROW30_N715_R2.fastq
FastQC complete
Feb 25 08:56:04 ..... Started STAR run
Feb 25 09:04:00 ..... Started mapping
Feb 25 09:04:15 ..... Started sorting BAM
Feb 25 09:04:16 ..... Finished successfully
STAR alignment complete

End of 1_FQC_StarAlign.sh... Thu Feb 25 09:04:16 PST 2016
