
Starting 1_FQC_StarAlign.sh... Wed Feb 24 22:50:58 PST 2016

HT_ROW26_N701
Script is beginning...
Analysis complete for HT_ROW26_N701_R1.fastq
Analysis complete for HT_ROW26_N701_R2.fastq
FastQC complete
Feb 24 22:51:07 ..... Started STAR run
Feb 24 22:51:37 ..... Started mapping
Feb 24 22:51:41 ..... Started sorting BAM
Feb 24 22:51:42 ..... Finished successfully
STAR alignment complete

End of 1_FQC_StarAlign.sh... Wed Feb 24 22:51:42 PST 2016

Starting 1_FQC_StarAlign.sh... Thu Feb 25 07:51:30 PST 2016

HT_ROW26_N701
Script is beginning...
Analysis complete for HT_ROW26_N701_R1.fastq
Analysis complete for HT_ROW26_N701_R2.fastq
FastQC complete
Feb 25 07:51:41 ..... Started STAR run
Feb 25 08:14:19 ..... Started mapping
Feb 25 08:14:24 ..... Started sorting BAM
Feb 25 08:14:29 ..... Finished successfully
STAR alignment complete

End of 1_FQC_StarAlign.sh... Thu Feb 25 08:14:30 PST 2016
