
Starting 1_FQC_StarAlign.sh... Thu Feb 25 00:48:43 PST 2016

HT_ROW39_N711
Script is beginning...
Analysis complete for HT_ROW39_N711_R1.fastq
Analysis complete for HT_ROW39_N711_R2.fastq
FastQC complete
Feb 25 00:49:25 ..... Started STAR run
Feb 25 00:54:32 ..... Started mapping
Feb 25 00:55:06 ..... Started sorting BAM
Feb 25 00:55:09 ..... Finished successfully
STAR alignment complete

End of 1_FQC_StarAlign.sh... Thu Feb 25 00:55:13 PST 2016

Starting 1_FQC_StarAlign.sh... Thu Feb 25 10:06:43 PST 2016

HT_ROW39_N711
Script is beginning...
Analysis complete for HT_ROW39_N711_R1.fastq
Analysis complete for HT_ROW39_N711_R2.fastq
FastQC complete
Feb 25 10:07:13 ..... Started STAR run
Feb 25 10:08:55 ..... Started mapping
Feb 25 10:09:24 ..... Started sorting BAM
Feb 25 10:09:26 ..... Finished successfully
STAR alignment complete

End of 1_FQC_StarAlign.sh... Thu Feb 25 10:09:26 PST 2016
