
Starting 1_FQC_StarAlign.sh... Wed Feb 24 19:46:13 PST 2016

HT_ROW13_N714
Script is beginning...
Analysis complete for HT_ROW13_N714_R1.fastq
Analysis complete for HT_ROW13_N714_R2.fastq
FastQC complete
Feb 24 19:46:23 ..... Started STAR run
Feb 24 19:46:35 ..... Started mapping
Feb 24 19:46:38 ..... Started sorting BAM
Feb 24 19:46:39 ..... Finished successfully
STAR alignment complete

End of 1_FQC_StarAlign.sh... Wed Feb 24 19:46:41 PST 2016

Starting 1_FQC_StarAlign.sh... Thu Feb 25 03:49:28 PST 2016

HT_ROW13_N714
Script is beginning...
Analysis complete for HT_ROW13_N714_R1.fastq
Analysis complete for HT_ROW13_N714_R2.fastq
FastQC complete
Feb 25 03:49:37 ..... Started STAR run
Feb 25 03:59:52 ..... Started mapping
Feb 25 03:59:56 ..... Started sorting BAM
Feb 25 03:59:58 ..... Finished successfully
STAR alignment complete

End of 1_FQC_StarAlign.sh... Thu Feb 25 03:59:59 PST 2016
