
Starting 1_FQC_StarAlign.sh... Wed Feb 24 21:04:13 PST 2016

HT_ROW17_N714
Script is beginning...
Analysis complete for HT_ROW17_N714_R1.fastq
Analysis complete for HT_ROW17_N714_R2.fastq
FastQC complete
Feb 24 21:04:23 ..... Started STAR run
Feb 24 21:09:57 ..... Started mapping
Feb 24 21:09:59 ..... Started sorting BAM
Feb 24 21:09:59 ..... Finished successfully
STAR alignment complete

End of 1_FQC_StarAlign.sh... Wed Feb 24 21:09:59 PST 2016

Starting 1_FQC_StarAlign.sh... Thu Feb 25 05:40:43 PST 2016

HT_ROW17_N714
Script is beginning...
Analysis complete for HT_ROW17_N714_R1.fastq
Analysis complete for HT_ROW17_N714_R2.fastq
FastQC complete
Feb 25 05:40:52 ..... Started STAR run
Feb 25 05:47:05 ..... Started mapping
Feb 25 05:47:07 ..... Started sorting BAM
Feb 25 05:47:08 ..... Finished successfully
STAR alignment complete

End of 1_FQC_StarAlign.sh... Thu Feb 25 05:47:09 PST 2016
