
Starting 1_FQC_StarAlign.sh... Wed Feb 24 16:53:58 PST 2016

HT_ROW04_N723
Script is beginning...
Analysis complete for HT_ROW04_N723_R1.fastq
Analysis complete for HT_ROW04_N723_R2.fastq
FastQC complete
Feb 24 16:54:11 ..... Started STAR run
Feb 24 16:54:22 ..... Started mapping
Feb 24 16:54:37 ..... Started sorting BAM
Feb 24 16:54:38 ..... Finished successfully
STAR alignment complete

End of 1_FQC_StarAlign.sh... Wed Feb 24 16:54:39 PST 2016

Starting 1_FQC_StarAlign.sh... Thu Feb 25 01:35:43 PST 2016

HT_ROW04_N723
Script is beginning...
Analysis complete for HT_ROW04_N723_R1.fastq
Analysis complete for HT_ROW04_N723_R2.fastq
FastQC complete
Feb 25 01:35:58 ..... Started STAR run
Feb 25 01:36:52 ..... Started mapping
Feb 25 01:37:10 ..... Started sorting BAM
Feb 25 01:37:10 ..... Finished successfully
STAR alignment complete

End of 1_FQC_StarAlign.sh... Thu Feb 25 01:37:11 PST 2016
