
Starting 1_FQC_StarAlign.sh... Wed Feb 24 16:57:13 PST 2016

HT_ROW05_N720
Script is beginning...
Analysis complete for HT_ROW05_N720_R1.fastq
Analysis complete for HT_ROW05_N720_R2.fastq
FastQC complete
Feb 24 16:57:22 ..... Started STAR run
Feb 24 16:59:31 ..... Started mapping
Feb 24 16:59:40 ..... Started sorting BAM
Feb 24 16:59:40 ..... Finished successfully
STAR alignment complete

End of 1_FQC_StarAlign.sh... Wed Feb 24 16:59:41 PST 2016

Starting 1_FQC_StarAlign.sh... Thu Feb 25 01:40:13 PST 2016

HT_ROW05_N720
Script is beginning...
Analysis complete for HT_ROW05_N720_R1.fastq
Analysis complete for HT_ROW05_N720_R2.fastq
FastQC complete
Feb 25 01:40:23 ..... Started STAR run
Feb 25 01:42:05 ..... Started mapping
Feb 25 01:42:16 ..... Started sorting BAM
Feb 25 01:42:16 ..... Finished successfully
STAR alignment complete

End of 1_FQC_StarAlign.sh... Thu Feb 25 01:42:16 PST 2016
