
Starting 1_FQC_StarAlign.sh... Thu Feb 25 00:34:58 PST 2016

HT_ROW38_N704
Script is beginning...
Analysis complete for HT_ROW38_N704_R1.fastq
Analysis complete for HT_ROW38_N704_R2.fastq
FastQC complete
Feb 25 00:35:06 ..... Started STAR run
Feb 25 00:36:56 ..... Started mapping
Feb 25 00:37:02 ..... Started sorting BAM
Feb 25 00:37:04 ..... Finished successfully
STAR alignment complete

End of 1_FQC_StarAlign.sh... Thu Feb 25 00:37:04 PST 2016

Starting 1_FQC_StarAlign.sh... Thu Feb 25 09:56:28 PST 2016

HT_ROW38_N704
Script is beginning...
Analysis complete for HT_ROW38_N704_R1.fastq
Analysis complete for HT_ROW38_N704_R2.fastq
FastQC complete
Feb 25 09:56:37 ..... Started STAR run
Feb 25 09:58:28 ..... Started mapping
Feb 25 09:58:33 ..... Started sorting BAM
Feb 25 09:58:33 ..... Finished successfully
STAR alignment complete

End of 1_FQC_StarAlign.sh... Thu Feb 25 09:58:35 PST 2016
