
Starting 1_FQC_StarAlign.sh... Thu Feb 25 00:14:43 PST 2016

HT_ROW36_N706
Script is beginning...
Analysis complete for HT_ROW36_N706_R1.fastq
Analysis complete for HT_ROW36_N706_R2.fastq
FastQC complete
Feb 25 00:14:56 ..... Started STAR run
Feb 25 00:24:33 ..... Started mapping
Feb 25 00:24:40 ..... Started sorting BAM
Feb 25 00:24:44 ..... Finished successfully
STAR alignment complete

End of 1_FQC_StarAlign.sh... Thu Feb 25 00:24:46 PST 2016

Starting 1_FQC_StarAlign.sh... Thu Feb 25 09:44:58 PST 2016

HT_ROW36_N706
Script is beginning...
Analysis complete for HT_ROW36_N706_R1.fastq
Analysis complete for HT_ROW36_N706_R2.fastq
FastQC complete
Feb 25 09:45:06 ..... Started STAR run
Feb 25 09:46:42 ..... Started mapping
Feb 25 09:46:48 ..... Started sorting BAM
Feb 25 09:46:48 ..... Finished successfully
STAR alignment complete

End of 1_FQC_StarAlign.sh... Thu Feb 25 09:46:48 PST 2016
