
Starting 1_FQC_StarAlign.sh... Wed Feb 24 21:51:28 PST 2016

HT_ROW20_N703
Script is beginning...
Analysis complete for HT_ROW20_N703_R1.fastq
Analysis complete for HT_ROW20_N703_R2.fastq
FastQC complete
Feb 24 21:51:37 ..... Started STAR run
Feb 24 21:56:18 ..... Started mapping
Feb 24 21:56:20 ..... Started sorting BAM
Feb 24 21:56:20 ..... Finished successfully
STAR alignment complete

End of 1_FQC_StarAlign.sh... Wed Feb 24 21:56:21 PST 2016

Starting 1_FQC_StarAlign.sh... Thu Feb 25 06:32:28 PST 2016

HT_ROW20_N703
Script is beginning...
Analysis complete for HT_ROW20_N703_R1.fastq
Analysis complete for HT_ROW20_N703_R2.fastq
FastQC complete
Feb 25 06:32:37 ..... Started STAR run
Feb 25 06:37:14 ..... Started mapping
Feb 25 06:37:17 ..... Started sorting BAM
Feb 25 06:37:18 ..... Finished successfully
STAR alignment complete

End of 1_FQC_StarAlign.sh... Thu Feb 25 06:37:21 PST 2016
