
Starting 1_FQC_StarAlign.sh... Wed Feb 24 23:18:58 PST 2016

HT_ROW29_N723
Script is beginning...
Analysis complete for HT_ROW29_N723_R1.fastq
Analysis complete for HT_ROW29_N723_R2.fastq
FastQC complete
Feb 24 23:19:08 ..... Started STAR run
Feb 24 23:26:33 ..... Started mapping
Feb 24 23:26:39 ..... Started sorting BAM
Feb 24 23:26:40 ..... Finished successfully
STAR alignment complete

End of 1_FQC_StarAlign.sh... Wed Feb 24 23:26:41 PST 2016

Starting 1_FQC_StarAlign.sh... Thu Feb 25 08:46:13 PST 2016

HT_ROW29_N723
Script is beginning...
Analysis complete for HT_ROW29_N723_R1.fastq
Analysis complete for HT_ROW29_N723_R2.fastq
FastQC complete
Feb 25 08:46:24 ..... Started STAR run
Feb 25 08:50:10 ..... Started mapping
Feb 25 08:50:15 ..... Started sorting BAM
Feb 25 08:50:15 ..... Finished successfully
STAR alignment complete

End of 1_FQC_StarAlign.sh... Thu Feb 25 08:50:16 PST 2016
