
Starting 1_FQC_StarAlign.sh... Wed Feb 24 22:45:43 PST 2016

HT_ROW25_N707
Script is beginning...
Analysis complete for HT_ROW25_N707_R1.fastq
Analysis complete for HT_ROW25_N707_R2.fastq
FastQC complete
Feb 24 22:45:52 ..... Started STAR run
Feb 24 22:46:33 ..... Started mapping
Feb 24 22:46:38 ..... Started sorting BAM
Feb 24 22:46:40 ..... Finished successfully
STAR alignment complete

End of 1_FQC_StarAlign.sh... Wed Feb 24 22:46:41 PST 2016

Starting 1_FQC_StarAlign.sh... Thu Feb 25 07:37:58 PST 2016

HT_ROW25_N707
Script is beginning...
Analysis complete for HT_ROW25_N707_R1.fastq
Analysis complete for HT_ROW25_N707_R2.fastq
FastQC complete
Feb 25 07:38:07 ..... Started STAR run
Feb 25 07:42:06 ..... Started mapping
Feb 25 07:42:11 ..... Started sorting BAM
Feb 25 07:42:11 ..... Finished successfully
STAR alignment complete

End of 1_FQC_StarAlign.sh... Thu Feb 25 07:42:12 PST 2016
