
Starting 1_FQC_StarAlign.sh... Wed Feb 24 17:10:43 PST 2016

HT_ROW08_N704
Script is beginning...
Analysis complete for HT_ROW08_N704_R1.fastq
Analysis complete for HT_ROW08_N704_R2.fastq
FastQC complete
Feb 24 17:10:58 ..... Started STAR run
Feb 24 17:11:10 ..... Started mapping
Feb 24 17:11:25 ..... Started sorting BAM
Feb 24 17:11:25 ..... Finished successfully
STAR alignment complete

End of 1_FQC_StarAlign.sh... Wed Feb 24 17:11:26 PST 2016

Starting 1_FQC_StarAlign.sh... Thu Feb 25 02:05:28 PST 2016

HT_ROW08_N704
Script is beginning...
Analysis complete for HT_ROW08_N704_R1.fastq
Analysis complete for HT_ROW08_N704_R2.fastq
FastQC complete
Feb 25 02:05:39 ..... Started STAR run
Feb 25 02:11:17 ..... Started mapping
Feb 25 02:11:29 ..... Started sorting BAM
Feb 25 02:11:30 ..... Finished successfully
STAR alignment complete

End of 1_FQC_StarAlign.sh... Thu Feb 25 02:11:30 PST 2016
