
Starting 1_FQC_StarAlign.sh... Wed Feb 24 18:54:58 PST 2016

HT_ROW11_N702
Script is beginning...
Analysis complete for HT_ROW11_N702_R1.fastq
Analysis complete for HT_ROW11_N702_R2.fastq
FastQC complete
Feb 24 18:55:10 ..... Started STAR run
Feb 24 19:02:42 ..... Started mapping
Feb 24 19:02:50 ..... Started sorting BAM
Feb 24 19:02:50 ..... Finished successfully
STAR alignment complete

End of 1_FQC_StarAlign.sh... Wed Feb 24 19:02:50 PST 2016

Starting 1_FQC_StarAlign.sh... Thu Feb 25 02:48:48 PST 2016

HT_ROW11_N702
Script is beginning...
Analysis complete for HT_ROW11_N702_R1.fastq
Analysis complete for HT_ROW11_N702_R2.fastq
FastQC complete
Feb 25 02:49:04 ..... Started STAR run
Feb 25 03:23:26 ..... Started mapping
Feb 25 03:23:34 ..... Started sorting BAM
Feb 25 03:23:34 ..... Finished successfully
STAR alignment complete

End of 1_FQC_StarAlign.sh... Thu Feb 25 03:23:35 PST 2016
