
Starting 1_FQC_StarAlign.sh... Wed Feb 24 23:06:13 PST 2016

HT_ROW28_N715
Script is beginning...
Analysis complete for HT_ROW28_N715_R1.fastq
Analysis complete for HT_ROW28_N715_R2.fastq
FastQC complete
Feb 24 23:06:32 ..... Started STAR run
Feb 24 23:08:52 ..... Started mapping
Feb 24 23:09:09 ..... Started sorting BAM
Feb 24 23:09:10 ..... Finished successfully
STAR alignment complete

End of 1_FQC_StarAlign.sh... Wed Feb 24 23:09:11 PST 2016

Starting 1_FQC_StarAlign.sh... Thu Feb 25 08:23:43 PST 2016

HT_ROW28_N715
Script is beginning...
Analysis complete for HT_ROW28_N715_R1.fastq
Analysis complete for HT_ROW28_N715_R2.fastq
FastQC complete
Feb 25 08:24:00 ..... Started STAR run
Feb 25 08:24:12 ..... Started mapping
Feb 25 08:24:28 ..... Started sorting BAM
Feb 25 08:24:30 ..... Finished successfully
STAR alignment complete

End of 1_FQC_StarAlign.sh... Thu Feb 25 08:24:31 PST 2016
