
Starting 1_FQC_StarAlign.sh... Wed Feb 24 21:07:14 PST 2016

HT_ROW17_N720
Script is beginning...
Analysis complete for HT_ROW17_N720_R1.fastq
Analysis complete for HT_ROW17_N720_R2.fastq
FastQC complete
Feb 24 21:07:24 ..... Started STAR run
Feb 24 21:13:57 ..... Started mapping
Feb 24 21:14:04 ..... Started sorting BAM
Feb 24 21:14:04 ..... Finished successfully
STAR alignment complete

End of 1_FQC_StarAlign.sh... Wed Feb 24 21:14:05 PST 2016

Starting 1_FQC_StarAlign.sh... Thu Feb 25 05:43:31 PST 2016

HT_ROW17_N720
Script is beginning...
Analysis complete for HT_ROW17_N720_R1.fastq
Analysis complete for HT_ROW17_N720_R2.fastq
FastQC complete
Feb 25 05:43:46 ..... Started STAR run
Feb 25 06:12:33 ..... Started mapping
Feb 25 06:12:40 ..... Started sorting BAM
Feb 25 06:12:41 ..... Finished successfully
STAR alignment complete

End of 1_FQC_StarAlign.sh... Thu Feb 25 06:12:43 PST 2016
