
Starting 1_FQC_StarAlign.sh... Wed Feb 24 17:00:13 PST 2016

HT_ROW06_N701
Script is beginning...
Analysis complete for HT_ROW06_N701_R1.fastq
Analysis complete for HT_ROW06_N701_R2.fastq
FastQC complete
Feb 24 17:00:23 ..... Started STAR run
Feb 24 17:07:39 ..... Started mapping
Feb 24 17:07:46 ..... Started sorting BAM
Feb 24 17:07:46 ..... Finished successfully
STAR alignment complete

End of 1_FQC_StarAlign.sh... Wed Feb 24 17:07:46 PST 2016

Starting 1_FQC_StarAlign.sh... Thu Feb 25 01:42:28 PST 2016

HT_ROW06_N701
Script is beginning...
Analysis complete for HT_ROW06_N701_R1.fastq
Analysis complete for HT_ROW06_N701_R2.fastq
FastQC complete
Feb 25 01:42:35 ..... Started STAR run
Feb 25 01:44:08 ..... Started mapping
Feb 25 01:44:12 ..... Started sorting BAM
Feb 25 01:44:13 ..... Finished successfully
STAR alignment complete

End of 1_FQC_StarAlign.sh... Thu Feb 25 01:44:13 PST 2016
