
Starting 1_FQC_StarAlign.sh... Wed Feb 24 23:00:58 PST 2016

HT_ROW27_N720
Script is beginning...
Analysis complete for HT_ROW27_N720_R1.fastq
Analysis complete for HT_ROW27_N720_R2.fastq
FastQC complete
Feb 24 23:01:06 ..... Started STAR run
Feb 24 23:01:26 ..... Started mapping
Feb 24 23:01:34 ..... Started sorting BAM
Feb 24 23:01:34 ..... Finished successfully
STAR alignment complete

End of 1_FQC_StarAlign.sh... Wed Feb 24 23:01:35 PST 2016

Starting 1_FQC_StarAlign.sh... Thu Feb 25 08:14:29 PST 2016

HT_ROW27_N720
Script is beginning...
Analysis complete for HT_ROW27_N720_R1.fastq
Analysis complete for HT_ROW27_N720_R2.fastq
FastQC complete
Feb 25 08:14:42 ..... Started STAR run
Feb 25 08:40:34 ..... Started mapping
Feb 25 08:40:44 ..... Started sorting BAM
Feb 25 08:40:45 ..... Finished successfully
STAR alignment complete

End of 1_FQC_StarAlign.sh... Thu Feb 25 08:40:47 PST 2016
