
Starting 1_FQC_StarAlign.sh... Wed Feb 24 17:44:43 PST 2016

HT_ROW09_N710
Script is beginning...
Analysis complete for HT_ROW09_N710_R1.fastq
Analysis complete for HT_ROW09_N710_R2.fastq
FastQC complete
Feb 24 17:44:54 ..... Started STAR run
Feb 24 17:58:17 ..... Started mapping
Feb 24 17:58:19 ..... Started sorting BAM
Feb 24 17:58:20 ..... Finished successfully
STAR alignment complete

End of 1_FQC_StarAlign.sh... Wed Feb 24 17:58:21 PST 2016

Starting 1_FQC_StarAlign.sh... Thu Feb 25 02:17:58 PST 2016

HT_ROW09_N710
Script is beginning...
Analysis complete for HT_ROW09_N710_R1.fastq
Analysis complete for HT_ROW09_N710_R2.fastq
FastQC complete
Feb 25 02:18:07 ..... Started STAR run
Feb 25 02:23:05 ..... Started mapping
Feb 25 02:23:07 ..... Started sorting BAM
Feb 25 02:23:07 ..... Finished successfully
STAR alignment complete

End of 1_FQC_StarAlign.sh... Thu Feb 25 02:23:08 PST 2016
