
Starting 1_FQC_StarAlign.sh... Wed Feb 24 23:00:58 PST 2016

HT_ROW27_N722
Script is beginning...
Analysis complete for HT_ROW27_N722_R1.fastq
Analysis complete for HT_ROW27_N722_R2.fastq
FastQC complete
Feb 24 23:01:08 ..... Started STAR run
Feb 24 23:02:19 ..... Started mapping
Feb 24 23:02:27 ..... Started sorting BAM
Feb 24 23:02:28 ..... Finished successfully
STAR alignment complete

End of 1_FQC_StarAlign.sh... Wed Feb 24 23:02:28 PST 2016

Starting 1_FQC_StarAlign.sh... Thu Feb 25 08:14:43 PST 2016

HT_ROW27_N722
Script is beginning...
Analysis complete for HT_ROW27_N722_R1.fastq
Analysis complete for HT_ROW27_N722_R2.fastq
FastQC complete
Feb 25 08:14:51 ..... Started STAR run
Feb 25 08:16:57 ..... Started mapping
Feb 25 08:17:03 ..... Started sorting BAM
Feb 25 08:17:03 ..... Finished successfully
STAR alignment complete

End of 1_FQC_StarAlign.sh... Thu Feb 25 08:17:04 PST 2016
