
Starting 1_FQC_StarAlign.sh... Wed Feb 24 16:39:58 PST 2016

HT_ROW04_N703
Script is beginning...
Analysis complete for HT_ROW04_N703_R1.fastq
Analysis complete for HT_ROW04_N703_R2.fastq
FastQC complete
Feb 24 16:40:06 ..... Started STAR run
Feb 24 16:47:31 ..... Started mapping
Feb 24 16:47:33 ..... Started sorting BAM
Feb 24 16:47:34 ..... Finished successfully
STAR alignment complete

End of 1_FQC_StarAlign.sh... Wed Feb 24 16:47:34 PST 2016

Starting 1_FQC_StarAlign.sh... Thu Feb 25 01:31:28 PST 2016

HT_ROW04_N703
Script is beginning...
Analysis complete for HT_ROW04_N703_R1.fastq
Analysis complete for HT_ROW04_N703_R2.fastq
FastQC complete
Feb 25 01:31:37 ..... Started STAR run
Feb 25 01:34:46 ..... Started mapping
Feb 25 01:34:48 ..... Started sorting BAM
Feb 25 01:34:48 ..... Finished successfully
STAR alignment complete

End of 1_FQC_StarAlign.sh... Thu Feb 25 01:34:49 PST 2016
