
Starting 1_FQC_StarAlign.sh... Wed Feb 24 22:33:43 PST 2016

HT_ROW23_N714
Script is beginning...
Analysis complete for HT_ROW23_N714_R1.fastq
Analysis complete for HT_ROW23_N714_R2.fastq
FastQC complete
Feb 24 22:33:57 ..... Started STAR run
Feb 24 22:35:06 ..... Started mapping
Feb 24 22:35:25 ..... Started sorting BAM
Feb 24 22:35:26 ..... Finished successfully
STAR alignment complete

End of 1_FQC_StarAlign.sh... Wed Feb 24 22:35:26 PST 2016

Starting 1_FQC_StarAlign.sh... Thu Feb 25 07:09:13 PST 2016

HT_ROW23_N714
Script is beginning...
Analysis complete for HT_ROW23_N714_R1.fastq
Analysis complete for HT_ROW23_N714_R2.fastq
FastQC complete
Feb 25 07:09:29 ..... Started STAR run
Feb 25 07:17:18 ..... Started mapping
Feb 25 07:17:34 ..... Started sorting BAM
Feb 25 07:17:34 ..... Finished successfully
STAR alignment complete

End of 1_FQC_StarAlign.sh... Thu Feb 25 07:17:35 PST 2016
