
Starting 1_FQC_StarAlign.sh... Wed Feb 24 23:23:43 PST 2016

HT_ROW30_N711
Script is beginning...
Analysis complete for HT_ROW30_N711_R1.fastq
Analysis complete for HT_ROW30_N711_R2.fastq
FastQC complete
Feb 24 23:24:13 ..... Started STAR run
Feb 24 23:25:31 ..... Started mapping
Feb 24 23:26:07 ..... Started sorting BAM
Feb 24 23:26:09 ..... Finished successfully
STAR alignment complete

End of 1_FQC_StarAlign.sh... Wed Feb 24 23:26:10 PST 2016

Starting 1_FQC_StarAlign.sh... Thu Feb 25 08:53:58 PST 2016

HT_ROW30_N711
Script is beginning...
Analysis complete for HT_ROW30_N711_R1.fastq
Analysis complete for HT_ROW30_N711_R2.fastq
FastQC complete
Feb 25 08:54:34 ..... Started STAR run
Feb 25 08:56:27 ..... Started mapping
Feb 25 08:57:00 ..... Started sorting BAM
Feb 25 08:57:02 ..... Finished successfully
STAR alignment complete

End of 1_FQC_StarAlign.sh... Thu Feb 25 08:57:03 PST 2016
