
Starting 1_FQC_StarAlign.sh... Wed Feb 24 16:32:58 PST 2016

HT_ROW03_N720
Script is beginning...
Analysis complete for HT_ROW03_N720_R1.fastq
Analysis complete for HT_ROW03_N720_R2.fastq
FastQC complete
Feb 24 16:33:16 ..... Started STAR run
Feb 24 16:39:47 ..... Started mapping
Feb 24 16:40:02 ..... Started sorting BAM
Feb 24 16:40:04 ..... Finished successfully
STAR alignment complete

End of 1_FQC_StarAlign.sh... Wed Feb 24 16:40:04 PST 2016

Starting 1_FQC_StarAlign.sh... Thu Feb 25 01:28:43 PST 2016

HT_ROW03_N720
Script is beginning...
Analysis complete for HT_ROW03_N720_R1.fastq
Analysis complete for HT_ROW03_N720_R2.fastq
FastQC complete
Feb 25 01:28:57 ..... Started STAR run
Feb 25 01:31:12 ..... Started mapping
Feb 25 01:31:25 ..... Started sorting BAM
Feb 25 01:31:26 ..... Finished successfully
STAR alignment complete

End of 1_FQC_StarAlign.sh... Thu Feb 25 01:31:26 PST 2016
