
Starting 1_FQC_StarAlign.sh... Wed Feb 24 23:54:13 PST 2016

HT_ROW34_N712
Script is beginning...
Analysis complete for HT_ROW34_N712_R1.fastq
Analysis complete for HT_ROW34_N712_R2.fastq
FastQC complete
Feb 24 23:54:23 ..... Started STAR run
Feb 24 23:55:22 ..... Started mapping
Feb 24 23:55:29 ..... Started sorting BAM
Feb 24 23:55:30 ..... Finished successfully
STAR alignment complete

End of 1_FQC_StarAlign.sh... Wed Feb 24 23:55:31 PST 2016

Starting 1_FQC_StarAlign.sh... Thu Feb 25 09:30:13 PST 2016

HT_ROW34_N712
Script is beginning...
Analysis complete for HT_ROW34_N712_R1.fastq
Analysis complete for HT_ROW34_N712_R2.fastq
FastQC complete
Feb 25 09:30:21 ..... Started STAR run
Feb 25 09:32:46 ..... Started mapping
Feb 25 09:32:49 ..... Started sorting BAM
Feb 25 09:32:49 ..... Finished successfully
STAR alignment complete

End of 1_FQC_StarAlign.sh... Thu Feb 25 09:32:50 PST 2016
