
Starting 1_FQC_StarAlign.sh... Wed Feb 24 17:04:58 PST 2016

HT_ROW06_N720
Script is beginning...
Analysis complete for HT_ROW06_N720_R1.fastq
Analysis complete for HT_ROW06_N720_R2.fastq
FastQC complete
Feb 24 17:05:09 ..... Started STAR run
Feb 24 17:05:26 ..... Started mapping
Feb 24 17:05:38 ..... Started sorting BAM
Feb 24 17:05:39 ..... Finished successfully
STAR alignment complete

End of 1_FQC_StarAlign.sh... Wed Feb 24 17:05:40 PST 2016

Starting 1_FQC_StarAlign.sh... Thu Feb 25 01:50:58 PST 2016

HT_ROW06_N720
Script is beginning...
Analysis complete for HT_ROW06_N720_R1.fastq
Analysis complete for HT_ROW06_N720_R2.fastq
FastQC complete
Feb 25 01:51:08 ..... Started STAR run
Feb 25 01:57:18 ..... Started mapping
Feb 25 01:57:31 ..... Started sorting BAM
Feb 25 01:57:31 ..... Finished successfully
STAR alignment complete

End of 1_FQC_StarAlign.sh... Thu Feb 25 01:57:31 PST 2016
