
Starting 1_FQC_StarAlign.sh... Wed Feb 24 21:53:28 PST 2016

HT_ROW20_N704
Script is beginning...
Analysis complete for HT_ROW20_N704_R1.fastq
Analysis complete for HT_ROW20_N704_R2.fastq
FastQC complete
Feb 24 21:53:37 ..... Started STAR run
Feb 24 21:59:51 ..... Started mapping
Feb 24 21:59:56 ..... Started sorting BAM
Feb 24 21:59:57 ..... Finished successfully
STAR alignment complete

End of 1_FQC_StarAlign.sh... Wed Feb 24 21:59:57 PST 2016

Starting 1_FQC_StarAlign.sh... Thu Feb 25 06:32:28 PST 2016

HT_ROW20_N704
Script is beginning...
Analysis complete for HT_ROW20_N704_R1.fastq
Analysis complete for HT_ROW20_N704_R2.fastq
FastQC complete
Feb 25 06:32:36 ..... Started STAR run
Feb 25 06:37:14 ..... Started mapping
Feb 25 06:37:20 ..... Started sorting BAM
Feb 25 06:37:22 ..... Finished successfully
STAR alignment complete

End of 1_FQC_StarAlign.sh... Thu Feb 25 06:37:25 PST 2016
