
Starting 1_FQC_StarAlign.sh... Wed Feb 24 23:55:43 PST 2016

HT_ROW34_N716
Script is beginning...
Analysis complete for HT_ROW34_N716_R1.fastq
Analysis complete for HT_ROW34_N716_R2.fastq
FastQC complete
Feb 24 23:55:54 ..... Started STAR run
Feb 24 23:58:05 ..... Started mapping
Feb 24 23:58:23 ..... Started sorting BAM
Feb 24 23:58:24 ..... Finished successfully
STAR alignment complete

End of 1_FQC_StarAlign.sh... Wed Feb 24 23:58:24 PST 2016

Starting 1_FQC_StarAlign.sh... Thu Feb 25 09:31:58 PST 2016

HT_ROW34_N716
Script is beginning...
Analysis complete for HT_ROW34_N716_R1.fastq
Analysis complete for HT_ROW34_N716_R2.fastq
FastQC complete
Feb 25 09:32:10 ..... Started STAR run
Feb 25 09:34:07 ..... Started mapping
Feb 25 09:34:23 ..... Started sorting BAM
Feb 25 09:34:24 ..... Finished successfully
STAR alignment complete

End of 1_FQC_StarAlign.sh... Thu Feb 25 09:34:24 PST 2016
