
Starting 1_FQC_StarAlign.sh... Wed Feb 24 21:31:29 PST 2016

HT_ROW19_N701
Script is beginning...
Analysis complete for HT_ROW19_N701_R1.fastq
Analysis complete for HT_ROW19_N701_R2.fastq
FastQC complete
Feb 24 21:31:39 ..... Started STAR run
Feb 24 21:39:26 ..... Started mapping
Feb 24 21:39:35 ..... Started sorting BAM
Feb 24 21:39:35 ..... Finished successfully
STAR alignment complete

End of 1_FQC_StarAlign.sh... Wed Feb 24 21:39:36 PST 2016

Starting 1_FQC_StarAlign.sh... Thu Feb 25 06:14:43 PST 2016

HT_ROW19_N701
Script is beginning...
Analysis complete for HT_ROW19_N701_R1.fastq
Analysis complete for HT_ROW19_N701_R2.fastq
FastQC complete
Feb 25 06:14:51 ..... Started STAR run
Feb 25 06:20:30 ..... Started mapping
Feb 25 06:20:36 ..... Started sorting BAM
Feb 25 06:20:37 ..... Finished successfully
STAR alignment complete

End of 1_FQC_StarAlign.sh... Thu Feb 25 06:20:37 PST 2016
