
Starting 1_FQC_StarAlign.sh... Wed Feb 24 18:12:43 PST 2016

HT_ROW10_N703
Script is beginning...
Analysis complete for HT_ROW10_N703_R1.fastq
Analysis complete for HT_ROW10_N703_R2.fastq
FastQC complete
Feb 24 18:12:55 ..... Started STAR run
Feb 24 18:30:00 ..... Started mapping
Feb 24 18:30:05 ..... Started sorting BAM
Feb 24 18:30:06 ..... Finished successfully
STAR alignment complete

End of 1_FQC_StarAlign.sh... Wed Feb 24 18:30:06 PST 2016

Starting 1_FQC_StarAlign.sh... Thu Feb 25 02:31:43 PST 2016

HT_ROW10_N703
Script is beginning...
Analysis complete for HT_ROW10_N703_R1.fastq
Analysis complete for HT_ROW10_N703_R2.fastq
FastQC complete
Feb 25 02:31:51 ..... Started STAR run
Feb 25 02:32:12 ..... Started mapping
Feb 25 02:32:15 ..... Started sorting BAM
Feb 25 02:32:16 ..... Finished successfully
STAR alignment complete

End of 1_FQC_StarAlign.sh... Thu Feb 25 02:32:16 PST 2016
