
Starting 1_FQC_StarAlign.sh... Wed Feb 24 23:33:13 PST 2016

HT_ROW31_N715
Script is beginning...
Analysis complete for HT_ROW31_N715_R1.fastq
Analysis complete for HT_ROW31_N715_R2.fastq
FastQC complete
Feb 24 23:33:26 ..... Started STAR run
Feb 24 23:38:48 ..... Started mapping
Feb 24 23:39:04 ..... Started sorting BAM
Feb 24 23:39:05 ..... Finished successfully
STAR alignment complete

End of 1_FQC_StarAlign.sh... Wed Feb 24 23:39:05 PST 2016

Starting 1_FQC_StarAlign.sh... Thu Feb 25 09:05:28 PST 2016

HT_ROW31_N715
Script is beginning...
Analysis complete for HT_ROW31_N715_R1.fastq
Analysis complete for HT_ROW31_N715_R2.fastq
FastQC complete
Feb 25 09:05:40 ..... Started STAR run
Feb 25 09:06:11 ..... Started mapping
Feb 25 09:06:27 ..... Started sorting BAM
Feb 25 09:06:28 ..... Finished successfully
STAR alignment complete

End of 1_FQC_StarAlign.sh... Thu Feb 25 09:06:29 PST 2016
