
Starting 1_FQC_StarAlign.sh... Wed Feb 24 16:53:13 PST 2016

HT_ROW04_N721
Script is beginning...
Analysis complete for HT_ROW04_N721_R1.fastq
Analysis complete for HT_ROW04_N721_R2.fastq
FastQC complete
Feb 24 16:53:23 ..... Started STAR run
Feb 24 16:53:34 ..... Started mapping
Feb 24 16:53:45 ..... Started sorting BAM
Feb 24 16:53:46 ..... Finished successfully
STAR alignment complete

End of 1_FQC_StarAlign.sh... Wed Feb 24 16:53:46 PST 2016

Starting 1_FQC_StarAlign.sh... Thu Feb 25 01:35:13 PST 2016

HT_ROW04_N721
Script is beginning...
Analysis complete for HT_ROW04_N721_R1.fastq
Analysis complete for HT_ROW04_N721_R2.fastq
FastQC complete
Feb 25 01:35:22 ..... Started STAR run
Feb 25 01:39:44 ..... Started mapping
Feb 25 01:39:56 ..... Started sorting BAM
Feb 25 01:39:57 ..... Finished successfully
STAR alignment complete

End of 1_FQC_StarAlign.sh... Thu Feb 25 01:39:57 PST 2016
