
Starting 1_FQC_StarAlign.sh... Wed Feb 24 17:06:13 PST 2016

HT_ROW07_N702
Script is beginning...
Analysis complete for HT_ROW07_N702_R1.fastq
Analysis complete for HT_ROW07_N702_R2.fastq
FastQC complete
Feb 24 17:06:21 ..... Started STAR run
Feb 24 17:06:33 ..... Started mapping
Feb 24 17:06:41 ..... Started sorting BAM
Feb 24 17:06:41 ..... Finished successfully
STAR alignment complete

End of 1_FQC_StarAlign.sh... Wed Feb 24 17:06:41 PST 2016

Starting 1_FQC_StarAlign.sh... Thu Feb 25 01:57:28 PST 2016

HT_ROW07_N702
Script is beginning...
Analysis complete for HT_ROW07_N702_R1.fastq
Analysis complete for HT_ROW07_N702_R2.fastq
FastQC complete
Feb 25 01:57:36 ..... Started STAR run
Feb 25 01:57:48 ..... Started mapping
Feb 25 01:57:56 ..... Started sorting BAM
Feb 25 01:57:56 ..... Finished successfully
STAR alignment complete

End of 1_FQC_StarAlign.sh... Thu Feb 25 01:57:56 PST 2016
