
Starting 1_FQC_StarAlign.sh... Thu Feb 25 00:14:28 PST 2016

HT_ROW36_N705
Script is beginning...
Analysis complete for HT_ROW36_N705_R1.fastq
Analysis complete for HT_ROW36_N705_R2.fastq
FastQC complete
Feb 25 00:14:40 ..... Started STAR run
Feb 25 00:24:33 ..... Started mapping
Feb 25 00:24:40 ..... Started sorting BAM
Feb 25 00:24:43 ..... Finished successfully
STAR alignment complete

End of 1_FQC_StarAlign.sh... Thu Feb 25 00:24:46 PST 2016

Starting 1_FQC_StarAlign.sh... Thu Feb 25 09:44:58 PST 2016

HT_ROW36_N705
Script is beginning...
Analysis complete for HT_ROW36_N705_R1.fastq
Analysis complete for HT_ROW36_N705_R2.fastq
FastQC complete
Feb 25 09:45:06 ..... Started STAR run
Feb 25 09:46:42 ..... Started mapping
Feb 25 09:46:46 ..... Started sorting BAM
Feb 25 09:46:47 ..... Finished successfully
STAR alignment complete

End of 1_FQC_StarAlign.sh... Thu Feb 25 09:46:47 PST 2016
