
Starting 1_FQC_StarAlign.sh... Wed Feb 24 22:15:44 PST 2016

HT_ROW21_N723
Script is beginning...
Analysis complete for HT_ROW21_N723_R1.fastq
Analysis complete for HT_ROW21_N723_R2.fastq
FastQC complete
Feb 24 22:15:59 ..... Started STAR run
Feb 24 22:38:23 ..... Started mapping
Feb 24 22:38:46 ..... Started sorting BAM
Feb 24 22:38:47 ..... Finished successfully
STAR alignment complete

End of 1_FQC_StarAlign.sh... Wed Feb 24 22:38:48 PST 2016

Starting 1_FQC_StarAlign.sh... Thu Feb 25 06:53:13 PST 2016

HT_ROW21_N723
Script is beginning...
Analysis complete for HT_ROW21_N723_R1.fastq
Analysis complete for HT_ROW21_N723_R2.fastq
FastQC complete
Feb 25 06:53:28 ..... Started STAR run
Feb 25 07:09:17 ..... Started mapping
Feb 25 07:09:34 ..... Started sorting BAM
Feb 25 07:09:34 ..... Finished successfully
STAR alignment complete

End of 1_FQC_StarAlign.sh... Thu Feb 25 07:09:35 PST 2016
