
Starting 1_FQC_StarAlign.sh... Wed Feb 24 23:14:58 PST 2016

HT_ROW29_N710
Script is beginning...
Analysis complete for HT_ROW29_N710_R1.fastq
Analysis complete for HT_ROW29_N710_R2.fastq
FastQC complete
Feb 24 23:15:08 ..... Started STAR run
Feb 24 23:16:38 ..... Started mapping
Feb 24 23:16:39 ..... Started sorting BAM
Feb 24 23:16:39 ..... Finished successfully
STAR alignment complete

End of 1_FQC_StarAlign.sh... Wed Feb 24 23:16:39 PST 2016

Starting 1_FQC_StarAlign.sh... Thu Feb 25 08:37:28 PST 2016

HT_ROW29_N710
Script is beginning...
Analysis complete for HT_ROW29_N710_R1.fastq
Analysis complete for HT_ROW29_N710_R2.fastq
FastQC complete
Feb 25 08:37:36 ..... Started STAR run
Feb 25 08:45:38 ..... Started mapping
Feb 25 08:45:40 ..... Started sorting BAM
Feb 25 08:45:41 ..... Finished successfully
STAR alignment complete

End of 1_FQC_StarAlign.sh... Thu Feb 25 08:45:43 PST 2016
