
Starting 1_FQC_StarAlign.sh... Wed Feb 24 19:22:13 PST 2016

HT_ROW11_N722
Script is beginning...
Analysis complete for HT_ROW11_N722_R1.fastq
Analysis complete for HT_ROW11_N722_R2.fastq
FastQC complete
Feb 24 19:22:23 ..... Started STAR run
Feb 24 19:26:51 ..... Started mapping
Feb 24 19:26:53 ..... Started sorting BAM
Feb 24 19:26:53 ..... Finished successfully
STAR alignment complete

End of 1_FQC_StarAlign.sh... Wed Feb 24 19:26:54 PST 2016

Starting 1_FQC_StarAlign.sh... Thu Feb 25 03:05:58 PST 2016

HT_ROW11_N722
Script is beginning...
Analysis complete for HT_ROW11_N722_R1.fastq
Analysis complete for HT_ROW11_N722_R2.fastq
FastQC complete
Feb 25 03:06:06 ..... Started STAR run
Feb 25 03:15:16 ..... Started mapping
Feb 25 03:15:17 ..... Started sorting BAM
Feb 25 03:15:17 ..... Finished successfully
STAR alignment complete

End of 1_FQC_StarAlign.sh... Thu Feb 25 03:15:18 PST 2016
