
Starting 1_FQC_StarAlign.sh... Wed Feb 24 22:29:58 PST 2016

HT_ROW23_N703
Script is beginning...
Analysis complete for HT_ROW23_N703_R1.fastq
Analysis complete for HT_ROW23_N703_R2.fastq
FastQC complete
Feb 24 22:30:07 ..... Started STAR run
Feb 24 22:34:39 ..... Started mapping
Feb 24 22:34:46 ..... Started sorting BAM
Feb 24 22:34:47 ..... Finished successfully
STAR alignment complete

End of 1_FQC_StarAlign.sh... Wed Feb 24 22:34:47 PST 2016

Starting 1_FQC_StarAlign.sh... Thu Feb 25 07:05:13 PST 2016

HT_ROW23_N703
Script is beginning...
Analysis complete for HT_ROW23_N703_R1.fastq
Analysis complete for HT_ROW23_N703_R2.fastq
FastQC complete
Feb 25 07:05:23 ..... Started STAR run
Feb 25 07:09:07 ..... Started mapping
Feb 25 07:09:14 ..... Started sorting BAM
Feb 25 07:09:14 ..... Finished successfully
STAR alignment complete

End of 1_FQC_StarAlign.sh... Thu Feb 25 07:09:14 PST 2016
