
Starting 1_FQC_StarAlign.sh... Wed Feb 24 23:56:13 PST 2016

HT_ROW34_N719
Script is beginning...
Analysis complete for HT_ROW34_N719_R1.fastq
Analysis complete for HT_ROW34_N719_R2.fastq
FastQC complete
Feb 24 23:56:22 ..... Started STAR run
Feb 24 23:59:06 ..... Started mapping
Feb 24 23:59:16 ..... Started sorting BAM
Feb 24 23:59:16 ..... Finished successfully
STAR alignment complete

End of 1_FQC_StarAlign.sh... Wed Feb 24 23:59:17 PST 2016

Starting 1_FQC_StarAlign.sh... Thu Feb 25 09:32:43 PST 2016

HT_ROW34_N719
Script is beginning...
Analysis complete for HT_ROW34_N719_R1.fastq
Analysis complete for HT_ROW34_N719_R2.fastq
FastQC complete
Feb 25 09:32:52 ..... Started STAR run
Feb 25 09:38:17 ..... Started mapping
Feb 25 09:38:26 ..... Started sorting BAM
Feb 25 09:38:27 ..... Finished successfully
STAR alignment complete

End of 1_FQC_StarAlign.sh... Thu Feb 25 09:38:27 PST 2016
