
Starting 1_FQC_StarAlign.sh... Wed Feb 24 20:33:13 PST 2016

HT_ROW16_N705
Script is beginning...
Analysis complete for HT_ROW16_N705_R1.fastq
Analysis complete for HT_ROW16_N705_R2.fastq
FastQC complete
Feb 24 20:33:21 ..... Started STAR run
Feb 24 20:39:44 ..... Started mapping
Feb 24 20:39:45 ..... Started sorting BAM
Feb 24 20:39:46 ..... Finished successfully
STAR alignment complete

End of 1_FQC_StarAlign.sh... Wed Feb 24 20:39:47 PST 2016

Starting 1_FQC_StarAlign.sh... Thu Feb 25 05:05:13 PST 2016

HT_ROW16_N705
Script is beginning...
Analysis complete for HT_ROW16_N705_R1.fastq
Analysis complete for HT_ROW16_N705_R2.fastq
FastQC complete
Feb 25 05:05:22 ..... Started STAR run
Feb 25 05:15:16 ..... Started mapping
Feb 25 05:15:18 ..... Started sorting BAM
Feb 25 05:15:18 ..... Finished successfully
STAR alignment complete

End of 1_FQC_StarAlign.sh... Thu Feb 25 05:15:20 PST 2016
