
Starting 1_FQC_StarAlign.sh... Wed Feb 24 16:55:13 PST 2016

HT_ROW05_N705
Script is beginning...
Analysis complete for HT_ROW05_N705_R1.fastq
Analysis complete for HT_ROW05_N705_R2.fastq
FastQC complete
Feb 24 16:55:21 ..... Started STAR run
Feb 24 16:55:32 ..... Started mapping
Feb 24 16:55:36 ..... Started sorting BAM
Feb 24 16:55:37 ..... Finished successfully
STAR alignment complete

End of 1_FQC_StarAlign.sh... Wed Feb 24 16:55:37 PST 2016

Starting 1_FQC_StarAlign.sh... Thu Feb 25 01:38:13 PST 2016

HT_ROW05_N705
Script is beginning...
Analysis complete for HT_ROW05_N705_R1.fastq
Analysis complete for HT_ROW05_N705_R2.fastq
FastQC complete
Feb 25 01:38:21 ..... Started STAR run
Feb 25 01:39:28 ..... Started mapping
Feb 25 01:39:32 ..... Started sorting BAM
Feb 25 01:39:33 ..... Finished successfully
STAR alignment complete

End of 1_FQC_StarAlign.sh... Thu Feb 25 01:39:33 PST 2016
