
Starting 1_FQC_StarAlign.sh... Wed Feb 24 23:40:43 PST 2016

HT_ROW32_N722
Script is beginning...
Analysis complete for HT_ROW32_N722_R1.fastq
Analysis complete for HT_ROW32_N722_R2.fastq
FastQC complete
Feb 24 23:40:55 ..... Started STAR run
Feb 24 23:52:56 ..... Started mapping
Feb 24 23:53:04 ..... Started sorting BAM
Feb 24 23:53:04 ..... Finished successfully
STAR alignment complete

End of 1_FQC_StarAlign.sh... Wed Feb 24 23:53:05 PST 2016

Starting 1_FQC_StarAlign.sh... Thu Feb 25 09:20:43 PST 2016

HT_ROW32_N722
Script is beginning...
Analysis complete for HT_ROW32_N722_R1.fastq
Analysis complete for HT_ROW32_N722_R2.fastq
FastQC complete
Feb 25 09:20:53 ..... Started STAR run
Feb 25 09:25:50 ..... Started mapping
Feb 25 09:25:55 ..... Started sorting BAM
Feb 25 09:25:55 ..... Finished successfully
STAR alignment complete

End of 1_FQC_StarAlign.sh... Thu Feb 25 09:25:56 PST 2016
