
Starting 1_FQC_StarAlign.sh... Wed Feb 24 23:40:58 PST 2016

HT_ROW32_N724
Script is beginning...
Analysis complete for HT_ROW32_N724_R1.fastq
Analysis complete for HT_ROW32_N724_R2.fastq
FastQC complete
Feb 24 23:41:09 ..... Started STAR run
Feb 24 23:41:45 ..... Started mapping
Feb 24 23:42:00 ..... Started sorting BAM
Feb 24 23:42:03 ..... Finished successfully
STAR alignment complete

End of 1_FQC_StarAlign.sh... Wed Feb 24 23:42:05 PST 2016

Starting 1_FQC_StarAlign.sh... Thu Feb 25 09:20:43 PST 2016

HT_ROW32_N724
Script is beginning...
Analysis complete for HT_ROW32_N724_R1.fastq
Analysis complete for HT_ROW32_N724_R2.fastq
FastQC complete
Feb 25 09:20:54 ..... Started STAR run
Feb 25 09:25:50 ..... Started mapping
Feb 25 09:26:05 ..... Started sorting BAM
Feb 25 09:26:05 ..... Finished successfully
STAR alignment complete

End of 1_FQC_StarAlign.sh... Thu Feb 25 09:26:06 PST 2016
