
Starting 1_FQC_StarAlign.sh... Wed Feb 24 16:07:13 PST 2016

HT_ROW02_N706
Script is beginning...
Analysis complete for HT_ROW02_N706_R1.fastq
Analysis complete for HT_ROW02_N706_R2.fastq
FastQC complete
Feb 24 16:07:21 ..... Started STAR run
Feb 24 16:11:24 ..... Started mapping
Feb 24 16:11:26 ..... Started sorting BAM
Feb 24 16:11:26 ..... Finished successfully
STAR alignment complete

End of 1_FQC_StarAlign.sh... Wed Feb 24 16:11:27 PST 2016

Starting 1_FQC_StarAlign.sh... Thu Feb 25 01:14:13 PST 2016

HT_ROW02_N706
Script is beginning...
Analysis complete for HT_ROW02_N706_R1.fastq
Analysis complete for HT_ROW02_N706_R2.fastq
FastQC complete
Feb 25 01:14:19 ..... Started STAR run
Feb 25 01:14:30 ..... Started mapping
Feb 25 01:14:32 ..... Started sorting BAM
Feb 25 01:14:32 ..... Finished successfully
STAR alignment complete

End of 1_FQC_StarAlign.sh... Thu Feb 25 01:14:33 PST 2016
