
Starting 1_FQC_StarAlign.sh... Wed Feb 24 22:02:43 PST 2016

HT_ROW20_N721
Script is beginning...
Analysis complete for HT_ROW20_N721_R1.fastq
Analysis complete for HT_ROW20_N721_R2.fastq
FastQC complete
Feb 24 22:02:53 ..... Started STAR run
Feb 24 22:04:52 ..... Started mapping
Feb 24 22:04:54 ..... Started sorting BAM
Feb 24 22:04:55 ..... Finished successfully
STAR alignment complete

End of 1_FQC_StarAlign.sh... Wed Feb 24 22:04:55 PST 2016

Starting 1_FQC_StarAlign.sh... Thu Feb 25 06:45:13 PST 2016

HT_ROW20_N721
Script is beginning...
Analysis complete for HT_ROW20_N721_R1.fastq
Analysis complete for HT_ROW20_N721_R2.fastq
FastQC complete
Feb 25 06:45:24 ..... Started STAR run
Feb 25 06:46:26 ..... Started mapping
Feb 25 06:46:29 ..... Started sorting BAM
Feb 25 06:46:30 ..... Finished successfully
STAR alignment complete

End of 1_FQC_StarAlign.sh... Thu Feb 25 06:46:30 PST 2016
