
Starting 1_FQC_StarAlign.sh... Wed Feb 24 16:01:43 PST 2016

HT_ROW01_N721
Script is beginning...
Analysis complete for HT_ROW01_N721_R1.fastq
Analysis complete for HT_ROW01_N721_R2.fastq
FastQC complete
Feb 24 16:01:59 ..... Started STAR run
Feb 24 16:17:08 ..... Started mapping
Feb 24 16:17:25 ..... Started sorting BAM
Feb 24 16:17:26 ..... Finished successfully
STAR alignment complete

End of 1_FQC_StarAlign.sh... Wed Feb 24 16:17:27 PST 2016

Starting 1_FQC_StarAlign.sh... Thu Feb 25 01:10:58 PST 2016

HT_ROW01_N721
Script is beginning...
Analysis complete for HT_ROW01_N721_R1.fastq
Analysis complete for HT_ROW01_N721_R2.fastq
FastQC complete
Feb 25 01:11:12 ..... Started STAR run
Feb 25 01:16:36 ..... Started mapping
Feb 25 01:16:53 ..... Started sorting BAM
Feb 25 01:16:54 ..... Finished successfully
STAR alignment complete

End of 1_FQC_StarAlign.sh... Thu Feb 25 01:16:55 PST 2016
