
Starting 1_FQC_StarAlign.sh... Wed Feb 24 20:57:43 PST 2016

HT_ROW17_N705
Script is beginning...
Analysis complete for HT_ROW17_N705_R1.fastq
Analysis complete for HT_ROW17_N705_R2.fastq
FastQC complete
Feb 24 20:57:53 ..... Started STAR run
Feb 24 21:03:53 ..... Started mapping
Feb 24 21:04:04 ..... Started sorting BAM
Feb 24 21:04:05 ..... Finished successfully
STAR alignment complete

End of 1_FQC_StarAlign.sh... Wed Feb 24 21:04:05 PST 2016

Starting 1_FQC_StarAlign.sh... Thu Feb 25 05:34:28 PST 2016

HT_ROW17_N705
Script is beginning...
Analysis complete for HT_ROW17_N705_R1.fastq
Analysis complete for HT_ROW17_N705_R2.fastq
FastQC complete
Feb 25 05:34:39 ..... Started STAR run
Feb 25 05:40:42 ..... Started mapping
Feb 25 05:40:54 ..... Started sorting BAM
Feb 25 05:40:54 ..... Finished successfully
STAR alignment complete

End of 1_FQC_StarAlign.sh... Thu Feb 25 05:40:55 PST 2016
