
Starting 1_FQC_StarAlign.sh... Wed Feb 24 22:59:43 PST 2016

HT_ROW27_N710
Script is beginning...
Analysis complete for HT_ROW27_N710_R1.fastq
Analysis complete for HT_ROW27_N710_R2.fastq
FastQC complete
Feb 24 22:59:51 ..... Started STAR run
Feb 24 23:00:03 ..... Started mapping
Feb 24 23:00:03 ..... Started sorting BAM
Feb 24 23:00:04 ..... Finished successfully
STAR alignment complete

End of 1_FQC_StarAlign.sh... Wed Feb 24 23:00:04 PST 2016

Starting 1_FQC_StarAlign.sh... Thu Feb 25 08:12:13 PST 2016

HT_ROW27_N710
Script is beginning...
Analysis complete for HT_ROW27_N710_R1.fastq
Analysis complete for HT_ROW27_N710_R2.fastq
FastQC complete
Feb 25 08:12:21 ..... Started STAR run
Feb 25 08:12:33 ..... Started mapping
Feb 25 08:12:34 ..... Started sorting BAM
Feb 25 08:12:34 ..... Finished successfully
STAR alignment complete

End of 1_FQC_StarAlign.sh... Thu Feb 25 08:12:35 PST 2016
