
Starting 1_FQC_StarAlign.sh... Wed Feb 24 17:08:43 PST 2016

HT_ROW07_N723
Script is beginning...
Analysis complete for HT_ROW07_N723_R1.fastq
Analysis complete for HT_ROW07_N723_R2.fastq
FastQC complete
Feb 24 17:08:53 ..... Started STAR run
Feb 24 17:25:05 ..... Started mapping
Feb 24 17:25:13 ..... Started sorting BAM
Feb 24 17:25:14 ..... Finished successfully
STAR alignment complete

End of 1_FQC_StarAlign.sh... Wed Feb 24 17:25:16 PST 2016

Starting 1_FQC_StarAlign.sh... Thu Feb 25 02:03:58 PST 2016

HT_ROW07_N723
Script is beginning...
Analysis complete for HT_ROW07_N723_R1.fastq
Analysis complete for HT_ROW07_N723_R2.fastq
FastQC complete
Feb 25 02:04:06 ..... Started STAR run
Feb 25 02:06:47 ..... Started mapping
Feb 25 02:06:52 ..... Started sorting BAM
Feb 25 02:06:53 ..... Finished successfully
STAR alignment complete

End of 1_FQC_StarAlign.sh... Thu Feb 25 02:06:53 PST 2016
