
Starting 1_FQC_StarAlign.sh... Wed Feb 24 22:49:58 PST 2016

HT_ROW25_N720
Script is beginning...
Analysis complete for HT_ROW25_N720_R1.fastq
Analysis complete for HT_ROW25_N720_R2.fastq
FastQC complete
Feb 24 22:50:08 ..... Started STAR run
Feb 24 22:56:56 ..... Started mapping
Feb 24 22:57:03 ..... Started sorting BAM
Feb 24 22:57:03 ..... Finished successfully
STAR alignment complete

End of 1_FQC_StarAlign.sh... Wed Feb 24 22:57:04 PST 2016

Starting 1_FQC_StarAlign.sh... Thu Feb 25 07:47:43 PST 2016

HT_ROW25_N720
Script is beginning...
Analysis complete for HT_ROW25_N720_R1.fastq
Analysis complete for HT_ROW25_N720_R2.fastq
FastQC complete
Feb 25 07:47:52 ..... Started STAR run
Feb 25 07:57:07 ..... Started mapping
Feb 25 07:57:14 ..... Started sorting BAM
Feb 25 07:57:15 ..... Finished successfully
STAR alignment complete

End of 1_FQC_StarAlign.sh... Thu Feb 25 07:57:16 PST 2016
