
Starting 1_FQC_StarAlign.sh... Wed Feb 24 19:53:43 PST 2016

HT_ROW14_N703
Script is beginning...
Analysis complete for HT_ROW14_N703_R1.fastq
Analysis complete for HT_ROW14_N703_R2.fastq
FastQC complete
Feb 24 19:53:52 ..... Started STAR run
Feb 24 19:55:27 ..... Started mapping
Feb 24 19:55:37 ..... Started sorting BAM
Feb 24 19:55:38 ..... Finished successfully
STAR alignment complete

End of 1_FQC_StarAlign.sh... Wed Feb 24 19:55:39 PST 2016

Starting 1_FQC_StarAlign.sh... Thu Feb 25 04:09:13 PST 2016

HT_ROW14_N703
Script is beginning...
Analysis complete for HT_ROW14_N703_R1.fastq
Analysis complete for HT_ROW14_N703_R2.fastq
FastQC complete
Feb 25 04:09:22 ..... Started STAR run
Feb 25 04:17:05 ..... Started mapping
Feb 25 04:17:14 ..... Started sorting BAM
Feb 25 04:17:14 ..... Finished successfully
STAR alignment complete

End of 1_FQC_StarAlign.sh... Thu Feb 25 04:17:15 PST 2016
