
Starting 1_FQC_StarAlign.sh... Thu Feb 25 00:34:28 PST 2016

HT_ROW38_N702
Script is beginning...
Analysis complete for HT_ROW38_N702_R1.fastq
Analysis complete for HT_ROW38_N702_R2.fastq
FastQC complete
Feb 25 00:34:38 ..... Started STAR run
Feb 25 00:42:43 ..... Started mapping
Feb 25 00:42:46 ..... Started sorting BAM
Feb 25 00:42:46 ..... Finished successfully
STAR alignment complete

End of 1_FQC_StarAlign.sh... Thu Feb 25 00:42:47 PST 2016

Starting 1_FQC_StarAlign.sh... Thu Feb 25 09:56:13 PST 2016

HT_ROW38_N702
Script is beginning...
Analysis complete for HT_ROW38_N702_R1.fastq
Analysis complete for HT_ROW38_N702_R2.fastq
FastQC complete
Feb 25 09:56:21 ..... Started STAR run
Feb 25 10:01:30 ..... Started mapping
Feb 25 10:01:33 ..... Started sorting BAM
Feb 25 10:01:34 ..... Finished successfully
STAR alignment complete

End of 1_FQC_StarAlign.sh... Thu Feb 25 10:01:35 PST 2016
