
Starting 1_FQC_StarAlign.sh... Wed Feb 24 17:50:43 PST 2016

HT_ROW09_N712
Script is beginning...
Analysis complete for HT_ROW09_N712_R1.fastq
Analysis complete for HT_ROW09_N712_R2.fastq
FastQC complete
Feb 24 17:50:57 ..... Started STAR run
Feb 24 17:59:03 ..... Started mapping
Feb 24 17:59:20 ..... Started sorting BAM
Feb 24 17:59:23 ..... Finished successfully
STAR alignment complete

End of 1_FQC_StarAlign.sh... Wed Feb 24 17:59:23 PST 2016

Starting 1_FQC_StarAlign.sh... Thu Feb 25 02:17:58 PST 2016

HT_ROW09_N712
Script is beginning...
Analysis complete for HT_ROW09_N712_R1.fastq
Analysis complete for HT_ROW09_N712_R2.fastq
FastQC complete
Feb 25 02:18:12 ..... Started STAR run
Feb 25 02:23:03 ..... Started mapping
Feb 25 02:23:30 ..... Started sorting BAM
Feb 25 02:23:34 ..... Finished successfully
STAR alignment complete

End of 1_FQC_StarAlign.sh... Thu Feb 25 02:23:44 PST 2016
