
Starting 1_FQC_StarAlign.sh... Wed Feb 24 17:06:13 PST 2016

HT_ROW07_N701
Script is beginning...
Analysis complete for HT_ROW07_N701_R1.fastq
Analysis complete for HT_ROW07_N701_R2.fastq
FastQC complete
Feb 24 17:06:21 ..... Started STAR run
Feb 24 17:06:33 ..... Started mapping
Feb 24 17:06:37 ..... Started sorting BAM
Feb 24 17:06:37 ..... Finished successfully
STAR alignment complete

End of 1_FQC_StarAlign.sh... Wed Feb 24 17:06:38 PST 2016

Starting 1_FQC_StarAlign.sh... Thu Feb 25 01:51:28 PST 2016

HT_ROW07_N701
Script is beginning...
Analysis complete for HT_ROW07_N701_R1.fastq
Analysis complete for HT_ROW07_N701_R2.fastq
FastQC complete
Feb 25 01:51:36 ..... Started STAR run
Feb 25 01:57:46 ..... Started mapping
Feb 25 01:57:51 ..... Started sorting BAM
Feb 25 01:57:51 ..... Finished successfully
STAR alignment complete

End of 1_FQC_StarAlign.sh... Thu Feb 25 01:57:51 PST 2016
