
Starting 1_FQC_StarAlign.sh... Wed Feb 24 20:04:28 PST 2016

HT_ROW14_N712
Script is beginning...
Analysis complete for HT_ROW14_N712_R1.fastq
Analysis complete for HT_ROW14_N712_R2.fastq
FastQC complete
Feb 24 20:04:37 ..... Started STAR run
Feb 24 20:04:49 ..... Started mapping
Feb 24 20:04:57 ..... Started sorting BAM
Feb 24 20:04:58 ..... Finished successfully
STAR alignment complete

End of 1_FQC_StarAlign.sh... Wed Feb 24 20:04:59 PST 2016

Starting 1_FQC_StarAlign.sh... Thu Feb 25 04:17:13 PST 2016

HT_ROW14_N712
Script is beginning...
Analysis complete for HT_ROW14_N712_R1.fastq
Analysis complete for HT_ROW14_N712_R2.fastq
FastQC complete
Feb 25 04:17:23 ..... Started STAR run
Feb 25 04:24:31 ..... Started mapping
Feb 25 04:24:41 ..... Started sorting BAM
Feb 25 04:24:41 ..... Finished successfully
STAR alignment complete

End of 1_FQC_StarAlign.sh... Thu Feb 25 04:24:42 PST 2016
