
Starting 1_FQC_StarAlign.sh... Wed Feb 24 16:55:13 PST 2016

HT_ROW05_N706
Script is beginning...
Analysis complete for HT_ROW05_N706_R1.fastq
Analysis complete for HT_ROW05_N706_R2.fastq
FastQC complete
Feb 24 16:55:19 ..... Started STAR run
Feb 24 16:55:31 ..... Started mapping
Feb 24 16:55:31 ..... Started sorting BAM
Feb 24 16:55:31 ..... Finished successfully
STAR alignment complete

End of 1_FQC_StarAlign.sh... Wed Feb 24 16:55:32 PST 2016

Starting 1_FQC_StarAlign.sh... Thu Feb 25 01:38:13 PST 2016

HT_ROW05_N706
Script is beginning...
Analysis complete for HT_ROW05_N706_R1.fastq
Analysis complete for HT_ROW05_N706_R2.fastq
FastQC complete
Feb 25 01:38:20 ..... Started STAR run
Feb 25 01:40:07 ..... Started mapping
Feb 25 01:40:09 ..... Started sorting BAM
Feb 25 01:40:10 ..... Finished successfully
STAR alignment complete

End of 1_FQC_StarAlign.sh... Thu Feb 25 01:40:10 PST 2016
