
Starting 1_FQC_StarAlign.sh... Wed Feb 24 16:29:15 PST 2016

HT_ROW03_N711
Script is beginning...
Analysis complete for HT_ROW03_N711_R1.fastq
Analysis complete for HT_ROW03_N711_R2.fastq
FastQC complete
Feb 24 16:29:34 ..... Started STAR run
Feb 24 16:38:07 ..... Started mapping
Feb 24 16:38:25 ..... Started sorting BAM
Feb 24 16:38:26 ..... Finished successfully
STAR alignment complete

End of 1_FQC_StarAlign.sh... Wed Feb 24 16:38:27 PST 2016

Starting 1_FQC_StarAlign.sh... Thu Feb 25 01:23:58 PST 2016

HT_ROW03_N711
Script is beginning...
Analysis complete for HT_ROW03_N711_R1.fastq
Analysis complete for HT_ROW03_N711_R2.fastq
FastQC complete
Feb 25 01:24:11 ..... Started STAR run
Feb 25 01:28:19 ..... Started mapping
Feb 25 01:28:36 ..... Started sorting BAM
Feb 25 01:28:37 ..... Finished successfully
STAR alignment complete

End of 1_FQC_StarAlign.sh... Thu Feb 25 01:28:37 PST 2016
