
Starting 1_FQC_StarAlign.sh... Wed Feb 24 20:49:58 PST 2016

HT_ROW16_N723
Script is beginning...
Analysis complete for HT_ROW16_N723_R1.fastq
Analysis complete for HT_ROW16_N723_R2.fastq
FastQC complete
Feb 24 20:50:08 ..... Started STAR run
Feb 24 20:57:23 ..... Started mapping
Feb 24 20:57:30 ..... Started sorting BAM
Feb 24 20:57:31 ..... Finished successfully
STAR alignment complete

End of 1_FQC_StarAlign.sh... Wed Feb 24 20:57:31 PST 2016

Starting 1_FQC_StarAlign.sh... Thu Feb 25 05:28:43 PST 2016

HT_ROW16_N723
Script is beginning...
Analysis complete for HT_ROW16_N723_R1.fastq
Analysis complete for HT_ROW16_N723_R2.fastq
FastQC complete
Feb 25 05:28:51 ..... Started STAR run
Feb 25 05:34:03 ..... Started mapping
Feb 25 05:34:12 ..... Started sorting BAM
Feb 25 05:34:12 ..... Finished successfully
STAR alignment complete

End of 1_FQC_StarAlign.sh... Thu Feb 25 05:34:13 PST 2016
