
Starting 1_FQC_StarAlign.sh... Thu Feb 25 00:54:58 PST 2016

HT_ROW40_N702
Script is beginning...
Analysis complete for HT_ROW40_N702_R1.fastq
Analysis complete for HT_ROW40_N702_R2.fastq
FastQC complete
Feb 25 00:55:04 ..... Started STAR run
Feb 25 01:01:38 ..... Started mapping
Feb 25 01:01:40 ..... Started sorting BAM
Feb 25 01:01:40 ..... Finished successfully
STAR alignment complete

End of 1_FQC_StarAlign.sh... Thu Feb 25 01:01:41 PST 2016

Starting 1_FQC_StarAlign.sh... Thu Feb 25 10:12:28 PST 2016

HT_ROW40_N702
Script is beginning...
Analysis complete for HT_ROW40_N702_R1.fastq
Analysis complete for HT_ROW40_N702_R2.fastq
FastQC complete
Feb 25 10:12:36 ..... Started STAR run
Feb 25 10:16:55 ..... Started mapping
Feb 25 10:16:57 ..... Started sorting BAM
Feb 25 10:16:57 ..... Finished successfully
STAR alignment complete

End of 1_FQC_StarAlign.sh... Thu Feb 25 10:16:57 PST 2016
