
Starting 1_FQC_StarAlign.sh... Wed Feb 24 21:53:28 PST 2016

HT_ROW20_N706
Script is beginning...
Analysis complete for HT_ROW20_N706_R1.fastq
Analysis complete for HT_ROW20_N706_R2.fastq
FastQC complete
Feb 24 21:53:38 ..... Started STAR run
Feb 24 21:59:50 ..... Started mapping
Feb 24 21:59:57 ..... Started sorting BAM
Feb 24 21:59:57 ..... Finished successfully
STAR alignment complete

End of 1_FQC_StarAlign.sh... Wed Feb 24 21:59:58 PST 2016

Starting 1_FQC_StarAlign.sh... Thu Feb 25 06:35:58 PST 2016

HT_ROW20_N706
Script is beginning...
Analysis complete for HT_ROW20_N706_R1.fastq
Analysis complete for HT_ROW20_N706_R2.fastq
FastQC complete
Feb 25 06:36:08 ..... Started STAR run
Feb 25 06:52:42 ..... Started mapping
Feb 25 06:52:49 ..... Started sorting BAM
Feb 25 06:52:49 ..... Finished successfully
STAR alignment complete

End of 1_FQC_StarAlign.sh... Thu Feb 25 06:52:50 PST 2016
