
Starting 1_FQC_StarAlign.sh... Wed Feb 24 16:44:13 PST 2016

HT_ROW04_N710
Script is beginning...
Analysis complete for HT_ROW04_N710_R1.fastq
Analysis complete for HT_ROW04_N710_R2.fastq
FastQC complete
Feb 24 16:44:23 ..... Started STAR run
Feb 24 16:52:54 ..... Started mapping
Feb 24 16:53:04 ..... Started sorting BAM
Feb 24 16:53:04 ..... Finished successfully
STAR alignment complete

End of 1_FQC_StarAlign.sh... Wed Feb 24 16:53:04 PST 2016

Starting 1_FQC_StarAlign.sh... Thu Feb 25 01:31:58 PST 2016

HT_ROW04_N710
Script is beginning...
Analysis complete for HT_ROW04_N710_R1.fastq
Analysis complete for HT_ROW04_N710_R2.fastq
FastQC complete
Feb 25 01:32:06 ..... Started STAR run
Feb 25 01:33:39 ..... Started mapping
Feb 25 01:33:46 ..... Started sorting BAM
Feb 25 01:33:46 ..... Finished successfully
STAR alignment complete

End of 1_FQC_StarAlign.sh... Thu Feb 25 01:33:46 PST 2016
