
Starting 1_FQC_StarAlign.sh... Wed Feb 24 23:00:58 PST 2016

HT_ROW27_N723
Script is beginning...
Analysis complete for HT_ROW27_N723_R1.fastq
Analysis complete for HT_ROW27_N723_R2.fastq
FastQC complete
Feb 24 23:01:07 ..... Started STAR run
Feb 24 23:02:19 ..... Started mapping
Feb 24 23:02:24 ..... Started sorting BAM
Feb 24 23:02:24 ..... Finished successfully
STAR alignment complete

End of 1_FQC_StarAlign.sh... Wed Feb 24 23:02:25 PST 2016

Starting 1_FQC_StarAlign.sh... Thu Feb 25 08:17:13 PST 2016

HT_ROW27_N723
Script is beginning...
Analysis complete for HT_ROW27_N723_R1.fastq
Analysis complete for HT_ROW27_N723_R2.fastq
FastQC complete
Feb 25 08:17:22 ..... Started STAR run
Feb 25 08:17:33 ..... Started mapping
Feb 25 08:17:37 ..... Started sorting BAM
Feb 25 08:17:37 ..... Finished successfully
STAR alignment complete

End of 1_FQC_StarAlign.sh... Thu Feb 25 08:17:38 PST 2016
