
Starting 1_FQC_StarAlign.sh... Wed Feb 24 15:54:43 PST 2016

HT_ROW01_N714
Script is beginning...
Analysis complete for HT_ROW01_N714_R1.fastq
Analysis complete for HT_ROW01_N714_R2.fastq
FastQC complete
Feb 24 15:54:55 ..... Started STAR run
Feb 24 16:01:32 ..... Started mapping
Feb 24 16:01:45 ..... Started sorting BAM
Feb 24 16:01:46 ..... Finished successfully
STAR alignment complete

End of 1_FQC_StarAlign.sh... Wed Feb 24 16:01:46 PST 2016

Starting 1_FQC_StarAlign.sh... Thu Feb 25 01:08:43 PST 2016

HT_ROW01_N714
Script is beginning...
Analysis complete for HT_ROW01_N714_R1.fastq
Analysis complete for HT_ROW01_N714_R2.fastq
FastQC complete
Feb 25 01:08:52 ..... Started STAR run
Feb 25 01:09:04 ..... Started mapping
Feb 25 01:09:17 ..... Started sorting BAM
Feb 25 01:09:18 ..... Finished successfully
STAR alignment complete

End of 1_FQC_StarAlign.sh... Thu Feb 25 01:09:19 PST 2016
