
Starting 1_FQC_StarAlign.sh... Wed Feb 24 16:43:43 PST 2016

HT_ROW04_N706
Script is beginning...
Analysis complete for HT_ROW04_N706_R1.fastq
Analysis complete for HT_ROW04_N706_R2.fastq
FastQC complete
Feb 24 16:43:51 ..... Started STAR run
Feb 24 16:52:44 ..... Started mapping
Feb 24 16:52:51 ..... Started sorting BAM
Feb 24 16:52:52 ..... Finished successfully
STAR alignment complete

End of 1_FQC_StarAlign.sh... Wed Feb 24 16:52:53 PST 2016

Starting 1_FQC_StarAlign.sh... Thu Feb 25 01:31:43 PST 2016

HT_ROW04_N706
Script is beginning...
Analysis complete for HT_ROW04_N706_R1.fastq
Analysis complete for HT_ROW04_N706_R2.fastq
FastQC complete
Feb 25 01:31:51 ..... Started STAR run
Feb 25 01:33:14 ..... Started mapping
Feb 25 01:33:19 ..... Started sorting BAM
Feb 25 01:33:20 ..... Finished successfully
STAR alignment complete

End of 1_FQC_StarAlign.sh... Thu Feb 25 01:33:20 PST 2016
