
Starting 1_FQC_StarAlign.sh... Wed Feb 24 21:37:28 PST 2016

HT_ROW19_N710
Script is beginning...
Analysis complete for HT_ROW19_N710_R1.fastq
Analysis complete for HT_ROW19_N710_R2.fastq
FastQC complete
Feb 24 21:37:40 ..... Started STAR run
Feb 24 21:43:04 ..... Started mapping
Feb 24 21:43:05 ..... Started sorting BAM
Feb 24 21:43:05 ..... Finished successfully
STAR alignment complete

End of 1_FQC_StarAlign.sh... Wed Feb 24 21:43:06 PST 2016

Starting 1_FQC_StarAlign.sh... Thu Feb 25 06:22:43 PST 2016

HT_ROW19_N710
Script is beginning...
Analysis complete for HT_ROW19_N710_R1.fastq
Analysis complete for HT_ROW19_N710_R2.fastq
FastQC complete
Feb 25 06:22:52 ..... Started STAR run
Feb 25 06:39:08 ..... Started mapping
Feb 25 06:39:09 ..... Started sorting BAM
Feb 25 06:39:11 ..... Finished successfully
STAR alignment complete

End of 1_FQC_StarAlign.sh... Thu Feb 25 06:39:13 PST 2016
