
Starting 1_FQC_StarAlign.sh... Wed Feb 24 21:46:13 PST 2016

HT_ROW19_N719
Script is beginning...
Analysis complete for HT_ROW19_N719_R1.fastq
Analysis complete for HT_ROW19_N719_R2.fastq
FastQC complete
Feb 24 21:46:22 ..... Started STAR run
Feb 24 21:53:16 ..... Started mapping
Feb 24 21:53:20 ..... Started sorting BAM
Feb 24 21:53:20 ..... Finished successfully
STAR alignment complete

End of 1_FQC_StarAlign.sh... Wed Feb 24 21:53:20 PST 2016

Starting 1_FQC_StarAlign.sh... Thu Feb 25 06:27:28 PST 2016

HT_ROW19_N719
Script is beginning...
Analysis complete for HT_ROW19_N719_R1.fastq
Analysis complete for HT_ROW19_N719_R2.fastq
FastQC complete
Feb 25 06:27:35 ..... Started STAR run
Feb 25 06:31:11 ..... Started mapping
Feb 25 06:31:13 ..... Started sorting BAM
Feb 25 06:31:13 ..... Finished successfully
STAR alignment complete

End of 1_FQC_StarAlign.sh... Thu Feb 25 06:31:14 PST 2016
