
Starting 1_FQC_StarAlign.sh... Wed Feb 24 19:40:28 PST 2016

HT_ROW12_N714
Script is beginning...
Analysis complete for HT_ROW12_N714_R1.fastq
Analysis complete for HT_ROW12_N714_R2.fastq
FastQC complete
Feb 24 19:40:40 ..... Started STAR run
Feb 24 19:40:51 ..... Started mapping
Feb 24 19:41:01 ..... Started sorting BAM
Feb 24 19:41:01 ..... Finished successfully
STAR alignment complete

End of 1_FQC_StarAlign.sh... Wed Feb 24 19:41:02 PST 2016

Starting 1_FQC_StarAlign.sh... Thu Feb 25 03:22:28 PST 2016

HT_ROW12_N714
Script is beginning...
Analysis complete for HT_ROW12_N714_R1.fastq
Analysis complete for HT_ROW12_N714_R2.fastq
FastQC complete
Feb 25 03:22:37 ..... Started STAR run
Feb 25 03:29:52 ..... Started mapping
Feb 25 03:30:03 ..... Started sorting BAM
Feb 25 03:30:03 ..... Finished successfully
STAR alignment complete

End of 1_FQC_StarAlign.sh... Thu Feb 25 03:30:05 PST 2016
