
Starting 1_FQC_StarAlign.sh... Wed Feb 24 22:34:59 PST 2016

HT_ROW23_N718
Script is beginning...
Analysis complete for HT_ROW23_N718_R1.fastq
Analysis complete for HT_ROW23_N718_R2.fastq
FastQC complete
Feb 24 22:35:05 ..... Started STAR run
Feb 24 22:39:15 ..... Started mapping
Feb 24 22:39:17 ..... Started sorting BAM
Feb 24 22:39:17 ..... Finished successfully
STAR alignment complete

End of 1_FQC_StarAlign.sh... Wed Feb 24 22:39:18 PST 2016

Starting 1_FQC_StarAlign.sh... Thu Feb 25 07:09:28 PST 2016

HT_ROW23_N718
Script is beginning...
Analysis complete for HT_ROW23_N718_R1.fastq
Analysis complete for HT_ROW23_N718_R2.fastq
FastQC complete
Feb 25 07:09:35 ..... Started STAR run
Feb 25 07:09:58 ..... Started mapping
Feb 25 07:10:00 ..... Started sorting BAM
Feb 25 07:10:01 ..... Finished successfully
STAR alignment complete

End of 1_FQC_StarAlign.sh... Thu Feb 25 07:10:02 PST 2016
