
Starting 1_FQC_StarAlign.sh... Wed Feb 24 23:25:28 PST 2016

HT_ROW30_N719
Script is beginning...
Analysis complete for HT_ROW30_N719_R1.fastq
Analysis complete for HT_ROW30_N719_R2.fastq
FastQC complete
Feb 24 23:25:37 ..... Started STAR run
Feb 24 23:30:23 ..... Started mapping
Feb 24 23:30:28 ..... Started sorting BAM
Feb 24 23:30:28 ..... Finished successfully
STAR alignment complete

End of 1_FQC_StarAlign.sh... Wed Feb 24 23:30:28 PST 2016

Starting 1_FQC_StarAlign.sh... Thu Feb 25 08:57:13 PST 2016

HT_ROW30_N719
Script is beginning...
Analysis complete for HT_ROW30_N719_R1.fastq
Analysis complete for HT_ROW30_N719_R2.fastq
FastQC complete
Feb 25 08:57:24 ..... Started STAR run
Feb 25 08:59:05 ..... Started mapping
Feb 25 08:59:11 ..... Started sorting BAM
Feb 25 08:59:12 ..... Finished successfully
STAR alignment complete

End of 1_FQC_StarAlign.sh... Thu Feb 25 08:59:12 PST 2016
