
Starting 1_FQC_StarAlign.sh... Wed Feb 24 17:10:58 PST 2016

HT_ROW08_N705
Script is beginning...
Analysis complete for HT_ROW08_N705_R1.fastq
Analysis complete for HT_ROW08_N705_R2.fastq
FastQC complete
Feb 24 17:11:08 ..... Started STAR run
Feb 24 17:14:24 ..... Started mapping
Feb 24 17:14:27 ..... Started sorting BAM
Feb 24 17:14:28 ..... Finished successfully
STAR alignment complete

End of 1_FQC_StarAlign.sh... Wed Feb 24 17:14:30 PST 2016

Starting 1_FQC_StarAlign.sh... Thu Feb 25 02:05:43 PST 2016

HT_ROW08_N705
Script is beginning...
Analysis complete for HT_ROW08_N705_R1.fastq
Analysis complete for HT_ROW08_N705_R2.fastq
FastQC complete
Feb 25 02:05:51 ..... Started STAR run
Feb 25 02:11:17 ..... Started mapping
Feb 25 02:11:18 ..... Started sorting BAM
Feb 25 02:11:18 ..... Finished successfully
STAR alignment complete

End of 1_FQC_StarAlign.sh... Thu Feb 25 02:11:18 PST 2016
