
Starting 1_FQC_StarAlign.sh... Thu Feb 25 00:00:28 PST 2016

HT_ROW35_N704
Script is beginning...
Analysis complete for HT_ROW35_N704_R1.fastq
Analysis complete for HT_ROW35_N704_R2.fastq
FastQC complete
Feb 25 00:00:37 ..... Started STAR run
Feb 25 00:04:54 ..... Started mapping
Feb 25 00:04:59 ..... Started sorting BAM
Feb 25 00:05:00 ..... Finished successfully
STAR alignment complete

End of 1_FQC_StarAlign.sh... Thu Feb 25 00:05:02 PST 2016

Starting 1_FQC_StarAlign.sh... Thu Feb 25 09:38:28 PST 2016

HT_ROW35_N704
Script is beginning...
Analysis complete for HT_ROW35_N704_R1.fastq
Analysis complete for HT_ROW35_N704_R2.fastq
FastQC complete
Feb 25 09:38:36 ..... Started STAR run
Feb 25 09:38:47 ..... Started mapping
Feb 25 09:38:51 ..... Started sorting BAM
Feb 25 09:38:51 ..... Finished successfully
STAR alignment complete

End of 1_FQC_StarAlign.sh... Thu Feb 25 09:38:52 PST 2016
