
Starting 1_FQC_StarAlign.sh... Wed Feb 24 16:20:58 PST 2016

HT_ROW03_N701
Script is beginning...
Analysis complete for HT_ROW03_N701_R1.fastq
Analysis complete for HT_ROW03_N701_R2.fastq
FastQC complete
Feb 24 16:21:08 ..... Started STAR run
Feb 24 16:27:03 ..... Started mapping
Feb 24 16:27:05 ..... Started sorting BAM
Feb 24 16:27:05 ..... Finished successfully
STAR alignment complete

End of 1_FQC_StarAlign.sh... Wed Feb 24 16:27:06 PST 2016

Starting 1_FQC_StarAlign.sh... Thu Feb 25 01:19:43 PST 2016

HT_ROW03_N701
Script is beginning...
Analysis complete for HT_ROW03_N701_R1.fastq
Analysis complete for HT_ROW03_N701_R2.fastq
FastQC complete
Feb 25 01:19:53 ..... Started STAR run
Feb 25 01:22:14 ..... Started mapping
Feb 25 01:22:16 ..... Started sorting BAM
Feb 25 01:22:16 ..... Finished successfully
STAR alignment complete

End of 1_FQC_StarAlign.sh... Thu Feb 25 01:22:17 PST 2016
