
Starting 1_FQC_StarAlign.sh... Wed Feb 24 22:28:28 PST 2016

HT_ROW22_N723
Script is beginning...
Analysis complete for HT_ROW22_N723_R1.fastq
Analysis complete for HT_ROW22_N723_R2.fastq
FastQC complete
Feb 24 22:28:42 ..... Started STAR run
Feb 24 22:29:20 ..... Started mapping
Feb 24 22:29:29 ..... Started sorting BAM
Feb 24 22:29:30 ..... Finished successfully
STAR alignment complete

End of 1_FQC_StarAlign.sh... Wed Feb 24 22:29:30 PST 2016

Starting 1_FQC_StarAlign.sh... Thu Feb 25 07:03:13 PST 2016

HT_ROW22_N723
Script is beginning...
Analysis complete for HT_ROW22_N723_R1.fastq
Analysis complete for HT_ROW22_N723_R2.fastq
FastQC complete
Feb 25 07:03:24 ..... Started STAR run
Feb 25 07:12:35 ..... Started mapping
Feb 25 07:12:47 ..... Started sorting BAM
Feb 25 07:12:48 ..... Finished successfully
STAR alignment complete

End of 1_FQC_StarAlign.sh... Thu Feb 25 07:12:48 PST 2016
