
Starting 1_FQC_StarAlign.sh... Wed Feb 24 22:49:28 PST 2016

HT_ROW25_N716
Script is beginning...
Analysis complete for HT_ROW25_N716_R1.fastq
Analysis complete for HT_ROW25_N716_R2.fastq
FastQC complete
Feb 24 22:49:36 ..... Started STAR run
Feb 24 22:49:48 ..... Started mapping
Feb 24 22:49:52 ..... Started sorting BAM
Feb 24 22:49:52 ..... Finished successfully
STAR alignment complete

End of 1_FQC_StarAlign.sh... Wed Feb 24 22:49:52 PST 2016

Starting 1_FQC_StarAlign.sh... Thu Feb 25 07:42:28 PST 2016

HT_ROW25_N716
Script is beginning...
Analysis complete for HT_ROW25_N716_R1.fastq
Analysis complete for HT_ROW25_N716_R2.fastq
FastQC complete
Feb 25 07:42:36 ..... Started STAR run
Feb 25 07:47:22 ..... Started mapping
Feb 25 07:47:26 ..... Started sorting BAM
Feb 25 07:47:26 ..... Finished successfully
STAR alignment complete

End of 1_FQC_StarAlign.sh... Thu Feb 25 07:47:28 PST 2016
