
Starting 1_FQC_StarAlign.sh... Wed Feb 24 20:00:28 PST 2016

HT_ROW14_N706
Script is beginning...
Analysis complete for HT_ROW14_N706_R1.fastq
Analysis complete for HT_ROW14_N706_R2.fastq
FastQC complete
Feb 24 20:00:38 ..... Started STAR run
Feb 24 20:04:16 ..... Started mapping
Feb 24 20:04:19 ..... Started sorting BAM
Feb 24 20:04:20 ..... Finished successfully
STAR alignment complete

End of 1_FQC_StarAlign.sh... Wed Feb 24 20:04:20 PST 2016

Starting 1_FQC_StarAlign.sh... Thu Feb 25 04:12:32 PST 2016

HT_ROW14_N706
Script is beginning...
Analysis complete for HT_ROW14_N706_R1.fastq
Analysis complete for HT_ROW14_N706_R2.fastq
FastQC complete
Feb 25 04:12:49 ..... Started STAR run
Feb 25 05:04:29 ..... Started mapping
Feb 25 05:04:48 ..... Started sorting BAM
Feb 25 05:04:52 ..... Finished successfully
STAR alignment complete

End of 1_FQC_StarAlign.sh... Thu Feb 25 05:04:59 PST 2016
