
Starting 1_FQC_StarAlign.sh... Wed Feb 24 23:26:43 PST 2016

HT_ROW30_N724
Script is beginning...
Analysis complete for HT_ROW30_N724_R1.fastq
Analysis complete for HT_ROW30_N724_R2.fastq
FastQC complete
Feb 24 23:26:55 ..... Started STAR run
Feb 24 23:32:38 ..... Started mapping
Feb 24 23:32:43 ..... Started sorting BAM
Feb 24 23:32:44 ..... Finished successfully
STAR alignment complete

End of 1_FQC_StarAlign.sh... Wed Feb 24 23:32:45 PST 2016

Starting 1_FQC_StarAlign.sh... Thu Feb 25 09:01:13 PST 2016

HT_ROW30_N724
Script is beginning...
Analysis complete for HT_ROW30_N724_R1.fastq
Analysis complete for HT_ROW30_N724_R2.fastq
FastQC complete
Feb 25 09:01:26 ..... Started STAR run
Feb 25 09:14:49 ..... Started mapping
Feb 25 09:14:54 ..... Started sorting BAM
Feb 25 09:14:55 ..... Finished successfully
STAR alignment complete

End of 1_FQC_StarAlign.sh... Thu Feb 25 09:14:56 PST 2016
