
Starting 1_FQC_StarAlign.sh... Wed Feb 24 23:35:58 PST 2016

HT_ROW31_N721
Script is beginning...
Analysis complete for HT_ROW31_N721_R1.fastq
Analysis complete for HT_ROW31_N721_R2.fastq
FastQC complete
Feb 24 23:36:10 ..... Started STAR run
Feb 24 23:36:21 ..... Started mapping
Feb 24 23:36:32 ..... Started sorting BAM
Feb 24 23:36:33 ..... Finished successfully
STAR alignment complete

End of 1_FQC_StarAlign.sh... Wed Feb 24 23:36:33 PST 2016

Starting 1_FQC_StarAlign.sh... Thu Feb 25 09:08:28 PST 2016

HT_ROW31_N721
Script is beginning...
Analysis complete for HT_ROW31_N721_R1.fastq
Analysis complete for HT_ROW31_N721_R2.fastq
FastQC complete
Feb 25 09:08:42 ..... Started STAR run
Feb 25 09:14:06 ..... Started mapping
Feb 25 09:14:18 ..... Started sorting BAM
Feb 25 09:14:18 ..... Finished successfully
STAR alignment complete

End of 1_FQC_StarAlign.sh... Thu Feb 25 09:14:19 PST 2016
