
Starting 1_FQC_StarAlign.sh... Wed Feb 24 21:04:13 PST 2016

HT_ROW17_N715
Script is beginning...
Analysis complete for HT_ROW17_N715_R1.fastq
Analysis complete for HT_ROW17_N715_R2.fastq
FastQC complete
Feb 24 21:04:23 ..... Started STAR run
Feb 24 21:09:57 ..... Started mapping
Feb 24 21:10:00 ..... Started sorting BAM
Feb 24 21:10:01 ..... Finished successfully
STAR alignment complete

End of 1_FQC_StarAlign.sh... Wed Feb 24 21:10:01 PST 2016

Starting 1_FQC_StarAlign.sh... Thu Feb 25 05:40:58 PST 2016

HT_ROW17_N715
Script is beginning...
Analysis complete for HT_ROW17_N715_R1.fastq
Analysis complete for HT_ROW17_N715_R2.fastq
FastQC complete
Feb 25 05:41:07 ..... Started STAR run
Feb 25 05:47:49 ..... Started mapping
Feb 25 05:47:52 ..... Started sorting BAM
Feb 25 05:47:53 ..... Finished successfully
STAR alignment complete

End of 1_FQC_StarAlign.sh... Thu Feb 25 05:47:54 PST 2016
