
Starting 1_FQC_StarAlign.sh... Wed Feb 24 19:49:44 PST 2016

HT_ROW13_N722
Script is beginning...
Analysis complete for HT_ROW13_N722_R1.fastq
Analysis complete for HT_ROW13_N722_R2.fastq
FastQC complete
Feb 24 19:49:56 ..... Started STAR run
Feb 24 20:11:28 ..... Started mapping
Feb 24 20:11:32 ..... Started sorting BAM
Feb 24 20:11:33 ..... Finished successfully
STAR alignment complete

End of 1_FQC_StarAlign.sh... Wed Feb 24 20:11:34 PST 2016

Starting 1_FQC_StarAlign.sh... Thu Feb 25 03:59:43 PST 2016

HT_ROW13_N722
Script is beginning...
Analysis complete for HT_ROW13_N722_R1.fastq
Analysis complete for HT_ROW13_N722_R2.fastq
FastQC complete
Feb 25 03:59:51 ..... Started STAR run
Feb 25 04:08:55 ..... Started mapping
Feb 25 04:08:59 ..... Started sorting BAM
Feb 25 04:08:59 ..... Finished successfully
STAR alignment complete

End of 1_FQC_StarAlign.sh... Thu Feb 25 04:09:00 PST 2016
