
Starting 1_FQC_StarAlign.sh... Wed Feb 24 16:22:58 PST 2016

HT_ROW03_N703
Script is beginning...
Analysis complete for HT_ROW03_N703_R1.fastq
Analysis complete for HT_ROW03_N703_R2.fastq
FastQC complete
Feb 24 16:23:07 ..... Started STAR run
Feb 24 16:29:59 ..... Started mapping
Feb 24 16:30:04 ..... Started sorting BAM
Feb 24 16:30:04 ..... Finished successfully
STAR alignment complete

End of 1_FQC_StarAlign.sh... Wed Feb 24 16:30:05 PST 2016

Starting 1_FQC_StarAlign.sh... Thu Feb 25 01:22:28 PST 2016

HT_ROW03_N703
Script is beginning...
Analysis complete for HT_ROW03_N703_R1.fastq
Analysis complete for HT_ROW03_N703_R2.fastq
FastQC complete
Feb 25 01:22:36 ..... Started STAR run
Feb 25 01:23:39 ..... Started mapping
Feb 25 01:23:44 ..... Started sorting BAM
Feb 25 01:23:44 ..... Finished successfully
STAR alignment complete

End of 1_FQC_StarAlign.sh... Thu Feb 25 01:23:45 PST 2016
