
Starting 1_FQC_StarAlign.sh... Wed Feb 24 17:04:13 PST 2016

HT_ROW06_N711
Script is beginning...
Analysis complete for HT_ROW06_N711_R1.fastq
Analysis complete for HT_ROW06_N711_R2.fastq
FastQC complete
Feb 24 17:04:38 ..... Started STAR run
Feb 24 17:05:12 ..... Started mapping
Feb 24 17:05:31 ..... Started sorting BAM
Feb 24 17:05:32 ..... Finished successfully
STAR alignment complete

End of 1_FQC_StarAlign.sh... Wed Feb 24 17:05:33 PST 2016

Starting 1_FQC_StarAlign.sh... Thu Feb 25 01:44:43 PST 2016

HT_ROW06_N711
Script is beginning...
Analysis complete for HT_ROW06_N711_R1.fastq
Analysis complete for HT_ROW06_N711_R2.fastq
FastQC complete
Feb 25 01:45:12 ..... Started STAR run
Feb 25 01:50:45 ..... Started mapping
Feb 25 01:51:03 ..... Started sorting BAM
Feb 25 01:51:04 ..... Finished successfully
STAR alignment complete

End of 1_FQC_StarAlign.sh... Thu Feb 25 01:51:05 PST 2016
