
Starting 1_FQC_StarAlign.sh... Wed Feb 24 21:10:13 PST 2016

HT_ROW17_N722
Script is beginning...
Analysis complete for HT_ROW17_N722_R1.fastq
Analysis complete for HT_ROW17_N722_R2.fastq
FastQC complete
Feb 24 21:10:22 ..... Started STAR run
Feb 24 21:13:32 ..... Started mapping
Feb 24 21:13:35 ..... Started sorting BAM
Feb 24 21:13:39 ..... Finished successfully
STAR alignment complete

End of 1_FQC_StarAlign.sh... Wed Feb 24 21:13:40 PST 2016

Starting 1_FQC_StarAlign.sh... Thu Feb 25 05:47:13 PST 2016

HT_ROW17_N722
Script is beginning...
Analysis complete for HT_ROW17_N722_R1.fastq
Analysis complete for HT_ROW17_N722_R2.fastq
FastQC complete
Feb 25 05:47:22 ..... Started STAR run
Feb 25 05:52:15 ..... Started mapping
Feb 25 05:52:16 ..... Started sorting BAM
Feb 25 05:52:17 ..... Finished successfully
STAR alignment complete

End of 1_FQC_StarAlign.sh... Thu Feb 25 05:52:18 PST 2016
