
Starting 1_FQC_StarAlign.sh... Wed Feb 24 15:54:43 PST 2016

HT_ROW01_N712
Script is beginning...
Analysis complete for HT_ROW01_N712_R1.fastq
Analysis complete for HT_ROW01_N712_R2.fastq
FastQC complete
Feb 24 15:54:54 ..... Started STAR run
Feb 24 16:01:49 ..... Started mapping
Feb 24 16:02:02 ..... Started sorting BAM
Feb 24 16:02:02 ..... Finished successfully
STAR alignment complete

End of 1_FQC_StarAlign.sh... Wed Feb 24 16:02:03 PST 2016

Starting 1_FQC_StarAlign.sh... Thu Feb 25 01:08:43 PST 2016

HT_ROW01_N712
Script is beginning...
Analysis complete for HT_ROW01_N712_R1.fastq
Analysis complete for HT_ROW01_N712_R2.fastq
FastQC complete
Feb 25 01:08:53 ..... Started STAR run
Feb 25 01:09:05 ..... Started mapping
Feb 25 01:09:18 ..... Started sorting BAM
Feb 25 01:09:19 ..... Finished successfully
STAR alignment complete

End of 1_FQC_StarAlign.sh... Thu Feb 25 01:09:19 PST 2016
