
Starting 1_FQC_StarAlign.sh... Wed Feb 24 16:53:28 PST 2016

HT_ROW04_N722
Script is beginning...
Analysis complete for HT_ROW04_N722_R1.fastq
Analysis complete for HT_ROW04_N722_R2.fastq
FastQC complete
Feb 24 16:53:34 ..... Started STAR run
Feb 24 16:53:45 ..... Started mapping
Feb 24 16:53:47 ..... Started sorting BAM
Feb 24 16:53:47 ..... Finished successfully
STAR alignment complete

End of 1_FQC_StarAlign.sh... Wed Feb 24 16:53:47 PST 2016

Starting 1_FQC_StarAlign.sh... Thu Feb 25 01:35:28 PST 2016

HT_ROW04_N722
Script is beginning...
Analysis complete for HT_ROW04_N722_R1.fastq
Analysis complete for HT_ROW04_N722_R2.fastq
FastQC complete
Feb 25 01:35:36 ..... Started STAR run
Feb 25 01:36:52 ..... Started mapping
Feb 25 01:36:55 ..... Started sorting BAM
Feb 25 01:36:55 ..... Finished successfully
STAR alignment complete

End of 1_FQC_StarAlign.sh... Thu Feb 25 01:36:56 PST 2016
