
Starting 1_FQC_StarAlign.sh... Wed Feb 24 22:54:28 PST 2016

HT_ROW26_N711
Script is beginning...
Analysis complete for HT_ROW26_N711_R1.fastq
Analysis complete for HT_ROW26_N711_R2.fastq
FastQC complete
Feb 24 22:55:01 ..... Started STAR run
Feb 24 23:09:01 ..... Started mapping
Feb 24 23:09:29 ..... Started sorting BAM
Feb 24 23:09:32 ..... Finished successfully
STAR alignment complete

End of 1_FQC_StarAlign.sh... Wed Feb 24 23:09:33 PST 2016

Starting 1_FQC_StarAlign.sh... Thu Feb 25 07:58:28 PST 2016

HT_ROW26_N711
Script is beginning...
Analysis complete for HT_ROW26_N711_R1.fastq
Analysis complete for HT_ROW26_N711_R2.fastq
FastQC complete
Feb 25 07:58:46 ..... Started STAR run
Feb 25 08:02:02 ..... Started mapping
Feb 25 08:02:21 ..... Started sorting BAM
Feb 25 08:02:21 ..... Finished successfully
STAR alignment complete

End of 1_FQC_StarAlign.sh... Thu Feb 25 08:02:22 PST 2016
