
Starting 1_FQC_StarAlign.sh... Wed Feb 24 18:16:14 PST 2016

HT_ROW10_N705
Script is beginning...
Analysis complete for HT_ROW10_N705_R1.fastq
Analysis complete for HT_ROW10_N705_R2.fastq
FastQC complete
Feb 24 18:16:25 ..... Started STAR run
Feb 24 18:23:44 ..... Started mapping
Feb 24 18:23:47 ..... Started sorting BAM
Feb 24 18:23:47 ..... Finished successfully
STAR alignment complete

End of 1_FQC_StarAlign.sh... Wed Feb 24 18:23:48 PST 2016

Starting 1_FQC_StarAlign.sh... Thu Feb 25 02:32:28 PST 2016

HT_ROW10_N705
Script is beginning...
Analysis complete for HT_ROW10_N705_R1.fastq
Analysis complete for HT_ROW10_N705_R2.fastq
FastQC complete
Feb 25 02:32:36 ..... Started STAR run
Feb 25 02:38:03 ..... Started mapping
Feb 25 02:38:05 ..... Started sorting BAM
Feb 25 02:38:06 ..... Finished successfully
STAR alignment complete

End of 1_FQC_StarAlign.sh... Thu Feb 25 02:38:06 PST 2016
