
Starting 1_FQC_StarAlign.sh... Wed Feb 24 21:46:28 PST 2016

HT_ROW19_N721
Script is beginning...
Analysis complete for HT_ROW19_N721_R1.fastq
Analysis complete for HT_ROW19_N721_R2.fastq
FastQC complete
Feb 24 21:46:37 ..... Started STAR run
Feb 24 21:53:16 ..... Started mapping
Feb 24 21:53:25 ..... Started sorting BAM
Feb 24 21:53:26 ..... Finished successfully
STAR alignment complete

End of 1_FQC_StarAlign.sh... Wed Feb 24 21:53:26 PST 2016

Starting 1_FQC_StarAlign.sh... Thu Feb 25 06:27:43 PST 2016

HT_ROW19_N721
Script is beginning...
Analysis complete for HT_ROW19_N721_R1.fastq
Analysis complete for HT_ROW19_N721_R2.fastq
FastQC complete
Feb 25 06:27:52 ..... Started STAR run
Feb 25 06:31:11 ..... Started mapping
Feb 25 06:31:19 ..... Started sorting BAM
Feb 25 06:31:19 ..... Finished successfully
STAR alignment complete

End of 1_FQC_StarAlign.sh... Thu Feb 25 06:31:19 PST 2016
