
Starting 1_FQC_StarAlign.sh... Wed Feb 24 20:05:43 PST 2016

HT_ROW14_N721
Script is beginning...
Analysis complete for HT_ROW14_N721_R1.fastq
Analysis complete for HT_ROW14_N721_R2.fastq
FastQC complete
Feb 24 20:05:55 ..... Started STAR run
Feb 24 20:06:06 ..... Started mapping
Feb 24 20:06:14 ..... Started sorting BAM
Feb 24 20:06:15 ..... Finished successfully
STAR alignment complete

End of 1_FQC_StarAlign.sh... Wed Feb 24 20:06:16 PST 2016

Starting 1_FQC_StarAlign.sh... Thu Feb 25 04:30:58 PST 2016

HT_ROW14_N721
Script is beginning...
Analysis complete for HT_ROW14_N721_R1.fastq
Analysis complete for HT_ROW14_N721_R2.fastq
FastQC complete
Feb 25 04:31:07 ..... Started STAR run
Feb 25 04:31:18 ..... Started mapping
Feb 25 04:31:24 ..... Started sorting BAM
Feb 25 04:31:24 ..... Finished successfully
STAR alignment complete

End of 1_FQC_StarAlign.sh... Thu Feb 25 04:31:25 PST 2016
