
Starting 1_FQC_StarAlign.sh... Wed Feb 24 23:52:13 PST 2016

HT_ROW33_N720
Script is beginning...
Analysis complete for HT_ROW33_N720_R1.fastq
Analysis complete for HT_ROW33_N720_R2.fastq
FastQC complete
Feb 24 23:52:21 ..... Started STAR run
Feb 24 23:52:32 ..... Started mapping
Feb 24 23:52:38 ..... Started sorting BAM
Feb 24 23:52:39 ..... Finished successfully
STAR alignment complete

End of 1_FQC_StarAlign.sh... Wed Feb 24 23:52:39 PST 2016

Starting 1_FQC_StarAlign.sh... Thu Feb 25 09:28:28 PST 2016

HT_ROW33_N720
Script is beginning...
Analysis complete for HT_ROW33_N720_R1.fastq
Analysis complete for HT_ROW33_N720_R2.fastq
FastQC complete
Feb 25 09:28:37 ..... Started STAR run
Feb 25 09:28:52 ..... Started mapping
Feb 25 09:28:58 ..... Started sorting BAM
Feb 25 09:28:59 ..... Finished successfully
STAR alignment complete

End of 1_FQC_StarAlign.sh... Thu Feb 25 09:29:00 PST 2016
