
Starting 1_FQC_StarAlign.sh... Wed Feb 24 17:09:58 PST 2016

HT_ROW08_N701
Script is beginning...
Analysis complete for HT_ROW08_N701_R1.fastq
Analysis complete for HT_ROW08_N701_R2.fastq
FastQC complete
Feb 24 17:10:06 ..... Started STAR run
Feb 24 17:10:17 ..... Started mapping
Feb 24 17:10:23 ..... Started sorting BAM
Feb 24 17:10:23 ..... Finished successfully
STAR alignment complete

End of 1_FQC_StarAlign.sh... Wed Feb 24 17:10:23 PST 2016

Starting 1_FQC_StarAlign.sh... Thu Feb 25 02:05:13 PST 2016

HT_ROW08_N701
Script is beginning...
Analysis complete for HT_ROW08_N701_R1.fastq
Analysis complete for HT_ROW08_N701_R2.fastq
FastQC complete
Feb 25 02:05:22 ..... Started STAR run
Feb 25 02:09:43 ..... Started mapping
Feb 25 02:09:50 ..... Started sorting BAM
Feb 25 02:09:50 ..... Finished successfully
STAR alignment complete

End of 1_FQC_StarAlign.sh... Thu Feb 25 02:09:50 PST 2016
