
Starting 1_FQC_StarAlign.sh... Thu Feb 25 00:52:28 PST 2016

HT_ROW39_N724
Script is beginning...
Analysis complete for HT_ROW39_N724_R1.fastq
Analysis complete for HT_ROW39_N724_R2.fastq
FastQC complete
Feb 25 00:52:44 ..... Started STAR run
Feb 25 00:59:12 ..... Started mapping
Feb 25 00:59:31 ..... Started sorting BAM
Feb 25 00:59:31 ..... Finished successfully
STAR alignment complete

End of 1_FQC_StarAlign.sh... Thu Feb 25 00:59:32 PST 2016

Starting 1_FQC_StarAlign.sh... Thu Feb 25 10:10:13 PST 2016

HT_ROW39_N724
Script is beginning...
Analysis complete for HT_ROW39_N724_R1.fastq
Analysis complete for HT_ROW39_N724_R2.fastq
FastQC complete
Feb 25 10:10:27 ..... Started STAR run
Feb 25 10:12:46 ..... Started mapping
Feb 25 10:13:03 ..... Started sorting BAM
Feb 25 10:13:04 ..... Finished successfully
STAR alignment complete

End of 1_FQC_StarAlign.sh... Thu Feb 25 10:13:04 PST 2016
