
Starting 1_FQC_StarAlign.sh... Wed Feb 24 23:02:28 PST 2016

HT_ROW28_N704
Script is beginning...
Analysis complete for HT_ROW28_N704_R1.fastq
Analysis complete for HT_ROW28_N704_R2.fastq
FastQC complete
Feb 24 23:02:38 ..... Started STAR run
Feb 24 23:05:39 ..... Started mapping
Feb 24 23:05:48 ..... Started sorting BAM
Feb 24 23:05:48 ..... Finished successfully
STAR alignment complete

End of 1_FQC_StarAlign.sh... Wed Feb 24 23:05:49 PST 2016

Starting 1_FQC_StarAlign.sh... Thu Feb 25 08:20:28 PST 2016

HT_ROW28_N704
Script is beginning...
Analysis complete for HT_ROW28_N704_R1.fastq
Analysis complete for HT_ROW28_N704_R2.fastq
FastQC complete
Feb 25 08:20:36 ..... Started STAR run
Feb 25 08:25:02 ..... Started mapping
Feb 25 08:25:11 ..... Started sorting BAM
Feb 25 08:25:12 ..... Finished successfully
STAR alignment complete

End of 1_FQC_StarAlign.sh... Thu Feb 25 08:25:13 PST 2016
