
Starting 1_FQC_StarAlign.sh... Thu Feb 25 00:39:28 PST 2016

HT_ROW38_N714
Script is beginning...
Analysis complete for HT_ROW38_N714_R1.fastq
Analysis complete for HT_ROW38_N714_R2.fastq
FastQC complete
Feb 25 00:39:36 ..... Started STAR run
Feb 25 00:45:33 ..... Started mapping
Feb 25 00:45:37 ..... Started sorting BAM
Feb 25 00:45:37 ..... Finished successfully
STAR alignment complete

End of 1_FQC_StarAlign.sh... Thu Feb 25 00:45:38 PST 2016

Starting 1_FQC_StarAlign.sh... Thu Feb 25 10:01:13 PST 2016

HT_ROW38_N714
Script is beginning...
Analysis complete for HT_ROW38_N714_R1.fastq
Analysis complete for HT_ROW38_N714_R2.fastq
FastQC complete
Feb 25 10:01:23 ..... Started STAR run
Feb 25 10:05:05 ..... Started mapping
Feb 25 10:05:08 ..... Started sorting BAM
Feb 25 10:05:09 ..... Finished successfully
STAR alignment complete

End of 1_FQC_StarAlign.sh... Thu Feb 25 10:05:09 PST 2016
