
Starting 1_FQC_StarAlign.sh... Wed Feb 24 20:24:28 PST 2016

HT_ROW15_N722
Script is beginning...
Analysis complete for HT_ROW15_N722_R1.fastq
Analysis complete for HT_ROW15_N722_R2.fastq
FastQC complete
Feb 24 20:24:38 ..... Started STAR run
Feb 24 20:31:55 ..... Started mapping
Feb 24 20:32:08 ..... Started sorting BAM
Feb 24 20:32:08 ..... Finished successfully
STAR alignment complete

End of 1_FQC_StarAlign.sh... Wed Feb 24 20:32:09 PST 2016

Starting 1_FQC_StarAlign.sh... Thu Feb 25 04:57:58 PST 2016

HT_ROW15_N722
Script is beginning...
Analysis complete for HT_ROW15_N722_R1.fastq
Analysis complete for HT_ROW15_N722_R2.fastq
FastQC complete
Feb 25 04:58:11 ..... Started STAR run
Feb 25 05:10:17 ..... Started mapping
Feb 25 05:10:31 ..... Started sorting BAM
Feb 25 05:10:32 ..... Finished successfully
STAR alignment complete

End of 1_FQC_StarAlign.sh... Thu Feb 25 05:10:34 PST 2016
