
Starting 1_FQC_StarAlign.sh... Wed Feb 24 21:31:29 PST 2016

HT_ROW19_N703
Script is beginning...
Analysis complete for HT_ROW19_N703_R1.fastq
Analysis complete for HT_ROW19_N703_R2.fastq
FastQC complete
Feb 24 21:31:39 ..... Started STAR run
Feb 24 21:39:27 ..... Started mapping
Feb 24 21:39:33 ..... Started sorting BAM
Feb 24 21:39:33 ..... Finished successfully
STAR alignment complete

End of 1_FQC_StarAlign.sh... Wed Feb 24 21:39:34 PST 2016

Starting 1_FQC_StarAlign.sh... Thu Feb 25 06:19:58 PST 2016

HT_ROW19_N703
Script is beginning...
Analysis complete for HT_ROW19_N703_R1.fastq
Analysis complete for HT_ROW19_N703_R2.fastq
FastQC complete
Feb 25 06:20:07 ..... Started STAR run
Feb 25 06:24:38 ..... Started mapping
Feb 25 06:24:42 ..... Started sorting BAM
Feb 25 06:24:43 ..... Finished successfully
STAR alignment complete

End of 1_FQC_StarAlign.sh... Thu Feb 25 06:24:43 PST 2016
