
Starting 1_FQC_StarAlign.sh... Thu Feb 25 00:42:58 PST 2016

HT_ROW38_N721
Script is beginning...
Analysis complete for HT_ROW38_N721_R1.fastq
Analysis complete for HT_ROW38_N721_R2.fastq
FastQC complete
Feb 25 00:43:11 ..... Started STAR run
Feb 25 00:48:18 ..... Started mapping
Feb 25 00:48:34 ..... Started sorting BAM
Feb 25 00:48:35 ..... Finished successfully
STAR alignment complete

End of 1_FQC_StarAlign.sh... Thu Feb 25 00:48:35 PST 2016

Starting 1_FQC_StarAlign.sh... Thu Feb 25 10:01:44 PST 2016

HT_ROW38_N721
Script is beginning...
Analysis complete for HT_ROW38_N721_R1.fastq
Analysis complete for HT_ROW38_N721_R2.fastq
FastQC complete
Feb 25 10:01:56 ..... Started STAR run
Feb 25 10:05:24 ..... Started mapping
Feb 25 10:05:40 ..... Started sorting BAM
Feb 25 10:05:41 ..... Finished successfully
STAR alignment complete

End of 1_FQC_StarAlign.sh... Thu Feb 25 10:05:41 PST 2016
