
Starting 1_FQC_StarAlign.sh... Wed Feb 24 22:24:28 PST 2016

HT_ROW22_N712
Script is beginning...
Analysis complete for HT_ROW22_N712_R1.fastq
Analysis complete for HT_ROW22_N712_R2.fastq
FastQC complete
Feb 24 22:24:42 ..... Started STAR run
Feb 24 22:25:11 ..... Started mapping
Feb 24 22:25:29 ..... Started sorting BAM
Feb 24 22:25:29 ..... Finished successfully
STAR alignment complete

End of 1_FQC_StarAlign.sh... Wed Feb 24 22:25:30 PST 2016

Starting 1_FQC_StarAlign.sh... Thu Feb 25 06:58:28 PST 2016

HT_ROW22_N712
Script is beginning...
Analysis complete for HT_ROW22_N712_R1.fastq
Analysis complete for HT_ROW22_N712_R2.fastq
FastQC complete
Feb 25 06:58:41 ..... Started STAR run
Feb 25 06:58:53 ..... Started mapping
Feb 25 06:59:09 ..... Started sorting BAM
Feb 25 06:59:09 ..... Finished successfully
STAR alignment complete

End of 1_FQC_StarAlign.sh... Thu Feb 25 06:59:10 PST 2016
