
Starting 1_FQC_StarAlign.sh... Thu Feb 25 00:39:13 PST 2016

HT_ROW38_N707
Script is beginning...
Analysis complete for HT_ROW38_N707_R1.fastq
Analysis complete for HT_ROW38_N707_R2.fastq
FastQC complete
Feb 25 00:39:23 ..... Started STAR run
Feb 25 00:45:33 ..... Started mapping
Feb 25 00:45:43 ..... Started sorting BAM
Feb 25 00:45:43 ..... Finished successfully
STAR alignment complete

End of 1_FQC_StarAlign.sh... Thu Feb 25 00:45:44 PST 2016

Starting 1_FQC_StarAlign.sh... Thu Feb 25 09:56:58 PST 2016

HT_ROW38_N707
Script is beginning...
Analysis complete for HT_ROW38_N707_R1.fastq
Analysis complete for HT_ROW38_N707_R2.fastq
FastQC complete
Feb 25 09:57:06 ..... Started STAR run
Feb 25 09:58:28 ..... Started mapping
Feb 25 09:58:38 ..... Started sorting BAM
Feb 25 09:58:38 ..... Finished successfully
STAR alignment complete

End of 1_FQC_StarAlign.sh... Thu Feb 25 09:58:39 PST 2016
