
Starting 1_FQC_StarAlign.sh... Wed Feb 24 23:53:43 PST 2016

HT_ROW34_N706
Script is beginning...
Analysis complete for HT_ROW34_N706_R1.fastq
Analysis complete for HT_ROW34_N706_R2.fastq
FastQC complete
Feb 24 23:53:50 ..... Started STAR run
Feb 24 23:54:06 ..... Started mapping
Feb 24 23:54:08 ..... Started sorting BAM
Feb 24 23:54:08 ..... Finished successfully
STAR alignment complete

End of 1_FQC_StarAlign.sh... Wed Feb 24 23:54:08 PST 2016

Starting 1_FQC_StarAlign.sh... Thu Feb 25 09:29:58 PST 2016

HT_ROW34_N706
Script is beginning...
Analysis complete for HT_ROW34_N706_R1.fastq
Analysis complete for HT_ROW34_N706_R2.fastq
FastQC complete
Feb 25 09:30:06 ..... Started STAR run
Feb 25 09:31:46 ..... Started mapping
Feb 25 09:31:48 ..... Started sorting BAM
Feb 25 09:31:48 ..... Finished successfully
STAR alignment complete

End of 1_FQC_StarAlign.sh... Thu Feb 25 09:31:48 PST 2016
