
Starting 1_FQC_StarAlign.sh... Wed Feb 24 23:33:13 PST 2016

HT_ROW31_N716
Script is beginning...
Analysis complete for HT_ROW31_N716_R1.fastq
Analysis complete for HT_ROW31_N716_R2.fastq
FastQC complete
Feb 24 23:33:22 ..... Started STAR run
Feb 24 23:34:54 ..... Started mapping
Feb 24 23:34:58 ..... Started sorting BAM
Feb 24 23:34:59 ..... Finished successfully
STAR alignment complete

End of 1_FQC_StarAlign.sh... Wed Feb 24 23:34:59 PST 2016

Starting 1_FQC_StarAlign.sh... Thu Feb 25 09:06:13 PST 2016

HT_ROW31_N716
Script is beginning...
Analysis complete for HT_ROW31_N716_R1.fastq
Analysis complete for HT_ROW31_N716_R2.fastq
FastQC complete
Feb 25 09:06:20 ..... Started STAR run
Feb 25 09:07:09 ..... Started mapping
Feb 25 09:07:13 ..... Started sorting BAM
Feb 25 09:07:13 ..... Finished successfully
STAR alignment complete

End of 1_FQC_StarAlign.sh... Thu Feb 25 09:07:14 PST 2016
