
Starting 1_FQC_StarAlign.sh... Wed Feb 24 20:00:28 PST 2016

HT_ROW14_N707
Script is beginning...
Analysis complete for HT_ROW14_N707_R1.fastq
Analysis complete for HT_ROW14_N707_R2.fastq
FastQC complete
Feb 24 20:00:38 ..... Started STAR run
Feb 24 20:04:16 ..... Started mapping
Feb 24 20:04:17 ..... Started sorting BAM
Feb 24 20:04:18 ..... Finished successfully
STAR alignment complete

End of 1_FQC_StarAlign.sh... Wed Feb 24 20:04:19 PST 2016

Starting 1_FQC_StarAlign.sh... Thu Feb 25 04:12:32 PST 2016

HT_ROW14_N707
Script is beginning...
Analysis complete for HT_ROW14_N707_R1.fastq
Analysis complete for HT_ROW14_N707_R2.fastq
FastQC complete
Feb 25 04:12:49 ..... Started STAR run
Feb 25 05:04:29 ..... Started mapping
Feb 25 05:04:42 ..... Started sorting BAM
Feb 25 05:04:47 ..... Finished successfully
STAR alignment complete

End of 1_FQC_StarAlign.sh... Thu Feb 25 05:04:58 PST 2016
