
Starting 1_FQC_StarAlign.sh... Wed Feb 24 21:39:43 PST 2016

HT_ROW19_N712
Script is beginning...
Analysis complete for HT_ROW19_N712_R1.fastq
Analysis complete for HT_ROW19_N712_R2.fastq
FastQC complete
Feb 24 21:40:06 ..... Started STAR run
Feb 24 21:46:01 ..... Started mapping
Feb 24 21:46:19 ..... Started sorting BAM
Feb 24 21:46:20 ..... Finished successfully
STAR alignment complete

End of 1_FQC_StarAlign.sh... Wed Feb 24 21:46:20 PST 2016

Starting 1_FQC_StarAlign.sh... Thu Feb 25 06:24:43 PST 2016

HT_ROW19_N712
Script is beginning...
Analysis complete for HT_ROW19_N712_R1.fastq
Analysis complete for HT_ROW19_N712_R2.fastq
FastQC complete
Feb 25 06:25:02 ..... Started STAR run
Feb 25 06:27:17 ..... Started mapping
Feb 25 06:27:34 ..... Started sorting BAM
Feb 25 06:27:35 ..... Finished successfully
STAR alignment complete

End of 1_FQC_StarAlign.sh... Thu Feb 25 06:27:35 PST 2016
