
Starting 1_FQC_StarAlign.sh... Wed Feb 24 22:59:28 PST 2016

HT_ROW27_N707
Script is beginning...
Analysis complete for HT_ROW27_N707_R1.fastq
Analysis complete for HT_ROW27_N707_R2.fastq
FastQC complete
Feb 24 22:59:36 ..... Started STAR run
Feb 24 22:59:49 ..... Started mapping
Feb 24 22:59:56 ..... Started sorting BAM
Feb 24 22:59:56 ..... Finished successfully
STAR alignment complete

End of 1_FQC_StarAlign.sh... Wed Feb 24 22:59:56 PST 2016

Starting 1_FQC_StarAlign.sh... Thu Feb 25 08:11:58 PST 2016

HT_ROW27_N707
Script is beginning...
Analysis complete for HT_ROW27_N707_R1.fastq
Analysis complete for HT_ROW27_N707_R2.fastq
FastQC complete
Feb 25 08:12:06 ..... Started STAR run
Feb 25 08:12:18 ..... Started mapping
Feb 25 08:12:24 ..... Started sorting BAM
Feb 25 08:12:25 ..... Finished successfully
STAR alignment complete

End of 1_FQC_StarAlign.sh... Thu Feb 25 08:12:26 PST 2016
