
Starting 1_FQC_StarAlign.sh... Wed Feb 24 21:25:45 PST 2016

HT_ROW18_N722
Script is beginning...
Analysis complete for HT_ROW18_N722_R1.fastq
Analysis complete for HT_ROW18_N722_R2.fastq
FastQC complete
Feb 24 21:25:59 ..... Started STAR run
Feb 24 21:50:34 ..... Started mapping
Feb 24 21:50:53 ..... Started sorting BAM
Feb 24 21:50:57 ..... Finished successfully
STAR alignment complete

End of 1_FQC_StarAlign.sh... Wed Feb 24 21:50:58 PST 2016

Starting 1_FQC_StarAlign.sh... Thu Feb 25 06:13:00 PST 2016

HT_ROW18_N722
Script is beginning...
Analysis complete for HT_ROW18_N722_R1.fastq
Analysis complete for HT_ROW18_N722_R2.fastq
FastQC complete
Feb 25 06:13:15 ..... Started STAR run
Feb 25 06:35:21 ..... Started mapping
Feb 25 06:35:41 ..... Started sorting BAM
Feb 25 06:35:41 ..... Finished successfully
STAR alignment complete

End of 1_FQC_StarAlign.sh... Thu Feb 25 06:35:43 PST 2016
