
Starting 1_FQC_StarAlign.sh... Wed Feb 24 22:19:13 PST 2016

HT_ROW22_N702
Script is beginning...
Analysis complete for HT_ROW22_N702_R1.fastq
Analysis complete for HT_ROW22_N702_R2.fastq
FastQC complete
Feb 24 22:19:22 ..... Started STAR run
Feb 24 22:24:36 ..... Started mapping
Feb 24 22:24:48 ..... Started sorting BAM
Feb 24 22:24:48 ..... Finished successfully
STAR alignment complete

End of 1_FQC_StarAlign.sh... Wed Feb 24 22:24:48 PST 2016

Starting 1_FQC_StarAlign.sh... Thu Feb 25 06:54:58 PST 2016

HT_ROW22_N702
Script is beginning...
Analysis complete for HT_ROW22_N702_R1.fastq
Analysis complete for HT_ROW22_N702_R2.fastq
FastQC complete
Feb 25 06:55:06 ..... Started STAR run
Feb 25 06:56:08 ..... Started mapping
Feb 25 06:56:17 ..... Started sorting BAM
Feb 25 06:56:18 ..... Finished successfully
STAR alignment complete

End of 1_FQC_StarAlign.sh... Thu Feb 25 06:56:18 PST 2016
