
Starting 1_FQC_StarAlign.sh... Wed Feb 24 23:30:13 PST 2016

HT_ROW31_N704
Script is beginning...
Analysis complete for HT_ROW31_N704_R1.fastq
Analysis complete for HT_ROW31_N704_R2.fastq
FastQC complete
Feb 24 23:30:28 ..... Started STAR run
Feb 24 23:40:12 ..... Started mapping
Feb 24 23:40:34 ..... Started sorting BAM
Feb 24 23:40:34 ..... Finished successfully
STAR alignment complete

End of 1_FQC_StarAlign.sh... Wed Feb 24 23:40:35 PST 2016

Starting 1_FQC_StarAlign.sh... Thu Feb 25 09:03:58 PST 2016

HT_ROW31_N704
Script is beginning...
Analysis complete for HT_ROW31_N704_R1.fastq
Analysis complete for HT_ROW31_N704_R2.fastq
FastQC complete
Feb 25 09:04:07 ..... Started STAR run
Feb 25 09:05:01 ..... Started mapping
Feb 25 09:05:16 ..... Started sorting BAM
Feb 25 09:05:16 ..... Finished successfully
STAR alignment complete

End of 1_FQC_StarAlign.sh... Thu Feb 25 09:05:17 PST 2016
