
Starting 1_FQC_StarAlign.sh... Wed Feb 24 22:05:58 PST 2016

HT_ROW21_N701
Script is beginning...
Analysis complete for HT_ROW21_N701_R1.fastq
Analysis complete for HT_ROW21_N701_R2.fastq
FastQC complete
Feb 24 22:06:07 ..... Started STAR run
Feb 24 22:10:49 ..... Started mapping
Feb 24 22:10:50 ..... Started sorting BAM
Feb 24 22:10:50 ..... Finished successfully
STAR alignment complete

End of 1_FQC_StarAlign.sh... Wed Feb 24 22:10:50 PST 2016

Starting 1_FQC_StarAlign.sh... Thu Feb 25 06:46:43 PST 2016

HT_ROW21_N701
Script is beginning...
Analysis complete for HT_ROW21_N701_R1.fastq
Analysis complete for HT_ROW21_N701_R2.fastq
FastQC complete
Feb 25 06:46:52 ..... Started STAR run
Feb 25 06:52:31 ..... Started mapping
Feb 25 06:52:32 ..... Started sorting BAM
Feb 25 06:52:32 ..... Finished successfully
STAR alignment complete

End of 1_FQC_StarAlign.sh... Thu Feb 25 06:52:32 PST 2016
