
Starting 1_FQC_StarAlign.sh... Wed Feb 24 17:04:28 PST 2016

HT_ROW06_N716
Script is beginning...
Analysis complete for HT_ROW06_N716_R1.fastq
Analysis complete for HT_ROW06_N716_R2.fastq
FastQC complete
Feb 24 17:04:36 ..... Started STAR run
Feb 24 17:04:47 ..... Started mapping
Feb 24 17:04:54 ..... Started sorting BAM
Feb 24 17:04:55 ..... Finished successfully
STAR alignment complete

End of 1_FQC_StarAlign.sh... Wed Feb 24 17:04:55 PST 2016

Starting 1_FQC_StarAlign.sh... Thu Feb 25 01:50:43 PST 2016

HT_ROW06_N716
Script is beginning...
Analysis complete for HT_ROW06_N716_R1.fastq
Analysis complete for HT_ROW06_N716_R2.fastq
FastQC complete
Feb 25 01:50:53 ..... Started STAR run
Feb 25 01:57:25 ..... Started mapping
Feb 25 01:57:33 ..... Started sorting BAM
Feb 25 01:57:33 ..... Finished successfully
STAR alignment complete

End of 1_FQC_StarAlign.sh... Thu Feb 25 01:57:34 PST 2016
