
Starting 1_FQC_StarAlign.sh... Wed Feb 24 22:59:13 PST 2016

HT_ROW27_N706
Script is beginning...
Analysis complete for HT_ROW27_N706_R1.fastq
Analysis complete for HT_ROW27_N706_R2.fastq
FastQC complete
Feb 24 22:59:22 ..... Started STAR run
Feb 24 22:59:41 ..... Started mapping
Feb 24 22:59:46 ..... Started sorting BAM
Feb 24 22:59:46 ..... Finished successfully
STAR alignment complete

End of 1_FQC_StarAlign.sh... Wed Feb 24 22:59:47 PST 2016

Starting 1_FQC_StarAlign.sh... Thu Feb 25 08:11:43 PST 2016

HT_ROW27_N706
Script is beginning...
Analysis complete for HT_ROW27_N706_R1.fastq
Analysis complete for HT_ROW27_N706_R2.fastq
FastQC complete
Feb 25 08:11:51 ..... Started STAR run
Feb 25 08:12:02 ..... Started mapping
Feb 25 08:12:08 ..... Started sorting BAM
Feb 25 08:12:08 ..... Finished successfully
STAR alignment complete

End of 1_FQC_StarAlign.sh... Thu Feb 25 08:12:09 PST 2016
