
Starting 1_FQC_StarAlign.sh... Wed Feb 24 20:25:58 PST 2016

HT_ROW15_N724
Script is beginning...
Analysis complete for HT_ROW15_N724_R1.fastq
Analysis complete for HT_ROW15_N724_R2.fastq
FastQC complete
Feb 24 20:26:26 ..... Started STAR run
Feb 24 20:33:03 ..... Started mapping
Feb 24 20:33:20 ..... Started sorting BAM
Feb 24 20:33:23 ..... Finished successfully
STAR alignment complete

End of 1_FQC_StarAlign.sh... Wed Feb 24 20:33:25 PST 2016

Starting 1_FQC_StarAlign.sh... Thu Feb 25 05:00:58 PST 2016

HT_ROW15_N724
Script is beginning...
Analysis complete for HT_ROW15_N724_R1.fastq
Analysis complete for HT_ROW15_N724_R2.fastq
FastQC complete
Feb 25 05:01:37 ..... Started STAR run
Feb 25 05:24:43 ..... Started mapping
Feb 25 05:25:06 ..... Started sorting BAM
Feb 25 05:25:10 ..... Finished successfully
STAR alignment complete

End of 1_FQC_StarAlign.sh... Thu Feb 25 05:25:12 PST 2016
