
Starting 1_FQC_StarAlign.sh... Wed Feb 24 23:10:43 PST 2016

HT_ROW29_N701
Script is beginning...
Analysis complete for HT_ROW29_N701_R1.fastq
Analysis complete for HT_ROW29_N701_R2.fastq
FastQC complete
Feb 24 23:10:51 ..... Started STAR run
Feb 24 23:14:14 ..... Started mapping
Feb 24 23:14:19 ..... Started sorting BAM
Feb 24 23:14:20 ..... Finished successfully
STAR alignment complete

End of 1_FQC_StarAlign.sh... Wed Feb 24 23:14:20 PST 2016

Starting 1_FQC_StarAlign.sh... Thu Feb 25 08:30:58 PST 2016

HT_ROW29_N701
Script is beginning...
Analysis complete for HT_ROW29_N701_R1.fastq
Analysis complete for HT_ROW29_N701_R2.fastq
FastQC complete
Feb 25 08:31:07 ..... Started STAR run
Feb 25 08:38:14 ..... Started mapping
Feb 25 08:38:19 ..... Started sorting BAM
Feb 25 08:38:19 ..... Finished successfully
STAR alignment complete

End of 1_FQC_StarAlign.sh... Thu Feb 25 08:38:20 PST 2016
