
Starting 1_FQC_StarAlign.sh... Wed Feb 24 17:31:29 PST 2016

HT_ROW08_N722
Script is beginning...
Analysis complete for HT_ROW08_N722_R1.fastq
Analysis complete for HT_ROW08_N722_R2.fastq
FastQC complete
Feb 24 17:31:38 ..... Started STAR run
Feb 24 17:42:34 ..... Started mapping
Feb 24 17:42:44 ..... Started sorting BAM
Feb 24 17:42:45 ..... Finished successfully
STAR alignment complete

End of 1_FQC_StarAlign.sh... Wed Feb 24 17:42:46 PST 2016

Starting 1_FQC_StarAlign.sh... Thu Feb 25 02:12:58 PST 2016

HT_ROW08_N722
Script is beginning...
Analysis complete for HT_ROW08_N722_R1.fastq
Analysis complete for HT_ROW08_N722_R2.fastq
FastQC complete
Feb 25 02:13:07 ..... Started STAR run
Feb 25 02:17:49 ..... Started mapping
Feb 25 02:17:57 ..... Started sorting BAM
Feb 25 02:17:57 ..... Finished successfully
STAR alignment complete

End of 1_FQC_StarAlign.sh... Thu Feb 25 02:17:57 PST 2016
