
Starting 1_FQC_StarAlign.sh... Wed Feb 24 20:59:13 PST 2016

HT_ROW17_N710
Script is beginning...
Analysis complete for HT_ROW17_N710_R1.fastq
Analysis complete for HT_ROW17_N710_R2.fastq
FastQC complete
Feb 24 20:59:24 ..... Started STAR run
Feb 24 21:06:52 ..... Started mapping
Feb 24 21:06:59 ..... Started sorting BAM
Feb 24 21:06:59 ..... Finished successfully
STAR alignment complete

End of 1_FQC_StarAlign.sh... Wed Feb 24 21:07:00 PST 2016

Starting 1_FQC_StarAlign.sh... Thu Feb 25 05:40:13 PST 2016

HT_ROW17_N710
Script is beginning...
Analysis complete for HT_ROW17_N710_R1.fastq
Analysis complete for HT_ROW17_N710_R2.fastq
FastQC complete
Feb 25 05:40:26 ..... Started STAR run
Feb 25 05:58:55 ..... Started mapping
Feb 25 05:59:03 ..... Started sorting BAM
Feb 25 05:59:03 ..... Finished successfully
STAR alignment complete

End of 1_FQC_StarAlign.sh... Thu Feb 25 05:59:04 PST 2016
