
Starting 1_FQC_StarAlign.sh... Thu Feb 25 01:05:58 PST 2016

HT_ROW40_N724
Script is beginning...
Analysis complete for HT_ROW40_N724_R1.fastq
Analysis complete for HT_ROW40_N724_R2.fastq
FastQC complete
Feb 25 01:06:07 ..... Started STAR run
Feb 25 01:10:43 ..... Started mapping
Feb 25 01:10:46 ..... Started sorting BAM
Feb 25 01:10:46 ..... Finished successfully
STAR alignment complete

End of 1_FQC_StarAlign.sh... Thu Feb 25 01:10:47 PST 2016

Starting 1_FQC_StarAlign.sh... Thu Feb 25 10:19:46 PST 2016

HT_ROW40_N724
Script is beginning...
Analysis complete for HT_ROW40_N724_R1.fastq
Analysis complete for HT_ROW40_N724_R2.fastq
FastQC complete
Feb 25 10:19:56 ..... Started STAR run
Feb 25 10:21:37 ..... Started mapping
Feb 25 10:21:40 ..... Started sorting BAM
Feb 25 10:21:40 ..... Finished successfully
STAR alignment complete

End of 1_FQC_StarAlign.sh... Thu Feb 25 10:21:40 PST 2016
