
Starting 1_FQC_StarAlign.sh... Wed Feb 24 23:09:13 PST 2016

HT_ROW28_N721
Script is beginning...
Analysis complete for HT_ROW28_N721_R1.fastq
Analysis complete for HT_ROW28_N721_R2.fastq
FastQC complete
Feb 24 23:09:33 ..... Started STAR run
Feb 24 23:14:36 ..... Started mapping
Feb 24 23:14:55 ..... Started sorting BAM
Feb 24 23:14:55 ..... Finished successfully
STAR alignment complete

End of 1_FQC_StarAlign.sh... Wed Feb 24 23:14:55 PST 2016

Starting 1_FQC_StarAlign.sh... Thu Feb 25 08:25:13 PST 2016

HT_ROW28_N721
Script is beginning...
Analysis complete for HT_ROW28_N721_R1.fastq
Analysis complete for HT_ROW28_N721_R2.fastq
FastQC complete
Feb 25 08:25:34 ..... Started STAR run
Feb 25 08:30:47 ..... Started mapping
Feb 25 08:31:06 ..... Started sorting BAM
Feb 25 08:31:07 ..... Finished successfully
STAR alignment complete

End of 1_FQC_StarAlign.sh... Thu Feb 25 08:31:07 PST 2016
