
Starting 1_FQC_StarAlign.sh... Wed Feb 24 20:39:58 PST 2016

HT_ROW16_N715
Script is beginning...
Analysis complete for HT_ROW16_N715_R1.fastq
Analysis complete for HT_ROW16_N715_R2.fastq
FastQC complete
Feb 24 20:40:10 ..... Started STAR run
Feb 24 20:43:50 ..... Started mapping
Feb 24 20:44:04 ..... Started sorting BAM
Feb 24 20:44:04 ..... Finished successfully
STAR alignment complete

End of 1_FQC_StarAlign.sh... Wed Feb 24 20:44:05 PST 2016

Starting 1_FQC_StarAlign.sh... Thu Feb 25 05:20:58 PST 2016

HT_ROW16_N715
Script is beginning...
Analysis complete for HT_ROW16_N715_R1.fastq
Analysis complete for HT_ROW16_N715_R2.fastq
FastQC complete
Feb 25 05:21:14 ..... Started STAR run
Feb 25 05:29:01 ..... Started mapping
Feb 25 05:29:18 ..... Started sorting BAM
Feb 25 05:29:19 ..... Finished successfully
STAR alignment complete

End of 1_FQC_StarAlign.sh... Thu Feb 25 05:29:20 PST 2016
