
Starting 1_FQC_StarAlign.sh... Thu Feb 25 00:46:43 PST 2016

HT_ROW39_N707
Script is beginning...
Analysis complete for HT_ROW39_N707_R1.fastq
Analysis complete for HT_ROW39_N707_R2.fastq
FastQC complete
Feb 25 00:46:55 ..... Started STAR run
Feb 25 00:48:42 ..... Started mapping
Feb 25 00:48:48 ..... Started sorting BAM
Feb 25 00:48:49 ..... Finished successfully
STAR alignment complete

End of 1_FQC_StarAlign.sh... Thu Feb 25 00:48:49 PST 2016

Starting 1_FQC_StarAlign.sh... Thu Feb 25 10:05:43 PST 2016

HT_ROW39_N707
Script is beginning...
Analysis complete for HT_ROW39_N707_R1.fastq
Analysis complete for HT_ROW39_N707_R2.fastq
FastQC complete
Feb 25 10:05:53 ..... Started STAR run
Feb 25 10:08:54 ..... Started mapping
Feb 25 10:09:01 ..... Started sorting BAM
Feb 25 10:09:03 ..... Finished successfully
STAR alignment complete

End of 1_FQC_StarAlign.sh... Thu Feb 25 10:09:03 PST 2016
