
Starting 1_FQC_StarAlign.sh... Thu Feb 25 00:05:43 PST 2016

HT_ROW35_N721
Script is beginning...
Analysis complete for HT_ROW35_N721_R1.fastq
Analysis complete for HT_ROW35_N721_R2.fastq
FastQC complete
Feb 25 00:05:51 ..... Started STAR run
Feb 25 00:11:35 ..... Started mapping
Feb 25 00:11:38 ..... Started sorting BAM
Feb 25 00:11:38 ..... Finished successfully
STAR alignment complete

End of 1_FQC_StarAlign.sh... Thu Feb 25 00:11:39 PST 2016

Starting 1_FQC_StarAlign.sh... Thu Feb 25 09:40:43 PST 2016

HT_ROW35_N721
Script is beginning...
Analysis complete for HT_ROW35_N721_R1.fastq
Analysis complete for HT_ROW35_N721_R2.fastq
FastQC complete
Feb 25 09:40:51 ..... Started STAR run
Feb 25 09:44:39 ..... Started mapping
Feb 25 09:44:42 ..... Started sorting BAM
Feb 25 09:44:42 ..... Finished successfully
STAR alignment complete

End of 1_FQC_StarAlign.sh... Thu Feb 25 09:44:43 PST 2016
