
Starting 1_FQC_StarAlign.sh... Wed Feb 24 23:25:43 PST 2016

HT_ROW30_N721
Script is beginning...
Analysis complete for HT_ROW30_N721_R1.fastq
Analysis complete for HT_ROW30_N721_R2.fastq
FastQC complete
Feb 24 23:25:53 ..... Started STAR run
Feb 24 23:30:14 ..... Started mapping
Feb 24 23:30:25 ..... Started sorting BAM
Feb 24 23:30:26 ..... Finished successfully
STAR alignment complete

End of 1_FQC_StarAlign.sh... Wed Feb 24 23:30:26 PST 2016

Starting 1_FQC_StarAlign.sh... Thu Feb 25 08:58:28 PST 2016

HT_ROW30_N721
Script is beginning...
Analysis complete for HT_ROW30_N721_R1.fastq
Analysis complete for HT_ROW30_N721_R2.fastq
FastQC complete
Feb 25 08:58:39 ..... Started STAR run
Feb 25 09:04:07 ..... Started mapping
Feb 25 09:04:19 ..... Started sorting BAM
Feb 25 09:04:19 ..... Finished successfully
STAR alignment complete

End of 1_FQC_StarAlign.sh... Thu Feb 25 09:04:19 PST 2016
