
Starting 1_FQC_StarAlign.sh... Thu Feb 25 00:11:28 PST 2016

HT_ROW36_N701
Script is beginning...
Analysis complete for HT_ROW36_N701_R1.fastq
Analysis complete for HT_ROW36_N701_R2.fastq
FastQC complete
Feb 25 00:11:36 ..... Started STAR run
Feb 25 00:17:45 ..... Started mapping
Feb 25 00:17:49 ..... Started sorting BAM
Feb 25 00:17:49 ..... Finished successfully
STAR alignment complete

End of 1_FQC_StarAlign.sh... Thu Feb 25 00:17:50 PST 2016

Starting 1_FQC_StarAlign.sh... Thu Feb 25 09:42:13 PST 2016

HT_ROW36_N701
Script is beginning...
Analysis complete for HT_ROW36_N701_R1.fastq
Analysis complete for HT_ROW36_N701_R2.fastq
FastQC complete
Feb 25 09:42:22 ..... Started STAR run
Feb 25 09:45:58 ..... Started mapping
Feb 25 09:46:01 ..... Started sorting BAM
Feb 25 09:46:01 ..... Finished successfully
STAR alignment complete

End of 1_FQC_StarAlign.sh... Thu Feb 25 09:46:01 PST 2016
