
Starting 1_FQC_StarAlign.sh... Wed Feb 24 23:03:13 PST 2016

HT_ROW28_N707
Script is beginning...
Analysis complete for HT_ROW28_N707_R1.fastq
Analysis complete for HT_ROW28_N707_R2.fastq
FastQC complete
Feb 24 23:03:23 ..... Started STAR run
Feb 24 23:05:49 ..... Started mapping
Feb 24 23:06:04 ..... Started sorting BAM
Feb 24 23:06:04 ..... Finished successfully
STAR alignment complete

End of 1_FQC_StarAlign.sh... Wed Feb 24 23:06:05 PST 2016

Starting 1_FQC_StarAlign.sh... Thu Feb 25 08:20:43 PST 2016

HT_ROW28_N707
Script is beginning...
Analysis complete for HT_ROW28_N707_R1.fastq
Analysis complete for HT_ROW28_N707_R2.fastq
FastQC complete
Feb 25 08:20:53 ..... Started STAR run
Feb 25 08:23:06 ..... Started mapping
Feb 25 08:23:22 ..... Started sorting BAM
Feb 25 08:23:23 ..... Finished successfully
STAR alignment complete

End of 1_FQC_StarAlign.sh... Thu Feb 25 08:23:23 PST 2016
