
Starting 1_FQC_StarAlign.sh... Thu Feb 25 00:18:13 PST 2016

HT_ROW36_N714
Script is beginning...
Analysis complete for HT_ROW36_N714_R1.fastq
Analysis complete for HT_ROW36_N714_R2.fastq
FastQC complete
Feb 25 00:18:28 ..... Started STAR run
Feb 25 00:22:21 ..... Started mapping
Feb 25 00:22:37 ..... Started sorting BAM
Feb 25 00:22:37 ..... Finished successfully
STAR alignment complete

End of 1_FQC_StarAlign.sh... Thu Feb 25 00:22:38 PST 2016

Starting 1_FQC_StarAlign.sh... Thu Feb 25 09:47:13 PST 2016

HT_ROW36_N714
Script is beginning...
Analysis complete for HT_ROW36_N714_R1.fastq
Analysis complete for HT_ROW36_N714_R2.fastq
FastQC complete
Feb 25 09:47:26 ..... Started STAR run
Feb 25 09:50:08 ..... Started mapping
Feb 25 09:50:24 ..... Started sorting BAM
Feb 25 09:50:25 ..... Finished successfully
STAR alignment complete

End of 1_FQC_StarAlign.sh... Thu Feb 25 09:50:26 PST 2016
