
Starting 1_FQC_StarAlign.sh... Wed Feb 24 18:16:14 PST 2016

HT_ROW10_N704
Script is beginning...
Analysis complete for HT_ROW10_N704_R1.fastq
Analysis complete for HT_ROW10_N704_R2.fastq
FastQC complete
Feb 24 18:16:29 ..... Started STAR run
Feb 24 18:23:44 ..... Started mapping
Feb 24 18:23:56 ..... Started sorting BAM
Feb 24 18:23:56 ..... Finished successfully
STAR alignment complete

End of 1_FQC_StarAlign.sh... Wed Feb 24 18:23:56 PST 2016

Starting 1_FQC_StarAlign.sh... Thu Feb 25 02:32:13 PST 2016

HT_ROW10_N704
Script is beginning...
Analysis complete for HT_ROW10_N704_R1.fastq
Analysis complete for HT_ROW10_N704_R2.fastq
FastQC complete
Feb 25 02:32:23 ..... Started STAR run
Feb 25 02:38:03 ..... Started mapping
Feb 25 02:38:13 ..... Started sorting BAM
Feb 25 02:38:14 ..... Finished successfully
STAR alignment complete

End of 1_FQC_StarAlign.sh... Thu Feb 25 02:38:15 PST 2016
