
Starting 1_FQC_StarAlign.sh... Wed Feb 24 20:50:58 PST 2016

HT_ROW17_N701
Script is beginning...
Analysis complete for HT_ROW17_N701_R1.fastq
Analysis complete for HT_ROW17_N701_R2.fastq
FastQC complete
Feb 24 20:51:11 ..... Started STAR run
Feb 24 21:04:54 ..... Started mapping
Feb 24 21:05:02 ..... Started sorting BAM
Feb 24 21:05:03 ..... Finished successfully
STAR alignment complete

End of 1_FQC_StarAlign.sh... Wed Feb 24 21:05:03 PST 2016

Starting 1_FQC_StarAlign.sh... Thu Feb 25 05:29:28 PST 2016

HT_ROW17_N701
Script is beginning...
Analysis complete for HT_ROW17_N701_R1.fastq
Analysis complete for HT_ROW17_N701_R2.fastq
FastQC complete
Feb 25 05:29:39 ..... Started STAR run
Feb 25 05:33:07 ..... Started mapping
Feb 25 05:33:13 ..... Started sorting BAM
Feb 25 05:33:13 ..... Finished successfully
STAR alignment complete

End of 1_FQC_StarAlign.sh... Thu Feb 25 05:33:14 PST 2016
