
Starting 1_FQC_StarAlign.sh... Wed Feb 24 15:51:13 PST 2016

HT_ROW01_N705
Script is beginning...
Analysis complete for HT_ROW01_N705_R1.fastq
Analysis complete for HT_ROW01_N705_R2.fastq
FastQC complete
Feb 24 15:51:22 ..... Started STAR run
Feb 24 15:57:50 ..... Started mapping
Feb 24 15:57:58 ..... Started sorting BAM
Feb 24 15:57:58 ..... Finished successfully
STAR alignment complete

End of 1_FQC_StarAlign.sh... Wed Feb 24 15:57:58 PST 2016

Starting 1_FQC_StarAlign.sh... Thu Feb 25 01:07:13 PST 2016

HT_ROW01_N705
Script is beginning...
Analysis complete for HT_ROW01_N705_R1.fastq
Analysis complete for HT_ROW01_N705_R2.fastq
FastQC complete
Feb 25 01:07:22 ..... Started STAR run
Feb 25 01:12:18 ..... Started mapping
Feb 25 01:12:25 ..... Started sorting BAM
Feb 25 01:12:25 ..... Finished successfully
STAR alignment complete

End of 1_FQC_StarAlign.sh... Thu Feb 25 01:12:26 PST 2016
