
Starting 1_FQC_StarAlign.sh... Wed Feb 24 21:25:45 PST 2016

HT_ROW18_N721
Script is beginning...
Analysis complete for HT_ROW18_N721_R1.fastq
Analysis complete for HT_ROW18_N721_R2.fastq
FastQC complete
Feb 24 21:25:59 ..... Started STAR run
Feb 24 21:50:27 ..... Started mapping
Feb 24 21:50:36 ..... Started sorting BAM
Feb 24 21:50:37 ..... Finished successfully
STAR alignment complete

End of 1_FQC_StarAlign.sh... Wed Feb 24 21:50:37 PST 2016

Starting 1_FQC_StarAlign.sh... Thu Feb 25 06:12:58 PST 2016

HT_ROW18_N721
Script is beginning...
Analysis complete for HT_ROW18_N721_R1.fastq
Analysis complete for HT_ROW18_N721_R2.fastq
FastQC complete
Feb 25 06:13:07 ..... Started STAR run
Feb 25 06:19:50 ..... Started mapping
Feb 25 06:19:55 ..... Started sorting BAM
Feb 25 06:19:57 ..... Finished successfully
STAR alignment complete

End of 1_FQC_StarAlign.sh... Thu Feb 25 06:19:58 PST 2016
