
Starting 1_FQC_StarAlign.sh... Wed Feb 24 23:36:28 PST 2016

HT_ROW31_N724
Script is beginning...
Analysis complete for HT_ROW31_N724_R1.fastq
Analysis complete for HT_ROW31_N724_R2.fastq
FastQC complete
Feb 24 23:36:45 ..... Started STAR run
Feb 24 23:36:57 ..... Started mapping
Feb 24 23:37:06 ..... Started sorting BAM
Feb 24 23:37:09 ..... Finished successfully
STAR alignment complete

End of 1_FQC_StarAlign.sh... Wed Feb 24 23:37:10 PST 2016

Starting 1_FQC_StarAlign.sh... Thu Feb 25 09:08:43 PST 2016

HT_ROW31_N724
Script is beginning...
Analysis complete for HT_ROW31_N724_R1.fastq
Analysis complete for HT_ROW31_N724_R2.fastq
FastQC complete
Feb 25 09:09:06 ..... Started STAR run
Feb 25 09:14:37 ..... Started mapping
Feb 25 09:14:50 ..... Started sorting BAM
Feb 25 09:14:53 ..... Finished successfully
STAR alignment complete

End of 1_FQC_StarAlign.sh... Thu Feb 25 09:14:54 PST 2016
