
Starting 1_FQC_StarAlign.sh... Thu Feb 25 00:04:43 PST 2016

HT_ROW35_N712
Script is beginning...
Analysis complete for HT_ROW35_N712_R1.fastq
Analysis complete for HT_ROW35_N712_R2.fastq
FastQC complete
Feb 25 00:04:52 ..... Started STAR run
Feb 25 00:10:55 ..... Started mapping
Feb 25 00:11:12 ..... Started sorting BAM
Feb 25 00:11:12 ..... Finished successfully
STAR alignment complete

End of 1_FQC_StarAlign.sh... Thu Feb 25 00:11:13 PST 2016

Starting 1_FQC_StarAlign.sh... Thu Feb 25 09:39:28 PST 2016

HT_ROW35_N712
Script is beginning...
Analysis complete for HT_ROW35_N712_R1.fastq
Analysis complete for HT_ROW35_N712_R2.fastq
FastQC complete
Feb 25 09:39:39 ..... Started STAR run
Feb 25 09:39:50 ..... Started mapping
Feb 25 09:40:04 ..... Started sorting BAM
Feb 25 09:40:05 ..... Finished successfully
STAR alignment complete

End of 1_FQC_StarAlign.sh... Thu Feb 25 09:40:05 PST 2016
