
Starting 1_FQC_StarAlign.sh... Wed Feb 24 17:08:13 PST 2016

HT_ROW07_N720
Script is beginning...
Analysis complete for HT_ROW07_N720_R1.fastq
Analysis complete for HT_ROW07_N720_R2.fastq
FastQC complete
Feb 24 17:08:30 ..... Started STAR run
Feb 24 17:09:20 ..... Started mapping
Feb 24 17:09:36 ..... Started sorting BAM
Feb 24 17:09:37 ..... Finished successfully
STAR alignment complete

End of 1_FQC_StarAlign.sh... Wed Feb 24 17:09:38 PST 2016

Starting 1_FQC_StarAlign.sh... Thu Feb 25 01:58:58 PST 2016

HT_ROW07_N720
Script is beginning...
Analysis complete for HT_ROW07_N720_R1.fastq
Analysis complete for HT_ROW07_N720_R2.fastq
FastQC complete
Feb 25 01:59:19 ..... Started STAR run
Feb 25 02:03:27 ..... Started mapping
Feb 25 02:03:44 ..... Started sorting BAM
Feb 25 02:03:46 ..... Finished successfully
STAR alignment complete

End of 1_FQC_StarAlign.sh... Thu Feb 25 02:03:47 PST 2016
