
Starting 1_FQC_StarAlign.sh... Wed Feb 24 22:57:58 PST 2016

HT_ROW27_N701
Script is beginning...
Analysis complete for HT_ROW27_N701_R1.fastq
Analysis complete for HT_ROW27_N701_R2.fastq
FastQC complete
Feb 24 22:58:08 ..... Started STAR run
Feb 24 22:58:38 ..... Started mapping
Feb 24 22:58:47 ..... Started sorting BAM
Feb 24 22:58:47 ..... Finished successfully
STAR alignment complete

End of 1_FQC_StarAlign.sh... Wed Feb 24 22:58:48 PST 2016

Starting 1_FQC_StarAlign.sh... Thu Feb 25 08:10:28 PST 2016

HT_ROW27_N701
Script is beginning...
Analysis complete for HT_ROW27_N701_R1.fastq
Analysis complete for HT_ROW27_N701_R2.fastq
FastQC complete
Feb 25 08:10:37 ..... Started STAR run
Feb 25 08:19:56 ..... Started mapping
Feb 25 08:20:04 ..... Started sorting BAM
Feb 25 08:20:05 ..... Finished successfully
STAR alignment complete

End of 1_FQC_StarAlign.sh... Thu Feb 25 08:20:05 PST 2016
