
Starting 1_FQC_StarAlign.sh... Wed Feb 24 18:08:58 PST 2016

HT_ROW09_N724
Script is beginning...
Analysis complete for HT_ROW09_N724_R1.fastq
Analysis complete for HT_ROW09_N724_R2.fastq
FastQC complete
Feb 24 18:09:12 ..... Started STAR run
Feb 24 18:48:08 ..... Started mapping
Feb 24 18:48:34 ..... Started sorting BAM
Feb 24 18:48:40 ..... Finished successfully
STAR alignment complete

End of 1_FQC_StarAlign.sh... Wed Feb 24 18:48:46 PST 2016

Starting 1_FQC_StarAlign.sh... Thu Feb 25 02:23:58 PST 2016

HT_ROW09_N724
Script is beginning...
Analysis complete for HT_ROW09_N724_R1.fastq
Analysis complete for HT_ROW09_N724_R2.fastq
FastQC complete
Feb 25 02:24:32 ..... Started STAR run
Feb 25 02:48:21 ..... Started mapping
Feb 25 02:48:46 ..... Started sorting BAM
Feb 25 02:48:51 ..... Finished successfully
STAR alignment complete

End of 1_FQC_StarAlign.sh... Thu Feb 25 02:48:52 PST 2016
