
Starting 1_FQC_StarAlign.sh... Wed Feb 24 15:51:13 PST 2016

HT_ROW01_N707
Script is beginning...
Analysis complete for HT_ROW01_N707_R1.fastq
Analysis complete for HT_ROW01_N707_R2.fastq
FastQC complete
Feb 24 15:51:23 ..... Started STAR run
Feb 24 15:54:10 ..... Started mapping
Feb 24 15:54:17 ..... Started sorting BAM
Feb 24 15:54:17 ..... Finished successfully
STAR alignment complete

End of 1_FQC_StarAlign.sh... Wed Feb 24 15:54:18 PST 2016

Starting 1_FQC_StarAlign.sh... Thu Feb 25 01:07:43 PST 2016

HT_ROW01_N707
Script is beginning...
Analysis complete for HT_ROW01_N707_R1.fastq
Analysis complete for HT_ROW01_N707_R2.fastq
FastQC complete
Feb 25 01:07:51 ..... Started STAR run
Feb 25 01:08:02 ..... Started mapping
Feb 25 01:08:08 ..... Started sorting BAM
Feb 25 01:08:08 ..... Finished successfully
STAR alignment complete

End of 1_FQC_StarAlign.sh... Thu Feb 25 01:08:08 PST 2016
