
Starting 1_FQC_StarAlign.sh... Wed Feb 24 22:41:13 PST 2016

HT_ROW24_N716
Script is beginning...
Analysis complete for HT_ROW24_N716_R1.fastq
Analysis complete for HT_ROW24_N716_R2.fastq
FastQC complete
Feb 24 22:41:22 ..... Started STAR run
Feb 24 22:41:50 ..... Started mapping
Feb 24 22:41:53 ..... Started sorting BAM
Feb 24 22:41:54 ..... Finished successfully
STAR alignment complete

End of 1_FQC_StarAlign.sh... Wed Feb 24 22:41:54 PST 2016

Starting 1_FQC_StarAlign.sh... Thu Feb 25 07:24:13 PST 2016

HT_ROW24_N716
Script is beginning...
Analysis complete for HT_ROW24_N716_R1.fastq
Analysis complete for HT_ROW24_N716_R2.fastq
FastQC complete
Feb 25 07:24:20 ..... Started STAR run
Feb 25 07:31:11 ..... Started mapping
Feb 25 07:31:14 ..... Started sorting BAM
Feb 25 07:31:15 ..... Finished successfully
STAR alignment complete

End of 1_FQC_StarAlign.sh... Thu Feb 25 07:31:15 PST 2016
