
Starting 1_FQC_StarAlign.sh... Thu Feb 25 01:01:13 PST 2016

HT_ROW40_N710
Script is beginning...
Analysis complete for HT_ROW40_N710_R1.fastq
Analysis complete for HT_ROW40_N710_R2.fastq
FastQC complete
Feb 25 01:01:20 ..... Started STAR run
Feb 25 01:07:00 ..... Started mapping
Feb 25 01:07:02 ..... Started sorting BAM
Feb 25 01:07:02 ..... Finished successfully
STAR alignment complete

End of 1_FQC_StarAlign.sh... Thu Feb 25 01:07:03 PST 2016

Starting 1_FQC_StarAlign.sh... Thu Feb 25 10:14:13 PST 2016

HT_ROW40_N710
Script is beginning...
Analysis complete for HT_ROW40_N710_R1.fastq
Analysis complete for HT_ROW40_N710_R2.fastq
FastQC complete
Feb 25 10:14:21 ..... Started STAR run
Feb 25 10:20:41 ..... Started mapping
Feb 25 10:20:42 ..... Started sorting BAM
Feb 25 10:20:43 ..... Finished successfully
STAR alignment complete

End of 1_FQC_StarAlign.sh... Thu Feb 25 10:20:44 PST 2016
