
Starting 1_FQC_StarAlign.sh... Wed Feb 24 16:11:43 PST 2016

HT_ROW02_N712
Script is beginning...
Analysis complete for HT_ROW02_N712_R1.fastq
Analysis complete for HT_ROW02_N712_R2.fastq
FastQC complete
Feb 24 16:11:55 ..... Started STAR run
Feb 24 16:16:19 ..... Started mapping
Feb 24 16:16:27 ..... Started sorting BAM
Feb 24 16:16:27 ..... Finished successfully
STAR alignment complete

End of 1_FQC_StarAlign.sh... Wed Feb 24 16:16:27 PST 2016

Starting 1_FQC_StarAlign.sh... Thu Feb 25 01:15:28 PST 2016

HT_ROW02_N712
Script is beginning...
Analysis complete for HT_ROW02_N712_R1.fastq
Analysis complete for HT_ROW02_N712_R2.fastq
FastQC complete
Feb 25 01:15:37 ..... Started STAR run
Feb 25 01:15:48 ..... Started mapping
Feb 25 01:15:55 ..... Started sorting BAM
Feb 25 01:15:56 ..... Finished successfully
STAR alignment complete

End of 1_FQC_StarAlign.sh... Thu Feb 25 01:15:56 PST 2016
