
Starting 1_FQC_StarAlign.sh... Thu Feb 25 01:01:13 PST 2016

HT_ROW40_N715
Script is beginning...
Analysis complete for HT_ROW40_N715_R1.fastq
Analysis complete for HT_ROW40_N715_R2.fastq
FastQC complete
Feb 25 01:01:24 ..... Started STAR run
Feb 25 01:06:42 ..... Started mapping
Feb 25 01:06:45 ..... Started sorting BAM
Feb 25 01:06:45 ..... Finished successfully
STAR alignment complete

End of 1_FQC_StarAlign.sh... Thu Feb 25 01:06:45 PST 2016

Starting 1_FQC_StarAlign.sh... Thu Feb 25 10:17:13 PST 2016

HT_ROW40_N715
Script is beginning...
Analysis complete for HT_ROW40_N715_R1.fastq
Analysis complete for HT_ROW40_N715_R2.fastq
FastQC complete
Feb 25 10:17:22 ..... Started STAR run
Feb 25 10:18:59 ..... Started mapping
Feb 25 10:19:01 ..... Started sorting BAM
Feb 25 10:19:01 ..... Finished successfully
STAR alignment complete

End of 1_FQC_StarAlign.sh... Thu Feb 25 10:19:02 PST 2016
