
Starting 1_FQC_StarAlign.sh... Wed Feb 24 23:45:43 PST 2016

HT_ROW33_N711
Script is beginning...
Analysis complete for HT_ROW33_N711_R1.fastq
Analysis complete for HT_ROW33_N711_R2.fastq
FastQC complete
Feb 24 23:46:14 ..... Started STAR run
Feb 24 23:53:18 ..... Started mapping
Feb 24 23:53:38 ..... Started sorting BAM
Feb 24 23:53:40 ..... Finished successfully
STAR alignment complete

End of 1_FQC_StarAlign.sh... Wed Feb 24 23:53:41 PST 2016

Starting 1_FQC_StarAlign.sh... Thu Feb 25 09:26:43 PST 2016

HT_ROW33_N711
Script is beginning...
Analysis complete for HT_ROW33_N711_R1.fastq
Analysis complete for HT_ROW33_N711_R2.fastq
FastQC complete
Feb 25 09:27:06 ..... Started STAR run
Feb 25 09:27:19 ..... Started mapping
Feb 25 09:27:35 ..... Started sorting BAM
Feb 25 09:27:37 ..... Finished successfully
STAR alignment complete

End of 1_FQC_StarAlign.sh... Thu Feb 25 09:27:38 PST 2016
