
Starting 1_FQC_StarAlign.sh... Wed Feb 24 19:02:00 PST 2016

HT_ROW11_N704
Script is beginning...
Analysis complete for HT_ROW11_N704_R1.fastq
Analysis complete for HT_ROW11_N704_R2.fastq
FastQC complete
Feb 24 19:02:10 ..... Started STAR run
Feb 24 19:19:46 ..... Started mapping
Feb 24 19:19:48 ..... Started sorting BAM
Feb 24 19:19:48 ..... Finished successfully
STAR alignment complete

End of 1_FQC_StarAlign.sh... Wed Feb 24 19:19:52 PST 2016

Starting 1_FQC_StarAlign.sh... Thu Feb 25 02:52:28 PST 2016

HT_ROW11_N704
Script is beginning...
Analysis complete for HT_ROW11_N704_R1.fastq
Analysis complete for HT_ROW11_N704_R2.fastq
FastQC complete
Feb 25 02:52:39 ..... Started STAR run
Feb 25 03:14:08 ..... Started mapping
Feb 25 03:14:11 ..... Started sorting BAM
Feb 25 03:14:13 ..... Finished successfully
STAR alignment complete

End of 1_FQC_StarAlign.sh... Thu Feb 25 03:14:16 PST 2016
