
Starting 1_FQC_StarAlign.sh... Wed Feb 24 22:47:43 PST 2016

HT_ROW25_N712
Script is beginning...
Analysis complete for HT_ROW25_N712_R1.fastq
Analysis complete for HT_ROW25_N712_R2.fastq
FastQC complete
Feb 24 22:47:57 ..... Started STAR run
Feb 24 22:48:28 ..... Started mapping
Feb 24 22:48:41 ..... Started sorting BAM
Feb 24 22:48:42 ..... Finished successfully
STAR alignment complete

End of 1_FQC_StarAlign.sh... Wed Feb 24 22:48:43 PST 2016

Starting 1_FQC_StarAlign.sh... Thu Feb 25 07:42:13 PST 2016

HT_ROW25_N712
Script is beginning...
Analysis complete for HT_ROW25_N712_R1.fastq
Analysis complete for HT_ROW25_N712_R2.fastq
FastQC complete
Feb 25 07:42:21 ..... Started STAR run
Feb 25 07:48:53 ..... Started mapping
Feb 25 07:49:08 ..... Started sorting BAM
Feb 25 07:49:09 ..... Finished successfully
STAR alignment complete

End of 1_FQC_StarAlign.sh... Thu Feb 25 07:49:10 PST 2016
