
Starting 1_FQC_StarAlign.sh... Wed Feb 24 16:37:13 PST 2016

HT_ROW03_N723
Script is beginning...
Analysis complete for HT_ROW03_N723_R1.fastq
Analysis complete for HT_ROW03_N723_R2.fastq
FastQC complete
Feb 24 16:37:25 ..... Started STAR run
Feb 24 16:43:18 ..... Started mapping
Feb 24 16:43:33 ..... Started sorting BAM
Feb 24 16:43:33 ..... Finished successfully
STAR alignment complete

End of 1_FQC_StarAlign.sh... Wed Feb 24 16:43:34 PST 2016

Starting 1_FQC_StarAlign.sh... Thu Feb 25 01:30:28 PST 2016

HT_ROW03_N723
Script is beginning...
Analysis complete for HT_ROW03_N723_R1.fastq
Analysis complete for HT_ROW03_N723_R2.fastq
FastQC complete
Feb 25 01:30:38 ..... Started STAR run
Feb 25 01:34:53 ..... Started mapping
Feb 25 01:35:09 ..... Started sorting BAM
Feb 25 01:35:10 ..... Finished successfully
STAR alignment complete

End of 1_FQC_StarAlign.sh... Thu Feb 25 01:35:10 PST 2016
