
Starting 1_FQC_StarAlign.sh... Wed Feb 24 20:44:13 PST 2016

HT_ROW16_N718
Script is beginning...
Analysis complete for HT_ROW16_N718_R1.fastq
Analysis complete for HT_ROW16_N718_R2.fastq
FastQC complete
Feb 24 20:44:22 ..... Started STAR run
Feb 24 20:49:44 ..... Started mapping
Feb 24 20:49:47 ..... Started sorting BAM
Feb 24 20:49:48 ..... Finished successfully
STAR alignment complete

End of 1_FQC_StarAlign.sh... Wed Feb 24 20:49:49 PST 2016

Starting 1_FQC_StarAlign.sh... Thu Feb 25 05:23:13 PST 2016

HT_ROW16_N718
Script is beginning...
Analysis complete for HT_ROW16_N718_R1.fastq
Analysis complete for HT_ROW16_N718_R2.fastq
FastQC complete
Feb 25 05:23:22 ..... Started STAR run
Feb 25 05:28:23 ..... Started mapping
Feb 25 05:28:27 ..... Started sorting BAM
Feb 25 05:28:27 ..... Finished successfully
STAR alignment complete

End of 1_FQC_StarAlign.sh... Thu Feb 25 05:28:28 PST 2016
