
Starting 1_FQC_StarAlign.sh... Wed Feb 24 16:12:13 PST 2016

HT_ROW02_N715
Script is beginning...
Analysis complete for HT_ROW02_N715_R1.fastq
Analysis complete for HT_ROW02_N715_R2.fastq
FastQC complete
Feb 24 16:12:30 ..... Started STAR run
Feb 24 16:17:56 ..... Started mapping
Feb 24 16:18:12 ..... Started sorting BAM
Feb 24 16:18:13 ..... Finished successfully
STAR alignment complete

End of 1_FQC_StarAlign.sh... Wed Feb 24 16:18:13 PST 2016

Starting 1_FQC_StarAlign.sh... Thu Feb 25 01:16:28 PST 2016

HT_ROW02_N715
Script is beginning...
Analysis complete for HT_ROW02_N715_R1.fastq
Analysis complete for HT_ROW02_N715_R2.fastq
FastQC complete
Feb 25 01:16:47 ..... Started STAR run
Feb 25 01:19:29 ..... Started mapping
Feb 25 01:19:47 ..... Started sorting BAM
Feb 25 01:19:48 ..... Finished successfully
STAR alignment complete

End of 1_FQC_StarAlign.sh... Thu Feb 25 01:19:48 PST 2016
