
Starting 1_FQC_StarAlign.sh... Wed Feb 24 16:17:28 PST 2016

HT_ROW02_N722
Script is beginning...
Analysis complete for HT_ROW02_N722_R1.fastq
Analysis complete for HT_ROW02_N722_R2.fastq
FastQC complete
Feb 24 16:17:38 ..... Started STAR run
Feb 24 16:29:00 ..... Started mapping
Feb 24 16:29:02 ..... Started sorting BAM
Feb 24 16:29:04 ..... Finished successfully
STAR alignment complete

End of 1_FQC_StarAlign.sh... Wed Feb 24 16:29:05 PST 2016

Starting 1_FQC_StarAlign.sh... Thu Feb 25 01:17:58 PST 2016

HT_ROW02_N722
Script is beginning...
Analysis complete for HT_ROW02_N722_R1.fastq
Analysis complete for HT_ROW02_N722_R2.fastq
FastQC complete
Feb 25 01:18:05 ..... Started STAR run
Feb 25 01:19:29 ..... Started mapping
Feb 25 01:19:30 ..... Started sorting BAM
Feb 25 01:19:31 ..... Finished successfully
STAR alignment complete

End of 1_FQC_StarAlign.sh... Thu Feb 25 01:19:32 PST 2016
