
Starting 1_FQC_StarAlign.sh... Wed Feb 24 19:55:43 PST 2016

HT_ROW14_N705
Script is beginning...
Analysis complete for HT_ROW14_N705_R1.fastq
Analysis complete for HT_ROW14_N705_R2.fastq
FastQC complete
Feb 24 19:55:52 ..... Started STAR run
Feb 24 20:00:13 ..... Started mapping
Feb 24 20:00:19 ..... Started sorting BAM
Feb 24 20:00:20 ..... Finished successfully
STAR alignment complete

End of 1_FQC_StarAlign.sh... Wed Feb 24 20:00:21 PST 2016

Starting 1_FQC_StarAlign.sh... Thu Feb 25 04:12:13 PST 2016

HT_ROW14_N705
Script is beginning...
Analysis complete for HT_ROW14_N705_R1.fastq
Analysis complete for HT_ROW14_N705_R2.fastq
FastQC complete
Feb 25 04:12:22 ..... Started STAR run
Feb 25 04:34:31 ..... Started mapping
Feb 25 04:34:36 ..... Started sorting BAM
Feb 25 04:34:36 ..... Finished successfully
STAR alignment complete

End of 1_FQC_StarAlign.sh... Thu Feb 25 04:34:37 PST 2016
