
Starting 1_FQC_StarAlign.sh... Wed Feb 24 22:06:13 PST 2016

HT_ROW21_N704
Script is beginning...
Analysis complete for HT_ROW21_N704_R1.fastq
Analysis complete for HT_ROW21_N704_R2.fastq
FastQC complete
Feb 24 22:06:21 ..... Started STAR run
Feb 24 22:08:04 ..... Started mapping
Feb 24 22:08:07 ..... Started sorting BAM
Feb 24 22:08:08 ..... Finished successfully
STAR alignment complete

End of 1_FQC_StarAlign.sh... Wed Feb 24 22:08:08 PST 2016

Starting 1_FQC_StarAlign.sh... Thu Feb 25 06:48:28 PST 2016

HT_ROW21_N704
Script is beginning...
Analysis complete for HT_ROW21_N704_R1.fastq
Analysis complete for HT_ROW21_N704_R2.fastq
FastQC complete
Feb 25 06:48:36 ..... Started STAR run
Feb 25 06:49:36 ..... Started mapping
Feb 25 06:49:39 ..... Started sorting BAM
Feb 25 06:49:39 ..... Finished successfully
STAR alignment complete

End of 1_FQC_StarAlign.sh... Thu Feb 25 06:49:41 PST 2016
