
Starting 1_FQC_StarAlign.sh... Wed Feb 24 16:27:13 PST 2016

HT_ROW03_N710
Script is beginning...
Analysis complete for HT_ROW03_N710_R1.fastq
Analysis complete for HT_ROW03_N710_R2.fastq
FastQC complete
Feb 24 16:27:30 ..... Started STAR run
Feb 24 16:31:14 ..... Started mapping
Feb 24 16:31:32 ..... Started sorting BAM
Feb 24 16:31:32 ..... Finished successfully
STAR alignment complete

End of 1_FQC_StarAlign.sh... Wed Feb 24 16:31:32 PST 2016

Starting 1_FQC_StarAlign.sh... Thu Feb 25 01:23:58 PST 2016

HT_ROW03_N710
Script is beginning...
Analysis complete for HT_ROW03_N710_R1.fastq
Analysis complete for HT_ROW03_N710_R2.fastq
FastQC complete
Feb 25 01:24:12 ..... Started STAR run
Feb 25 01:28:19 ..... Started mapping
Feb 25 01:28:36 ..... Started sorting BAM
Feb 25 01:28:37 ..... Finished successfully
STAR alignment complete

End of 1_FQC_StarAlign.sh... Thu Feb 25 01:28:37 PST 2016
