
Starting 1_FQC_StarAlign.sh... Wed Feb 24 20:57:43 PST 2016

HT_ROW17_N706
Script is beginning...
Analysis complete for HT_ROW17_N706_R1.fastq
Analysis complete for HT_ROW17_N706_R2.fastq
FastQC complete
Feb 24 20:57:53 ..... Started STAR run
Feb 24 21:03:54 ..... Started mapping
Feb 24 21:03:59 ..... Started sorting BAM
Feb 24 21:04:00 ..... Finished successfully
STAR alignment complete

End of 1_FQC_StarAlign.sh... Wed Feb 24 21:04:00 PST 2016

Starting 1_FQC_StarAlign.sh... Thu Feb 25 05:34:28 PST 2016

HT_ROW17_N706
Script is beginning...
Analysis complete for HT_ROW17_N706_R1.fastq
Analysis complete for HT_ROW17_N706_R2.fastq
FastQC complete
Feb 25 05:34:37 ..... Started STAR run
Feb 25 05:40:36 ..... Started mapping
Feb 25 05:40:42 ..... Started sorting BAM
Feb 25 05:40:43 ..... Finished successfully
STAR alignment complete

End of 1_FQC_StarAlign.sh... Thu Feb 25 05:40:43 PST 2016
