
Starting 1_FQC_StarAlign.sh... Wed Feb 24 16:16:13 PST 2016

HT_ROW02_N718
Script is beginning...
Analysis complete for HT_ROW02_N718_R1.fastq
Analysis complete for HT_ROW02_N718_R2.fastq
FastQC complete
Feb 24 16:16:22 ..... Started STAR run
Feb 24 16:22:45 ..... Started mapping
Feb 24 16:22:47 ..... Started sorting BAM
Feb 24 16:22:48 ..... Finished successfully
STAR alignment complete

End of 1_FQC_StarAlign.sh... Wed Feb 24 16:22:48 PST 2016

Starting 1_FQC_StarAlign.sh... Thu Feb 25 01:16:58 PST 2016

HT_ROW02_N718
Script is beginning...
Analysis complete for HT_ROW02_N718_R1.fastq
Analysis complete for HT_ROW02_N718_R2.fastq
FastQC complete
Feb 25 01:17:05 ..... Started STAR run
Feb 25 01:22:14 ..... Started mapping
Feb 25 01:22:16 ..... Started sorting BAM
Feb 25 01:22:17 ..... Finished successfully
STAR alignment complete

End of 1_FQC_StarAlign.sh... Thu Feb 25 01:22:17 PST 2016
