
Starting 1_FQC_StarAlign.sh... Wed Feb 24 22:36:58 PST 2016

HT_ROW23_N723
Script is beginning...
Analysis complete for HT_ROW23_N723_R1.fastq
Analysis complete for HT_ROW23_N723_R2.fastq
FastQC complete
Feb 24 22:37:08 ..... Started STAR run
Feb 24 22:37:56 ..... Started mapping
Feb 24 22:38:03 ..... Started sorting BAM
Feb 24 22:38:04 ..... Finished successfully
STAR alignment complete

End of 1_FQC_StarAlign.sh... Wed Feb 24 22:38:05 PST 2016

Starting 1_FQC_StarAlign.sh... Thu Feb 25 07:10:28 PST 2016

HT_ROW23_N723
Script is beginning...
Analysis complete for HT_ROW23_N723_R1.fastq
Analysis complete for HT_ROW23_N723_R2.fastq
FastQC complete
Feb 25 07:10:37 ..... Started STAR run
Feb 25 07:16:51 ..... Started mapping
Feb 25 07:16:59 ..... Started sorting BAM
Feb 25 07:16:59 ..... Finished successfully
STAR alignment complete

End of 1_FQC_StarAlign.sh... Thu Feb 25 07:17:00 PST 2016
