
Starting 1_FQC_StarAlign.sh... Wed Feb 24 18:08:58 PST 2016

HT_ROW10_N701
Script is beginning...
Analysis complete for HT_ROW10_N701_R1.fastq
Analysis complete for HT_ROW10_N701_R2.fastq
FastQC complete
Feb 24 18:09:09 ..... Started STAR run
Feb 24 18:48:08 ..... Started mapping
Feb 24 18:48:16 ..... Started sorting BAM
Feb 24 18:48:20 ..... Finished successfully
STAR alignment complete

End of 1_FQC_StarAlign.sh... Wed Feb 24 18:48:27 PST 2016

Starting 1_FQC_StarAlign.sh... Thu Feb 25 02:31:43 PST 2016

HT_ROW10_N701
Script is beginning...
Analysis complete for HT_ROW10_N701_R1.fastq
Analysis complete for HT_ROW10_N701_R2.fastq
FastQC complete
Feb 25 02:31:51 ..... Started STAR run
Feb 25 02:32:12 ..... Started mapping
Feb 25 02:32:14 ..... Started sorting BAM
Feb 25 02:32:14 ..... Finished successfully
STAR alignment complete

End of 1_FQC_StarAlign.sh... Thu Feb 25 02:32:15 PST 2016
