
Starting 1_FQC_StarAlign.sh... Wed Feb 24 17:20:44 PST 2016

HT_ROW08_N712
Script is beginning...
Analysis complete for HT_ROW08_N712_R1.fastq
Analysis complete for HT_ROW08_N712_R2.fastq
FastQC complete
Feb 24 17:21:00 ..... Started STAR run
Feb 24 17:34:36 ..... Started mapping
Feb 24 17:34:50 ..... Started sorting BAM
Feb 24 17:34:50 ..... Finished successfully
STAR alignment complete

End of 1_FQC_StarAlign.sh... Wed Feb 24 17:34:51 PST 2016

Starting 1_FQC_StarAlign.sh... Thu Feb 25 02:09:58 PST 2016

HT_ROW08_N712
Script is beginning...
Analysis complete for HT_ROW08_N712_R1.fastq
Analysis complete for HT_ROW08_N712_R2.fastq
FastQC complete
Feb 25 02:10:09 ..... Started STAR run
Feb 25 02:12:41 ..... Started mapping
Feb 25 02:12:51 ..... Started sorting BAM
Feb 25 02:12:51 ..... Finished successfully
STAR alignment complete

End of 1_FQC_StarAlign.sh... Thu Feb 25 02:12:52 PST 2016
