
Starting 1_FQC_StarAlign.sh... Wed Feb 24 22:39:13 PST 2016

HT_ROW24_N704
Script is beginning...
Analysis complete for HT_ROW24_N704_R1.fastq
Analysis complete for HT_ROW24_N704_R2.fastq
FastQC complete
Feb 24 22:39:22 ..... Started STAR run
Feb 24 22:40:03 ..... Started mapping
Feb 24 22:40:12 ..... Started sorting BAM
Feb 24 22:40:12 ..... Finished successfully
STAR alignment complete

End of 1_FQC_StarAlign.sh... Wed Feb 24 22:40:12 PST 2016

Starting 1_FQC_StarAlign.sh... Thu Feb 25 07:17:13 PST 2016

HT_ROW24_N704
Script is beginning...
Analysis complete for HT_ROW24_N704_R1.fastq
Analysis complete for HT_ROW24_N704_R2.fastq
FastQC complete
Feb 25 07:17:23 ..... Started STAR run
Feb 25 07:22:30 ..... Started mapping
Feb 25 07:22:39 ..... Started sorting BAM
Feb 25 07:22:40 ..... Finished successfully
STAR alignment complete

End of 1_FQC_StarAlign.sh... Thu Feb 25 07:22:40 PST 2016
