
Starting 1_FQC_StarAlign.sh... Thu Feb 25 00:34:13 PST 2016

HT_ROW37_N723
Script is beginning...
Analysis complete for HT_ROW37_N723_R1.fastq
Analysis complete for HT_ROW37_N723_R2.fastq
FastQC complete
Feb 25 00:34:23 ..... Started STAR run
Feb 25 00:39:02 ..... Started mapping
Feb 25 00:39:19 ..... Started sorting BAM
Feb 25 00:39:19 ..... Finished successfully
STAR alignment complete

End of 1_FQC_StarAlign.sh... Thu Feb 25 00:39:19 PST 2016

Starting 1_FQC_StarAlign.sh... Thu Feb 25 09:55:43 PST 2016

HT_ROW37_N723
Script is beginning...
Analysis complete for HT_ROW37_N723_R1.fastq
Analysis complete for HT_ROW37_N723_R2.fastq
FastQC complete
Feb 25 09:55:54 ..... Started STAR run
Feb 25 09:56:06 ..... Started mapping
Feb 25 09:56:22 ..... Started sorting BAM
Feb 25 09:56:22 ..... Finished successfully
STAR alignment complete

End of 1_FQC_StarAlign.sh... Thu Feb 25 09:56:23 PST 2016
