
Starting 1_FQC_StarAlign.sh... Wed Feb 24 22:11:58 PST 2016

HT_ROW21_N716
Script is beginning...
Analysis complete for HT_ROW21_N716_R1.fastq
Analysis complete for HT_ROW21_N716_R2.fastq
FastQC complete
Feb 24 22:12:08 ..... Started STAR run
Feb 24 22:13:07 ..... Started mapping
Feb 24 22:13:18 ..... Started sorting BAM
Feb 24 22:13:19 ..... Finished successfully
STAR alignment complete

End of 1_FQC_StarAlign.sh... Wed Feb 24 22:13:20 PST 2016

Starting 1_FQC_StarAlign.sh... Thu Feb 25 06:52:43 PST 2016

HT_ROW21_N716
Script is beginning...
Analysis complete for HT_ROW21_N716_R1.fastq
Analysis complete for HT_ROW21_N716_R2.fastq
FastQC complete
Feb 25 06:52:53 ..... Started STAR run
Feb 25 06:58:09 ..... Started mapping
Feb 25 06:58:19 ..... Started sorting BAM
Feb 25 06:58:19 ..... Finished successfully
STAR alignment complete

End of 1_FQC_StarAlign.sh... Thu Feb 25 06:58:19 PST 2016
