
Starting 1_FQC_StarAlign.sh... Wed Feb 24 22:11:43 PST 2016

HT_ROW21_N715
Script is beginning...
Analysis complete for HT_ROW21_N715_R1.fastq
Analysis complete for HT_ROW21_N715_R2.fastq
FastQC complete
Feb 24 22:11:57 ..... Started STAR run
Feb 24 22:13:07 ..... Started mapping
Feb 24 22:13:17 ..... Started sorting BAM
Feb 24 22:13:18 ..... Finished successfully
STAR alignment complete

End of 1_FQC_StarAlign.sh... Wed Feb 24 22:13:20 PST 2016

Starting 1_FQC_StarAlign.sh... Thu Feb 25 06:52:43 PST 2016

HT_ROW21_N715
Script is beginning...
Analysis complete for HT_ROW21_N715_R1.fastq
Analysis complete for HT_ROW21_N715_R2.fastq
FastQC complete
Feb 25 06:52:53 ..... Started STAR run
Feb 25 07:02:46 ..... Started mapping
Feb 25 07:02:59 ..... Started sorting BAM
Feb 25 07:03:01 ..... Finished successfully
STAR alignment complete

End of 1_FQC_StarAlign.sh... Thu Feb 25 07:03:03 PST 2016
