
Starting 1_FQC_StarAlign.sh... Wed Feb 24 23:52:28 PST 2016

HT_ROW33_N722
Script is beginning...
Analysis complete for HT_ROW33_N722_R1.fastq
Analysis complete for HT_ROW33_N722_R2.fastq
FastQC complete
Feb 24 23:52:35 ..... Started STAR run
Feb 24 23:52:46 ..... Started mapping
Feb 24 23:52:48 ..... Started sorting BAM
Feb 24 23:52:48 ..... Finished successfully
STAR alignment complete

End of 1_FQC_StarAlign.sh... Wed Feb 24 23:52:49 PST 2016

Starting 1_FQC_StarAlign.sh... Thu Feb 25 09:28:43 PST 2016

HT_ROW33_N722
Script is beginning...
Analysis complete for HT_ROW33_N722_R1.fastq
Analysis complete for HT_ROW33_N722_R2.fastq
FastQC complete
Feb 25 09:28:49 ..... Started STAR run
Feb 25 09:32:31 ..... Started mapping
Feb 25 09:32:33 ..... Started sorting BAM
Feb 25 09:32:33 ..... Finished successfully
STAR alignment complete

End of 1_FQC_StarAlign.sh... Thu Feb 25 09:32:34 PST 2016
