
Starting 1_FQC_StarAlign.sh... Thu Feb 25 00:48:58 PST 2016

HT_ROW39_N715
Script is beginning...
Analysis complete for HT_ROW39_N715_R1.fastq
Analysis complete for HT_ROW39_N715_R2.fastq
FastQC complete
Feb 25 00:49:09 ..... Started STAR run
Feb 25 00:52:13 ..... Started mapping
Feb 25 00:52:30 ..... Started sorting BAM
Feb 25 00:52:31 ..... Finished successfully
STAR alignment complete

End of 1_FQC_StarAlign.sh... Thu Feb 25 00:52:31 PST 2016

Starting 1_FQC_StarAlign.sh... Thu Feb 25 10:07:58 PST 2016

HT_ROW39_N715
Script is beginning...
Analysis complete for HT_ROW39_N715_R1.fastq
Analysis complete for HT_ROW39_N715_R2.fastq
FastQC complete
Feb 25 10:08:11 ..... Started STAR run
Feb 25 10:08:55 ..... Started mapping
Feb 25 10:09:10 ..... Started sorting BAM
Feb 25 10:09:11 ..... Finished successfully
STAR alignment complete

End of 1_FQC_StarAlign.sh... Thu Feb 25 10:09:11 PST 2016
