
Starting 1_FQC_StarAlign.sh... Wed Feb 24 20:53:13 PST 2016

HT_ROW17_N703
Script is beginning...
Analysis complete for HT_ROW17_N703_R1.fastq
Analysis complete for HT_ROW17_N703_R2.fastq
FastQC complete
Feb 24 20:53:22 ..... Started STAR run
Feb 24 20:58:50 ..... Started mapping
Feb 24 20:58:53 ..... Started sorting BAM
Feb 24 20:58:53 ..... Finished successfully
STAR alignment complete

End of 1_FQC_StarAlign.sh... Wed Feb 24 20:58:55 PST 2016

Starting 1_FQC_StarAlign.sh... Thu Feb 25 05:33:28 PST 2016

HT_ROW17_N703
Script is beginning...
Analysis complete for HT_ROW17_N703_R1.fastq
Analysis complete for HT_ROW17_N703_R2.fastq
FastQC complete
Feb 25 05:33:39 ..... Started STAR run
Feb 25 05:40:28 ..... Started mapping
Feb 25 05:40:30 ..... Started sorting BAM
Feb 25 05:40:30 ..... Finished successfully
STAR alignment complete

End of 1_FQC_StarAlign.sh... Thu Feb 25 05:40:30 PST 2016
