
Starting 1_FQC_StarAlign.sh... Wed Feb 24 16:55:43 PST 2016

HT_ROW05_N710
Script is beginning...
Analysis complete for HT_ROW05_N710_R1.fastq
Analysis complete for HT_ROW05_N710_R2.fastq
FastQC complete
Feb 24 16:55:50 ..... Started STAR run
Feb 24 16:56:01 ..... Started mapping
Feb 24 16:56:02 ..... Started sorting BAM
Feb 24 16:56:02 ..... Finished successfully
STAR alignment complete

End of 1_FQC_StarAlign.sh... Wed Feb 24 16:56:03 PST 2016

Starting 1_FQC_StarAlign.sh... Thu Feb 25 01:39:43 PST 2016

HT_ROW05_N710
Script is beginning...
Analysis complete for HT_ROW05_N710_R1.fastq
Analysis complete for HT_ROW05_N710_R2.fastq
FastQC complete
Feb 25 01:39:52 ..... Started STAR run
Feb 25 01:41:17 ..... Started mapping
Feb 25 01:41:19 ..... Started sorting BAM
Feb 25 01:41:19 ..... Finished successfully
STAR alignment complete

End of 1_FQC_StarAlign.sh... Thu Feb 25 01:41:20 PST 2016
