
Starting 1_FQC_StarAlign.sh... Thu Feb 25 00:34:58 PST 2016

HT_ROW38_N703
Script is beginning...
Analysis complete for HT_ROW38_N703_R1.fastq
Analysis complete for HT_ROW38_N703_R2.fastq
FastQC complete
Feb 25 00:35:22 ..... Started STAR run
Feb 25 00:36:56 ..... Started mapping
Feb 25 00:37:10 ..... Started sorting BAM
Feb 25 00:37:18 ..... Finished successfully
STAR alignment complete

End of 1_FQC_StarAlign.sh... Thu Feb 25 00:37:19 PST 2016

Starting 1_FQC_StarAlign.sh... Thu Feb 25 09:56:28 PST 2016

HT_ROW38_N703
Script is beginning...
Analysis complete for HT_ROW38_N703_R1.fastq
Analysis complete for HT_ROW38_N703_R2.fastq
FastQC complete
Feb 25 09:56:53 ..... Started STAR run
Feb 25 10:01:30 ..... Started mapping
Feb 25 10:01:42 ..... Started sorting BAM
Feb 25 10:01:49 ..... Finished successfully
STAR alignment complete

End of 1_FQC_StarAlign.sh... Thu Feb 25 10:01:49 PST 2016
