
Starting 1_FQC_StarAlign.sh... Wed Feb 24 20:32:13 PST 2016

HT_ROW16_N701
Script is beginning...
Analysis complete for HT_ROW16_N701_R1.fastq
Analysis complete for HT_ROW16_N701_R2.fastq
FastQC complete
Feb 24 20:32:23 ..... Started STAR run
Feb 24 20:38:37 ..... Started mapping
Feb 24 20:38:44 ..... Started sorting BAM
Feb 24 20:38:45 ..... Finished successfully
STAR alignment complete

End of 1_FQC_StarAlign.sh... Wed Feb 24 20:38:45 PST 2016

Starting 1_FQC_StarAlign.sh... Thu Feb 25 05:05:15 PST 2016

HT_ROW16_N701
Script is beginning...
Analysis complete for HT_ROW16_N701_R1.fastq
Analysis complete for HT_ROW16_N701_R2.fastq
FastQC complete
Feb 25 05:05:34 ..... Started STAR run
Feb 25 05:43:04 ..... Started mapping
Feb 25 05:43:17 ..... Started sorting BAM
Feb 25 05:43:23 ..... Finished successfully
STAR alignment complete

End of 1_FQC_StarAlign.sh... Thu Feb 25 05:43:26 PST 2016
