
Starting 1_FQC_StarAlign.sh... Thu Feb 25 00:52:28 PST 2016

HT_ROW39_N721
Script is beginning...
Analysis complete for HT_ROW39_N721_R1.fastq
Analysis complete for HT_ROW39_N721_R2.fastq
FastQC complete
Feb 25 00:52:37 ..... Started STAR run
Feb 25 01:00:52 ..... Started mapping
Feb 25 01:00:57 ..... Started sorting BAM
Feb 25 01:00:58 ..... Finished successfully
STAR alignment complete

End of 1_FQC_StarAlign.sh... Thu Feb 25 01:00:59 PST 2016

Starting 1_FQC_StarAlign.sh... Thu Feb 25 10:09:13 PST 2016

HT_ROW39_N721
Script is beginning...
Analysis complete for HT_ROW39_N721_R1.fastq
Analysis complete for HT_ROW39_N721_R2.fastq
FastQC complete
Feb 25 10:09:22 ..... Started STAR run
Feb 25 10:12:22 ..... Started mapping
Feb 25 10:12:27 ..... Started sorting BAM
Feb 25 10:12:27 ..... Finished successfully
STAR alignment complete

End of 1_FQC_StarAlign.sh... Thu Feb 25 10:12:28 PST 2016
