
Starting 1_FQC_StarAlign.sh... Wed Feb 24 18:46:13 PST 2016

HT_ROW10_N721
Script is beginning...
Analysis complete for HT_ROW10_N721_R1.fastq
Analysis complete for HT_ROW10_N721_R2.fastq
FastQC complete
Feb 24 18:46:25 ..... Started STAR run
Feb 24 18:54:53 ..... Started mapping
Feb 24 18:55:09 ..... Started sorting BAM
Feb 24 18:55:11 ..... Finished successfully
STAR alignment complete

End of 1_FQC_StarAlign.sh... Wed Feb 24 18:55:12 PST 2016

Starting 1_FQC_StarAlign.sh... Thu Feb 25 02:43:13 PST 2016

HT_ROW10_N721
Script is beginning...
Analysis complete for HT_ROW10_N721_R1.fastq
Analysis complete for HT_ROW10_N721_R2.fastq
FastQC complete
Feb 25 02:43:22 ..... Started STAR run
Feb 25 02:47:52 ..... Started mapping
Feb 25 02:48:03 ..... Started sorting BAM
Feb 25 02:48:04 ..... Finished successfully
STAR alignment complete

End of 1_FQC_StarAlign.sh... Thu Feb 25 02:48:04 PST 2016
