
Starting 1_FQC_StarAlign.sh... Wed Feb 24 19:41:13 PST 2016

HT_ROW12_N716
Script is beginning...
Analysis complete for HT_ROW12_N716_R1.fastq
Analysis complete for HT_ROW12_N716_R2.fastq
FastQC complete
Feb 24 19:41:21 ..... Started STAR run
Feb 24 19:41:33 ..... Started mapping
Feb 24 19:41:39 ..... Started sorting BAM
Feb 24 19:41:40 ..... Finished successfully
STAR alignment complete

End of 1_FQC_StarAlign.sh... Wed Feb 24 19:41:41 PST 2016

Starting 1_FQC_StarAlign.sh... Thu Feb 25 03:23:44 PST 2016

HT_ROW12_N716
Script is beginning...
Analysis complete for HT_ROW12_N716_R1.fastq
Analysis complete for HT_ROW12_N716_R2.fastq
FastQC complete
Feb 25 03:23:56 ..... Started STAR run
Feb 25 04:11:52 ..... Started mapping
Feb 25 04:12:08 ..... Started sorting BAM
Feb 25 04:12:15 ..... Finished successfully
STAR alignment complete

End of 1_FQC_StarAlign.sh... Thu Feb 25 04:12:24 PST 2016
