
Starting 1_FQC_StarAlign.sh... Thu Feb 25 00:50:58 PST 2016

HT_ROW39_N720
Script is beginning...
Analysis complete for HT_ROW39_N720_R1.fastq
Analysis complete for HT_ROW39_N720_R2.fastq
FastQC complete
Feb 25 00:51:06 ..... Started STAR run
Feb 25 00:54:48 ..... Started mapping
Feb 25 00:54:50 ..... Started sorting BAM
Feb 25 00:54:51 ..... Finished successfully
STAR alignment complete

End of 1_FQC_StarAlign.sh... Thu Feb 25 00:54:51 PST 2016

Starting 1_FQC_StarAlign.sh... Thu Feb 25 10:09:13 PST 2016

HT_ROW39_N720
Script is beginning...
Analysis complete for HT_ROW39_N720_R1.fastq
Analysis complete for HT_ROW39_N720_R2.fastq
FastQC complete
Feb 25 10:09:21 ..... Started STAR run
Feb 25 10:12:26 ..... Started mapping
Feb 25 10:12:28 ..... Started sorting BAM
Feb 25 10:12:28 ..... Finished successfully
STAR alignment complete

End of 1_FQC_StarAlign.sh... Thu Feb 25 10:12:29 PST 2016
