
Starting 1_FQC_StarAlign.sh... Wed Feb 24 22:16:58 PST 2016

HT_ROW22_N701
Script is beginning...
Analysis complete for HT_ROW22_N701_R1.fastq
Analysis complete for HT_ROW22_N701_R2.fastq
FastQC complete
Feb 24 22:17:11 ..... Started STAR run
Feb 24 22:20:37 ..... Started mapping
Feb 24 22:20:48 ..... Started sorting BAM
Feb 24 22:20:48 ..... Finished successfully
STAR alignment complete

End of 1_FQC_StarAlign.sh... Wed Feb 24 22:20:49 PST 2016

Starting 1_FQC_StarAlign.sh... Thu Feb 25 06:53:43 PST 2016

HT_ROW22_N701
Script is beginning...
Analysis complete for HT_ROW22_N701_R1.fastq
Analysis complete for HT_ROW22_N701_R2.fastq
FastQC complete
Feb 25 06:53:53 ..... Started STAR run
Feb 25 06:54:30 ..... Started mapping
Feb 25 06:54:41 ..... Started sorting BAM
Feb 25 06:54:41 ..... Finished successfully
STAR alignment complete

End of 1_FQC_StarAlign.sh... Thu Feb 25 06:54:42 PST 2016
