
Starting 1_FQC_StarAlign.sh... Wed Feb 24 22:50:13 PST 2016

HT_ROW25_N723
Script is beginning...
Analysis complete for HT_ROW25_N723_R1.fastq
Analysis complete for HT_ROW25_N723_R2.fastq
FastQC complete
Feb 24 22:50:21 ..... Started STAR run
Feb 24 22:50:40 ..... Started mapping
Feb 24 22:50:48 ..... Started sorting BAM
Feb 24 22:50:48 ..... Finished successfully
STAR alignment complete

End of 1_FQC_StarAlign.sh... Wed Feb 24 22:50:49 PST 2016

Starting 1_FQC_StarAlign.sh... Thu Feb 25 07:49:13 PST 2016

HT_ROW25_N723
Script is beginning...
Analysis complete for HT_ROW25_N723_R1.fastq
Analysis complete for HT_ROW25_N723_R2.fastq
FastQC complete
Feb 25 07:49:22 ..... Started STAR run
Feb 25 07:58:03 ..... Started mapping
Feb 25 07:58:10 ..... Started sorting BAM
Feb 25 07:58:11 ..... Finished successfully
STAR alignment complete

End of 1_FQC_StarAlign.sh... Thu Feb 25 07:58:11 PST 2016
