
Starting 1_FQC_StarAlign.sh... Thu Feb 25 00:45:43 PST 2016

HT_ROW39_N704
Script is beginning...
Analysis complete for HT_ROW39_N704_R1.fastq
Analysis complete for HT_ROW39_N704_R2.fastq
FastQC complete
Feb 25 00:45:52 ..... Started STAR run
Feb 25 00:52:13 ..... Started mapping
Feb 25 00:52:19 ..... Started sorting BAM
Feb 25 00:52:20 ..... Finished successfully
STAR alignment complete

End of 1_FQC_StarAlign.sh... Thu Feb 25 00:52:20 PST 2016

Starting 1_FQC_StarAlign.sh... Thu Feb 25 10:05:28 PST 2016

HT_ROW39_N704
Script is beginning...
Analysis complete for HT_ROW39_N704_R1.fastq
Analysis complete for HT_ROW39_N704_R2.fastq
FastQC complete
Feb 25 10:05:37 ..... Started STAR run
Feb 25 10:06:19 ..... Started mapping
Feb 25 10:06:25 ..... Started sorting BAM
Feb 25 10:06:26 ..... Finished successfully
STAR alignment complete

End of 1_FQC_StarAlign.sh... Thu Feb 25 10:06:26 PST 2016
