
Starting 1_FQC_StarAlign.sh... Thu Feb 25 00:24:28 PST 2016

HT_ROW37_N701
Script is beginning...
Analysis complete for HT_ROW37_N701_R1.fastq
Analysis complete for HT_ROW37_N701_R2.fastq
FastQC complete
Feb 25 00:24:35 ..... Started STAR run
Feb 25 00:28:51 ..... Started mapping
Feb 25 00:28:55 ..... Started sorting BAM
Feb 25 00:28:55 ..... Finished successfully
STAR alignment complete

End of 1_FQC_StarAlign.sh... Thu Feb 25 00:28:55 PST 2016

Starting 1_FQC_StarAlign.sh... Thu Feb 25 09:50:28 PST 2016

HT_ROW37_N701
Script is beginning...
Analysis complete for HT_ROW37_N701_R1.fastq
Analysis complete for HT_ROW37_N701_R2.fastq
FastQC complete
Feb 25 09:50:35 ..... Started STAR run
Feb 25 09:52:08 ..... Started mapping
Feb 25 09:52:10 ..... Started sorting BAM
Feb 25 09:52:10 ..... Finished successfully
STAR alignment complete

End of 1_FQC_StarAlign.sh... Thu Feb 25 09:52:11 PST 2016
