
Starting 1_FQC_StarAlign.sh... Wed Feb 24 23:20:28 PST 2016

HT_ROW30_N704
Script is beginning...
Analysis complete for HT_ROW30_N704_R1.fastq
Analysis complete for HT_ROW30_N704_R2.fastq
FastQC complete
Feb 24 23:20:43 ..... Started STAR run
Feb 24 23:23:59 ..... Started mapping
Feb 24 23:24:15 ..... Started sorting BAM
Feb 24 23:24:15 ..... Finished successfully
STAR alignment complete

End of 1_FQC_StarAlign.sh... Wed Feb 24 23:24:16 PST 2016

Starting 1_FQC_StarAlign.sh... Thu Feb 25 08:50:28 PST 2016

HT_ROW30_N704
Script is beginning...
Analysis complete for HT_ROW30_N704_R1.fastq
Analysis complete for HT_ROW30_N704_R2.fastq
FastQC complete
Feb 25 08:50:42 ..... Started STAR run
Feb 25 08:55:27 ..... Started mapping
Feb 25 08:55:44 ..... Started sorting BAM
Feb 25 08:55:45 ..... Finished successfully
STAR alignment complete

End of 1_FQC_StarAlign.sh... Thu Feb 25 08:55:45 PST 2016
