
Starting 1_FQC_StarAlign.sh... Wed Feb 24 16:38:28 PST 2016

HT_ROW04_N701
Script is beginning...
Analysis complete for HT_ROW04_N701_R1.fastq
Analysis complete for HT_ROW04_N701_R2.fastq
FastQC complete
Feb 24 16:38:40 ..... Started STAR run
Feb 24 16:48:05 ..... Started mapping
Feb 24 16:48:07 ..... Started sorting BAM
Feb 24 16:48:08 ..... Finished successfully
STAR alignment complete

End of 1_FQC_StarAlign.sh... Wed Feb 24 16:48:08 PST 2016

Starting 1_FQC_StarAlign.sh... Thu Feb 25 01:30:28 PST 2016

HT_ROW04_N701
Script is beginning...
Analysis complete for HT_ROW04_N701_R1.fastq
Analysis complete for HT_ROW04_N701_R2.fastq
FastQC complete
Feb 25 01:30:36 ..... Started STAR run
Feb 25 01:31:47 ..... Started mapping
Feb 25 01:31:48 ..... Started sorting BAM
Feb 25 01:31:48 ..... Finished successfully
STAR alignment complete

End of 1_FQC_StarAlign.sh... Thu Feb 25 01:31:49 PST 2016
