
Starting 1_FQC_StarAlign.sh... Wed Feb 24 21:13:43 PST 2016

HT_ROW17_N723
Script is beginning...
Analysis complete for HT_ROW17_N723_R1.fastq
Analysis complete for HT_ROW17_N723_R2.fastq
FastQC complete
Feb 24 21:14:01 ..... Started STAR run
Feb 24 21:16:31 ..... Started mapping
Feb 24 21:16:46 ..... Started sorting BAM
Feb 24 21:16:47 ..... Finished successfully
STAR alignment complete

End of 1_FQC_StarAlign.sh... Wed Feb 24 21:16:48 PST 2016

Starting 1_FQC_StarAlign.sh... Thu Feb 25 05:47:58 PST 2016

HT_ROW17_N723
Script is beginning...
Analysis complete for HT_ROW17_N723_R1.fastq
Analysis complete for HT_ROW17_N723_R2.fastq
FastQC complete
Feb 25 05:48:13 ..... Started STAR run
Feb 25 05:55:30 ..... Started mapping
Feb 25 05:55:48 ..... Started sorting BAM
Feb 25 05:55:50 ..... Finished successfully
STAR alignment complete

End of 1_FQC_StarAlign.sh... Thu Feb 25 05:55:51 PST 2016
