
Starting 1_FQC_StarAlign.sh... Wed Feb 24 18:37:44 PST 2016

HT_ROW10_N715
Script is beginning...
Analysis complete for HT_ROW10_N715_R1.fastq
Analysis complete for HT_ROW10_N715_R2.fastq
FastQC complete
Feb 24 18:37:59 ..... Started STAR run
Feb 24 18:45:43 ..... Started mapping
Feb 24 18:46:04 ..... Started sorting BAM
Feb 24 18:46:05 ..... Finished successfully
STAR alignment complete

End of 1_FQC_StarAlign.sh... Wed Feb 24 18:46:05 PST 2016

Starting 1_FQC_StarAlign.sh... Thu Feb 25 02:38:13 PST 2016

HT_ROW10_N715
Script is beginning...
Analysis complete for HT_ROW10_N715_R1.fastq
Analysis complete for HT_ROW10_N715_R2.fastq
FastQC complete
Feb 25 02:38:26 ..... Started STAR run
Feb 25 02:38:37 ..... Started mapping
Feb 25 02:38:53 ..... Started sorting BAM
Feb 25 02:38:53 ..... Finished successfully
STAR alignment complete

End of 1_FQC_StarAlign.sh... Thu Feb 25 02:38:54 PST 2016
