
Starting 1_FQC_StarAlign.sh... Wed Feb 24 22:57:58 PST 2016

HT_ROW26_N722
Script is beginning...
Analysis complete for HT_ROW26_N722_R1.fastq
Analysis complete for HT_ROW26_N722_R2.fastq
FastQC complete
Feb 24 22:58:06 ..... Started STAR run
Feb 24 22:58:17 ..... Started mapping
Feb 24 22:58:23 ..... Started sorting BAM
Feb 24 22:58:23 ..... Finished successfully
STAR alignment complete

End of 1_FQC_StarAlign.sh... Wed Feb 24 22:58:23 PST 2016

Starting 1_FQC_StarAlign.sh... Thu Feb 25 08:09:58 PST 2016

HT_ROW26_N722
Script is beginning...
Analysis complete for HT_ROW26_N722_R1.fastq
Analysis complete for HT_ROW26_N722_R2.fastq
FastQC complete
Feb 25 08:10:06 ..... Started STAR run
Feb 25 08:10:18 ..... Started mapping
Feb 25 08:10:24 ..... Started sorting BAM
Feb 25 08:10:25 ..... Finished successfully
STAR alignment complete

End of 1_FQC_StarAlign.sh... Thu Feb 25 08:10:25 PST 2016
