
Starting 1_FQC_StarAlign.sh... Wed Feb 24 22:54:28 PST 2016

HT_ROW26_N710
Script is beginning...
Analysis complete for HT_ROW26_N710_R1.fastq
Analysis complete for HT_ROW26_N710_R2.fastq
FastQC complete
Feb 24 22:54:41 ..... Started STAR run
Feb 24 23:09:01 ..... Started mapping
Feb 24 23:09:05 ..... Started sorting BAM
Feb 24 23:09:05 ..... Finished successfully
STAR alignment complete

End of 1_FQC_StarAlign.sh... Wed Feb 24 23:09:05 PST 2016

Starting 1_FQC_StarAlign.sh... Thu Feb 25 07:58:13 PST 2016

HT_ROW26_N710
Script is beginning...
Analysis complete for HT_ROW26_N710_R1.fastq
Analysis complete for HT_ROW26_N710_R2.fastq
FastQC complete
Feb 25 07:58:21 ..... Started STAR run
Feb 25 08:02:02 ..... Started mapping
Feb 25 08:02:05 ..... Started sorting BAM
Feb 25 08:02:06 ..... Finished successfully
STAR alignment complete

End of 1_FQC_StarAlign.sh... Thu Feb 25 08:02:06 PST 2016
