
Starting 1_FQC_StarAlign.sh... Thu Feb 25 00:48:58 PST 2016

HT_ROW39_N716
Script is beginning...
Analysis complete for HT_ROW39_N716_R1.fastq
Analysis complete for HT_ROW39_N716_R2.fastq
FastQC complete
Feb 25 00:49:08 ..... Started STAR run
Feb 25 00:50:39 ..... Started mapping
Feb 25 00:50:45 ..... Started sorting BAM
Feb 25 00:50:46 ..... Finished successfully
STAR alignment complete

End of 1_FQC_StarAlign.sh... Thu Feb 25 00:50:46 PST 2016

Starting 1_FQC_StarAlign.sh... Thu Feb 25 10:08:28 PST 2016

HT_ROW39_N716
Script is beginning...
Analysis complete for HT_ROW39_N716_R1.fastq
Analysis complete for HT_ROW39_N716_R2.fastq
FastQC complete
Feb 25 10:08:38 ..... Started STAR run
Feb 25 10:12:11 ..... Started mapping
Feb 25 10:12:17 ..... Started sorting BAM
Feb 25 10:12:17 ..... Finished successfully
STAR alignment complete

End of 1_FQC_StarAlign.sh... Thu Feb 25 10:12:18 PST 2016
