
Starting 1_FQC_StarAlign.sh... Wed Feb 24 22:05:13 PST 2016

HT_ROW20_N723
Script is beginning...
Analysis complete for HT_ROW20_N723_R1.fastq
Analysis complete for HT_ROW20_N723_R2.fastq
FastQC complete
Feb 24 22:05:22 ..... Started STAR run
Feb 24 22:06:02 ..... Started mapping
Feb 24 22:06:10 ..... Started sorting BAM
Feb 24 22:06:10 ..... Finished successfully
STAR alignment complete

End of 1_FQC_StarAlign.sh... Wed Feb 24 22:06:10 PST 2016

Starting 1_FQC_StarAlign.sh... Thu Feb 25 06:46:43 PST 2016

HT_ROW20_N723
Script is beginning...
Analysis complete for HT_ROW20_N723_R1.fastq
Analysis complete for HT_ROW20_N723_R2.fastq
FastQC complete
Feb 25 06:46:51 ..... Started STAR run
Feb 25 06:48:08 ..... Started mapping
Feb 25 06:48:14 ..... Started sorting BAM
Feb 25 06:48:16 ..... Finished successfully
STAR alignment complete

End of 1_FQC_StarAlign.sh... Thu Feb 25 06:48:17 PST 2016
