
Starting 1_FQC_StarAlign.sh... Wed Feb 24 16:57:13 PST 2016

HT_ROW05_N718
Script is beginning...
Analysis complete for HT_ROW05_N718_R1.fastq
Analysis complete for HT_ROW05_N718_R2.fastq
FastQC complete
Feb 24 16:57:22 ..... Started STAR run
Feb 24 17:04:07 ..... Started mapping
Feb 24 17:04:15 ..... Started sorting BAM
Feb 24 17:04:15 ..... Finished successfully
STAR alignment complete

End of 1_FQC_StarAlign.sh... Wed Feb 24 17:04:15 PST 2016

Starting 1_FQC_StarAlign.sh... Thu Feb 25 01:40:13 PST 2016

HT_ROW05_N718
Script is beginning...
Analysis complete for HT_ROW05_N718_R1.fastq
Analysis complete for HT_ROW05_N718_R2.fastq
FastQC complete
Feb 25 01:40:21 ..... Started STAR run
Feb 25 01:44:26 ..... Started mapping
Feb 25 01:44:34 ..... Started sorting BAM
Feb 25 01:44:34 ..... Finished successfully
STAR alignment complete

End of 1_FQC_StarAlign.sh... Thu Feb 25 01:44:34 PST 2016
