
Starting 1_FQC_StarAlign.sh... Wed Feb 24 23:39:58 PST 2016

HT_ROW32_N720
Script is beginning...
Analysis complete for HT_ROW32_N720_R1.fastq
Analysis complete for HT_ROW32_N720_R2.fastq
FastQC complete
Feb 24 23:40:07 ..... Started STAR run
Feb 24 23:40:45 ..... Started mapping
Feb 24 23:40:53 ..... Started sorting BAM
Feb 24 23:40:53 ..... Finished successfully
STAR alignment complete

End of 1_FQC_StarAlign.sh... Wed Feb 24 23:40:55 PST 2016

Starting 1_FQC_StarAlign.sh... Thu Feb 25 09:19:28 PST 2016

HT_ROW32_N720
Script is beginning...
Analysis complete for HT_ROW32_N720_R1.fastq
Analysis complete for HT_ROW32_N720_R2.fastq
FastQC complete
Feb 25 09:19:36 ..... Started STAR run
Feb 25 09:20:30 ..... Started mapping
Feb 25 09:20:38 ..... Started sorting BAM
Feb 25 09:20:39 ..... Finished successfully
STAR alignment complete

End of 1_FQC_StarAlign.sh... Thu Feb 25 09:20:39 PST 2016
