
Starting 1_FQC_StarAlign.sh... Wed Feb 24 22:51:58 PST 2016

HT_ROW26_N704
Script is beginning...
Analysis complete for HT_ROW26_N704_R1.fastq
Analysis complete for HT_ROW26_N704_R2.fastq
FastQC complete
Feb 24 22:52:07 ..... Started STAR run
Feb 24 22:53:42 ..... Started mapping
Feb 24 22:53:47 ..... Started sorting BAM
Feb 24 22:53:48 ..... Finished successfully
STAR alignment complete

End of 1_FQC_StarAlign.sh... Wed Feb 24 22:53:49 PST 2016

Starting 1_FQC_StarAlign.sh... Thu Feb 25 07:56:28 PST 2016

HT_ROW26_N704
Script is beginning...
Analysis complete for HT_ROW26_N704_R1.fastq
Analysis complete for HT_ROW26_N704_R2.fastq
FastQC complete
Feb 25 07:56:38 ..... Started STAR run
Feb 25 08:04:42 ..... Started mapping
Feb 25 08:04:48 ..... Started sorting BAM
Feb 25 08:04:48 ..... Finished successfully
STAR alignment complete

End of 1_FQC_StarAlign.sh... Thu Feb 25 08:04:49 PST 2016
