
Starting 1_FQC_StarAlign.sh... Wed Feb 24 22:51:58 PST 2016

HT_ROW26_N705
Script is beginning...
Analysis complete for HT_ROW26_N705_R1.fastq
Analysis complete for HT_ROW26_N705_R2.fastq
FastQC complete
Feb 24 22:52:08 ..... Started STAR run
Feb 24 22:53:42 ..... Started mapping
Feb 24 22:53:59 ..... Started sorting BAM
Feb 24 22:54:00 ..... Finished successfully
STAR alignment complete

End of 1_FQC_StarAlign.sh... Wed Feb 24 22:54:01 PST 2016

Starting 1_FQC_StarAlign.sh... Thu Feb 25 07:57:28 PST 2016

HT_ROW26_N705
Script is beginning...
Analysis complete for HT_ROW26_N705_R1.fastq
Analysis complete for HT_ROW26_N705_R2.fastq
FastQC complete
Feb 25 07:57:40 ..... Started STAR run
Feb 25 08:00:40 ..... Started mapping
Feb 25 08:00:54 ..... Started sorting BAM
Feb 25 08:00:55 ..... Finished successfully
STAR alignment complete

End of 1_FQC_StarAlign.sh... Thu Feb 25 08:00:55 PST 2016
