
Starting 1_FQC_StarAlign.sh... Wed Feb 24 20:34:29 PST 2016

HT_ROW16_N707
Script is beginning...
Analysis complete for HT_ROW16_N707_R1.fastq
Analysis complete for HT_ROW16_N707_R2.fastq
FastQC complete
Feb 24 20:34:44 ..... Started STAR run
Feb 24 20:50:39 ..... Started mapping
Feb 24 20:50:57 ..... Started sorting BAM
Feb 24 20:50:58 ..... Finished successfully
STAR alignment complete

End of 1_FQC_StarAlign.sh... Wed Feb 24 20:51:02 PST 2016

Starting 1_FQC_StarAlign.sh... Thu Feb 25 05:10:43 PST 2016

HT_ROW16_N707
Script is beginning...
Analysis complete for HT_ROW16_N707_R1.fastq
Analysis complete for HT_ROW16_N707_R2.fastq
FastQC complete
Feb 25 05:10:54 ..... Started STAR run
Feb 25 05:20:36 ..... Started mapping
Feb 25 05:20:51 ..... Started sorting BAM
Feb 25 05:20:52 ..... Finished successfully
STAR alignment complete

End of 1_FQC_StarAlign.sh... Thu Feb 25 05:20:52 PST 2016
