
Starting 1_FQC_StarAlign.sh... Wed Feb 24 22:45:43 PST 2016

HT_ROW25_N706
Script is beginning...
Analysis complete for HT_ROW25_N706_R1.fastq
Analysis complete for HT_ROW25_N706_R2.fastq
FastQC complete
Feb 24 22:45:52 ..... Started STAR run
Feb 24 22:46:33 ..... Started mapping
Feb 24 22:46:37 ..... Started sorting BAM
Feb 24 22:46:38 ..... Finished successfully
STAR alignment complete

End of 1_FQC_StarAlign.sh... Wed Feb 24 22:46:39 PST 2016

Starting 1_FQC_StarAlign.sh... Thu Feb 25 07:36:43 PST 2016

HT_ROW25_N706
Script is beginning...
Analysis complete for HT_ROW25_N706_R1.fastq
Analysis complete for HT_ROW25_N706_R2.fastq
FastQC complete
Feb 25 07:36:51 ..... Started STAR run
Feb 25 07:42:06 ..... Started mapping
Feb 25 07:42:10 ..... Started sorting BAM
Feb 25 07:42:11 ..... Finished successfully
STAR alignment complete

End of 1_FQC_StarAlign.sh... Thu Feb 25 07:42:11 PST 2016
