
Starting 1_FQC_StarAlign.sh... Wed Feb 24 20:34:44 PST 2016

HT_ROW16_N710
Script is beginning...
Analysis complete for HT_ROW16_N710_R1.fastq
Analysis complete for HT_ROW16_N710_R2.fastq
FastQC complete
Feb 24 20:34:53 ..... Started STAR run
Feb 24 20:50:39 ..... Started mapping
Feb 24 20:50:44 ..... Started sorting BAM
Feb 24 20:50:45 ..... Finished successfully
STAR alignment complete

End of 1_FQC_StarAlign.sh... Wed Feb 24 20:50:46 PST 2016

Starting 1_FQC_StarAlign.sh... Thu Feb 25 05:15:28 PST 2016

HT_ROW16_N710
Script is beginning...
Analysis complete for HT_ROW16_N710_R1.fastq
Analysis complete for HT_ROW16_N710_R2.fastq
FastQC complete
Feb 25 05:15:37 ..... Started STAR run
Feb 25 05:22:45 ..... Started mapping
Feb 25 05:22:48 ..... Started sorting BAM
Feb 25 05:22:48 ..... Finished successfully
STAR alignment complete

End of 1_FQC_StarAlign.sh... Thu Feb 25 05:22:50 PST 2016
