
Starting 1_FQC_StarAlign.sh... Wed Feb 24 16:01:43 PST 2016

HT_ROW01_N719
Script is beginning...
Analysis complete for HT_ROW01_N719_R1.fastq
Analysis complete for HT_ROW01_N719_R2.fastq
FastQC complete
Feb 24 16:01:52 ..... Started STAR run
Feb 24 16:08:41 ..... Started mapping
Feb 24 16:08:46 ..... Started sorting BAM
Feb 24 16:08:47 ..... Finished successfully
STAR alignment complete

End of 1_FQC_StarAlign.sh... Wed Feb 24 16:08:47 PST 2016

Starting 1_FQC_StarAlign.sh... Thu Feb 25 01:10:28 PST 2016

HT_ROW01_N719
Script is beginning...
Analysis complete for HT_ROW01_N719_R1.fastq
Analysis complete for HT_ROW01_N719_R2.fastq
FastQC complete
Feb 25 01:10:37 ..... Started STAR run
Feb 25 01:11:45 ..... Started mapping
Feb 25 01:11:50 ..... Started sorting BAM
Feb 25 01:11:52 ..... Finished successfully
STAR alignment complete

End of 1_FQC_StarAlign.sh... Thu Feb 25 01:11:53 PST 2016
