
Starting 1_FQC_StarAlign.sh... Wed Feb 24 17:01:43 PST 2016

HT_ROW06_N702
Script is beginning...
Analysis complete for HT_ROW06_N702_R1.fastq
Analysis complete for HT_ROW06_N702_R2.fastq
FastQC complete
Feb 24 17:01:53 ..... Started STAR run
Feb 24 17:02:05 ..... Started mapping
Feb 24 17:02:08 ..... Started sorting BAM
Feb 24 17:02:09 ..... Finished successfully
STAR alignment complete

End of 1_FQC_StarAlign.sh... Wed Feb 24 17:02:09 PST 2016

Starting 1_FQC_StarAlign.sh... Thu Feb 25 01:44:28 PST 2016

HT_ROW06_N702
Script is beginning...
Analysis complete for HT_ROW06_N702_R1.fastq
Analysis complete for HT_ROW06_N702_R2.fastq
FastQC complete
Feb 25 01:44:35 ..... Started STAR run
Feb 25 01:45:44 ..... Started mapping
Feb 25 01:45:47 ..... Started sorting BAM
Feb 25 01:45:48 ..... Finished successfully
STAR alignment complete

End of 1_FQC_StarAlign.sh... Thu Feb 25 01:45:48 PST 2016
