
Starting 1_FQC_StarAlign.sh... Wed Feb 24 16:52:58 PST 2016

HT_ROW04_N718
Script is beginning...
Analysis complete for HT_ROW04_N718_R1.fastq
Analysis complete for HT_ROW04_N718_R2.fastq
FastQC complete
Feb 24 16:53:06 ..... Started STAR run
Feb 24 16:57:02 ..... Started mapping
Feb 24 16:57:08 ..... Started sorting BAM
Feb 24 16:57:09 ..... Finished successfully
STAR alignment complete

End of 1_FQC_StarAlign.sh... Wed Feb 24 16:57:09 PST 2016

Starting 1_FQC_StarAlign.sh... Thu Feb 25 01:34:58 PST 2016

HT_ROW04_N718
Script is beginning...
Analysis complete for HT_ROW04_N718_R1.fastq
Analysis complete for HT_ROW04_N718_R2.fastq
FastQC complete
Feb 25 01:35:07 ..... Started STAR run
Feb 25 01:39:25 ..... Started mapping
Feb 25 01:39:31 ..... Started sorting BAM
Feb 25 01:39:31 ..... Finished successfully
STAR alignment complete

End of 1_FQC_StarAlign.sh... Thu Feb 25 01:39:32 PST 2016
