
Starting 1_FQC_StarAlign.sh... Wed Feb 24 19:40:28 PST 2016

HT_ROW12_N712
Script is beginning...
Analysis complete for HT_ROW12_N712_R1.fastq
Analysis complete for HT_ROW12_N712_R2.fastq
FastQC complete
Feb 24 19:40:44 ..... Started STAR run
Feb 24 19:40:56 ..... Started mapping
Feb 24 19:41:08 ..... Started sorting BAM
Feb 24 19:41:10 ..... Finished successfully
STAR alignment complete

End of 1_FQC_StarAlign.sh... Wed Feb 24 19:41:10 PST 2016

Starting 1_FQC_StarAlign.sh... Thu Feb 25 03:22:13 PST 2016

HT_ROW12_N712
Script is beginning...
Analysis complete for HT_ROW12_N712_R1.fastq
Analysis complete for HT_ROW12_N712_R2.fastq
FastQC complete
Feb 25 03:22:25 ..... Started STAR run
Feb 25 03:29:52 ..... Started mapping
Feb 25 03:30:06 ..... Started sorting BAM
Feb 25 03:30:07 ..... Finished successfully
STAR alignment complete

End of 1_FQC_StarAlign.sh... Thu Feb 25 03:30:07 PST 2016
