
Starting 1_FQC_StarAlign.sh... Wed Feb 24 23:18:58 PST 2016

HT_ROW29_N721
Script is beginning...
Analysis complete for HT_ROW29_N721_R1.fastq
Analysis complete for HT_ROW29_N721_R2.fastq
FastQC complete
Feb 24 23:19:21 ..... Started STAR run
Feb 24 23:20:59 ..... Started mapping
Feb 24 23:21:17 ..... Started sorting BAM
Feb 24 23:21:19 ..... Finished successfully
STAR alignment complete

End of 1_FQC_StarAlign.sh... Wed Feb 24 23:21:19 PST 2016

Starting 1_FQC_StarAlign.sh... Thu Feb 25 08:45:58 PST 2016

HT_ROW29_N721
Script is beginning...
Analysis complete for HT_ROW29_N721_R1.fastq
Analysis complete for HT_ROW29_N721_R2.fastq
FastQC complete
Feb 25 08:46:24 ..... Started STAR run
Feb 25 08:50:10 ..... Started mapping
Feb 25 08:50:26 ..... Started sorting BAM
Feb 25 08:50:26 ..... Finished successfully
STAR alignment complete

End of 1_FQC_StarAlign.sh... Thu Feb 25 08:50:27 PST 2016
