
Starting 1_FQC_StarAlign.sh... Wed Feb 24 22:13:28 PST 2016

HT_ROW21_N720
Script is beginning...
Analysis complete for HT_ROW21_N720_R1.fastq
Analysis complete for HT_ROW21_N720_R2.fastq
FastQC complete
Feb 24 22:13:37 ..... Started STAR run
Feb 24 22:16:37 ..... Started mapping
Feb 24 22:16:46 ..... Started sorting BAM
Feb 24 22:16:47 ..... Finished successfully
STAR alignment complete

End of 1_FQC_StarAlign.sh... Wed Feb 24 22:16:48 PST 2016

Starting 1_FQC_StarAlign.sh... Thu Feb 25 06:52:58 PST 2016

HT_ROW21_N720
Script is beginning...
Analysis complete for HT_ROW21_N720_R1.fastq
Analysis complete for HT_ROW21_N720_R2.fastq
FastQC complete
Feb 25 06:53:11 ..... Started STAR run
Feb 25 07:09:17 ..... Started mapping
Feb 25 07:09:27 ..... Started sorting BAM
Feb 25 07:09:27 ..... Finished successfully
STAR alignment complete

End of 1_FQC_StarAlign.sh... Thu Feb 25 07:09:27 PST 2016
