
Starting 1_FQC_StarAlign.sh... Wed Feb 24 19:20:14 PST 2016

HT_ROW11_N719
Script is beginning...
Analysis complete for HT_ROW11_N719_R1.fastq
Analysis complete for HT_ROW11_N719_R2.fastq
FastQC complete
Feb 24 19:20:25 ..... Started STAR run
Feb 24 19:36:17 ..... Started mapping
Feb 24 19:36:28 ..... Started sorting BAM
Feb 24 19:36:28 ..... Finished successfully
STAR alignment complete

End of 1_FQC_StarAlign.sh... Wed Feb 24 19:36:29 PST 2016

Starting 1_FQC_StarAlign.sh... Thu Feb 25 02:59:13 PST 2016

HT_ROW11_N719
Script is beginning...
Analysis complete for HT_ROW11_N719_R1.fastq
Analysis complete for HT_ROW11_N719_R2.fastq
FastQC complete
Feb 25 02:59:23 ..... Started STAR run
Feb 25 03:05:47 ..... Started mapping
Feb 25 03:05:54 ..... Started sorting BAM
Feb 25 03:05:55 ..... Finished successfully
STAR alignment complete

End of 1_FQC_StarAlign.sh... Thu Feb 25 03:05:56 PST 2016
