
Starting 1_FQC_StarAlign.sh... Thu Feb 25 00:39:13 PST 2016

HT_ROW38_N710
Script is beginning...
Analysis complete for HT_ROW38_N710_R1.fastq
Analysis complete for HT_ROW38_N710_R2.fastq
FastQC complete
Feb 25 00:39:23 ..... Started STAR run
Feb 25 00:45:35 ..... Started mapping
Feb 25 00:45:46 ..... Started sorting BAM
Feb 25 00:45:46 ..... Finished successfully
STAR alignment complete

End of 1_FQC_StarAlign.sh... Thu Feb 25 00:45:46 PST 2016

Starting 1_FQC_StarAlign.sh... Thu Feb 25 09:58:43 PST 2016

HT_ROW38_N710
Script is beginning...
Analysis complete for HT_ROW38_N710_R1.fastq
Analysis complete for HT_ROW38_N710_R2.fastq
FastQC complete
Feb 25 09:58:53 ..... Started STAR run
Feb 25 10:01:12 ..... Started mapping
Feb 25 10:01:23 ..... Started sorting BAM
Feb 25 10:01:24 ..... Finished successfully
STAR alignment complete

End of 1_FQC_StarAlign.sh... Thu Feb 25 10:01:24 PST 2016
