
Starting 1_FQC_StarAlign.sh... Thu Feb 25 00:00:28 PST 2016

HT_ROW35_N703
Script is beginning...
Analysis complete for HT_ROW35_N703_R1.fastq
Analysis complete for HT_ROW35_N703_R2.fastq
FastQC complete
Feb 25 00:00:38 ..... Started STAR run
Feb 25 00:05:20 ..... Started mapping
Feb 25 00:05:27 ..... Started sorting BAM
Feb 25 00:05:28 ..... Finished successfully
STAR alignment complete

End of 1_FQC_StarAlign.sh... Thu Feb 25 00:05:29 PST 2016

Starting 1_FQC_StarAlign.sh... Thu Feb 25 09:38:28 PST 2016

HT_ROW35_N703
Script is beginning...
Analysis complete for HT_ROW35_N703_R1.fastq
Analysis complete for HT_ROW35_N703_R2.fastq
FastQC complete
Feb 25 09:38:36 ..... Started STAR run
Feb 25 09:38:48 ..... Started mapping
Feb 25 09:38:54 ..... Started sorting BAM
Feb 25 09:38:54 ..... Finished successfully
STAR alignment complete

End of 1_FQC_StarAlign.sh... Thu Feb 25 09:38:55 PST 2016
