
Starting 1_FQC_StarAlign.sh... Wed Feb 24 18:05:43 PST 2016

HT_ROW09_N722
Script is beginning...
Analysis complete for HT_ROW09_N722_R1.fastq
Analysis complete for HT_ROW09_N722_R2.fastq
FastQC complete
Feb 24 18:05:54 ..... Started STAR run
Feb 24 18:15:59 ..... Started mapping
Feb 24 18:16:02 ..... Started sorting BAM
Feb 24 18:16:03 ..... Finished successfully
STAR alignment complete

End of 1_FQC_StarAlign.sh... Wed Feb 24 18:16:03 PST 2016

Starting 1_FQC_StarAlign.sh... Thu Feb 25 02:23:28 PST 2016

HT_ROW09_N722
Script is beginning...
Analysis complete for HT_ROW09_N722_R1.fastq
Analysis complete for HT_ROW09_N722_R2.fastq
FastQC complete
Feb 25 02:23:37 ..... Started STAR run
Feb 25 02:31:33 ..... Started mapping
Feb 25 02:31:35 ..... Started sorting BAM
Feb 25 02:31:35 ..... Finished successfully
STAR alignment complete

End of 1_FQC_StarAlign.sh... Thu Feb 25 02:31:36 PST 2016
