
Starting 1_FQC_StarAlign.sh... Wed Feb 24 23:11:43 PST 2016

HT_ROW29_N703
Script is beginning...
Analysis complete for HT_ROW29_N703_R1.fastq
Analysis complete for HT_ROW29_N703_R2.fastq
FastQC complete
Feb 24 23:11:51 ..... Started STAR run
Feb 24 23:18:54 ..... Started mapping
Feb 24 23:18:56 ..... Started sorting BAM
Feb 24 23:18:56 ..... Finished successfully
STAR alignment complete

End of 1_FQC_StarAlign.sh... Wed Feb 24 23:18:56 PST 2016

Starting 1_FQC_StarAlign.sh... Thu Feb 25 08:30:58 PST 2016

HT_ROW29_N703
Script is beginning...
Analysis complete for HT_ROW29_N703_R1.fastq
Analysis complete for HT_ROW29_N703_R2.fastq
FastQC complete
Feb 25 08:31:08 ..... Started STAR run
Feb 25 08:37:24 ..... Started mapping
Feb 25 08:37:26 ..... Started sorting BAM
Feb 25 08:37:26 ..... Finished successfully
STAR alignment complete

End of 1_FQC_StarAlign.sh... Thu Feb 25 08:37:26 PST 2016
