
Starting 1_FQC_StarAlign.sh... Wed Feb 24 22:40:28 PST 2016

HT_ROW24_N714
Script is beginning...
Analysis complete for HT_ROW24_N714_R1.fastq
Analysis complete for HT_ROW24_N714_R2.fastq
FastQC complete
Feb 24 22:40:37 ..... Started STAR run
Feb 24 22:41:01 ..... Started mapping
Feb 24 22:41:06 ..... Started sorting BAM
Feb 24 22:41:07 ..... Finished successfully
STAR alignment complete

End of 1_FQC_StarAlign.sh... Wed Feb 24 22:41:07 PST 2016

Starting 1_FQC_StarAlign.sh... Thu Feb 25 07:23:58 PST 2016

HT_ROW24_N714
Script is beginning...
Analysis complete for HT_ROW24_N714_R1.fastq
Analysis complete for HT_ROW24_N714_R2.fastq
FastQC complete
Feb 25 07:24:09 ..... Started STAR run
Feb 25 07:35:40 ..... Started mapping
Feb 25 07:35:47 ..... Started sorting BAM
Feb 25 07:35:49 ..... Finished successfully
STAR alignment complete

End of 1_FQC_StarAlign.sh... Thu Feb 25 07:35:49 PST 2016
