
Starting 1_FQC_StarAlign.sh... Wed Feb 24 23:41:28 PST 2016

HT_ROW33_N701
Script is beginning...
Analysis complete for HT_ROW33_N701_R1.fastq
Analysis complete for HT_ROW33_N701_R2.fastq
FastQC complete
Feb 24 23:41:38 ..... Started STAR run
Feb 24 23:45:25 ..... Started mapping
Feb 24 23:45:33 ..... Started sorting BAM
Feb 24 23:45:33 ..... Finished successfully
STAR alignment complete

End of 1_FQC_StarAlign.sh... Wed Feb 24 23:45:34 PST 2016

Starting 1_FQC_StarAlign.sh... Thu Feb 25 09:21:13 PST 2016

HT_ROW33_N701
Script is beginning...
Analysis complete for HT_ROW33_N701_R1.fastq
Analysis complete for HT_ROW33_N701_R2.fastq
FastQC complete
Feb 25 09:21:23 ..... Started STAR run
Feb 25 09:28:18 ..... Started mapping
Feb 25 09:28:25 ..... Started sorting BAM
Feb 25 09:28:25 ..... Finished successfully
STAR alignment complete

End of 1_FQC_StarAlign.sh... Thu Feb 25 09:28:26 PST 2016
