
Starting 1_FQC_StarAlign.sh... Wed Feb 24 15:57:58 PST 2016

HT_ROW01_N716
Script is beginning...
Analysis complete for HT_ROW01_N716_R1.fastq
Analysis complete for HT_ROW01_N716_R2.fastq
FastQC complete
Feb 24 15:58:08 ..... Started STAR run
Feb 24 16:02:35 ..... Started mapping
Feb 24 16:02:39 ..... Started sorting BAM
Feb 24 16:02:40 ..... Finished successfully
STAR alignment complete

End of 1_FQC_StarAlign.sh... Wed Feb 24 16:02:41 PST 2016

Starting 1_FQC_StarAlign.sh... Thu Feb 25 01:09:28 PST 2016

HT_ROW01_N716
Script is beginning...
Analysis complete for HT_ROW01_N716_R1.fastq
Analysis complete for HT_ROW01_N716_R2.fastq
FastQC complete
Feb 25 01:09:36 ..... Started STAR run
Feb 25 01:10:13 ..... Started mapping
Feb 25 01:10:17 ..... Started sorting BAM
Feb 25 01:10:18 ..... Finished successfully
STAR alignment complete

End of 1_FQC_StarAlign.sh... Thu Feb 25 01:10:18 PST 2016
