
Starting 1_FQC_StarAlign.sh... Wed Feb 24 23:02:43 PST 2016

HT_ROW28_N706
Script is beginning...
Analysis complete for HT_ROW28_N706_R1.fastq
Analysis complete for HT_ROW28_N706_R2.fastq
FastQC complete
Feb 24 23:02:50 ..... Started STAR run
Feb 24 23:03:47 ..... Started mapping
Feb 24 23:03:50 ..... Started sorting BAM
Feb 24 23:03:51 ..... Finished successfully
STAR alignment complete

End of 1_FQC_StarAlign.sh... Wed Feb 24 23:03:52 PST 2016

Starting 1_FQC_StarAlign.sh... Thu Feb 25 08:20:28 PST 2016

HT_ROW28_N706
Script is beginning...
Analysis complete for HT_ROW28_N706_R1.fastq
Analysis complete for HT_ROW28_N706_R2.fastq
FastQC complete
Feb 25 08:20:35 ..... Started STAR run
Feb 25 08:23:06 ..... Started mapping
Feb 25 08:23:09 ..... Started sorting BAM
Feb 25 08:23:10 ..... Finished successfully
STAR alignment complete

End of 1_FQC_StarAlign.sh... Thu Feb 25 08:23:10 PST 2016
