
Starting 1_FQC_StarAlign.sh... Wed Feb 24 20:05:43 PST 2016

HT_ROW14_N720
Script is beginning...
Analysis complete for HT_ROW14_N720_R1.fastq
Analysis complete for HT_ROW14_N720_R2.fastq
FastQC complete
Feb 24 20:05:53 ..... Started STAR run
Feb 24 20:06:05 ..... Started mapping
Feb 24 20:06:10 ..... Started sorting BAM
Feb 24 20:06:10 ..... Finished successfully
STAR alignment complete

End of 1_FQC_StarAlign.sh... Wed Feb 24 20:06:10 PST 2016

Starting 1_FQC_StarAlign.sh... Thu Feb 25 04:30:58 PST 2016

HT_ROW14_N720
Script is beginning...
Analysis complete for HT_ROW14_N720_R1.fastq
Analysis complete for HT_ROW14_N720_R2.fastq
FastQC complete
Feb 25 04:31:07 ..... Started STAR run
Feb 25 04:31:22 ..... Started mapping
Feb 25 04:31:27 ..... Started sorting BAM
Feb 25 04:31:28 ..... Finished successfully
STAR alignment complete

End of 1_FQC_StarAlign.sh... Thu Feb 25 04:31:28 PST 2016
