
Starting 1_FQC_StarAlign.sh... Wed Feb 24 22:59:43 PST 2016

HT_ROW27_N711
Script is beginning...
Analysis complete for HT_ROW27_N711_R1.fastq
Analysis complete for HT_ROW27_N711_R2.fastq
FastQC complete
Feb 24 23:00:21 ..... Started STAR run
Feb 24 23:00:38 ..... Started mapping
Feb 24 23:01:24 ..... Started sorting BAM
Feb 24 23:01:28 ..... Finished successfully
STAR alignment complete

End of 1_FQC_StarAlign.sh... Wed Feb 24 23:01:29 PST 2016

Starting 1_FQC_StarAlign.sh... Thu Feb 25 08:12:28 PST 2016

HT_ROW27_N711
Script is beginning...
Analysis complete for HT_ROW27_N711_R1.fastq
Analysis complete for HT_ROW27_N711_R2.fastq
FastQC complete
Feb 25 08:13:27 ..... Started STAR run
Feb 25 08:13:39 ..... Started mapping
Feb 25 08:14:24 ..... Started sorting BAM
Feb 25 08:14:32 ..... Finished successfully
STAR alignment complete

End of 1_FQC_StarAlign.sh... Thu Feb 25 08:14:34 PST 2016
