
Starting 1_FQC_StarAlign.sh... Wed Feb 24 16:07:13 PST 2016

HT_ROW02_N705
Script is beginning...
Analysis complete for HT_ROW02_N705_R1.fastq
Analysis complete for HT_ROW02_N705_R2.fastq
FastQC complete
Feb 24 16:07:22 ..... Started STAR run
Feb 24 16:11:24 ..... Started mapping
Feb 24 16:11:27 ..... Started sorting BAM
Feb 24 16:11:27 ..... Finished successfully
STAR alignment complete

End of 1_FQC_StarAlign.sh... Wed Feb 24 16:11:28 PST 2016

Starting 1_FQC_StarAlign.sh... Thu Feb 25 01:13:58 PST 2016

HT_ROW02_N705
Script is beginning...
Analysis complete for HT_ROW02_N705_R1.fastq
Analysis complete for HT_ROW02_N705_R2.fastq
FastQC complete
Feb 25 01:14:05 ..... Started STAR run
Feb 25 01:14:17 ..... Started mapping
Feb 25 01:14:19 ..... Started sorting BAM
Feb 25 01:14:20 ..... Finished successfully
STAR alignment complete

End of 1_FQC_StarAlign.sh... Thu Feb 25 01:14:20 PST 2016
