
Starting 1_FQC_StarAlign.sh... Wed Feb 24 22:58:58 PST 2016

HT_ROW27_N705
Script is beginning...
Analysis complete for HT_ROW27_N705_R1.fastq
Analysis complete for HT_ROW27_N705_R2.fastq
FastQC complete
Feb 24 22:59:11 ..... Started STAR run
Feb 24 22:59:24 ..... Started mapping
Feb 24 22:59:40 ..... Started sorting BAM
Feb 24 22:59:41 ..... Finished successfully
STAR alignment complete

End of 1_FQC_StarAlign.sh... Wed Feb 24 22:59:41 PST 2016

Starting 1_FQC_StarAlign.sh... Thu Feb 25 08:11:13 PST 2016

HT_ROW27_N705
Script is beginning...
Analysis complete for HT_ROW27_N705_R1.fastq
Analysis complete for HT_ROW27_N705_R2.fastq
FastQC complete
Feb 25 08:11:27 ..... Started STAR run
Feb 25 08:11:38 ..... Started mapping
Feb 25 08:11:53 ..... Started sorting BAM
Feb 25 08:11:54 ..... Finished successfully
STAR alignment complete

End of 1_FQC_StarAlign.sh... Thu Feb 25 08:11:55 PST 2016
