
Starting 1_FQC_StarAlign.sh... Wed Feb 24 22:40:28 PST 2016

HT_ROW24_N715
Script is beginning...
Analysis complete for HT_ROW24_N715_R1.fastq
Analysis complete for HT_ROW24_N715_R2.fastq
FastQC complete
Feb 24 22:40:38 ..... Started STAR run
Feb 24 22:50:56 ..... Started mapping
Feb 24 22:51:03 ..... Started sorting BAM
Feb 24 22:51:05 ..... Finished successfully
STAR alignment complete

End of 1_FQC_StarAlign.sh... Wed Feb 24 22:51:06 PST 2016

Starting 1_FQC_StarAlign.sh... Thu Feb 25 07:24:13 PST 2016

HT_ROW24_N715
Script is beginning...
Analysis complete for HT_ROW24_N715_R1.fastq
Analysis complete for HT_ROW24_N715_R2.fastq
FastQC complete
Feb 25 07:24:22 ..... Started STAR run
Feb 25 07:31:04 ..... Started mapping
Feb 25 07:31:09 ..... Started sorting BAM
Feb 25 07:31:09 ..... Finished successfully
STAR alignment complete

End of 1_FQC_StarAlign.sh... Thu Feb 25 07:31:10 PST 2016
