
Starting 1_FQC_StarAlign.sh... Thu Feb 25 00:24:58 PST 2016

HT_ROW37_N703
Script is beginning...
Analysis complete for HT_ROW37_N703_R1.fastq
Analysis complete for HT_ROW37_N703_R2.fastq
FastQC complete
Feb 25 00:25:11 ..... Started STAR run
Feb 25 00:34:18 ..... Started mapping
Feb 25 00:34:23 ..... Started sorting BAM
Feb 25 00:34:23 ..... Finished successfully
STAR alignment complete

End of 1_FQC_StarAlign.sh... Thu Feb 25 00:34:23 PST 2016

Starting 1_FQC_StarAlign.sh... Thu Feb 25 09:50:28 PST 2016

HT_ROW37_N703
Script is beginning...
Analysis complete for HT_ROW37_N703_R1.fastq
Analysis complete for HT_ROW37_N703_R2.fastq
FastQC complete
Feb 25 09:50:36 ..... Started STAR run
Feb 25 09:51:58 ..... Started mapping
Feb 25 09:52:02 ..... Started sorting BAM
Feb 25 09:52:02 ..... Finished successfully
STAR alignment complete

End of 1_FQC_StarAlign.sh... Thu Feb 25 09:52:03 PST 2016
