
Starting 1_FQC_StarAlign.sh... Wed Feb 24 18:37:58 PST 2016

HT_ROW10_N716
Script is beginning...
Analysis complete for HT_ROW10_N716_R1.fastq
Analysis complete for HT_ROW10_N716_R2.fastq
FastQC complete
Feb 24 18:38:09 ..... Started STAR run
Feb 24 18:45:43 ..... Started mapping
Feb 24 18:45:47 ..... Started sorting BAM
Feb 24 18:45:48 ..... Finished successfully
STAR alignment complete

End of 1_FQC_StarAlign.sh... Wed Feb 24 18:45:49 PST 2016

Starting 1_FQC_StarAlign.sh... Thu Feb 25 02:38:28 PST 2016

HT_ROW10_N716
Script is beginning...
Analysis complete for HT_ROW10_N716_R1.fastq
Analysis complete for HT_ROW10_N716_R2.fastq
FastQC complete
Feb 25 02:38:36 ..... Started STAR run
Feb 25 02:43:06 ..... Started mapping
Feb 25 02:43:08 ..... Started sorting BAM
Feb 25 02:43:09 ..... Finished successfully
STAR alignment complete

End of 1_FQC_StarAlign.sh... Thu Feb 25 02:43:10 PST 2016
