
Starting 1_FQC_StarAlign.sh... Wed Feb 24 23:09:13 PST 2016

HT_ROW28_N719
Script is beginning...
Analysis complete for HT_ROW28_N719_R1.fastq
Analysis complete for HT_ROW28_N719_R2.fastq
FastQC complete
Feb 24 23:09:27 ..... Started STAR run
Feb 24 23:19:53 ..... Started mapping
Feb 24 23:19:57 ..... Started sorting BAM
Feb 24 23:19:58 ..... Finished successfully
STAR alignment complete

End of 1_FQC_StarAlign.sh... Wed Feb 24 23:19:59 PST 2016

Starting 1_FQC_StarAlign.sh... Thu Feb 25 08:24:58 PST 2016

HT_ROW28_N719
Script is beginning...
Analysis complete for HT_ROW28_N719_R1.fastq
Analysis complete for HT_ROW28_N719_R2.fastq
FastQC complete
Feb 25 08:25:06 ..... Started STAR run
Feb 25 08:28:59 ..... Started mapping
Feb 25 08:29:03 ..... Started sorting BAM
Feb 25 08:29:03 ..... Finished successfully
STAR alignment complete

End of 1_FQC_StarAlign.sh... Thu Feb 25 08:29:04 PST 2016
