
Starting 1_FQC_StarAlign.sh... Wed Feb 24 20:53:13 PST 2016

HT_ROW17_N704
Script is beginning...
Analysis complete for HT_ROW17_N704_R1.fastq
Analysis complete for HT_ROW17_N704_R2.fastq
FastQC complete
Feb 24 20:53:25 ..... Started STAR run
Feb 24 20:58:50 ..... Started mapping
Feb 24 20:59:00 ..... Started sorting BAM
Feb 24 20:59:00 ..... Finished successfully
STAR alignment complete

End of 1_FQC_StarAlign.sh... Wed Feb 24 20:59:01 PST 2016

Starting 1_FQC_StarAlign.sh... Thu Feb 25 05:33:28 PST 2016

HT_ROW17_N704
Script is beginning...
Analysis complete for HT_ROW17_N704_R1.fastq
Analysis complete for HT_ROW17_N704_R2.fastq
FastQC complete
Feb 25 05:33:39 ..... Started STAR run
Feb 25 05:40:28 ..... Started mapping
Feb 25 05:40:36 ..... Started sorting BAM
Feb 25 05:40:37 ..... Finished successfully
STAR alignment complete

End of 1_FQC_StarAlign.sh... Thu Feb 25 05:40:37 PST 2016
