
Starting 1_FQC_StarAlign.sh... Wed Feb 24 21:03:13 PST 2016

HT_ROW17_N711
Script is beginning...
Analysis complete for HT_ROW17_N711_R1.fastq
Analysis complete for HT_ROW17_N711_R2.fastq
FastQC complete
Feb 24 21:03:42 ..... Started STAR run
Feb 24 21:23:14 ..... Started mapping
Feb 24 21:23:35 ..... Started sorting BAM
Feb 24 21:23:43 ..... Finished successfully
STAR alignment complete

End of 1_FQC_StarAlign.sh... Wed Feb 24 21:23:44 PST 2016

Starting 1_FQC_StarAlign.sh... Thu Feb 25 05:40:28 PST 2016

HT_ROW17_N711
Script is beginning...
Analysis complete for HT_ROW17_N711_R1.fastq
Analysis complete for HT_ROW17_N711_R2.fastq
FastQC complete
Feb 25 05:40:51 ..... Started STAR run
Feb 25 05:58:55 ..... Started mapping
Feb 25 05:59:18 ..... Started sorting BAM
Feb 25 05:59:21 ..... Finished successfully
STAR alignment complete

End of 1_FQC_StarAlign.sh... Thu Feb 25 05:59:21 PST 2016
