
Starting 1_FQC_StarAlign.sh... Wed Feb 24 16:02:13 PST 2016

HT_ROW01_N724
Script is beginning...
Analysis complete for HT_ROW01_N724_R1.fastq
Analysis complete for HT_ROW01_N724_R2.fastq
FastQC complete
Feb 24 16:02:20 ..... Started STAR run
Feb 24 16:05:33 ..... Started mapping
Feb 24 16:05:34 ..... Started sorting BAM
Feb 24 16:05:34 ..... Finished successfully
STAR alignment complete

End of 1_FQC_StarAlign.sh... Wed Feb 24 16:05:35 PST 2016

Starting 1_FQC_StarAlign.sh... Thu Feb 25 01:12:28 PST 2016

HT_ROW01_N724
Script is beginning...
Analysis complete for HT_ROW01_N724_R1.fastq
Analysis complete for HT_ROW01_N724_R2.fastq
FastQC complete
Feb 25 01:12:35 ..... Started STAR run
Feb 25 01:17:45 ..... Started mapping
Feb 25 01:17:47 ..... Started sorting BAM
Feb 25 01:17:49 ..... Finished successfully
STAR alignment complete

End of 1_FQC_StarAlign.sh... Thu Feb 25 01:17:50 PST 2016
