
Starting 1_FQC_StarAlign.sh... Wed Feb 24 22:00:13 PST 2016

HT_ROW20_N716
Script is beginning...
Analysis complete for HT_ROW20_N716_R1.fastq
Analysis complete for HT_ROW20_N716_R2.fastq
FastQC complete
Feb 24 22:00:23 ..... Started STAR run
Feb 24 22:05:32 ..... Started mapping
Feb 24 22:05:37 ..... Started sorting BAM
Feb 24 22:05:37 ..... Finished successfully
STAR alignment complete

End of 1_FQC_StarAlign.sh... Wed Feb 24 22:05:38 PST 2016

Starting 1_FQC_StarAlign.sh... Thu Feb 25 06:39:43 PST 2016

HT_ROW20_N716
Script is beginning...
Analysis complete for HT_ROW20_N716_R1.fastq
Analysis complete for HT_ROW20_N716_R2.fastq
FastQC complete
Feb 25 06:39:55 ..... Started STAR run
Feb 25 06:52:10 ..... Started mapping
Feb 25 06:52:15 ..... Started sorting BAM
Feb 25 06:52:16 ..... Finished successfully
STAR alignment complete

End of 1_FQC_StarAlign.sh... Thu Feb 25 06:52:17 PST 2016
