
Starting 1_FQC_StarAlign.sh... Wed Feb 24 19:49:58 PST 2016

HT_ROW13_N723
Script is beginning...
Analysis complete for HT_ROW13_N723_R1.fastq
Analysis complete for HT_ROW13_N723_R2.fastq
FastQC complete
Feb 24 19:50:28 ..... Started STAR run
Feb 24 20:11:28 ..... Started mapping
Feb 24 20:11:54 ..... Started sorting BAM
Feb 24 20:11:55 ..... Finished successfully
STAR alignment complete

End of 1_FQC_StarAlign.sh... Wed Feb 24 20:11:56 PST 2016

Starting 1_FQC_StarAlign.sh... Thu Feb 25 04:00:14 PST 2016

HT_ROW13_N723
Script is beginning...
Analysis complete for HT_ROW13_N723_R1.fastq
Analysis complete for HT_ROW13_N723_R2.fastq
FastQC complete
Feb 25 04:00:35 ..... Started STAR run
Feb 25 04:11:45 ..... Started mapping
Feb 25 04:12:03 ..... Started sorting BAM
Feb 25 04:12:04 ..... Finished successfully
STAR alignment complete

End of 1_FQC_StarAlign.sh... Thu Feb 25 04:12:06 PST 2016
