
Starting 1_FQC_StarAlign.sh... Wed Feb 24 22:38:59 PST 2016

HT_ROW24_N703
Script is beginning...
Analysis complete for HT_ROW24_N703_R1.fastq
Analysis complete for HT_ROW24_N703_R2.fastq
FastQC complete
Feb 24 22:39:10 ..... Started STAR run
Feb 24 22:54:11 ..... Started mapping
Feb 24 22:54:14 ..... Started sorting BAM
Feb 24 22:54:14 ..... Finished successfully
STAR alignment complete

End of 1_FQC_StarAlign.sh... Wed Feb 24 22:54:15 PST 2016

Starting 1_FQC_StarAlign.sh... Thu Feb 25 07:17:13 PST 2016

HT_ROW24_N703
Script is beginning...
Analysis complete for HT_ROW24_N703_R1.fastq
Analysis complete for HT_ROW24_N703_R2.fastq
FastQC complete
Feb 25 07:17:22 ..... Started STAR run
Feb 25 07:22:30 ..... Started mapping
Feb 25 07:22:32 ..... Started sorting BAM
Feb 25 07:22:32 ..... Finished successfully
STAR alignment complete

End of 1_FQC_StarAlign.sh... Thu Feb 25 07:22:33 PST 2016
