
Starting 1_FQC_StarAlign.sh... Wed Feb 24 17:04:43 PST 2016

HT_ROW06_N718
Script is beginning...
Analysis complete for HT_ROW06_N718_R1.fastq
Analysis complete for HT_ROW06_N718_R2.fastq
FastQC complete
Feb 24 17:04:49 ..... Started STAR run
Feb 24 17:05:04 ..... Started mapping
Feb 24 17:05:05 ..... Started sorting BAM
Feb 24 17:05:06 ..... Finished successfully
STAR alignment complete

End of 1_FQC_StarAlign.sh... Wed Feb 24 17:05:06 PST 2016

Starting 1_FQC_StarAlign.sh... Thu Feb 25 01:50:43 PST 2016

HT_ROW06_N718
Script is beginning...
Analysis complete for HT_ROW06_N718_R1.fastq
Analysis complete for HT_ROW06_N718_R2.fastq
FastQC complete
Feb 25 01:50:51 ..... Started STAR run
Feb 25 01:57:25 ..... Started mapping
Feb 25 01:57:26 ..... Started sorting BAM
Feb 25 01:57:26 ..... Finished successfully
STAR alignment complete

End of 1_FQC_StarAlign.sh... Thu Feb 25 01:57:27 PST 2016
