
Starting 1_FQC_StarAlign.sh... Wed Feb 24 17:55:13 PST 2016

HT_ROW09_N716
Script is beginning...
Analysis complete for HT_ROW09_N716_R1.fastq
Analysis complete for HT_ROW09_N716_R2.fastq
FastQC complete
Feb 24 17:55:28 ..... Started STAR run
Feb 24 18:12:06 ..... Started mapping
Feb 24 18:12:25 ..... Started sorting BAM
Feb 24 18:12:27 ..... Finished successfully
STAR alignment complete

End of 1_FQC_StarAlign.sh... Wed Feb 24 18:12:28 PST 2016

Starting 1_FQC_StarAlign.sh... Thu Feb 25 02:20:43 PST 2016

HT_ROW09_N716
Script is beginning...
Analysis complete for HT_ROW09_N716_R1.fastq
Analysis complete for HT_ROW09_N716_R2.fastq
FastQC complete
Feb 25 02:20:54 ..... Started STAR run
Feb 25 02:32:14 ..... Started mapping
Feb 25 02:32:31 ..... Started sorting BAM
Feb 25 02:32:32 ..... Finished successfully
STAR alignment complete

End of 1_FQC_StarAlign.sh... Thu Feb 25 02:32:33 PST 2016
