
Starting 1_FQC_StarAlign.sh... Wed Feb 24 21:23:59 PST 2016

HT_ROW18_N716
Script is beginning...
Analysis complete for HT_ROW18_N716_R1.fastq
Analysis complete for HT_ROW18_N716_R2.fastq
FastQC complete
Feb 24 21:24:09 ..... Started STAR run
Feb 24 21:35:58 ..... Started mapping
Feb 24 21:36:06 ..... Started sorting BAM
Feb 24 21:36:07 ..... Finished successfully
STAR alignment complete

End of 1_FQC_StarAlign.sh... Wed Feb 24 21:36:12 PST 2016

Starting 1_FQC_StarAlign.sh... Thu Feb 25 06:05:28 PST 2016

HT_ROW18_N716
Script is beginning...
Analysis complete for HT_ROW18_N716_R1.fastq
Analysis complete for HT_ROW18_N716_R2.fastq
FastQC complete
Feb 25 06:05:37 ..... Started STAR run
Feb 25 06:14:34 ..... Started mapping
Feb 25 06:14:40 ..... Started sorting BAM
Feb 25 06:14:40 ..... Finished successfully
STAR alignment complete

End of 1_FQC_StarAlign.sh... Thu Feb 25 06:14:40 PST 2016
