
Starting 1_FQC_StarAlign.sh... Thu Feb 25 00:23:28 PST 2016

HT_ROW36_N723
Script is beginning...
Analysis complete for HT_ROW36_N723_R1.fastq
Analysis complete for HT_ROW36_N723_R2.fastq
FastQC complete
Feb 25 00:23:37 ..... Started STAR run
Feb 25 00:30:10 ..... Started mapping
Feb 25 00:30:16 ..... Started sorting BAM
Feb 25 00:30:17 ..... Finished successfully
STAR alignment complete

End of 1_FQC_StarAlign.sh... Thu Feb 25 00:30:17 PST 2016

Starting 1_FQC_StarAlign.sh... Thu Feb 25 09:49:58 PST 2016

HT_ROW36_N723
Script is beginning...
Analysis complete for HT_ROW36_N723_R1.fastq
Analysis complete for HT_ROW36_N723_R2.fastq
FastQC complete
Feb 25 09:50:08 ..... Started STAR run
Feb 25 09:53:22 ..... Started mapping
Feb 25 09:53:27 ..... Started sorting BAM
Feb 25 09:53:27 ..... Finished successfully
STAR alignment complete

End of 1_FQC_StarAlign.sh... Thu Feb 25 09:53:28 PST 2016
