
Starting 1_FQC_StarAlign.sh... Wed Feb 24 22:46:43 PST 2016

HT_ROW25_N710
Script is beginning...
Analysis complete for HT_ROW25_N710_R1.fastq
Analysis complete for HT_ROW25_N710_R2.fastq
FastQC complete
Feb 24 22:46:51 ..... Started STAR run
Feb 24 22:47:35 ..... Started mapping
Feb 24 22:47:37 ..... Started sorting BAM
Feb 24 22:47:37 ..... Finished successfully
STAR alignment complete

End of 1_FQC_StarAlign.sh... Wed Feb 24 22:47:38 PST 2016

Starting 1_FQC_StarAlign.sh... Thu Feb 25 07:37:58 PST 2016

HT_ROW25_N710
Script is beginning...
Analysis complete for HT_ROW25_N710_R1.fastq
Analysis complete for HT_ROW25_N710_R2.fastq
FastQC complete
Feb 25 07:38:07 ..... Started STAR run
Feb 25 07:42:06 ..... Started mapping
Feb 25 07:42:07 ..... Started sorting BAM
Feb 25 07:42:07 ..... Finished successfully
STAR alignment complete

End of 1_FQC_StarAlign.sh... Thu Feb 25 07:42:08 PST 2016
