
Starting 1_FQC_StarAlign.sh... Wed Feb 24 20:03:43 PST 2016

HT_ROW14_N711
Script is beginning...
Analysis complete for HT_ROW14_N711_R1.fastq
Analysis complete for HT_ROW14_N711_R2.fastq
FastQC complete
Feb 24 20:04:05 ..... Started STAR run
Feb 24 20:11:50 ..... Started mapping
Feb 24 20:12:05 ..... Started sorting BAM
Feb 24 20:12:06 ..... Finished successfully
STAR alignment complete

End of 1_FQC_StarAlign.sh... Wed Feb 24 20:12:07 PST 2016

Starting 1_FQC_StarAlign.sh... Thu Feb 25 04:15:44 PST 2016

HT_ROW14_N711
Script is beginning...
Analysis complete for HT_ROW14_N711_R1.fastq
Analysis complete for HT_ROW14_N711_R2.fastq
FastQC complete
Feb 25 04:16:21 ..... Started STAR run
Feb 25 04:37:45 ..... Started mapping
Feb 25 04:38:08 ..... Started sorting BAM
Feb 25 04:38:15 ..... Finished successfully
STAR alignment complete

End of 1_FQC_StarAlign.sh... Thu Feb 25 04:38:17 PST 2016
