
Starting 1_FQC_StarAlign.sh... Wed Feb 24 16:27:13 PST 2016

HT_ROW03_N707
Script is beginning...
Analysis complete for HT_ROW03_N707_R1.fastq
Analysis complete for HT_ROW03_N707_R2.fastq
FastQC complete
Feb 24 16:27:28 ..... Started STAR run
Feb 24 16:31:14 ..... Started mapping
Feb 24 16:31:27 ..... Started sorting BAM
Feb 24 16:31:28 ..... Finished successfully
STAR alignment complete

End of 1_FQC_StarAlign.sh... Wed Feb 24 16:31:28 PST 2016

Starting 1_FQC_StarAlign.sh... Thu Feb 25 01:23:58 PST 2016

HT_ROW03_N707
Script is beginning...
Analysis complete for HT_ROW03_N707_R1.fastq
Analysis complete for HT_ROW03_N707_R2.fastq
FastQC complete
Feb 25 01:24:09 ..... Started STAR run
Feb 25 01:30:13 ..... Started mapping
Feb 25 01:30:23 ..... Started sorting BAM
Feb 25 01:30:24 ..... Finished successfully
STAR alignment complete

End of 1_FQC_StarAlign.sh... Thu Feb 25 01:30:25 PST 2016
