
Starting 1_FQC_StarAlign.sh... Thu Feb 25 00:18:13 PST 2016

HT_ROW36_N715
Script is beginning...
Analysis complete for HT_ROW36_N715_R1.fastq
Analysis complete for HT_ROW36_N715_R2.fastq
FastQC complete
Feb 25 00:18:23 ..... Started STAR run
Feb 25 00:23:13 ..... Started mapping
Feb 25 00:23:16 ..... Started sorting BAM
Feb 25 00:23:16 ..... Finished successfully
STAR alignment complete

End of 1_FQC_StarAlign.sh... Thu Feb 25 00:23:17 PST 2016

Starting 1_FQC_StarAlign.sh... Thu Feb 25 09:47:13 PST 2016

HT_ROW36_N715
Script is beginning...
Analysis complete for HT_ROW36_N715_R1.fastq
Analysis complete for HT_ROW36_N715_R2.fastq
FastQC complete
Feb 25 09:47:23 ..... Started STAR run
Feb 25 09:50:05 ..... Started mapping
Feb 25 09:50:07 ..... Started sorting BAM
Feb 25 09:50:08 ..... Finished successfully
STAR alignment complete

End of 1_FQC_StarAlign.sh... Thu Feb 25 09:50:08 PST 2016
