
Starting 1_FQC_StarAlign.sh... Wed Feb 24 19:22:28 PST 2016

HT_ROW11_N723
Script is beginning...
Analysis complete for HT_ROW11_N723_R1.fastq
Analysis complete for HT_ROW11_N723_R2.fastq
FastQC complete
Feb 24 19:22:38 ..... Started STAR run
Feb 24 19:26:51 ..... Started mapping
Feb 24 19:26:58 ..... Started sorting BAM
Feb 24 19:26:59 ..... Finished successfully
STAR alignment complete

End of 1_FQC_StarAlign.sh... Wed Feb 24 19:26:59 PST 2016

Starting 1_FQC_StarAlign.sh... Thu Feb 25 03:06:13 PST 2016

HT_ROW11_N723
Script is beginning...
Analysis complete for HT_ROW11_N723_R1.fastq
Analysis complete for HT_ROW11_N723_R2.fastq
FastQC complete
Feb 25 03:06:23 ..... Started STAR run
Feb 25 03:15:16 ..... Started mapping
Feb 25 03:15:21 ..... Started sorting BAM
Feb 25 03:15:21 ..... Finished successfully
STAR alignment complete

End of 1_FQC_StarAlign.sh... Thu Feb 25 03:15:22 PST 2016
