
Starting 1_FQC_StarAlign.sh... Wed Feb 24 16:12:13 PST 2016

HT_ROW02_N714
Script is beginning...
Analysis complete for HT_ROW02_N714_R1.fastq
Analysis complete for HT_ROW02_N714_R2.fastq
FastQC complete
Feb 24 16:12:22 ..... Started STAR run
Feb 24 16:17:56 ..... Started mapping
Feb 24 16:18:05 ..... Started sorting BAM
Feb 24 16:18:06 ..... Finished successfully
STAR alignment complete

End of 1_FQC_StarAlign.sh... Wed Feb 24 16:18:06 PST 2016

Starting 1_FQC_StarAlign.sh... Thu Feb 25 01:15:58 PST 2016

HT_ROW02_N714
Script is beginning...
Analysis complete for HT_ROW02_N714_R1.fastq
Analysis complete for HT_ROW02_N714_R2.fastq
FastQC complete
Feb 25 01:16:06 ..... Started STAR run
Feb 25 01:17:44 ..... Started mapping
Feb 25 01:17:53 ..... Started sorting BAM
Feb 25 01:17:55 ..... Finished successfully
STAR alignment complete

End of 1_FQC_StarAlign.sh... Thu Feb 25 01:17:56 PST 2016
