
Starting 1_FQC_StarAlign.sh... Wed Feb 24 18:19:59 PST 2016

HT_ROW10_N706
Script is beginning...
Analysis complete for HT_ROW10_N706_R1.fastq
Analysis complete for HT_ROW10_N706_R2.fastq
FastQC complete
Feb 24 18:20:14 ..... Started STAR run
Feb 24 18:47:13 ..... Started mapping
Feb 24 18:47:21 ..... Started sorting BAM
Feb 24 18:47:24 ..... Finished successfully
STAR alignment complete

End of 1_FQC_StarAlign.sh... Wed Feb 24 18:47:25 PST 2016

Starting 1_FQC_StarAlign.sh... Thu Feb 25 02:32:28 PST 2016

HT_ROW10_N706
Script is beginning...
Analysis complete for HT_ROW10_N706_R1.fastq
Analysis complete for HT_ROW10_N706_R2.fastq
FastQC complete
Feb 25 02:32:36 ..... Started STAR run
Feb 25 02:38:03 ..... Started mapping
Feb 25 02:38:06 ..... Started sorting BAM
Feb 25 02:38:07 ..... Finished successfully
STAR alignment complete

End of 1_FQC_StarAlign.sh... Thu Feb 25 02:38:07 PST 2016
