
Starting 1_FQC_StarAlign.sh... Thu Feb 25 00:11:28 PST 2016

HT_ROW35_N724
Script is beginning...
Analysis complete for HT_ROW35_N724_R1.fastq
Analysis complete for HT_ROW35_N724_R2.fastq
FastQC complete
Feb 25 00:11:37 ..... Started STAR run
Feb 25 00:17:45 ..... Started mapping
Feb 25 00:17:58 ..... Started sorting BAM
Feb 25 00:17:59 ..... Finished successfully
STAR alignment complete

End of 1_FQC_StarAlign.sh... Thu Feb 25 00:17:59 PST 2016

Starting 1_FQC_StarAlign.sh... Thu Feb 25 09:41:28 PST 2016

HT_ROW35_N724
Script is beginning...
Analysis complete for HT_ROW35_N724_R1.fastq
Analysis complete for HT_ROW35_N724_R2.fastq
FastQC complete
Feb 25 09:41:40 ..... Started STAR run
Feb 25 09:45:58 ..... Started mapping
Feb 25 09:46:11 ..... Started sorting BAM
Feb 25 09:46:11 ..... Finished successfully
STAR alignment complete

End of 1_FQC_StarAlign.sh... Thu Feb 25 09:46:12 PST 2016
