
Starting 1_FQC_StarAlign.sh... Wed Feb 24 20:11:58 PST 2016

HT_ROW15_N706
Script is beginning...
Analysis complete for HT_ROW15_N706_R1.fastq
Analysis complete for HT_ROW15_N706_R2.fastq
FastQC complete
Feb 24 20:12:09 ..... Started STAR run
Feb 24 20:19:48 ..... Started mapping
Feb 24 20:19:55 ..... Started sorting BAM
Feb 24 20:19:55 ..... Finished successfully
STAR alignment complete

End of 1_FQC_StarAlign.sh... Wed Feb 24 20:19:56 PST 2016

Starting 1_FQC_StarAlign.sh... Thu Feb 25 04:37:58 PST 2016

HT_ROW15_N706
Script is beginning...
Analysis complete for HT_ROW15_N706_R1.fastq
Analysis complete for HT_ROW15_N706_R2.fastq
FastQC complete
Feb 25 04:38:09 ..... Started STAR run
Feb 25 04:46:27 ..... Started mapping
Feb 25 04:46:35 ..... Started sorting BAM
Feb 25 04:46:35 ..... Finished successfully
STAR alignment complete

End of 1_FQC_StarAlign.sh... Thu Feb 25 04:46:36 PST 2016
