
Starting 1_FQC_StarAlign.sh... Wed Feb 24 22:20:59 PST 2016

HT_ROW22_N705
Script is beginning...
Analysis complete for HT_ROW22_N705_R1.fastq
Analysis complete for HT_ROW22_N705_R2.fastq
FastQC complete
Feb 24 22:21:07 ..... Started STAR run
Feb 24 22:22:46 ..... Started mapping
Feb 24 22:22:49 ..... Started sorting BAM
Feb 24 22:22:50 ..... Finished successfully
STAR alignment complete

End of 1_FQC_StarAlign.sh... Wed Feb 24 22:22:50 PST 2016

Starting 1_FQC_StarAlign.sh... Thu Feb 25 06:56:28 PST 2016

HT_ROW22_N705
Script is beginning...
Analysis complete for HT_ROW22_N705_R1.fastq
Analysis complete for HT_ROW22_N705_R2.fastq
FastQC complete
Feb 25 06:56:37 ..... Started STAR run
Feb 25 06:57:17 ..... Started mapping
Feb 25 06:57:21 ..... Started sorting BAM
Feb 25 06:57:21 ..... Finished successfully
STAR alignment complete

End of 1_FQC_StarAlign.sh... Thu Feb 25 06:57:22 PST 2016
