
Starting 1_FQC_StarAlign.sh... Wed Feb 24 16:54:43 PST 2016

HT_ROW05_N703
Script is beginning...
Analysis complete for HT_ROW05_N703_R1.fastq
Analysis complete for HT_ROW05_N703_R2.fastq
FastQC complete
Feb 24 16:54:51 ..... Started STAR run
Feb 24 16:55:03 ..... Started mapping
Feb 24 16:55:04 ..... Started sorting BAM
Feb 24 16:55:04 ..... Finished successfully
STAR alignment complete

End of 1_FQC_StarAlign.sh... Wed Feb 24 16:55:04 PST 2016

Starting 1_FQC_StarAlign.sh... Thu Feb 25 01:37:13 PST 2016

HT_ROW05_N703
Script is beginning...
Analysis complete for HT_ROW05_N703_R1.fastq
Analysis complete for HT_ROW05_N703_R2.fastq
FastQC complete
Feb 25 01:37:21 ..... Started STAR run
Feb 25 01:38:06 ..... Started mapping
Feb 25 01:38:07 ..... Started sorting BAM
Feb 25 01:38:07 ..... Finished successfully
STAR alignment complete

End of 1_FQC_StarAlign.sh... Thu Feb 25 01:38:08 PST 2016
