
Starting 1_FQC_StarAlign.sh... Wed Feb 24 22:32:13 PST 2016

HT_ROW23_N711
Script is beginning...
Analysis complete for HT_ROW23_N711_R1.fastq
Analysis complete for HT_ROW23_N711_R2.fastq
FastQC complete
Feb 24 22:32:38 ..... Started STAR run
Feb 24 22:33:27 ..... Started mapping
Feb 24 22:33:47 ..... Started sorting BAM
Feb 24 22:33:47 ..... Finished successfully
STAR alignment complete

End of 1_FQC_StarAlign.sh... Wed Feb 24 22:33:48 PST 2016

Starting 1_FQC_StarAlign.sh... Thu Feb 25 07:08:28 PST 2016

HT_ROW23_N711
Script is beginning...
Analysis complete for HT_ROW23_N711_R1.fastq
Analysis complete for HT_ROW23_N711_R2.fastq
FastQC complete
Feb 25 07:08:49 ..... Started STAR run
Feb 25 07:09:01 ..... Started mapping
Feb 25 07:09:17 ..... Started sorting BAM
Feb 25 07:09:18 ..... Finished successfully
STAR alignment complete

End of 1_FQC_StarAlign.sh... Thu Feb 25 07:09:18 PST 2016
