
Starting 1_FQC_StarAlign.sh... Wed Feb 24 22:36:58 PST 2016

HT_ROW23_N722
Script is beginning...
Analysis complete for HT_ROW23_N722_R1.fastq
Analysis complete for HT_ROW23_N722_R2.fastq
FastQC complete
Feb 24 22:37:11 ..... Started STAR run
Feb 24 22:37:56 ..... Started mapping
Feb 24 22:38:14 ..... Started sorting BAM
Feb 24 22:38:14 ..... Finished successfully
STAR alignment complete

End of 1_FQC_StarAlign.sh... Wed Feb 24 22:38:14 PST 2016

Starting 1_FQC_StarAlign.sh... Thu Feb 25 07:10:13 PST 2016

HT_ROW23_N722
Script is beginning...
Analysis complete for HT_ROW23_N722_R1.fastq
Analysis complete for HT_ROW23_N722_R2.fastq
FastQC complete
Feb 25 07:10:23 ..... Started STAR run
Feb 25 07:10:36 ..... Started mapping
Feb 25 07:10:52 ..... Started sorting BAM
Feb 25 07:10:53 ..... Finished successfully
STAR alignment complete

End of 1_FQC_StarAlign.sh... Thu Feb 25 07:10:53 PST 2016
