
Starting 1_FQC_StarAlign.sh... Wed Feb 24 22:44:43 PST 2016

HT_ROW25_N705
Script is beginning...
Analysis complete for HT_ROW25_N705_R1.fastq
Analysis complete for HT_ROW25_N705_R2.fastq
FastQC complete
Feb 24 22:44:54 ..... Started STAR run
Feb 24 22:45:24 ..... Started mapping
Feb 24 22:45:35 ..... Started sorting BAM
Feb 24 22:45:36 ..... Finished successfully
STAR alignment complete

End of 1_FQC_StarAlign.sh... Wed Feb 24 22:45:36 PST 2016

Starting 1_FQC_StarAlign.sh... Thu Feb 25 07:36:28 PST 2016

HT_ROW25_N705
Script is beginning...
Analysis complete for HT_ROW25_N705_R1.fastq
Analysis complete for HT_ROW25_N705_R2.fastq
FastQC complete
Feb 25 07:36:40 ..... Started STAR run
Feb 25 07:42:06 ..... Started mapping
Feb 25 07:42:15 ..... Started sorting BAM
Feb 25 07:42:16 ..... Finished successfully
STAR alignment complete

End of 1_FQC_StarAlign.sh... Thu Feb 25 07:42:16 PST 2016
