
Starting 1_FQC_StarAlign.sh... Wed Feb 24 17:08:13 PST 2016

HT_ROW07_N719
Script is beginning...
Analysis complete for HT_ROW07_N719_R1.fastq
Analysis complete for HT_ROW07_N719_R2.fastq
FastQC complete
Feb 24 17:08:21 ..... Started STAR run
Feb 24 17:08:33 ..... Started mapping
Feb 24 17:08:37 ..... Started sorting BAM
Feb 24 17:08:37 ..... Finished successfully
STAR alignment complete

End of 1_FQC_StarAlign.sh... Wed Feb 24 17:08:38 PST 2016

Starting 1_FQC_StarAlign.sh... Thu Feb 25 01:58:58 PST 2016

HT_ROW07_N719
Script is beginning...
Analysis complete for HT_ROW07_N719_R1.fastq
Analysis complete for HT_ROW07_N719_R2.fastq
FastQC complete
Feb 25 01:59:06 ..... Started STAR run
Feb 25 02:03:30 ..... Started mapping
Feb 25 02:03:34 ..... Started sorting BAM
Feb 25 02:03:35 ..... Finished successfully
STAR alignment complete

End of 1_FQC_StarAlign.sh... Thu Feb 25 02:03:35 PST 2016
