
Starting 1_FQC_StarAlign.sh... Wed Feb 24 23:37:13 PST 2016

HT_ROW32_N705
Script is beginning...
Analysis complete for HT_ROW32_N705_R1.fastq
Analysis complete for HT_ROW32_N705_R2.fastq
FastQC complete
Feb 24 23:37:23 ..... Started STAR run
Feb 24 23:39:43 ..... Started mapping
Feb 24 23:39:46 ..... Started sorting BAM
Feb 24 23:39:46 ..... Finished successfully
STAR alignment complete

End of 1_FQC_StarAlign.sh... Wed Feb 24 23:39:47 PST 2016

Starting 1_FQC_StarAlign.sh... Thu Feb 25 09:14:28 PST 2016

HT_ROW32_N705
Script is beginning...
Analysis complete for HT_ROW32_N705_R1.fastq
Analysis complete for HT_ROW32_N705_R2.fastq
FastQC complete
Feb 25 09:14:37 ..... Started STAR run
Feb 25 09:19:18 ..... Started mapping
Feb 25 09:19:21 ..... Started sorting BAM
Feb 25 09:19:21 ..... Finished successfully
STAR alignment complete

End of 1_FQC_StarAlign.sh... Thu Feb 25 09:19:21 PST 2016
