
Starting 1_FQC_StarAlign.sh... Thu Feb 25 00:00:28 PST 2016

HT_ROW35_N705
Script is beginning...
Analysis complete for HT_ROW35_N705_R1.fastq
Analysis complete for HT_ROW35_N705_R2.fastq
FastQC complete
Feb 25 00:00:36 ..... Started STAR run
Feb 25 00:04:54 ..... Started mapping
Feb 25 00:04:56 ..... Started sorting BAM
Feb 25 00:04:56 ..... Finished successfully
STAR alignment complete

End of 1_FQC_StarAlign.sh... Thu Feb 25 00:04:57 PST 2016

Starting 1_FQC_StarAlign.sh... Thu Feb 25 09:38:43 PST 2016

HT_ROW35_N705
Script is beginning...
Analysis complete for HT_ROW35_N705_R1.fastq
Analysis complete for HT_ROW35_N705_R2.fastq
FastQC complete
Feb 25 09:38:52 ..... Started STAR run
Feb 25 09:48:08 ..... Started mapping
Feb 25 09:48:10 ..... Started sorting BAM
Feb 25 09:48:10 ..... Finished successfully
STAR alignment complete

End of 1_FQC_StarAlign.sh... Thu Feb 25 09:48:10 PST 2016
