
Starting 1_FQC_StarAlign.sh... Wed Feb 24 19:44:58 PST 2016

HT_ROW13_N706
Script is beginning...
Analysis complete for HT_ROW13_N706_R1.fastq
Analysis complete for HT_ROW13_N706_R2.fastq
FastQC complete
Feb 24 19:45:10 ..... Started STAR run
Feb 24 19:45:22 ..... Started mapping
Feb 24 19:45:37 ..... Started sorting BAM
Feb 24 19:45:38 ..... Finished successfully
STAR alignment complete

End of 1_FQC_StarAlign.sh... Wed Feb 24 19:45:38 PST 2016

Starting 1_FQC_StarAlign.sh... Thu Feb 25 03:42:58 PST 2016

HT_ROW13_N706
Script is beginning...
Analysis complete for HT_ROW13_N706_R1.fastq
Analysis complete for HT_ROW13_N706_R2.fastq
FastQC complete
Feb 25 03:43:10 ..... Started STAR run
Feb 25 03:50:54 ..... Started mapping
Feb 25 03:51:12 ..... Started sorting BAM
Feb 25 03:51:12 ..... Finished successfully
STAR alignment complete

End of 1_FQC_StarAlign.sh... Thu Feb 25 03:51:13 PST 2016
