
Starting 1_FQC_StarAlign.sh... Wed Feb 24 21:17:43 PST 2016

HT_ROW18_N706
Script is beginning...
Analysis complete for HT_ROW18_N706_R1.fastq
Analysis complete for HT_ROW18_N706_R2.fastq
FastQC complete
Feb 24 21:17:50 ..... Started STAR run
Feb 24 21:19:04 ..... Started mapping
Feb 24 21:19:05 ..... Started sorting BAM
Feb 24 21:19:06 ..... Finished successfully
STAR alignment complete

End of 1_FQC_StarAlign.sh... Wed Feb 24 21:19:06 PST 2016

Starting 1_FQC_StarAlign.sh... Thu Feb 25 05:55:58 PST 2016

HT_ROW18_N706
Script is beginning...
Analysis complete for HT_ROW18_N706_R1.fastq
Analysis complete for HT_ROW18_N706_R2.fastq
FastQC complete
Feb 25 05:56:07 ..... Started STAR run
Feb 25 06:05:10 ..... Started mapping
Feb 25 06:05:12 ..... Started sorting BAM
Feb 25 06:05:13 ..... Finished successfully
STAR alignment complete

End of 1_FQC_StarAlign.sh... Thu Feb 25 06:05:13 PST 2016
