
Starting 1_FQC_StarAlign.sh... Wed Feb 24 17:05:58 PST 2016

HT_ROW06_N724
Script is beginning...
Analysis complete for HT_ROW06_N724_R1.fastq
Analysis complete for HT_ROW06_N724_R2.fastq
FastQC complete
Feb 24 17:06:08 ..... Started STAR run
Feb 24 17:06:20 ..... Started mapping
Feb 24 17:06:28 ..... Started sorting BAM
Feb 24 17:06:28 ..... Finished successfully
STAR alignment complete

End of 1_FQC_StarAlign.sh... Wed Feb 24 17:06:29 PST 2016

Starting 1_FQC_StarAlign.sh... Thu Feb 25 01:51:13 PST 2016

HT_ROW06_N724
Script is beginning...
Analysis complete for HT_ROW06_N724_R1.fastq
Analysis complete for HT_ROW06_N724_R2.fastq
FastQC complete
Feb 25 01:51:22 ..... Started STAR run
Feb 25 01:57:46 ..... Started mapping
Feb 25 01:57:54 ..... Started sorting BAM
Feb 25 01:57:54 ..... Finished successfully
STAR alignment complete

End of 1_FQC_StarAlign.sh... Thu Feb 25 01:57:55 PST 2016
