
Starting 1_FQC_StarAlign.sh... Wed Feb 24 22:39:28 PST 2016

HT_ROW24_N707
Script is beginning...
Analysis complete for HT_ROW24_N707_R1.fastq
Analysis complete for HT_ROW24_N707_R2.fastq
FastQC complete
Feb 24 22:39:37 ..... Started STAR run
Feb 24 22:40:03 ..... Started mapping
Feb 24 22:40:08 ..... Started sorting BAM
Feb 24 22:40:08 ..... Finished successfully
STAR alignment complete

End of 1_FQC_StarAlign.sh... Wed Feb 24 22:40:08 PST 2016

Starting 1_FQC_StarAlign.sh... Thu Feb 25 07:17:43 PST 2016

HT_ROW24_N707
Script is beginning...
Analysis complete for HT_ROW24_N707_R1.fastq
Analysis complete for HT_ROW24_N707_R2.fastq
FastQC complete
Feb 25 07:17:52 ..... Started STAR run
Feb 25 07:23:53 ..... Started mapping
Feb 25 07:23:57 ..... Started sorting BAM
Feb 25 07:23:58 ..... Finished successfully
STAR alignment complete

End of 1_FQC_StarAlign.sh... Thu Feb 25 07:23:58 PST 2016
