
Starting 1_FQC_StarAlign.sh... Wed Feb 24 16:26:13 PST 2016

HT_ROW03_N706
Script is beginning...
Analysis complete for HT_ROW03_N706_R1.fastq
Analysis complete for HT_ROW03_N706_R2.fastq
FastQC complete
Feb 24 16:26:27 ..... Started STAR run
Feb 24 16:32:25 ..... Started mapping
Feb 24 16:32:42 ..... Started sorting BAM
Feb 24 16:32:42 ..... Finished successfully
STAR alignment complete

End of 1_FQC_StarAlign.sh... Wed Feb 24 16:32:43 PST 2016

Starting 1_FQC_StarAlign.sh... Thu Feb 25 01:22:43 PST 2016

HT_ROW03_N706
Script is beginning...
Analysis complete for HT_ROW03_N706_R1.fastq
Analysis complete for HT_ROW03_N706_R2.fastq
FastQC complete
Feb 25 01:22:57 ..... Started STAR run
Feb 25 01:27:56 ..... Started mapping
Feb 25 01:28:14 ..... Started sorting BAM
Feb 25 01:28:14 ..... Finished successfully
STAR alignment complete

End of 1_FQC_StarAlign.sh... Thu Feb 25 01:28:14 PST 2016
