
Starting 1_FQC_StarAlign.sh... Wed Feb 24 22:49:58 PST 2016

HT_ROW25_N721
Script is beginning...
Analysis complete for HT_ROW25_N721_R1.fastq
Analysis complete for HT_ROW25_N721_R2.fastq
FastQC complete
Feb 24 22:50:15 ..... Started STAR run
Feb 24 22:56:56 ..... Started mapping
Feb 24 22:57:13 ..... Started sorting BAM
Feb 24 22:57:13 ..... Finished successfully
STAR alignment complete

End of 1_FQC_StarAlign.sh... Wed Feb 24 22:57:13 PST 2016

Starting 1_FQC_StarAlign.sh... Thu Feb 25 07:47:43 PST 2016

HT_ROW25_N721
Script is beginning...
Analysis complete for HT_ROW25_N721_R1.fastq
Analysis complete for HT_ROW25_N721_R2.fastq
FastQC complete
Feb 25 07:48:00 ..... Started STAR run
Feb 25 07:57:32 ..... Started mapping
Feb 25 07:57:47 ..... Started sorting BAM
Feb 25 07:57:48 ..... Finished successfully
STAR alignment complete

End of 1_FQC_StarAlign.sh... Thu Feb 25 07:57:49 PST 2016
