
Starting 1_FQC_StarAlign.sh... Wed Feb 24 23:01:43 PST 2016

HT_ROW27_N724
Script is beginning...
Analysis complete for HT_ROW27_N724_R1.fastq
Analysis complete for HT_ROW27_N724_R2.fastq
FastQC complete
Feb 24 23:01:56 ..... Started STAR run
Feb 24 23:02:50 ..... Started mapping
Feb 24 23:03:06 ..... Started sorting BAM
Feb 24 23:03:07 ..... Finished successfully
STAR alignment complete

End of 1_FQC_StarAlign.sh... Wed Feb 24 23:03:08 PST 2016

Starting 1_FQC_StarAlign.sh... Thu Feb 25 08:17:13 PST 2016

HT_ROW27_N724
Script is beginning...
Analysis complete for HT_ROW27_N724_R1.fastq
Analysis complete for HT_ROW27_N724_R2.fastq
FastQC complete
Feb 25 08:17:25 ..... Started STAR run
Feb 25 08:18:06 ..... Started mapping
Feb 25 08:18:23 ..... Started sorting BAM
Feb 25 08:18:24 ..... Finished successfully
STAR alignment complete

End of 1_FQC_StarAlign.sh... Thu Feb 25 08:18:25 PST 2016
