
Starting 1_FQC_StarAlign.sh... Wed Feb 24 19:36:44 PST 2016

HT_ROW12_N711
Script is beginning...
Analysis complete for HT_ROW12_N711_R1.fastq
Analysis complete for HT_ROW12_N711_R2.fastq
FastQC complete
Feb 24 19:37:11 ..... Started STAR run
Feb 24 19:52:39 ..... Started mapping
Feb 24 19:53:05 ..... Started sorting BAM
Feb 24 19:53:07 ..... Finished successfully
STAR alignment complete

End of 1_FQC_StarAlign.sh... Wed Feb 24 19:53:08 PST 2016

Starting 1_FQC_StarAlign.sh... Thu Feb 25 03:22:13 PST 2016

HT_ROW12_N711
Script is beginning...
Analysis complete for HT_ROW12_N711_R1.fastq
Analysis complete for HT_ROW12_N711_R2.fastq
FastQC complete
Feb 25 03:22:34 ..... Started STAR run
Feb 25 03:29:52 ..... Started mapping
Feb 25 03:30:10 ..... Started sorting BAM
Feb 25 03:30:10 ..... Finished successfully
STAR alignment complete

End of 1_FQC_StarAlign.sh... Thu Feb 25 03:30:11 PST 2016
