
Starting 1_FQC_StarAlign.sh... Wed Feb 24 22:55:13 PST 2016

HT_ROW26_N714
Script is beginning...
Analysis complete for HT_ROW26_N714_R1.fastq
Analysis complete for HT_ROW26_N714_R2.fastq
FastQC complete
Feb 24 22:55:26 ..... Started STAR run
Feb 24 22:56:22 ..... Started mapping
Feb 24 22:56:41 ..... Started sorting BAM
Feb 24 22:56:44 ..... Finished successfully
STAR alignment complete

End of 1_FQC_StarAlign.sh... Wed Feb 24 22:56:45 PST 2016

Starting 1_FQC_StarAlign.sh... Thu Feb 25 08:00:58 PST 2016

HT_ROW26_N714
Script is beginning...
Analysis complete for HT_ROW26_N714_R1.fastq
Analysis complete for HT_ROW26_N714_R2.fastq
FastQC complete
Feb 25 08:01:11 ..... Started STAR run
Feb 25 08:10:06 ..... Started mapping
Feb 25 08:10:22 ..... Started sorting BAM
Feb 25 08:10:22 ..... Finished successfully
STAR alignment complete

End of 1_FQC_StarAlign.sh... Thu Feb 25 08:10:23 PST 2016
