
Starting 1_FQC_StarAlign.sh... Wed Feb 24 20:20:43 PST 2016

HT_ROW15_N720
Script is beginning...
Analysis complete for HT_ROW15_N720_R1.fastq
Analysis complete for HT_ROW15_N720_R2.fastq
FastQC complete
Feb 24 20:20:51 ..... Started STAR run
Feb 24 20:25:44 ..... Started mapping
Feb 24 20:25:49 ..... Started sorting BAM
Feb 24 20:25:50 ..... Finished successfully
STAR alignment complete

End of 1_FQC_StarAlign.sh... Wed Feb 24 20:25:51 PST 2016

Starting 1_FQC_StarAlign.sh... Thu Feb 25 04:55:58 PST 2016

HT_ROW15_N720
Script is beginning...
Analysis complete for HT_ROW15_N720_R1.fastq
Analysis complete for HT_ROW15_N720_R2.fastq
FastQC complete
Feb 25 04:56:06 ..... Started STAR run
Feb 25 05:04:58 ..... Started mapping
Feb 25 05:05:03 ..... Started sorting BAM
Feb 25 05:05:03 ..... Finished successfully
STAR alignment complete

End of 1_FQC_StarAlign.sh... Thu Feb 25 05:05:04 PST 2016
