
Starting 1_FQC_StarAlign.sh... Wed Feb 24 23:20:29 PST 2016

HT_ROW30_N703
Script is beginning...
Analysis complete for HT_ROW30_N703_R1.fastq
Analysis complete for HT_ROW30_N703_R2.fastq
FastQC complete
Feb 24 23:20:43 ..... Started STAR run
Feb 24 23:30:02 ..... Started mapping
Feb 24 23:30:09 ..... Started sorting BAM
Feb 24 23:30:09 ..... Finished successfully
STAR alignment complete

End of 1_FQC_StarAlign.sh... Wed Feb 24 23:30:09 PST 2016

Starting 1_FQC_StarAlign.sh... Thu Feb 25 08:50:28 PST 2016

HT_ROW30_N703
Script is beginning...
Analysis complete for HT_ROW30_N703_R1.fastq
Analysis complete for HT_ROW30_N703_R2.fastq
FastQC complete
Feb 25 08:50:37 ..... Started STAR run
Feb 25 08:55:27 ..... Started mapping
Feb 25 08:55:31 ..... Started sorting BAM
Feb 25 08:55:32 ..... Finished successfully
STAR alignment complete

End of 1_FQC_StarAlign.sh... Thu Feb 25 08:55:32 PST 2016
