
Starting 1_FQC_StarAlign.sh... Wed Feb 24 16:47:43 PST 2016

HT_ROW04_N711
Script is beginning...
Analysis complete for HT_ROW04_N711_R1.fastq
Analysis complete for HT_ROW04_N711_R2.fastq
FastQC complete
Feb 24 16:48:03 ..... Started STAR run
Feb 24 16:53:04 ..... Started mapping
Feb 24 16:53:19 ..... Started sorting BAM
Feb 24 16:53:20 ..... Finished successfully
STAR alignment complete

End of 1_FQC_StarAlign.sh... Wed Feb 24 16:53:20 PST 2016

Starting 1_FQC_StarAlign.sh... Thu Feb 25 01:33:28 PST 2016

HT_ROW04_N711
Script is beginning...
Analysis complete for HT_ROW04_N711_R1.fastq
Analysis complete for HT_ROW04_N711_R2.fastq
FastQC complete
Feb 25 01:33:48 ..... Started STAR run
Feb 25 01:35:24 ..... Started mapping
Feb 25 01:35:39 ..... Started sorting BAM
Feb 25 01:35:40 ..... Finished successfully
STAR alignment complete

End of 1_FQC_StarAlign.sh... Thu Feb 25 01:35:41 PST 2016
