
Starting 1_FQC_StarAlign.sh... Wed Feb 24 19:31:13 PST 2016

HT_ROW12_N705
Script is beginning...
Analysis complete for HT_ROW12_N705_R1.fastq
Analysis complete for HT_ROW12_N705_R2.fastq
FastQC complete
Feb 24 19:31:26 ..... Started STAR run
Feb 24 19:35:22 ..... Started mapping
Feb 24 19:35:31 ..... Started sorting BAM
Feb 24 19:35:32 ..... Finished successfully
STAR alignment complete

End of 1_FQC_StarAlign.sh... Wed Feb 24 19:35:32 PST 2016

Starting 1_FQC_StarAlign.sh... Thu Feb 25 03:15:43 PST 2016

HT_ROW12_N705
Script is beginning...
Analysis complete for HT_ROW12_N705_R1.fastq
Analysis complete for HT_ROW12_N705_R2.fastq
FastQC complete
Feb 25 03:15:52 ..... Started STAR run
Feb 25 03:22:05 ..... Started mapping
Feb 25 03:22:14 ..... Started sorting BAM
Feb 25 03:22:15 ..... Finished successfully
STAR alignment complete

End of 1_FQC_StarAlign.sh... Thu Feb 25 03:22:15 PST 2016
