
Starting 1_FQC_StarAlign.sh... Wed Feb 24 19:42:43 PST 2016

HT_ROW12_N722
Script is beginning...
Analysis complete for HT_ROW12_N722_R1.fastq
Analysis complete for HT_ROW12_N722_R2.fastq
FastQC complete
Feb 24 19:42:51 ..... Started STAR run
Feb 24 19:43:03 ..... Started mapping
Feb 24 19:43:08 ..... Started sorting BAM
Feb 24 19:43:08 ..... Finished successfully
STAR alignment complete

End of 1_FQC_StarAlign.sh... Wed Feb 24 19:43:09 PST 2016

Starting 1_FQC_StarAlign.sh... Thu Feb 25 03:31:43 PST 2016

HT_ROW12_N722
Script is beginning...
Analysis complete for HT_ROW12_N722_R1.fastq
Analysis complete for HT_ROW12_N722_R2.fastq
FastQC complete
Feb 25 03:31:56 ..... Started STAR run
Feb 25 03:49:09 ..... Started mapping
Feb 25 03:49:19 ..... Started sorting BAM
Feb 25 03:49:22 ..... Finished successfully
STAR alignment complete

End of 1_FQC_StarAlign.sh... Thu Feb 25 03:49:23 PST 2016
