
Starting 1_FQC_StarAlign.sh... Thu Feb 25 00:54:58 PST 2016

HT_ROW40_N704
Script is beginning...
Analysis complete for HT_ROW40_N704_R1.fastq
Analysis complete for HT_ROW40_N704_R2.fastq
FastQC complete
Feb 25 00:55:09 ..... Started STAR run
Feb 25 01:00:49 ..... Started mapping
Feb 25 01:00:58 ..... Started sorting BAM
Feb 25 01:00:59 ..... Finished successfully
STAR alignment complete

End of 1_FQC_StarAlign.sh... Thu Feb 25 01:00:59 PST 2016

Starting 1_FQC_StarAlign.sh... Thu Feb 25 10:12:43 PST 2016

HT_ROW40_N704
Script is beginning...
Analysis complete for HT_ROW40_N704_R1.fastq
Analysis complete for HT_ROW40_N704_R2.fastq
FastQC complete
Feb 25 10:12:53 ..... Started STAR run
Feb 25 10:17:03 ..... Started mapping
Feb 25 10:17:12 ..... Started sorting BAM
Feb 25 10:17:13 ..... Finished successfully
STAR alignment complete

End of 1_FQC_StarAlign.sh... Thu Feb 25 10:17:13 PST 2016
