
Starting 1_FQC_StarAlign.sh... Wed Feb 24 22:22:58 PST 2016

HT_ROW22_N707
Script is beginning...
Analysis complete for HT_ROW22_N707_R1.fastq
Analysis complete for HT_ROW22_N707_R2.fastq
FastQC complete
Feb 24 22:23:08 ..... Started STAR run
Feb 24 22:23:59 ..... Started mapping
Feb 24 22:24:13 ..... Started sorting BAM
Feb 24 22:24:13 ..... Finished successfully
STAR alignment complete

End of 1_FQC_StarAlign.sh... Wed Feb 24 22:24:13 PST 2016

Starting 1_FQC_StarAlign.sh... Thu Feb 25 06:57:28 PST 2016

HT_ROW22_N707
Script is beginning...
Analysis complete for HT_ROW22_N707_R1.fastq
Analysis complete for HT_ROW22_N707_R2.fastq
FastQC complete
Feb 25 06:57:38 ..... Started STAR run
Feb 25 06:58:08 ..... Started mapping
Feb 25 06:58:21 ..... Started sorting BAM
Feb 25 06:58:21 ..... Finished successfully
STAR alignment complete

End of 1_FQC_StarAlign.sh... Thu Feb 25 06:58:22 PST 2016
