
Starting 1_FQC_StarAlign.sh... Wed Feb 24 17:25:28 PST 2016

HT_ROW08_N716
Script is beginning...
Analysis complete for HT_ROW08_N716_R1.fastq
Analysis complete for HT_ROW08_N716_R2.fastq
FastQC complete
Feb 24 17:25:42 ..... Started STAR run
Feb 24 17:34:37 ..... Started mapping
Feb 24 17:34:59 ..... Started sorting BAM
Feb 24 17:35:05 ..... Finished successfully
STAR alignment complete

End of 1_FQC_StarAlign.sh... Wed Feb 24 17:35:06 PST 2016

Starting 1_FQC_StarAlign.sh... Thu Feb 25 02:11:28 PST 2016

HT_ROW08_N716
Script is beginning...
Analysis complete for HT_ROW08_N716_R1.fastq
Analysis complete for HT_ROW08_N716_R2.fastq
FastQC complete
Feb 25 02:11:38 ..... Started STAR run
Feb 25 02:16:11 ..... Started mapping
Feb 25 02:16:23 ..... Started sorting BAM
Feb 25 02:16:23 ..... Finished successfully
STAR alignment complete

End of 1_FQC_StarAlign.sh... Thu Feb 25 02:16:24 PST 2016
