
Starting 1_FQC_StarAlign.sh... Wed Feb 24 23:00:58 PST 2016

HT_ROW27_N721
Script is beginning...
Analysis complete for HT_ROW27_N721_R1.fastq
Analysis complete for HT_ROW27_N721_R2.fastq
FastQC complete
Feb 24 23:01:31 ..... Started STAR run
Feb 24 23:11:04 ..... Started mapping
Feb 24 23:11:30 ..... Started sorting BAM
Feb 24 23:11:33 ..... Finished successfully
STAR alignment complete

End of 1_FQC_StarAlign.sh... Wed Feb 24 23:11:34 PST 2016

Starting 1_FQC_StarAlign.sh... Thu Feb 25 08:14:43 PST 2016

HT_ROW27_N721
Script is beginning...
Analysis complete for HT_ROW27_N721_R1.fastq
Analysis complete for HT_ROW27_N721_R2.fastq
FastQC complete
Feb 25 08:15:46 ..... Started STAR run
Feb 25 08:40:34 ..... Started mapping
Feb 25 08:41:05 ..... Started sorting BAM
Feb 25 08:41:11 ..... Finished successfully
STAR alignment complete

End of 1_FQC_StarAlign.sh... Thu Feb 25 08:41:12 PST 2016
