
Starting 1_FQC_StarAlign.sh... Wed Feb 24 21:03:13 PST 2016

HT_ROW17_N712
Script is beginning...
Analysis complete for HT_ROW17_N712_R1.fastq
Analysis complete for HT_ROW17_N712_R2.fastq
FastQC complete
Feb 24 21:03:24 ..... Started STAR run
Feb 24 21:23:14 ..... Started mapping
Feb 24 21:23:20 ..... Started sorting BAM
Feb 24 21:23:20 ..... Finished successfully
STAR alignment complete

End of 1_FQC_StarAlign.sh... Wed Feb 24 21:23:21 PST 2016

Starting 1_FQC_StarAlign.sh... Thu Feb 25 05:40:43 PST 2016

HT_ROW17_N712
Script is beginning...
Analysis complete for HT_ROW17_N712_R1.fastq
Analysis complete for HT_ROW17_N712_R2.fastq
FastQC complete
Feb 25 05:40:51 ..... Started STAR run
Feb 25 05:47:05 ..... Started mapping
Feb 25 05:47:07 ..... Started sorting BAM
Feb 25 05:47:07 ..... Finished successfully
STAR alignment complete

End of 1_FQC_StarAlign.sh... Thu Feb 25 05:47:08 PST 2016
