
Starting 1_FQC_StarAlign.sh... Wed Feb 24 17:01:58 PST 2016

HT_ROW06_N703
Script is beginning...
Analysis complete for HT_ROW06_N703_R1.fastq
Analysis complete for HT_ROW06_N703_R2.fastq
FastQC complete
Feb 24 17:02:05 ..... Started STAR run
Feb 24 17:02:18 ..... Started mapping
Feb 24 17:02:19 ..... Started sorting BAM
Feb 24 17:02:20 ..... Finished successfully
STAR alignment complete

End of 1_FQC_StarAlign.sh... Wed Feb 24 17:02:20 PST 2016

Starting 1_FQC_StarAlign.sh... Thu Feb 25 01:44:28 PST 2016

HT_ROW06_N703
Script is beginning...
Analysis complete for HT_ROW06_N703_R1.fastq
Analysis complete for HT_ROW06_N703_R2.fastq
FastQC complete
Feb 25 01:44:34 ..... Started STAR run
Feb 25 01:45:44 ..... Started mapping
Feb 25 01:45:45 ..... Started sorting BAM
Feb 25 01:45:46 ..... Finished successfully
STAR alignment complete

End of 1_FQC_StarAlign.sh... Thu Feb 25 01:45:46 PST 2016
