
Starting 1_FQC_StarAlign.sh... Wed Feb 24 22:54:13 PST 2016

HT_ROW26_N707
Script is beginning...
Analysis complete for HT_ROW26_N707_R1.fastq
Analysis complete for HT_ROW26_N707_R2.fastq
FastQC complete
Feb 24 22:54:21 ..... Started STAR run
Feb 24 22:54:57 ..... Started mapping
Feb 24 22:55:08 ..... Started sorting BAM
Feb 24 22:55:08 ..... Finished successfully
STAR alignment complete

End of 1_FQC_StarAlign.sh... Wed Feb 24 22:55:08 PST 2016

Starting 1_FQC_StarAlign.sh... Thu Feb 25 07:57:58 PST 2016

HT_ROW26_N707
Script is beginning...
Analysis complete for HT_ROW26_N707_R1.fastq
Analysis complete for HT_ROW26_N707_R2.fastq
FastQC complete
Feb 25 07:58:10 ..... Started STAR run
Feb 25 08:00:40 ..... Started mapping
Feb 25 08:00:50 ..... Started sorting BAM
Feb 25 08:00:51 ..... Finished successfully
STAR alignment complete

End of 1_FQC_StarAlign.sh... Thu Feb 25 08:00:51 PST 2016
