
Starting 1_FQC_StarAlign.sh... Thu Feb 25 00:24:58 PST 2016

HT_ROW37_N704
Script is beginning...
Analysis complete for HT_ROW37_N704_R1.fastq
Analysis complete for HT_ROW37_N704_R2.fastq
FastQC complete
Feb 25 00:25:09 ..... Started STAR run
Feb 25 00:34:18 ..... Started mapping
Feb 25 00:34:19 ..... Started sorting BAM
Feb 25 00:34:20 ..... Finished successfully
STAR alignment complete

End of 1_FQC_StarAlign.sh... Thu Feb 25 00:34:20 PST 2016

Starting 1_FQC_StarAlign.sh... Thu Feb 25 09:50:28 PST 2016

HT_ROW37_N704
Script is beginning...
Analysis complete for HT_ROW37_N704_R1.fastq
Analysis complete for HT_ROW37_N704_R2.fastq
FastQC complete
Feb 25 09:50:35 ..... Started STAR run
Feb 25 09:51:58 ..... Started mapping
Feb 25 09:52:00 ..... Started sorting BAM
Feb 25 09:52:00 ..... Finished successfully
STAR alignment complete

End of 1_FQC_StarAlign.sh... Thu Feb 25 09:52:00 PST 2016
