
Starting 1_FQC_StarAlign.sh... Wed Feb 24 22:34:59 PST 2016

HT_ROW23_N719
Script is beginning...
Analysis complete for HT_ROW23_N719_R1.fastq
Analysis complete for HT_ROW23_N719_R2.fastq
FastQC complete
Feb 24 22:35:09 ..... Started STAR run
Feb 24 22:39:12 ..... Started mapping
Feb 24 22:39:29 ..... Started sorting BAM
Feb 24 22:39:30 ..... Finished successfully
STAR alignment complete

End of 1_FQC_StarAlign.sh... Wed Feb 24 22:39:31 PST 2016

Starting 1_FQC_StarAlign.sh... Thu Feb 25 07:09:43 PST 2016

HT_ROW23_N719
Script is beginning...
Analysis complete for HT_ROW23_N719_R1.fastq
Analysis complete for HT_ROW23_N719_R2.fastq
FastQC complete
Feb 25 07:09:56 ..... Started STAR run
Feb 25 07:10:07 ..... Started mapping
Feb 25 07:10:23 ..... Started sorting BAM
Feb 25 07:10:23 ..... Finished successfully
STAR alignment complete

End of 1_FQC_StarAlign.sh... Thu Feb 25 07:10:24 PST 2016
