
Starting 1_FQC_StarAlign.sh... Wed Feb 24 22:43:58 PST 2016

HT_ROW25_N703
Script is beginning...
Analysis complete for HT_ROW25_N703_R1.fastq
Analysis complete for HT_ROW25_N703_R2.fastq
FastQC complete
Feb 24 22:44:08 ..... Started STAR run
Feb 24 22:44:31 ..... Started mapping
Feb 24 22:44:38 ..... Started sorting BAM
Feb 24 22:44:38 ..... Finished successfully
STAR alignment complete

End of 1_FQC_StarAlign.sh... Wed Feb 24 22:44:38 PST 2016

Starting 1_FQC_StarAlign.sh... Thu Feb 25 07:36:13 PST 2016

HT_ROW25_N703
Script is beginning...
Analysis complete for HT_ROW25_N703_R1.fastq
Analysis complete for HT_ROW25_N703_R2.fastq
FastQC complete
Feb 25 07:36:22 ..... Started STAR run
Feb 25 07:44:29 ..... Started mapping
Feb 25 07:44:34 ..... Started sorting BAM
Feb 25 07:44:34 ..... Finished successfully
STAR alignment complete

End of 1_FQC_StarAlign.sh... Thu Feb 25 07:44:35 PST 2016
