
Starting 1_FQC_StarAlign.sh... Wed Feb 24 17:11:28 PST 2016

HT_ROW08_N706
Script is beginning...
Analysis complete for HT_ROW08_N706_R1.fastq
Analysis complete for HT_ROW08_N706_R2.fastq
FastQC complete
Feb 24 17:11:37 ..... Started STAR run
Feb 24 17:27:35 ..... Started mapping
Feb 24 17:27:42 ..... Started sorting BAM
Feb 24 17:27:43 ..... Finished successfully
STAR alignment complete

End of 1_FQC_StarAlign.sh... Wed Feb 24 17:27:43 PST 2016

Starting 1_FQC_StarAlign.sh... Thu Feb 25 02:06:58 PST 2016

HT_ROW08_N706
Script is beginning...
Analysis complete for HT_ROW08_N706_R1.fastq
Analysis complete for HT_ROW08_N706_R2.fastq
FastQC complete
Feb 25 02:07:07 ..... Started STAR run
Feb 25 02:11:42 ..... Started mapping
Feb 25 02:11:49 ..... Started sorting BAM
Feb 25 02:11:49 ..... Finished successfully
STAR alignment complete

End of 1_FQC_StarAlign.sh... Thu Feb 25 02:11:50 PST 2016
