
Starting 1_FQC_StarAlign.sh... Wed Feb 24 22:25:43 PST 2016

HT_ROW22_N718
Script is beginning...
Analysis complete for HT_ROW22_N718_R1.fastq
Analysis complete for HT_ROW22_N718_R2.fastq
FastQC complete
Feb 24 22:25:52 ..... Started STAR run
Feb 24 22:26:44 ..... Started mapping
Feb 24 22:26:46 ..... Started sorting BAM
Feb 24 22:26:46 ..... Finished successfully
STAR alignment complete

End of 1_FQC_StarAlign.sh... Wed Feb 24 22:26:46 PST 2016

Starting 1_FQC_StarAlign.sh... Thu Feb 25 06:59:13 PST 2016

HT_ROW22_N718
Script is beginning...
Analysis complete for HT_ROW22_N718_R1.fastq
Analysis complete for HT_ROW22_N718_R2.fastq
FastQC complete
Feb 25 06:59:20 ..... Started STAR run
Feb 25 07:03:36 ..... Started mapping
Feb 25 07:03:38 ..... Started sorting BAM
Feb 25 07:03:38 ..... Finished successfully
STAR alignment complete

End of 1_FQC_StarAlign.sh... Thu Feb 25 07:03:39 PST 2016
