
Starting 1_FQC_StarAlign.sh... Wed Feb 24 21:56:28 PST 2016

HT_ROW20_N707
Script is beginning...
Analysis complete for HT_ROW20_N707_R1.fastq
Analysis complete for HT_ROW20_N707_R2.fastq
FastQC complete
Feb 24 21:56:37 ..... Started STAR run
Feb 24 22:00:07 ..... Started mapping
Feb 24 22:00:08 ..... Started sorting BAM
Feb 24 22:00:10 ..... Finished successfully
STAR alignment complete

End of 1_FQC_StarAlign.sh... Wed Feb 24 22:00:11 PST 2016

Starting 1_FQC_StarAlign.sh... Thu Feb 25 06:37:28 PST 2016

HT_ROW20_N707
Script is beginning...
Analysis complete for HT_ROW20_N707_R1.fastq
Analysis complete for HT_ROW20_N707_R2.fastq
FastQC complete
Feb 25 06:37:37 ..... Started STAR run
Feb 25 06:42:30 ..... Started mapping
Feb 25 06:42:32 ..... Started sorting BAM
Feb 25 06:42:32 ..... Finished successfully
STAR alignment complete

End of 1_FQC_StarAlign.sh... Thu Feb 25 06:42:33 PST 2016
