
Starting 1_FQC_StarAlign.sh... Wed Feb 24 16:32:43 PST 2016

HT_ROW03_N719
Script is beginning...
Analysis complete for HT_ROW03_N719_R1.fastq
Analysis complete for HT_ROW03_N719_R2.fastq
FastQC complete
Feb 24 16:32:58 ..... Started STAR run
Feb 24 16:39:47 ..... Started mapping
Feb 24 16:39:54 ..... Started sorting BAM
Feb 24 16:39:56 ..... Finished successfully
STAR alignment complete

End of 1_FQC_StarAlign.sh... Wed Feb 24 16:39:57 PST 2016

Starting 1_FQC_StarAlign.sh... Thu Feb 25 01:28:28 PST 2016

HT_ROW03_N719
Script is beginning...
Analysis complete for HT_ROW03_N719_R1.fastq
Analysis complete for HT_ROW03_N719_R2.fastq
FastQC complete
Feb 25 01:28:41 ..... Started STAR run
Feb 25 01:30:16 ..... Started mapping
Feb 25 01:30:22 ..... Started sorting BAM
Feb 25 01:30:25 ..... Finished successfully
STAR alignment complete

End of 1_FQC_StarAlign.sh... Thu Feb 25 01:30:26 PST 2016
