
Starting 1_FQC_StarAlign.sh... Wed Feb 24 19:53:14 PST 2016

HT_ROW14_N701
Script is beginning...
Analysis complete for HT_ROW14_N701_R1.fastq
Analysis complete for HT_ROW14_N701_R2.fastq
FastQC complete
Feb 24 19:53:21 ..... Started STAR run
Feb 24 20:03:29 ..... Started mapping
Feb 24 20:03:32 ..... Started sorting BAM
Feb 24 20:03:33 ..... Finished successfully
STAR alignment complete

End of 1_FQC_StarAlign.sh... Wed Feb 24 20:03:34 PST 2016

Starting 1_FQC_StarAlign.sh... Thu Feb 25 04:09:13 PST 2016

HT_ROW14_N701
Script is beginning...
Analysis complete for HT_ROW14_N701_R1.fastq
Analysis complete for HT_ROW14_N701_R2.fastq
FastQC complete
Feb 25 04:09:21 ..... Started STAR run
Feb 25 04:17:10 ..... Started mapping
Feb 25 04:17:11 ..... Started sorting BAM
Feb 25 04:17:11 ..... Finished successfully
STAR alignment complete

End of 1_FQC_StarAlign.sh... Thu Feb 25 04:17:11 PST 2016
