
Starting 1_FQC_StarAlign.sh... Wed Feb 24 21:53:28 PST 2016

HT_ROW20_N705
Script is beginning...
Analysis complete for HT_ROW20_N705_R1.fastq
Analysis complete for HT_ROW20_N705_R2.fastq
FastQC complete
Feb 24 21:53:54 ..... Started STAR run
Feb 24 21:59:51 ..... Started mapping
Feb 24 22:00:02 ..... Started sorting BAM
Feb 24 22:00:04 ..... Finished successfully
STAR alignment complete

End of 1_FQC_StarAlign.sh... Wed Feb 24 22:00:05 PST 2016

Starting 1_FQC_StarAlign.sh... Thu Feb 25 06:35:43 PST 2016

HT_ROW20_N705
Script is beginning...
Analysis complete for HT_ROW20_N705_R1.fastq
Analysis complete for HT_ROW20_N705_R2.fastq
FastQC complete
Feb 25 06:36:08 ..... Started STAR run
Feb 25 06:52:42 ..... Started mapping
Feb 25 06:52:55 ..... Started sorting BAM
Feb 25 06:53:00 ..... Finished successfully
STAR alignment complete

End of 1_FQC_StarAlign.sh... Thu Feb 25 06:53:00 PST 2016
