
Starting 1_FQC_StarAlign.sh... Wed Feb 24 21:14:28 PST 2016

HT_ROW18_N702
Script is beginning...
Analysis complete for HT_ROW18_N702_R1.fastq
Analysis complete for HT_ROW18_N702_R2.fastq
FastQC complete
Feb 24 21:14:37 ..... Started STAR run
Feb 24 21:20:34 ..... Started mapping
Feb 24 21:20:36 ..... Started sorting BAM
Feb 24 21:20:37 ..... Finished successfully
STAR alignment complete

End of 1_FQC_StarAlign.sh... Wed Feb 24 21:20:38 PST 2016

Starting 1_FQC_StarAlign.sh... Thu Feb 25 05:52:28 PST 2016

HT_ROW18_N702
Script is beginning...
Analysis complete for HT_ROW18_N702_R1.fastq
Analysis complete for HT_ROW18_N702_R2.fastq
FastQC complete
Feb 25 05:52:36 ..... Started STAR run
Feb 25 05:58:04 ..... Started mapping
Feb 25 05:58:09 ..... Started sorting BAM
Feb 25 05:58:09 ..... Finished successfully
STAR alignment complete

End of 1_FQC_StarAlign.sh... Thu Feb 25 05:58:10 PST 2016
