
Starting 1_FQC_StarAlign.sh... Wed Feb 24 23:39:13 PST 2016

HT_ROW32_N714
Script is beginning...
Analysis complete for HT_ROW32_N714_R1.fastq
Analysis complete for HT_ROW32_N714_R2.fastq
FastQC complete
Feb 24 23:39:21 ..... Started STAR run
Feb 24 23:45:23 ..... Started mapping
Feb 24 23:45:29 ..... Started sorting BAM
Feb 24 23:45:29 ..... Finished successfully
STAR alignment complete

End of 1_FQC_StarAlign.sh... Wed Feb 24 23:45:30 PST 2016

Starting 1_FQC_StarAlign.sh... Thu Feb 25 09:15:58 PST 2016

HT_ROW32_N714
Script is beginning...
Analysis complete for HT_ROW32_N714_R1.fastq
Analysis complete for HT_ROW32_N714_R2.fastq
FastQC complete
Feb 25 09:16:08 ..... Started STAR run
Feb 25 09:20:53 ..... Started mapping
Feb 25 09:20:59 ..... Started sorting BAM
Feb 25 09:20:59 ..... Finished successfully
STAR alignment complete

End of 1_FQC_StarAlign.sh... Thu Feb 25 09:21:00 PST 2016
