
Starting 1_FQC_StarAlign.sh... Wed Feb 24 20:06:28 PST 2016

HT_ROW14_N723
Script is beginning...
Analysis complete for HT_ROW14_N723_R1.fastq
Analysis complete for HT_ROW14_N723_R2.fastq
FastQC complete
Feb 24 20:06:36 ..... Started STAR run
Feb 24 20:06:47 ..... Started mapping
Feb 24 20:06:49 ..... Started sorting BAM
Feb 24 20:06:51 ..... Finished successfully
STAR alignment complete

End of 1_FQC_StarAlign.sh... Wed Feb 24 20:06:51 PST 2016

Starting 1_FQC_StarAlign.sh... Thu Feb 25 04:31:28 PST 2016

HT_ROW14_N723
Script is beginning...
Analysis complete for HT_ROW14_N723_R1.fastq
Analysis complete for HT_ROW14_N723_R2.fastq
FastQC complete
Feb 25 04:31:38 ..... Started STAR run
Feb 25 04:37:12 ..... Started mapping
Feb 25 04:37:15 ..... Started sorting BAM
Feb 25 04:37:18 ..... Finished successfully
STAR alignment complete

End of 1_FQC_StarAlign.sh... Thu Feb 25 04:37:19 PST 2016
