
Starting 1_FQC_StarAlign.sh... Wed Feb 24 23:28:13 PST 2016

HT_ROW31_N702
Script is beginning...
Analysis complete for HT_ROW31_N702_R1.fastq
Analysis complete for HT_ROW31_N702_R2.fastq
FastQC complete
Feb 24 23:28:21 ..... Started STAR run
Feb 24 23:30:17 ..... Started mapping
Feb 24 23:30:27 ..... Started sorting BAM
Feb 24 23:30:27 ..... Finished successfully
STAR alignment complete

End of 1_FQC_StarAlign.sh... Wed Feb 24 23:30:28 PST 2016

Starting 1_FQC_StarAlign.sh... Thu Feb 25 09:01:28 PST 2016

HT_ROW31_N702
Script is beginning...
Analysis complete for HT_ROW31_N702_R1.fastq
Analysis complete for HT_ROW31_N702_R2.fastq
FastQC complete
Feb 25 09:01:38 ..... Started STAR run
Feb 25 09:03:33 ..... Started mapping
Feb 25 09:03:44 ..... Started sorting BAM
Feb 25 09:03:44 ..... Finished successfully
STAR alignment complete

End of 1_FQC_StarAlign.sh... Thu Feb 25 09:03:45 PST 2016
