
Starting 1_FQC_StarAlign.sh... Wed Feb 24 22:29:43 PST 2016

HT_ROW23_N701
Script is beginning...
Analysis complete for HT_ROW23_N701_R1.fastq
Analysis complete for HT_ROW23_N701_R2.fastq
FastQC complete
Feb 24 22:29:52 ..... Started STAR run
Feb 24 22:30:21 ..... Started mapping
Feb 24 22:30:31 ..... Started sorting BAM
Feb 24 22:30:31 ..... Finished successfully
STAR alignment complete

End of 1_FQC_StarAlign.sh... Wed Feb 24 22:30:31 PST 2016

Starting 1_FQC_StarAlign.sh... Thu Feb 25 07:03:43 PST 2016

HT_ROW23_N701
Script is beginning...
Analysis complete for HT_ROW23_N701_R1.fastq
Analysis complete for HT_ROW23_N701_R2.fastq
FastQC complete
Feb 25 07:03:52 ..... Started STAR run
Feb 25 07:06:48 ..... Started mapping
Feb 25 07:06:54 ..... Started sorting BAM
Feb 25 07:06:54 ..... Finished successfully
STAR alignment complete

End of 1_FQC_StarAlign.sh... Thu Feb 25 07:06:55 PST 2016
