
Starting 1_FQC_StarAlign.sh... Thu Feb 25 00:39:28 PST 2016

HT_ROW38_N716
Script is beginning...
Analysis complete for HT_ROW38_N716_R1.fastq
Analysis complete for HT_ROW38_N716_R2.fastq
FastQC complete
Feb 25 00:39:37 ..... Started STAR run
Feb 25 00:44:46 ..... Started mapping
Feb 25 00:44:51 ..... Started sorting BAM
Feb 25 00:44:51 ..... Finished successfully
STAR alignment complete

End of 1_FQC_StarAlign.sh... Thu Feb 25 00:44:52 PST 2016

Starting 1_FQC_StarAlign.sh... Thu Feb 25 10:01:13 PST 2016

HT_ROW38_N716
Script is beginning...
Analysis complete for HT_ROW38_N716_R1.fastq
Analysis complete for HT_ROW38_N716_R2.fastq
FastQC complete
Feb 25 10:01:21 ..... Started STAR run
Feb 25 10:07:46 ..... Started mapping
Feb 25 10:07:50 ..... Started sorting BAM
Feb 25 10:07:51 ..... Finished successfully
STAR alignment complete

End of 1_FQC_StarAlign.sh... Thu Feb 25 10:07:52 PST 2016
