
Starting 1_FQC_StarAlign.sh... Wed Feb 24 17:09:43 PST 2016

HT_ROW07_N724
Script is beginning...
Analysis complete for HT_ROW07_N724_R1.fastq
Analysis complete for HT_ROW07_N724_R2.fastq
FastQC complete
Feb 24 17:09:50 ..... Started STAR run
Feb 24 17:10:05 ..... Started mapping
Feb 24 17:10:07 ..... Started sorting BAM
Feb 24 17:10:07 ..... Finished successfully
STAR alignment complete

End of 1_FQC_StarAlign.sh... Wed Feb 24 17:10:07 PST 2016

Starting 1_FQC_StarAlign.sh... Thu Feb 25 02:05:13 PST 2016

HT_ROW07_N724
Script is beginning...
Analysis complete for HT_ROW07_N724_R1.fastq
Analysis complete for HT_ROW07_N724_R2.fastq
FastQC complete
Feb 25 02:05:22 ..... Started STAR run
Feb 25 02:09:43 ..... Started mapping
Feb 25 02:09:45 ..... Started sorting BAM
Feb 25 02:09:46 ..... Finished successfully
STAR alignment complete

End of 1_FQC_StarAlign.sh... Thu Feb 25 02:09:47 PST 2016
