
Starting 1_FQC_StarAlign.sh... Wed Feb 24 23:54:28 PST 2016

HT_ROW34_N714
Script is beginning...
Analysis complete for HT_ROW34_N714_R1.fastq
Analysis complete for HT_ROW34_N714_R2.fastq
FastQC complete
Feb 24 23:54:36 ..... Started STAR run
Feb 24 23:55:23 ..... Started mapping
Feb 24 23:55:33 ..... Started sorting BAM
Feb 24 23:55:34 ..... Finished successfully
STAR alignment complete

End of 1_FQC_StarAlign.sh... Wed Feb 24 23:55:34 PST 2016

Starting 1_FQC_StarAlign.sh... Thu Feb 25 09:31:58 PST 2016

HT_ROW34_N714
Script is beginning...
Analysis complete for HT_ROW34_N714_R1.fastq
Analysis complete for HT_ROW34_N714_R2.fastq
FastQC complete
Feb 25 09:32:08 ..... Started STAR run
Feb 25 09:34:07 ..... Started mapping
Feb 25 09:34:17 ..... Started sorting BAM
Feb 25 09:34:19 ..... Finished successfully
STAR alignment complete

End of 1_FQC_StarAlign.sh... Thu Feb 25 09:34:19 PST 2016
