
Starting 1_FQC_StarAlign.sh... Thu Feb 25 00:42:58 PST 2016

HT_ROW38_N720
Script is beginning...
Analysis complete for HT_ROW38_N720_R1.fastq
Analysis complete for HT_ROW38_N720_R2.fastq
FastQC complete
Feb 25 00:43:09 ..... Started STAR run
Feb 25 00:48:18 ..... Started mapping
Feb 25 00:48:35 ..... Started sorting BAM
Feb 25 00:48:36 ..... Finished successfully
STAR alignment complete

End of 1_FQC_StarAlign.sh... Thu Feb 25 00:48:36 PST 2016

Starting 1_FQC_StarAlign.sh... Thu Feb 25 10:01:44 PST 2016

HT_ROW38_N720
Script is beginning...
Analysis complete for HT_ROW38_N720_R1.fastq
Analysis complete for HT_ROW38_N720_R2.fastq
FastQC complete
Feb 25 10:01:56 ..... Started STAR run
Feb 25 10:05:24 ..... Started mapping
Feb 25 10:05:40 ..... Started sorting BAM
Feb 25 10:05:40 ..... Finished successfully
STAR alignment complete

End of 1_FQC_StarAlign.sh... Thu Feb 25 10:05:40 PST 2016
