
Starting 1_FQC_StarAlign.sh... Wed Feb 24 19:22:30 PST 2016

HT_ROW12_N701
Script is beginning...
Analysis complete for HT_ROW12_N701_R1.fastq
Analysis complete for HT_ROW12_N701_R2.fastq
FastQC complete
Feb 24 19:22:46 ..... Started STAR run
Feb 24 19:45:39 ..... Started mapping
Feb 24 19:45:45 ..... Started sorting BAM
Feb 24 19:45:47 ..... Finished successfully
STAR alignment complete

End of 1_FQC_StarAlign.sh... Wed Feb 24 19:45:49 PST 2016

Starting 1_FQC_StarAlign.sh... Thu Feb 25 03:14:29 PST 2016

HT_ROW12_N701
Script is beginning...
Analysis complete for HT_ROW12_N701_R1.fastq
Analysis complete for HT_ROW12_N701_R2.fastq
FastQC complete
Feb 25 03:14:39 ..... Started STAR run
Feb 25 03:45:53 ..... Started mapping
Feb 25 03:46:01 ..... Started sorting BAM
Feb 25 03:46:02 ..... Finished successfully
STAR alignment complete

End of 1_FQC_StarAlign.sh... Thu Feb 25 03:46:03 PST 2016
