
Starting 1_FQC_StarAlign.sh... Wed Feb 24 23:10:43 PST 2016

HT_ROW28_N724
Script is beginning...
Analysis complete for HT_ROW28_N724_R1.fastq
Analysis complete for HT_ROW28_N724_R2.fastq
FastQC complete
Feb 24 23:10:54 ..... Started STAR run
Feb 24 23:14:14 ..... Started mapping
Feb 24 23:14:31 ..... Started sorting BAM
Feb 24 23:14:32 ..... Finished successfully
STAR alignment complete

End of 1_FQC_StarAlign.sh... Wed Feb 24 23:14:33 PST 2016

Starting 1_FQC_StarAlign.sh... Thu Feb 25 08:29:13 PST 2016

HT_ROW28_N724
Script is beginning...
Analysis complete for HT_ROW28_N724_R1.fastq
Analysis complete for HT_ROW28_N724_R2.fastq
FastQC complete
Feb 25 08:29:24 ..... Started STAR run
Feb 25 08:36:03 ..... Started mapping
Feb 25 08:36:19 ..... Started sorting BAM
Feb 25 08:36:19 ..... Finished successfully
STAR alignment complete

End of 1_FQC_StarAlign.sh... Thu Feb 25 08:36:20 PST 2016
