
Starting 1_FQC_StarAlign.sh... Wed Feb 24 23:11:28 PST 2016

HT_ROW29_N702
Script is beginning...
Analysis complete for HT_ROW29_N702_R1.fastq
Analysis complete for HT_ROW29_N702_R2.fastq
FastQC complete
Feb 24 23:11:37 ..... Started STAR run
Feb 24 23:18:55 ..... Started mapping
Feb 24 23:19:01 ..... Started sorting BAM
Feb 24 23:19:01 ..... Finished successfully
STAR alignment complete

End of 1_FQC_StarAlign.sh... Wed Feb 24 23:19:01 PST 2016

Starting 1_FQC_StarAlign.sh... Thu Feb 25 08:30:58 PST 2016

HT_ROW29_N702
Script is beginning...
Analysis complete for HT_ROW29_N702_R1.fastq
Analysis complete for HT_ROW29_N702_R2.fastq
FastQC complete
Feb 25 08:31:07 ..... Started STAR run
Feb 25 08:38:14 ..... Started mapping
Feb 25 08:38:20 ..... Started sorting BAM
Feb 25 08:38:20 ..... Finished successfully
STAR alignment complete

End of 1_FQC_StarAlign.sh... Thu Feb 25 08:38:23 PST 2016
