
Starting 1_FQC_StarAlign.sh... Wed Feb 24 22:06:13 PST 2016

HT_ROW21_N703
Script is beginning...
Analysis complete for HT_ROW21_N703_R1.fastq
Analysis complete for HT_ROW21_N703_R2.fastq
FastQC complete
Feb 24 22:06:21 ..... Started STAR run
Feb 24 22:08:04 ..... Started mapping
Feb 24 22:08:11 ..... Started sorting BAM
Feb 24 22:08:11 ..... Finished successfully
STAR alignment complete

End of 1_FQC_StarAlign.sh... Wed Feb 24 22:08:12 PST 2016

Starting 1_FQC_StarAlign.sh... Thu Feb 25 06:48:28 PST 2016

HT_ROW21_N703
Script is beginning...
Analysis complete for HT_ROW21_N703_R1.fastq
Analysis complete for HT_ROW21_N703_R2.fastq
FastQC complete
Feb 25 06:48:36 ..... Started STAR run
Feb 25 06:49:36 ..... Started mapping
Feb 25 06:49:43 ..... Started sorting BAM
Feb 25 06:49:44 ..... Finished successfully
STAR alignment complete

End of 1_FQC_StarAlign.sh... Thu Feb 25 06:49:44 PST 2016
