
Starting 1_FQC_StarAlign.sh... Wed Feb 24 23:18:43 PST 2016

HT_ROW29_N718
Script is beginning...
Analysis complete for HT_ROW29_N718_R1.fastq
Analysis complete for HT_ROW29_N718_R2.fastq
FastQC complete
Feb 24 23:18:51 ..... Started STAR run
Feb 24 23:20:07 ..... Started mapping
Feb 24 23:20:09 ..... Started sorting BAM
Feb 24 23:20:10 ..... Finished successfully
STAR alignment complete

End of 1_FQC_StarAlign.sh... Wed Feb 24 23:20:10 PST 2016

Starting 1_FQC_StarAlign.sh... Thu Feb 25 08:41:28 PST 2016

HT_ROW29_N718
Script is beginning...
Analysis complete for HT_ROW29_N718_R1.fastq
Analysis complete for HT_ROW29_N718_R2.fastq
FastQC complete
Feb 25 08:41:36 ..... Started STAR run
Feb 25 09:00:59 ..... Started mapping
Feb 25 09:01:04 ..... Started sorting BAM
Feb 25 09:01:04 ..... Finished successfully
STAR alignment complete

End of 1_FQC_StarAlign.sh... Thu Feb 25 09:01:05 PST 2016
