
Starting 1_FQC_StarAlign.sh... Wed Feb 24 23:36:43 PST 2016

HT_ROW32_N701
Script is beginning...
Analysis complete for HT_ROW32_N701_R1.fastq
Analysis complete for HT_ROW32_N701_R2.fastq
FastQC complete
Feb 24 23:36:51 ..... Started STAR run
Feb 24 23:37:49 ..... Started mapping
Feb 24 23:37:54 ..... Started sorting BAM
Feb 24 23:37:54 ..... Finished successfully
STAR alignment complete

End of 1_FQC_StarAlign.sh... Wed Feb 24 23:37:54 PST 2016

Starting 1_FQC_StarAlign.sh... Thu Feb 25 09:08:43 PST 2016

HT_ROW32_N701
Script is beginning...
Analysis complete for HT_ROW32_N701_R1.fastq
Analysis complete for HT_ROW32_N701_R2.fastq
FastQC complete
Feb 25 09:08:51 ..... Started STAR run
Feb 25 09:14:37 ..... Started mapping
Feb 25 09:14:41 ..... Started sorting BAM
Feb 25 09:14:42 ..... Finished successfully
STAR alignment complete

End of 1_FQC_StarAlign.sh... Thu Feb 25 09:14:42 PST 2016
