
Starting 1_FQC_StarAlign.sh... Wed Feb 24 21:31:43 PST 2016

HT_ROW19_N704
Script is beginning...
Analysis complete for HT_ROW19_N704_R1.fastq
Analysis complete for HT_ROW19_N704_R2.fastq
FastQC complete
Feb 24 21:31:55 ..... Started STAR run
Feb 24 21:37:15 ..... Started mapping
Feb 24 21:37:24 ..... Started sorting BAM
Feb 24 21:37:25 ..... Finished successfully
STAR alignment complete

End of 1_FQC_StarAlign.sh... Wed Feb 24 21:37:26 PST 2016

Starting 1_FQC_StarAlign.sh... Thu Feb 25 06:20:13 PST 2016

HT_ROW19_N704
Script is beginning...
Analysis complete for HT_ROW19_N704_R1.fastq
Analysis complete for HT_ROW19_N704_R2.fastq
FastQC complete
Feb 25 06:20:23 ..... Started STAR run
Feb 25 06:24:38 ..... Started mapping
Feb 25 06:24:46 ..... Started sorting BAM
Feb 25 06:24:46 ..... Finished successfully
STAR alignment complete

End of 1_FQC_StarAlign.sh... Thu Feb 25 06:24:47 PST 2016
