
Starting 1_FQC_StarAlign.sh... Wed Feb 24 23:51:43 PST 2016

HT_ROW33_N718
Script is beginning...
Analysis complete for HT_ROW33_N718_R1.fastq
Analysis complete for HT_ROW33_N718_R2.fastq
FastQC complete
Feb 24 23:51:55 ..... Started STAR run
Feb 24 23:52:07 ..... Started mapping
Feb 24 23:52:14 ..... Started sorting BAM
Feb 24 23:52:15 ..... Finished successfully
STAR alignment complete

End of 1_FQC_StarAlign.sh... Wed Feb 24 23:52:16 PST 2016

Starting 1_FQC_StarAlign.sh... Thu Feb 25 09:27:43 PST 2016

HT_ROW33_N718
Script is beginning...
Analysis complete for HT_ROW33_N718_R1.fastq
Analysis complete for HT_ROW33_N718_R2.fastq
FastQC complete
Feb 25 09:27:58 ..... Started STAR run
Feb 25 09:28:26 ..... Started mapping
Feb 25 09:28:33 ..... Started sorting BAM
Feb 25 09:28:34 ..... Finished successfully
STAR alignment complete

End of 1_FQC_StarAlign.sh... Thu Feb 25 09:28:35 PST 2016
