
Starting 1_FQC_StarAlign.sh... Wed Feb 24 17:02:13 PST 2016

HT_ROW06_N704
Script is beginning...
Analysis complete for HT_ROW06_N704_R1.fastq
Analysis complete for HT_ROW06_N704_R2.fastq
FastQC complete
Feb 24 17:02:23 ..... Started STAR run
Feb 24 17:02:35 ..... Started mapping
Feb 24 17:02:43 ..... Started sorting BAM
Feb 24 17:02:44 ..... Finished successfully
STAR alignment complete

End of 1_FQC_StarAlign.sh... Wed Feb 24 17:02:44 PST 2016

Starting 1_FQC_StarAlign.sh... Thu Feb 25 01:44:28 PST 2016

HT_ROW06_N704
Script is beginning...
Analysis complete for HT_ROW06_N704_R1.fastq
Analysis complete for HT_ROW06_N704_R2.fastq
FastQC complete
Feb 25 01:44:38 ..... Started STAR run
Feb 25 01:50:41 ..... Started mapping
Feb 25 01:50:50 ..... Started sorting BAM
Feb 25 01:50:50 ..... Finished successfully
STAR alignment complete

End of 1_FQC_StarAlign.sh... Thu Feb 25 01:50:50 PST 2016
