
Starting 1_FQC_StarAlign.sh... Wed Feb 24 23:39:43 PST 2016

HT_ROW32_N715
Script is beginning...
Analysis complete for HT_ROW32_N715_R1.fastq
Analysis complete for HT_ROW32_N715_R2.fastq
FastQC complete
Feb 24 23:39:54 ..... Started STAR run
Feb 24 23:40:44 ..... Started mapping
Feb 24 23:40:53 ..... Started sorting BAM
Feb 24 23:40:55 ..... Finished successfully
STAR alignment complete

End of 1_FQC_StarAlign.sh... Wed Feb 24 23:40:55 PST 2016

Starting 1_FQC_StarAlign.sh... Thu Feb 25 09:15:58 PST 2016

HT_ROW32_N715
Script is beginning...
Analysis complete for HT_ROW32_N715_R1.fastq
Analysis complete for HT_ROW32_N715_R2.fastq
FastQC complete
Feb 25 09:16:11 ..... Started STAR run
Feb 25 09:20:53 ..... Started mapping
Feb 25 09:21:03 ..... Started sorting BAM
Feb 25 09:21:03 ..... Finished successfully
STAR alignment complete

End of 1_FQC_StarAlign.sh... Thu Feb 25 09:21:03 PST 2016
