
Starting 1_FQC_StarAlign.sh... Wed Feb 24 22:22:58 PST 2016

HT_ROW22_N710
Script is beginning...
Analysis complete for HT_ROW22_N710_R1.fastq
Analysis complete for HT_ROW22_N710_R2.fastq
FastQC complete
Feb 24 22:23:06 ..... Started STAR run
Feb 24 22:24:04 ..... Started mapping
Feb 24 22:24:05 ..... Started sorting BAM
Feb 24 22:24:05 ..... Finished successfully
STAR alignment complete

End of 1_FQC_StarAlign.sh... Wed Feb 24 22:24:06 PST 2016

Starting 1_FQC_StarAlign.sh... Thu Feb 25 06:58:13 PST 2016

HT_ROW22_N710
Script is beginning...
Analysis complete for HT_ROW22_N710_R1.fastq
Analysis complete for HT_ROW22_N710_R2.fastq
FastQC complete
Feb 25 06:58:20 ..... Started STAR run
Feb 25 06:58:33 ..... Started mapping
Feb 25 06:58:34 ..... Started sorting BAM
Feb 25 06:58:34 ..... Finished successfully
STAR alignment complete

End of 1_FQC_StarAlign.sh... Thu Feb 25 06:58:34 PST 2016
