
Starting 1_FQC_StarAlign.sh... Wed Feb 24 19:21:44 PST 2016

HT_ROW11_N720
Script is beginning...
Analysis complete for HT_ROW11_N720_R1.fastq
Analysis complete for HT_ROW11_N720_R2.fastq
FastQC complete
Feb 24 19:22:03 ..... Started STAR run
Feb 24 19:49:18 ..... Started mapping
Feb 24 19:49:34 ..... Started sorting BAM
Feb 24 19:49:35 ..... Finished successfully
STAR alignment complete

End of 1_FQC_StarAlign.sh... Wed Feb 24 19:49:35 PST 2016

Starting 1_FQC_StarAlign.sh... Thu Feb 25 02:59:13 PST 2016

HT_ROW11_N720
Script is beginning...
Analysis complete for HT_ROW11_N720_R1.fastq
Analysis complete for HT_ROW11_N720_R2.fastq
FastQC complete
Feb 25 02:59:25 ..... Started STAR run
Feb 25 03:05:47 ..... Started mapping
Feb 25 03:05:59 ..... Started sorting BAM
Feb 25 03:06:01 ..... Finished successfully
STAR alignment complete

End of 1_FQC_StarAlign.sh... Thu Feb 25 03:06:01 PST 2016
