
Starting 1_FQC_StarAlign.sh... Wed Feb 24 23:20:14 PST 2016

HT_ROW30_N702
Script is beginning...
Analysis complete for HT_ROW30_N702_R1.fastq
Analysis complete for HT_ROW30_N702_R2.fastq
FastQC complete
Feb 24 23:20:22 ..... Started STAR run
Feb 24 23:23:59 ..... Started mapping
Feb 24 23:24:06 ..... Started sorting BAM
Feb 24 23:24:06 ..... Finished successfully
STAR alignment complete

End of 1_FQC_StarAlign.sh... Wed Feb 24 23:24:06 PST 2016

Starting 1_FQC_StarAlign.sh... Thu Feb 25 08:50:28 PST 2016

HT_ROW30_N702
Script is beginning...
Analysis complete for HT_ROW30_N702_R1.fastq
Analysis complete for HT_ROW30_N702_R2.fastq
FastQC complete
Feb 25 08:50:37 ..... Started STAR run
Feb 25 08:55:27 ..... Started mapping
Feb 25 08:55:35 ..... Started sorting BAM
Feb 25 08:55:35 ..... Finished successfully
STAR alignment complete

End of 1_FQC_StarAlign.sh... Thu Feb 25 08:55:36 PST 2016
