
Starting 1_FQC_StarAlign.sh... Wed Feb 24 23:56:28 PST 2016

HT_ROW34_N720
Script is beginning...
Analysis complete for HT_ROW34_N720_R1.fastq
Analysis complete for HT_ROW34_N720_R2.fastq
FastQC complete
Feb 24 23:56:37 ..... Started STAR run
Feb 24 23:59:06 ..... Started mapping
Feb 24 23:59:10 ..... Started sorting BAM
Feb 24 23:59:11 ..... Finished successfully
STAR alignment complete

End of 1_FQC_StarAlign.sh... Wed Feb 24 23:59:12 PST 2016

Starting 1_FQC_StarAlign.sh... Thu Feb 25 09:32:58 PST 2016

HT_ROW34_N720
Script is beginning...
Analysis complete for HT_ROW34_N720_R1.fastq
Analysis complete for HT_ROW34_N720_R2.fastq
FastQC complete
Feb 25 09:33:07 ..... Started STAR run
Feb 25 09:37:20 ..... Started mapping
Feb 25 09:37:25 ..... Started sorting BAM
Feb 25 09:37:26 ..... Finished successfully
STAR alignment complete

End of 1_FQC_StarAlign.sh... Thu Feb 25 09:37:26 PST 2016
