
Starting 1_FQC_StarAlign.sh... Wed Feb 24 23:20:28 PST 2016

HT_ROW30_N705
Script is beginning...
Analysis complete for HT_ROW30_N705_R1.fastq
Analysis complete for HT_ROW30_N705_R2.fastq
FastQC complete
Feb 24 23:20:36 ..... Started STAR run
Feb 24 23:23:59 ..... Started mapping
Feb 24 23:24:00 ..... Started sorting BAM
Feb 24 23:24:00 ..... Finished successfully
STAR alignment complete

End of 1_FQC_StarAlign.sh... Wed Feb 24 23:24:00 PST 2016

Starting 1_FQC_StarAlign.sh... Thu Feb 25 08:50:43 PST 2016

HT_ROW30_N705
Script is beginning...
Analysis complete for HT_ROW30_N705_R1.fastq
Analysis complete for HT_ROW30_N705_R2.fastq
FastQC complete
Feb 25 08:50:50 ..... Started STAR run
Feb 25 08:53:52 ..... Started mapping
Feb 25 08:53:54 ..... Started sorting BAM
Feb 25 08:53:54 ..... Finished successfully
STAR alignment complete

End of 1_FQC_StarAlign.sh... Thu Feb 25 08:53:54 PST 2016
