
Starting 1_FQC_StarAlign.sh... Thu Feb 25 00:43:28 PST 2016

HT_ROW38_N722
Script is beginning...
Analysis complete for HT_ROW38_N722_R1.fastq
Analysis complete for HT_ROW38_N722_R2.fastq
FastQC complete
Feb 25 00:43:35 ..... Started STAR run
Feb 25 00:45:08 ..... Started mapping
Feb 25 00:45:09 ..... Started sorting BAM
Feb 25 00:45:09 ..... Finished successfully
STAR alignment complete

End of 1_FQC_StarAlign.sh... Thu Feb 25 00:45:10 PST 2016

Starting 1_FQC_StarAlign.sh... Thu Feb 25 10:01:58 PST 2016

HT_ROW38_N722
Script is beginning...
Analysis complete for HT_ROW38_N722_R1.fastq
Analysis complete for HT_ROW38_N722_R2.fastq
FastQC complete
Feb 25 10:02:07 ..... Started STAR run
Feb 25 10:05:24 ..... Started mapping
Feb 25 10:05:25 ..... Started sorting BAM
Feb 25 10:05:26 ..... Finished successfully
STAR alignment complete

End of 1_FQC_StarAlign.sh... Thu Feb 25 10:05:26 PST 2016
