
Starting 1_FQC_StarAlign.sh... Wed Feb 24 16:59:43 PST 2016

HT_ROW05_N722
Script is beginning...
Analysis complete for HT_ROW05_N722_R1.fastq
Analysis complete for HT_ROW05_N722_R2.fastq
FastQC complete
Feb 24 16:59:52 ..... Started STAR run
Feb 24 17:04:18 ..... Started mapping
Feb 24 17:04:20 ..... Started sorting BAM
Feb 24 17:04:21 ..... Finished successfully
STAR alignment complete

End of 1_FQC_StarAlign.sh... Wed Feb 24 17:04:21 PST 2016

Starting 1_FQC_StarAlign.sh... Thu Feb 25 01:41:43 PST 2016

HT_ROW05_N722
Script is beginning...
Analysis complete for HT_ROW05_N722_R1.fastq
Analysis complete for HT_ROW05_N722_R2.fastq
FastQC complete
Feb 25 01:41:51 ..... Started STAR run
Feb 25 01:44:30 ..... Started mapping
Feb 25 01:44:33 ..... Started sorting BAM
Feb 25 01:44:33 ..... Finished successfully
STAR alignment complete

End of 1_FQC_StarAlign.sh... Thu Feb 25 01:44:34 PST 2016
