
Starting 1_FQC_StarAlign.sh... Wed Feb 24 22:16:58 PST 2016

HT_ROW21_N724
Script is beginning...
Analysis complete for HT_ROW21_N724_R1.fastq
Analysis complete for HT_ROW21_N724_R2.fastq
FastQC complete
Feb 24 22:17:23 ..... Started STAR run
Feb 24 22:20:37 ..... Started mapping
Feb 24 22:20:55 ..... Started sorting BAM
Feb 24 22:20:55 ..... Finished successfully
STAR alignment complete

End of 1_FQC_StarAlign.sh... Wed Feb 24 22:20:56 PST 2016

Starting 1_FQC_StarAlign.sh... Thu Feb 25 06:53:28 PST 2016

HT_ROW21_N724
Script is beginning...
Analysis complete for HT_ROW21_N724_R1.fastq
Analysis complete for HT_ROW21_N724_R2.fastq
FastQC complete
Feb 25 06:53:45 ..... Started STAR run
Feb 25 06:54:30 ..... Started mapping
Feb 25 06:54:49 ..... Started sorting BAM
Feb 25 06:54:50 ..... Finished successfully
STAR alignment complete

End of 1_FQC_StarAlign.sh... Thu Feb 25 06:54:50 PST 2016
