
Starting 1_FQC_StarAlign.sh... Wed Feb 24 22:42:58 PST 2016

HT_ROW24_N721
Script is beginning...
Analysis complete for HT_ROW24_N721_R1.fastq
Analysis complete for HT_ROW24_N721_R2.fastq
FastQC complete
Feb 24 22:43:07 ..... Started STAR run
Feb 24 22:43:30 ..... Started mapping
Feb 24 22:43:36 ..... Started sorting BAM
Feb 24 22:43:36 ..... Finished successfully
STAR alignment complete

End of 1_FQC_StarAlign.sh... Wed Feb 24 22:43:36 PST 2016

Starting 1_FQC_StarAlign.sh... Thu Feb 25 07:30:28 PST 2016

HT_ROW24_N721
Script is beginning...
Analysis complete for HT_ROW24_N721_R1.fastq
Analysis complete for HT_ROW24_N721_R2.fastq
FastQC complete
Feb 25 07:30:37 ..... Started STAR run
Feb 25 07:37:37 ..... Started mapping
Feb 25 07:37:43 ..... Started sorting BAM
Feb 25 07:37:43 ..... Finished successfully
STAR alignment complete

End of 1_FQC_StarAlign.sh... Thu Feb 25 07:37:43 PST 2016
