
Starting 1_FQC_StarAlign.sh... Wed Feb 24 21:46:43 PST 2016

HT_ROW19_N722
Script is beginning...
Analysis complete for HT_ROW19_N722_R1.fastq
Analysis complete for HT_ROW19_N722_R2.fastq
FastQC complete
Feb 24 21:46:55 ..... Started STAR run
Feb 24 21:51:06 ..... Started mapping
Feb 24 21:51:14 ..... Started sorting BAM
Feb 24 21:51:14 ..... Finished successfully
STAR alignment complete

End of 1_FQC_StarAlign.sh... Wed Feb 24 21:51:14 PST 2016

Starting 1_FQC_StarAlign.sh... Thu Feb 25 06:28:13 PST 2016

HT_ROW19_N722
Script is beginning...
Analysis complete for HT_ROW19_N722_R1.fastq
Analysis complete for HT_ROW19_N722_R2.fastq
FastQC complete
Feb 25 06:28:21 ..... Started STAR run
Feb 25 06:32:07 ..... Started mapping
Feb 25 06:32:14 ..... Started sorting BAM
Feb 25 06:32:15 ..... Finished successfully
STAR alignment complete

End of 1_FQC_StarAlign.sh... Thu Feb 25 06:32:15 PST 2016
