
Starting 1_FQC_StarAlign.sh... Wed Feb 24 21:59:28 PST 2016

HT_ROW20_N711
Script is beginning...
Analysis complete for HT_ROW20_N711_R1.fastq
Analysis complete for HT_ROW20_N711_R2.fastq
FastQC complete
Feb 24 22:00:10 ..... Started STAR run
Feb 24 22:12:10 ..... Started mapping
Feb 24 22:12:37 ..... Started sorting BAM
Feb 24 22:12:39 ..... Finished successfully
STAR alignment complete

End of 1_FQC_StarAlign.sh... Wed Feb 24 22:12:40 PST 2016

Starting 1_FQC_StarAlign.sh... Thu Feb 25 06:38:43 PST 2016

HT_ROW20_N711
Script is beginning...
Analysis complete for HT_ROW20_N711_R1.fastq
Analysis complete for HT_ROW20_N711_R2.fastq
FastQC complete
Feb 25 06:39:16 ..... Started STAR run
Feb 25 06:46:07 ..... Started mapping
Feb 25 06:46:33 ..... Started sorting BAM
Feb 25 06:46:35 ..... Finished successfully
STAR alignment complete

End of 1_FQC_StarAlign.sh... Thu Feb 25 06:46:35 PST 2016
