
Starting 1_FQC_StarAlign.sh... Wed Feb 24 20:58:58 PST 2016

HT_ROW17_N707
Script is beginning...
Analysis complete for HT_ROW17_N707_R1.fastq
Analysis complete for HT_ROW17_N707_R2.fastq
FastQC complete
Feb 24 20:59:17 ..... Started STAR run
Feb 24 21:06:52 ..... Started mapping
Feb 24 21:07:05 ..... Started sorting BAM
Feb 24 21:07:06 ..... Finished successfully
STAR alignment complete

End of 1_FQC_StarAlign.sh... Wed Feb 24 21:07:07 PST 2016

Starting 1_FQC_StarAlign.sh... Thu Feb 25 05:34:28 PST 2016

HT_ROW17_N707
Script is beginning...
Analysis complete for HT_ROW17_N707_R1.fastq
Analysis complete for HT_ROW17_N707_R2.fastq
FastQC complete
Feb 25 05:34:41 ..... Started STAR run
Feb 25 05:40:35 ..... Started mapping
Feb 25 05:40:49 ..... Started sorting BAM
Feb 25 05:40:49 ..... Finished successfully
STAR alignment complete

End of 1_FQC_StarAlign.sh... Thu Feb 25 05:40:50 PST 2016
