
Starting 1_FQC_StarAlign.sh... Wed Feb 24 21:14:13 PST 2016

HT_ROW17_N724
Script is beginning...
Analysis complete for HT_ROW17_N724_R1.fastq
Analysis complete for HT_ROW17_N724_R2.fastq
FastQC complete
Feb 24 21:14:33 ..... Started STAR run
Feb 24 21:16:31 ..... Started mapping
Feb 24 21:16:46 ..... Started sorting BAM
Feb 24 21:16:48 ..... Finished successfully
STAR alignment complete

End of 1_FQC_StarAlign.sh... Wed Feb 24 21:16:49 PST 2016

Starting 1_FQC_StarAlign.sh... Thu Feb 25 05:47:58 PST 2016

HT_ROW17_N724
Script is beginning...
Analysis complete for HT_ROW17_N724_R1.fastq
Analysis complete for HT_ROW17_N724_R2.fastq
FastQC complete
Feb 25 05:48:19 ..... Started STAR run
Feb 25 05:55:30 ..... Started mapping
Feb 25 05:55:50 ..... Started sorting BAM
Feb 25 05:55:52 ..... Finished successfully
STAR alignment complete

End of 1_FQC_StarAlign.sh... Thu Feb 25 05:55:52 PST 2016
