
Starting 1_FQC_StarAlign.sh... Wed Feb 24 18:12:28 PST 2016

HT_ROW10_N702
Script is beginning...
Analysis complete for HT_ROW10_N702_R1.fastq
Analysis complete for HT_ROW10_N702_R2.fastq
FastQC complete
Feb 24 18:12:38 ..... Started STAR run
Feb 24 18:30:00 ..... Started mapping
Feb 24 18:30:03 ..... Started sorting BAM
Feb 24 18:30:03 ..... Finished successfully
STAR alignment complete

End of 1_FQC_StarAlign.sh... Wed Feb 24 18:30:04 PST 2016

Starting 1_FQC_StarAlign.sh... Thu Feb 25 02:31:43 PST 2016

HT_ROW10_N702
Script is beginning...
Analysis complete for HT_ROW10_N702_R1.fastq
Analysis complete for HT_ROW10_N702_R2.fastq
FastQC complete
Feb 25 02:31:49 ..... Started STAR run
Feb 25 02:32:07 ..... Started mapping
Feb 25 02:32:10 ..... Started sorting BAM
Feb 25 02:32:10 ..... Finished successfully
STAR alignment complete

End of 1_FQC_StarAlign.sh... Thu Feb 25 02:32:11 PST 2016
