
Starting 1_FQC_StarAlign.sh... Wed Feb 24 23:37:58 PST 2016

HT_ROW32_N707
Script is beginning...
Analysis complete for HT_ROW32_N707_R1.fastq
Analysis complete for HT_ROW32_N707_R2.fastq
FastQC complete
Feb 24 23:38:06 ..... Started STAR run
Feb 24 23:39:44 ..... Started mapping
Feb 24 23:39:48 ..... Started sorting BAM
Feb 24 23:39:49 ..... Finished successfully
STAR alignment complete

End of 1_FQC_StarAlign.sh... Wed Feb 24 23:39:49 PST 2016

Starting 1_FQC_StarAlign.sh... Thu Feb 25 09:14:58 PST 2016

HT_ROW32_N707
Script is beginning...
Analysis complete for HT_ROW32_N707_R1.fastq
Analysis complete for HT_ROW32_N707_R2.fastq
FastQC complete
Feb 25 09:15:06 ..... Started STAR run
Feb 25 09:19:08 ..... Started mapping
Feb 25 09:19:13 ..... Started sorting BAM
Feb 25 09:19:13 ..... Finished successfully
STAR alignment complete

End of 1_FQC_StarAlign.sh... Thu Feb 25 09:19:15 PST 2016
