
Starting 1_FQC_StarAlign.sh... Wed Feb 24 23:24:58 PST 2016

HT_ROW30_N718
Script is beginning...
Analysis complete for HT_ROW30_N718_R1.fastq
Analysis complete for HT_ROW30_N718_R2.fastq
FastQC complete
Feb 24 23:25:06 ..... Started STAR run
Feb 24 23:25:29 ..... Started mapping
Feb 24 23:25:33 ..... Started sorting BAM
Feb 24 23:25:33 ..... Finished successfully
STAR alignment complete

End of 1_FQC_StarAlign.sh... Wed Feb 24 23:25:33 PST 2016

Starting 1_FQC_StarAlign.sh... Thu Feb 25 08:56:58 PST 2016

HT_ROW30_N718
Script is beginning...
Analysis complete for HT_ROW30_N718_R1.fastq
Analysis complete for HT_ROW30_N718_R2.fastq
FastQC complete
Feb 25 08:57:06 ..... Started STAR run
Feb 25 08:59:05 ..... Started mapping
Feb 25 08:59:09 ..... Started sorting BAM
Feb 25 08:59:10 ..... Finished successfully
STAR alignment complete

End of 1_FQC_StarAlign.sh... Thu Feb 25 08:59:10 PST 2016
