
Starting 1_FQC_StarAlign.sh... Wed Feb 24 16:53:13 PST 2016

HT_ROW04_N719
Script is beginning...
Analysis complete for HT_ROW04_N719_R1.fastq
Analysis complete for HT_ROW04_N719_R2.fastq
FastQC complete
Feb 24 16:53:25 ..... Started STAR run
Feb 24 16:59:58 ..... Started mapping
Feb 24 17:00:11 ..... Started sorting BAM
Feb 24 17:00:12 ..... Finished successfully
STAR alignment complete

End of 1_FQC_StarAlign.sh... Wed Feb 24 17:00:12 PST 2016

Starting 1_FQC_StarAlign.sh... Thu Feb 25 01:34:58 PST 2016

HT_ROW04_N719
Script is beginning...
Analysis complete for HT_ROW04_N719_R1.fastq
Analysis complete for HT_ROW04_N719_R2.fastq
FastQC complete
Feb 25 01:35:07 ..... Started STAR run
Feb 25 01:39:25 ..... Started mapping
Feb 25 01:39:36 ..... Started sorting BAM
Feb 25 01:39:36 ..... Finished successfully
STAR alignment complete

End of 1_FQC_StarAlign.sh... Thu Feb 25 01:39:36 PST 2016
