
Starting 1_FQC_StarAlign.sh... Wed Feb 24 16:30:13 PST 2016

HT_ROW03_N714
Script is beginning...
Analysis complete for HT_ROW03_N714_R1.fastq
Analysis complete for HT_ROW03_N714_R2.fastq
FastQC complete
Feb 24 16:30:29 ..... Started STAR run
Feb 24 16:36:41 ..... Started mapping
Feb 24 16:37:00 ..... Started sorting BAM
Feb 24 16:37:01 ..... Finished successfully
STAR alignment complete

End of 1_FQC_StarAlign.sh... Wed Feb 24 16:37:01 PST 2016

Starting 1_FQC_StarAlign.sh... Thu Feb 25 01:24:58 PST 2016

HT_ROW03_N714
Script is beginning...
Analysis complete for HT_ROW03_N714_R1.fastq
Analysis complete for HT_ROW03_N714_R2.fastq
FastQC complete
Feb 25 01:25:15 ..... Started STAR run
Feb 25 01:30:58 ..... Started mapping
Feb 25 01:31:15 ..... Started sorting BAM
Feb 25 01:31:16 ..... Finished successfully
STAR alignment complete

End of 1_FQC_StarAlign.sh... Thu Feb 25 01:31:17 PST 2016
