
Starting 1_FQC_StarAlign.sh... Wed Feb 24 22:19:28 PST 2016

HT_ROW22_N704
Script is beginning...
Analysis complete for HT_ROW22_N704_R1.fastq
Analysis complete for HT_ROW22_N704_R2.fastq
FastQC complete
Feb 24 22:19:37 ..... Started STAR run
Feb 24 22:24:36 ..... Started mapping
Feb 24 22:24:45 ..... Started sorting BAM
Feb 24 22:24:45 ..... Finished successfully
STAR alignment complete

End of 1_FQC_StarAlign.sh... Wed Feb 24 22:24:46 PST 2016

Starting 1_FQC_StarAlign.sh... Thu Feb 25 06:56:13 PST 2016

HT_ROW22_N704
Script is beginning...
Analysis complete for HT_ROW22_N704_R1.fastq
Analysis complete for HT_ROW22_N704_R2.fastq
FastQC complete
Feb 25 06:56:21 ..... Started STAR run
Feb 25 06:57:17 ..... Started mapping
Feb 25 06:57:24 ..... Started sorting BAM
Feb 25 06:57:24 ..... Finished successfully
STAR alignment complete

End of 1_FQC_StarAlign.sh... Thu Feb 25 06:57:24 PST 2016
