
Starting 1_FQC_StarAlign.sh... Wed Feb 24 19:41:43 PST 2016

HT_ROW12_N719
Script is beginning...
Analysis complete for HT_ROW12_N719_R1.fastq
Analysis complete for HT_ROW12_N719_R2.fastq
FastQC complete
Feb 24 19:41:52 ..... Started STAR run
Feb 24 19:42:03 ..... Started mapping
Feb 24 19:42:10 ..... Started sorting BAM
Feb 24 19:42:10 ..... Finished successfully
STAR alignment complete

End of 1_FQC_StarAlign.sh... Wed Feb 24 19:42:11 PST 2016

Starting 1_FQC_StarAlign.sh... Thu Feb 25 03:30:13 PST 2016

HT_ROW12_N719
Script is beginning...
Analysis complete for HT_ROW12_N719_R1.fastq
Analysis complete for HT_ROW12_N719_R2.fastq
FastQC complete
Feb 25 03:30:23 ..... Started STAR run
Feb 25 03:36:20 ..... Started mapping
Feb 25 03:36:28 ..... Started sorting BAM
Feb 25 03:36:29 ..... Finished successfully
STAR alignment complete

End of 1_FQC_StarAlign.sh... Thu Feb 25 03:36:30 PST 2016
