
Starting 1_FQC_StarAlign.sh... Thu Feb 25 00:05:13 PST 2016

HT_ROW35_N719
Script is beginning...
Analysis complete for HT_ROW35_N719_R1.fastq
Analysis complete for HT_ROW35_N719_R2.fastq
FastQC complete
Feb 25 00:05:23 ..... Started STAR run
Feb 25 00:11:12 ..... Started mapping
Feb 25 00:11:15 ..... Started sorting BAM
Feb 25 00:11:15 ..... Finished successfully
STAR alignment complete

End of 1_FQC_StarAlign.sh... Thu Feb 25 00:11:16 PST 2016

Starting 1_FQC_StarAlign.sh... Thu Feb 25 09:40:28 PST 2016

HT_ROW35_N719
Script is beginning...
Analysis complete for HT_ROW35_N719_R1.fastq
Analysis complete for HT_ROW35_N719_R2.fastq
FastQC complete
Feb 25 09:40:35 ..... Started STAR run
Feb 25 09:42:56 ..... Started mapping
Feb 25 09:42:59 ..... Started sorting BAM
Feb 25 09:43:00 ..... Finished successfully
STAR alignment complete

End of 1_FQC_StarAlign.sh... Thu Feb 25 09:43:01 PST 2016
