
Starting 1_FQC_StarAlign.sh... Wed Feb 24 16:11:43 PST 2016

HT_ROW02_N711
Script is beginning...
Analysis complete for HT_ROW02_N711_R1.fastq
Analysis complete for HT_ROW02_N711_R2.fastq
FastQC complete
Feb 24 16:12:10 ..... Started STAR run
Feb 24 16:16:19 ..... Started mapping
Feb 24 16:16:36 ..... Started sorting BAM
Feb 24 16:16:37 ..... Finished successfully
STAR alignment complete

End of 1_FQC_StarAlign.sh... Wed Feb 24 16:16:38 PST 2016

Starting 1_FQC_StarAlign.sh... Thu Feb 25 01:15:28 PST 2016

HT_ROW02_N711
Script is beginning...
Analysis complete for HT_ROW02_N711_R1.fastq
Analysis complete for HT_ROW02_N711_R2.fastq
FastQC complete
Feb 25 01:15:50 ..... Started STAR run
Feb 25 01:16:05 ..... Started mapping
Feb 25 01:16:21 ..... Started sorting BAM
Feb 25 01:16:22 ..... Finished successfully
STAR alignment complete

End of 1_FQC_StarAlign.sh... Thu Feb 25 01:16:24 PST 2016
