
Starting 1_FQC_StarAlign.sh... Wed Feb 24 22:42:13 PST 2016

HT_ROW24_N720
Script is beginning...
Analysis complete for HT_ROW24_N720_R1.fastq
Analysis complete for HT_ROW24_N720_R2.fastq
FastQC complete
Feb 24 22:42:23 ..... Started STAR run
Feb 24 22:42:40 ..... Started mapping
Feb 24 22:42:53 ..... Started sorting BAM
Feb 24 22:42:55 ..... Finished successfully
STAR alignment complete

End of 1_FQC_StarAlign.sh... Wed Feb 24 22:42:56 PST 2016

Starting 1_FQC_StarAlign.sh... Thu Feb 25 07:30:13 PST 2016

HT_ROW24_N720
Script is beginning...
Analysis complete for HT_ROW24_N720_R1.fastq
Analysis complete for HT_ROW24_N720_R2.fastq
FastQC complete
Feb 25 07:30:26 ..... Started STAR run
Feb 25 07:50:58 ..... Started mapping
Feb 25 07:51:17 ..... Started sorting BAM
Feb 25 07:51:18 ..... Finished successfully
STAR alignment complete

End of 1_FQC_StarAlign.sh... Thu Feb 25 07:51:22 PST 2016
