
Starting 1_FQC_StarAlign.sh... Wed Feb 24 23:59:28 PST 2016

HT_ROW34_N724
Script is beginning...
Analysis complete for HT_ROW34_N724_R1.fastq
Analysis complete for HT_ROW34_N724_R2.fastq
FastQC complete
Feb 24 23:59:37 ..... Started STAR run
Feb 25 00:01:30 ..... Started mapping
Feb 25 00:01:43 ..... Started sorting BAM
Feb 25 00:01:43 ..... Finished successfully
STAR alignment complete

End of 1_FQC_StarAlign.sh... Thu Feb 25 00:01:44 PST 2016

Starting 1_FQC_StarAlign.sh... Thu Feb 25 09:34:28 PST 2016

HT_ROW34_N724
Script is beginning...
Analysis complete for HT_ROW34_N724_R1.fastq
Analysis complete for HT_ROW34_N724_R2.fastq
FastQC complete
Feb 25 09:34:39 ..... Started STAR run
Feb 25 09:40:07 ..... Started mapping
Feb 25 09:40:20 ..... Started sorting BAM
Feb 25 09:40:21 ..... Finished successfully
STAR alignment complete

End of 1_FQC_StarAlign.sh... Thu Feb 25 09:40:21 PST 2016
