
Starting 1_FQC_StarAlign.sh... Wed Feb 24 16:59:58 PST 2016

HT_ROW05_N723
Script is beginning...
Analysis complete for HT_ROW05_N723_R1.fastq
Analysis complete for HT_ROW05_N723_R2.fastq
FastQC complete
Feb 24 17:00:10 ..... Started STAR run
Feb 24 17:04:19 ..... Started mapping
Feb 24 17:04:29 ..... Started sorting BAM
Feb 24 17:04:30 ..... Finished successfully
STAR alignment complete

End of 1_FQC_StarAlign.sh... Wed Feb 24 17:04:30 PST 2016

Starting 1_FQC_StarAlign.sh... Thu Feb 25 01:42:28 PST 2016

HT_ROW05_N723
Script is beginning...
Analysis complete for HT_ROW05_N723_R1.fastq
Analysis complete for HT_ROW05_N723_R2.fastq
FastQC complete
Feb 25 01:42:41 ..... Started STAR run
Feb 25 01:44:30 ..... Started mapping
Feb 25 01:44:42 ..... Started sorting BAM
Feb 25 01:44:42 ..... Finished successfully
STAR alignment complete

End of 1_FQC_StarAlign.sh... Thu Feb 25 01:44:43 PST 2016
