
Starting 1_FQC_StarAlign.sh... Wed Feb 24 22:48:13 PST 2016

HT_ROW25_N714
Script is beginning...
Analysis complete for HT_ROW25_N714_R1.fastq
Analysis complete for HT_ROW25_N714_R2.fastq
FastQC complete
Feb 24 22:48:25 ..... Started STAR run
Feb 24 22:48:53 ..... Started mapping
Feb 24 22:49:09 ..... Started sorting BAM
Feb 24 22:49:12 ..... Finished successfully
STAR alignment complete

End of 1_FQC_StarAlign.sh... Wed Feb 24 22:49:12 PST 2016

Starting 1_FQC_StarAlign.sh... Thu Feb 25 07:42:13 PST 2016

HT_ROW25_N714
Script is beginning...
Analysis complete for HT_ROW25_N714_R1.fastq
Analysis complete for HT_ROW25_N714_R2.fastq
FastQC complete
Feb 25 07:42:24 ..... Started STAR run
Feb 25 07:48:53 ..... Started mapping
Feb 25 07:49:10 ..... Started sorting BAM
Feb 25 07:49:13 ..... Finished successfully
STAR alignment complete

End of 1_FQC_StarAlign.sh... Thu Feb 25 07:49:15 PST 2016
