
Starting 1_FQC_StarAlign.sh... Wed Feb 24 19:31:13 PST 2016

HT_ROW12_N704
Script is beginning...
Analysis complete for HT_ROW12_N704_R1.fastq
Analysis complete for HT_ROW12_N704_R2.fastq
FastQC complete
Feb 24 19:31:25 ..... Started STAR run
Feb 24 19:35:22 ..... Started mapping
Feb 24 19:35:27 ..... Started sorting BAM
Feb 24 19:35:27 ..... Finished successfully
STAR alignment complete

End of 1_FQC_StarAlign.sh... Wed Feb 24 19:35:28 PST 2016

Starting 1_FQC_StarAlign.sh... Thu Feb 25 03:15:28 PST 2016

HT_ROW12_N704
Script is beginning...
Analysis complete for HT_ROW12_N704_R1.fastq
Analysis complete for HT_ROW12_N704_R2.fastq
FastQC complete
Feb 25 03:15:37 ..... Started STAR run
Feb 25 03:19:59 ..... Started mapping
Feb 25 03:20:04 ..... Started sorting BAM
Feb 25 03:20:06 ..... Finished successfully
STAR alignment complete

End of 1_FQC_StarAlign.sh... Thu Feb 25 03:20:07 PST 2016
