
Starting 1_FQC_StarAlign.sh... Wed Feb 24 19:35:43 PST 2016

HT_ROW12_N707
Script is beginning...
Analysis complete for HT_ROW12_N707_R1.fastq
Analysis complete for HT_ROW12_N707_R2.fastq
FastQC complete
Feb 24 19:35:57 ..... Started STAR run
Feb 24 19:40:10 ..... Started mapping
Feb 24 19:40:18 ..... Started sorting BAM
Feb 24 19:40:18 ..... Finished successfully
STAR alignment complete

End of 1_FQC_StarAlign.sh... Wed Feb 24 19:40:19 PST 2016

Starting 1_FQC_StarAlign.sh... Thu Feb 25 03:20:13 PST 2016

HT_ROW12_N707
Script is beginning...
Analysis complete for HT_ROW12_N707_R1.fastq
Analysis complete for HT_ROW12_N707_R2.fastq
FastQC complete
Feb 25 03:20:24 ..... Started STAR run
Feb 25 03:31:11 ..... Started mapping
Feb 25 03:31:31 ..... Started sorting BAM
Feb 25 03:31:36 ..... Finished successfully
STAR alignment complete

End of 1_FQC_StarAlign.sh... Thu Feb 25 03:31:36 PST 2016
