
Starting 1_FQC_StarAlign.sh... Wed Feb 24 19:43:13 PST 2016

HT_ROW12_N724
Script is beginning...
Analysis complete for HT_ROW12_N724_R1.fastq
Analysis complete for HT_ROW12_N724_R2.fastq
FastQC complete
Feb 24 19:43:22 ..... Started STAR run
Feb 24 19:43:33 ..... Started mapping
Feb 24 19:43:44 ..... Started sorting BAM
Feb 24 19:43:46 ..... Finished successfully
STAR alignment complete

End of 1_FQC_StarAlign.sh... Wed Feb 24 19:43:46 PST 2016

Starting 1_FQC_StarAlign.sh... Thu Feb 25 03:36:28 PST 2016

HT_ROW12_N724
Script is beginning...
Analysis complete for HT_ROW12_N724_R1.fastq
Analysis complete for HT_ROW12_N724_R2.fastq
FastQC complete
Feb 25 03:36:39 ..... Started STAR run
Feb 25 03:36:51 ..... Started mapping
Feb 25 03:37:01 ..... Started sorting BAM
Feb 25 03:37:03 ..... Finished successfully
STAR alignment complete

End of 1_FQC_StarAlign.sh... Thu Feb 25 03:37:04 PST 2016
