
Starting 1_FQC_StarAlign.sh... Wed Feb 24 17:54:58 PST 2016

HT_ROW09_N715
Script is beginning...
Analysis complete for HT_ROW09_N715_R1.fastq
Analysis complete for HT_ROW09_N715_R2.fastq
FastQC complete
Feb 24 17:55:07 ..... Started STAR run
Feb 24 18:12:06 ..... Started mapping
Feb 24 18:12:09 ..... Started sorting BAM
Feb 24 18:12:10 ..... Finished successfully
STAR alignment complete

End of 1_FQC_StarAlign.sh... Wed Feb 24 18:12:13 PST 2016

Starting 1_FQC_StarAlign.sh... Thu Feb 25 02:20:43 PST 2016

HT_ROW09_N715
Script is beginning...
Analysis complete for HT_ROW09_N715_R1.fastq
Analysis complete for HT_ROW09_N715_R2.fastq
FastQC complete
Feb 25 02:20:51 ..... Started STAR run
Feb 25 02:32:14 ..... Started mapping
Feb 25 02:32:16 ..... Started sorting BAM
Feb 25 02:32:16 ..... Finished successfully
STAR alignment complete

End of 1_FQC_StarAlign.sh... Thu Feb 25 02:32:17 PST 2016
