
Starting 1_FQC_StarAlign.sh... Wed Feb 24 22:41:28 PST 2016

HT_ROW24_N718
Script is beginning...
Analysis complete for HT_ROW24_N718_R1.fastq
Analysis complete for HT_ROW24_N718_R2.fastq
FastQC complete
Feb 24 22:41:38 ..... Started STAR run
Feb 24 22:41:51 ..... Started mapping
Feb 24 22:42:03 ..... Started sorting BAM
Feb 24 22:42:03 ..... Finished successfully
STAR alignment complete

End of 1_FQC_StarAlign.sh... Wed Feb 24 22:42:04 PST 2016

Starting 1_FQC_StarAlign.sh... Thu Feb 25 07:24:13 PST 2016

HT_ROW24_N718
Script is beginning...
Analysis complete for HT_ROW24_N718_R1.fastq
Analysis complete for HT_ROW24_N718_R2.fastq
FastQC complete
Feb 25 07:24:22 ..... Started STAR run
Feb 25 07:31:11 ..... Started mapping
Feb 25 07:31:22 ..... Started sorting BAM
Feb 25 07:31:23 ..... Finished successfully
STAR alignment complete

End of 1_FQC_StarAlign.sh... Thu Feb 25 07:31:24 PST 2016
