
Starting 1_FQC_StarAlign.sh... Wed Feb 24 22:10:58 PST 2016

HT_ROW21_N710
Script is beginning...
Analysis complete for HT_ROW21_N710_R1.fastq
Analysis complete for HT_ROW21_N710_R2.fastq
FastQC complete
Feb 24 22:11:05 ..... Started STAR run
Feb 24 22:11:38 ..... Started mapping
Feb 24 22:11:40 ..... Started sorting BAM
Feb 24 22:11:40 ..... Finished successfully
STAR alignment complete

End of 1_FQC_StarAlign.sh... Wed Feb 24 22:11:41 PST 2016

Starting 1_FQC_StarAlign.sh... Thu Feb 25 06:51:13 PST 2016

HT_ROW21_N710
Script is beginning...
Analysis complete for HT_ROW21_N710_R1.fastq
Analysis complete for HT_ROW21_N710_R2.fastq
FastQC complete
Feb 25 06:51:21 ..... Started STAR run
Feb 25 06:51:54 ..... Started mapping
Feb 25 06:51:55 ..... Started sorting BAM
Feb 25 06:51:56 ..... Finished successfully
STAR alignment complete

End of 1_FQC_StarAlign.sh... Thu Feb 25 06:51:56 PST 2016
