
Starting 1_FQC_StarAlign.sh... Wed Feb 24 17:10:28 PST 2016

HT_ROW08_N703
Script is beginning...
Analysis complete for HT_ROW08_N703_R1.fastq
Analysis complete for HT_ROW08_N703_R2.fastq
FastQC complete
Feb 24 17:10:38 ..... Started STAR run
Feb 24 17:10:49 ..... Started mapping
Feb 24 17:10:51 ..... Started sorting BAM
Feb 24 17:10:51 ..... Finished successfully
STAR alignment complete

End of 1_FQC_StarAlign.sh... Wed Feb 24 17:10:52 PST 2016

Starting 1_FQC_StarAlign.sh... Thu Feb 25 02:05:28 PST 2016

HT_ROW08_N703
Script is beginning...
Analysis complete for HT_ROW08_N703_R1.fastq
Analysis complete for HT_ROW08_N703_R2.fastq
FastQC complete
Feb 25 02:05:36 ..... Started STAR run
Feb 25 02:11:13 ..... Started mapping
Feb 25 02:11:14 ..... Started sorting BAM
Feb 25 02:11:14 ..... Finished successfully
STAR alignment complete

End of 1_FQC_StarAlign.sh... Thu Feb 25 02:11:15 PST 2016
