
Starting 1_FQC_StarAlign.sh... Wed Feb 24 23:30:43 PST 2016

HT_ROW31_N712
Script is beginning...
Analysis complete for HT_ROW31_N712_R1.fastq
Analysis complete for HT_ROW31_N712_R2.fastq
FastQC complete
Feb 24 23:30:54 ..... Started STAR run
Feb 24 23:32:55 ..... Started mapping
Feb 24 23:33:09 ..... Started sorting BAM
Feb 24 23:33:10 ..... Finished successfully
STAR alignment complete

End of 1_FQC_StarAlign.sh... Wed Feb 24 23:33:10 PST 2016

Starting 1_FQC_StarAlign.sh... Thu Feb 25 09:04:28 PST 2016

HT_ROW31_N712
Script is beginning...
Analysis complete for HT_ROW31_N712_R1.fastq
Analysis complete for HT_ROW31_N712_R2.fastq
FastQC complete
Feb 25 09:04:42 ..... Started STAR run
Feb 25 09:08:17 ..... Started mapping
Feb 25 09:08:31 ..... Started sorting BAM
Feb 25 09:08:32 ..... Finished successfully
STAR alignment complete

End of 1_FQC_StarAlign.sh... Thu Feb 25 09:08:32 PST 2016
