
Starting 1_FQC_StarAlign.sh... Wed Feb 24 16:29:15 PST 2016

HT_ROW03_N712
Script is beginning...
Analysis complete for HT_ROW03_N712_R1.fastq
Analysis complete for HT_ROW03_N712_R2.fastq
FastQC complete
Feb 24 16:29:28 ..... Started STAR run
Feb 24 16:38:05 ..... Started mapping
Feb 24 16:38:13 ..... Started sorting BAM
Feb 24 16:38:15 ..... Finished successfully
STAR alignment complete

End of 1_FQC_StarAlign.sh... Wed Feb 24 16:38:16 PST 2016

Starting 1_FQC_StarAlign.sh... Thu Feb 25 01:24:13 PST 2016

HT_ROW03_N712
Script is beginning...
Analysis complete for HT_ROW03_N712_R1.fastq
Analysis complete for HT_ROW03_N712_R2.fastq
FastQC complete
Feb 25 01:24:21 ..... Started STAR run
Feb 25 01:30:13 ..... Started mapping
Feb 25 01:30:18 ..... Started sorting BAM
Feb 25 01:30:18 ..... Finished successfully
STAR alignment complete

End of 1_FQC_StarAlign.sh... Thu Feb 25 01:30:19 PST 2016
