
Starting 1_FQC_StarAlign.sh... Wed Feb 24 23:51:28 PST 2016

HT_ROW33_N714
Script is beginning...
Analysis complete for HT_ROW33_N714_R1.fastq
Analysis complete for HT_ROW33_N714_R2.fastq
FastQC complete
Feb 24 23:51:46 ..... Started STAR run
Feb 24 23:55:54 ..... Started mapping
Feb 24 23:56:14 ..... Started sorting BAM
Feb 24 23:56:15 ..... Finished successfully
STAR alignment complete

End of 1_FQC_StarAlign.sh... Wed Feb 24 23:56:15 PST 2016

Starting 1_FQC_StarAlign.sh... Thu Feb 25 09:27:13 PST 2016

HT_ROW33_N714
Script is beginning...
Analysis complete for HT_ROW33_N714_R1.fastq
Analysis complete for HT_ROW33_N714_R2.fastq
FastQC complete
Feb 25 09:27:28 ..... Started STAR run
Feb 25 09:27:56 ..... Started mapping
Feb 25 09:28:13 ..... Started sorting BAM
Feb 25 09:28:14 ..... Finished successfully
STAR alignment complete

End of 1_FQC_StarAlign.sh... Thu Feb 25 09:28:14 PST 2016
