
Starting 1_FQC_StarAlign.sh... Wed Feb 24 22:34:43 PST 2016

HT_ROW23_N716
Script is beginning...
Analysis complete for HT_ROW23_N716_R1.fastq
Analysis complete for HT_ROW23_N716_R2.fastq
FastQC complete
Feb 24 22:34:52 ..... Started STAR run
Feb 24 22:39:12 ..... Started mapping
Feb 24 22:39:18 ..... Started sorting BAM
Feb 24 22:39:18 ..... Finished successfully
STAR alignment complete

End of 1_FQC_StarAlign.sh... Wed Feb 24 22:39:18 PST 2016

Starting 1_FQC_StarAlign.sh... Thu Feb 25 07:09:28 PST 2016

HT_ROW23_N716
Script is beginning...
Analysis complete for HT_ROW23_N716_R1.fastq
Analysis complete for HT_ROW23_N716_R2.fastq
FastQC complete
Feb 25 07:09:36 ..... Started STAR run
Feb 25 07:17:18 ..... Started mapping
Feb 25 07:17:23 ..... Started sorting BAM
Feb 25 07:17:23 ..... Finished successfully
STAR alignment complete

End of 1_FQC_StarAlign.sh... Thu Feb 25 07:17:24 PST 2016
