
Starting 1_FQC_StarAlign.sh... Wed Feb 24 23:09:13 PST 2016

HT_ROW28_N720
Script is beginning...
Analysis complete for HT_ROW28_N720_R1.fastq
Analysis complete for HT_ROW28_N720_R2.fastq
FastQC complete
Feb 24 23:09:27 ..... Started STAR run
Feb 24 23:14:36 ..... Started mapping
Feb 24 23:14:52 ..... Started sorting BAM
Feb 24 23:14:53 ..... Finished successfully
STAR alignment complete

End of 1_FQC_StarAlign.sh... Wed Feb 24 23:14:53 PST 2016

Starting 1_FQC_StarAlign.sh... Thu Feb 25 08:25:13 PST 2016

HT_ROW28_N720
Script is beginning...
Analysis complete for HT_ROW28_N720_R1.fastq
Analysis complete for HT_ROW28_N720_R2.fastq
FastQC complete
Feb 25 08:25:28 ..... Started STAR run
Feb 25 08:30:47 ..... Started mapping
Feb 25 08:31:05 ..... Started sorting BAM
Feb 25 08:31:05 ..... Finished successfully
STAR alignment complete

End of 1_FQC_StarAlign.sh... Thu Feb 25 08:31:06 PST 2016
