
Starting 1_FQC_StarAlign.sh... Wed Feb 24 16:26:13 PST 2016

HT_ROW03_N705
Script is beginning...
Analysis complete for HT_ROW03_N705_R1.fastq
Analysis complete for HT_ROW03_N705_R2.fastq
FastQC complete
Feb 24 16:26:23 ..... Started STAR run
Feb 24 16:32:25 ..... Started mapping
Feb 24 16:32:33 ..... Started sorting BAM
Feb 24 16:32:33 ..... Finished successfully
STAR alignment complete

End of 1_FQC_StarAlign.sh... Wed Feb 24 16:32:33 PST 2016

Starting 1_FQC_StarAlign.sh... Thu Feb 25 01:22:28 PST 2016

HT_ROW03_N705
Script is beginning...
Analysis complete for HT_ROW03_N705_R1.fastq
Analysis complete for HT_ROW03_N705_R2.fastq
FastQC complete
Feb 25 01:22:36 ..... Started STAR run
Feb 25 01:27:56 ..... Started mapping
Feb 25 01:28:04 ..... Started sorting BAM
Feb 25 01:28:04 ..... Finished successfully
STAR alignment complete

End of 1_FQC_StarAlign.sh... Thu Feb 25 01:28:05 PST 2016
