
Starting 1_FQC_StarAlign.sh... Thu Feb 25 00:01:58 PST 2016

HT_ROW35_N710
Script is beginning...
Analysis complete for HT_ROW35_N710_R1.fastq
Analysis complete for HT_ROW35_N710_R2.fastq
FastQC complete
Feb 25 00:02:05 ..... Started STAR run
Feb 25 00:04:28 ..... Started mapping
Feb 25 00:04:30 ..... Started sorting BAM
Feb 25 00:04:30 ..... Finished successfully
STAR alignment complete

End of 1_FQC_StarAlign.sh... Thu Feb 25 00:04:30 PST 2016

Starting 1_FQC_StarAlign.sh... Thu Feb 25 09:38:58 PST 2016

HT_ROW35_N710
Script is beginning...
Analysis complete for HT_ROW35_N710_R1.fastq
Analysis complete for HT_ROW35_N710_R2.fastq
FastQC complete
Feb 25 09:39:06 ..... Started STAR run
Feb 25 09:39:16 ..... Started mapping
Feb 25 09:39:17 ..... Started sorting BAM
Feb 25 09:39:17 ..... Finished successfully
STAR alignment complete

End of 1_FQC_StarAlign.sh... Thu Feb 25 09:39:18 PST 2016
