
Starting 1_FQC_StarAlign.sh... Wed Feb 24 23:42:13 PST 2016

HT_ROW33_N702
Script is beginning...
Analysis complete for HT_ROW33_N702_R1.fastq
Analysis complete for HT_ROW33_N702_R2.fastq
FastQC complete
Feb 24 23:42:22 ..... Started STAR run
Feb 24 23:45:26 ..... Started mapping
Feb 24 23:45:35 ..... Started sorting BAM
Feb 24 23:45:35 ..... Finished successfully
STAR alignment complete

End of 1_FQC_StarAlign.sh... Wed Feb 24 23:45:35 PST 2016

Starting 1_FQC_StarAlign.sh... Thu Feb 25 09:21:13 PST 2016

HT_ROW33_N702
Script is beginning...
Analysis complete for HT_ROW33_N702_R1.fastq
Analysis complete for HT_ROW33_N702_R2.fastq
FastQC complete
Feb 25 09:21:23 ..... Started STAR run
Feb 25 09:28:18 ..... Started mapping
Feb 25 09:28:27 ..... Started sorting BAM
Feb 25 09:28:27 ..... Finished successfully
STAR alignment complete

End of 1_FQC_StarAlign.sh... Thu Feb 25 09:28:28 PST 2016
