Starting script... Fri Feb 26 15:16:48 PST 2016
In dirs:
../data/bam/SxaQSEQsXap096L1/HT_ROW02_N720 ../data/bam/SxaQSEQsXap096L2/HT_ROW02_N720
Out dir:
../data/bam/merged/HT_ROW02_N720
2
Merging:
../data/bam/SxaQSEQsXap096L1/HT_ROW02_N720/Aligned.sortedByCoord.out.bam ../data/bam/SxaQSEQsXap096L2/HT_ROW02_N720/Aligned.sortedByCoord.out.bam
Done merging...
Running QC stats scripts from PicardTools...
sorted reads file is now indexed
reordered_reads.bam is now created
alignment_stats.txt is now created
rnaseq_stats.txt is now created
gcbias_summary stats are now created
duplicates are now marked
marked-duplicates file is now sorted
marked-duplicates file is now indexed
cleaning up the extra .bam files
Starting end... Fri Feb 26 15:20:59 PST 2016
