
Starting 1_FQC_StarAlign_NoERCC.sh... Mon Feb 29 15:42:58 PST 2016

Sample:
HT_ROW16_N724
FastQC already performed for this sample lane
Feb 29 15:42:58 ..... Started STAR run
Feb 29 15:43:09 ..... Started mapping
Feb 29 15:43:17 ..... Started sorting BAM
Feb 29 15:43:17 ..... Finished successfully
STAR alignment complete

End of 1_FQC_StarAlign_NoERCC.sh... Mon Feb 29 15:43:18 PST 2016

Starting 1_FQC_StarAlign_NoERCC.sh... Mon Feb 29 17:56:53 PST 2016

Sample:
HT_ROW16_N724
FastQC already performed for this sample lane
Feb 29 17:56:53 ..... Started STAR run
Feb 29 17:57:12 ..... Started mapping
Feb 29 17:57:20 ..... Started sorting BAM
Feb 29 17:57:20 ..... Finished successfully
STAR alignment complete

End of 1_FQC_StarAlign_NoERCC.sh... Mon Feb 29 17:57:21 PST 2016
