
Starting 1_FQC_StarAlign_NoERCC.sh... Mon Feb 29 16:06:28 PST 2016

Sample:
HT_ROW24_N721
FastQC already performed for this sample lane
Feb 29 16:06:28 ..... Started STAR run
Feb 29 16:06:39 ..... Started mapping
Feb 29 16:06:44 ..... Started sorting BAM
Feb 29 16:06:44 ..... Finished successfully
STAR alignment complete

End of 1_FQC_StarAlign_NoERCC.sh... Mon Feb 29 16:06:44 PST 2016

Starting 1_FQC_StarAlign_NoERCC.sh... Mon Feb 29 18:22:53 PST 2016

Sample:
HT_ROW24_N721
FastQC already performed for this sample lane
Feb 29 18:22:53 ..... Started STAR run
Feb 29 18:23:04 ..... Started mapping
Feb 29 18:23:09 ..... Started sorting BAM
Feb 29 18:23:10 ..... Finished successfully
STAR alignment complete

End of 1_FQC_StarAlign_NoERCC.sh... Mon Feb 29 18:23:12 PST 2016
