
Starting 1_FQC_StarAlign_NoERCC.sh... Mon Feb 29 16:39:13 PST 2016

Sample:
HT_ROW33_N724
FastQC already performed for this sample lane
Feb 29 16:39:13 ..... Started STAR run
Feb 29 16:39:24 ..... Started mapping
Feb 29 16:39:40 ..... Started sorting BAM
Feb 29 16:39:41 ..... Finished successfully
STAR alignment complete

End of 1_FQC_StarAlign_NoERCC.sh... Mon Feb 29 16:39:42 PST 2016

Starting 1_FQC_StarAlign_NoERCC.sh... Mon Feb 29 19:22:38 PST 2016

Sample:
HT_ROW33_N724
FastQC already performed for this sample lane
Feb 29 19:22:38 ..... Started STAR run
Feb 29 19:27:36 ..... Started mapping
Feb 29 19:27:52 ..... Started sorting BAM
Feb 29 19:27:52 ..... Finished successfully
STAR alignment complete

End of 1_FQC_StarAlign_NoERCC.sh... Mon Feb 29 19:27:53 PST 2016
