
Starting 1_FQC_StarAlign_NoERCC.sh... Mon Feb 29 15:57:28 PST 2016

Sample:
HT_ROW21_N710
FastQC already performed for this sample lane
Feb 29 15:57:28 ..... Started STAR run
Feb 29 15:57:39 ..... Started mapping
Feb 29 15:57:40 ..... Started sorting BAM
Feb 29 15:57:40 ..... Finished successfully
STAR alignment complete

End of 1_FQC_StarAlign_NoERCC.sh... Mon Feb 29 15:57:40 PST 2016

Starting 1_FQC_StarAlign_NoERCC.sh... Mon Feb 29 18:08:38 PST 2016

Sample:
HT_ROW21_N710
FastQC already performed for this sample lane
Feb 29 18:08:38 ..... Started STAR run
Feb 29 18:12:06 ..... Started mapping
Feb 29 18:12:08 ..... Started sorting BAM
Feb 29 18:12:08 ..... Finished successfully
STAR alignment complete

End of 1_FQC_StarAlign_NoERCC.sh... Mon Feb 29 18:12:08 PST 2016
