
Starting 1_FQC_StarAlign_NoERCC.sh... Mon Feb 29 16:51:43 PST 2016

Sample:
HT_ROW37_N704
FastQC already performed for this sample lane
Feb 29 16:51:43 ..... Started STAR run
Feb 29 16:51:55 ..... Started mapping
Feb 29 16:51:57 ..... Started sorting BAM
Feb 29 16:51:57 ..... Finished successfully
STAR alignment complete

End of 1_FQC_StarAlign_NoERCC.sh... Mon Feb 29 16:51:57 PST 2016

Starting 1_FQC_StarAlign_NoERCC.sh... Mon Feb 29 19:45:08 PST 2016

Sample:
HT_ROW37_N704
FastQC already performed for this sample lane
Feb 29 19:45:08 ..... Started STAR run
Feb 29 19:45:48 ..... Started mapping
Feb 29 19:45:49 ..... Started sorting BAM
Feb 29 19:45:49 ..... Finished successfully
STAR alignment complete

End of 1_FQC_StarAlign_NoERCC.sh... Mon Feb 29 19:45:51 PST 2016
