
Starting 1_FQC_StarAlign_NoERCC.sh... Mon Feb 29 16:04:58 PST 2016

Sample:
HT_ROW24_N703
FastQC already performed for this sample lane
Feb 29 16:04:58 ..... Started STAR run
Feb 29 16:05:09 ..... Started mapping
Feb 29 16:05:10 ..... Started sorting BAM
Feb 29 16:05:11 ..... Finished successfully
STAR alignment complete

End of 1_FQC_StarAlign_NoERCC.sh... Mon Feb 29 16:05:11 PST 2016

Starting 1_FQC_StarAlign_NoERCC.sh... Mon Feb 29 18:17:38 PST 2016

Sample:
HT_ROW24_N703
FastQC already performed for this sample lane
Feb 29 18:17:38 ..... Started STAR run
Feb 29 18:17:50 ..... Started mapping
Feb 29 18:17:50 ..... Started sorting BAM
Feb 29 18:17:51 ..... Finished successfully
STAR alignment complete

End of 1_FQC_StarAlign_NoERCC.sh... Mon Feb 29 18:17:51 PST 2016
