
Starting 1_FQC_StarAlign_NoERCC.sh... Mon Feb 29 15:02:28 PST 2016

Sample:
HT_ROW03_N707
FastQC already performed for this sample lane
Feb 29 15:02:28 ..... Started STAR run
Feb 29 15:02:39 ..... Started mapping
Feb 29 15:02:50 ..... Started sorting BAM
Feb 29 15:02:52 ..... Finished successfully
STAR alignment complete

End of 1_FQC_StarAlign_NoERCC.sh... Mon Feb 29 15:02:53 PST 2016

Starting 1_FQC_StarAlign_NoERCC.sh... Mon Feb 29 17:10:23 PST 2016

Sample:
HT_ROW03_N707
FastQC already performed for this sample lane
Feb 29 17:10:23 ..... Started STAR run
Feb 29 17:10:34 ..... Started mapping
Feb 29 17:10:44 ..... Started sorting BAM
Feb 29 17:10:45 ..... Finished successfully
STAR alignment complete

End of 1_FQC_StarAlign_NoERCC.sh... Mon Feb 29 17:10:45 PST 2016
