
Starting 1_FQC_StarAlign_NoERCC.sh... Mon Feb 29 15:41:13 PST 2016

Sample:
HT_ROW16_N714
FastQC already performed for this sample lane
Feb 29 15:41:13 ..... Started STAR run
Feb 29 15:41:25 ..... Started mapping
Feb 29 15:41:35 ..... Started sorting BAM
Feb 29 15:41:35 ..... Finished successfully
STAR alignment complete

End of 1_FQC_StarAlign_NoERCC.sh... Mon Feb 29 15:41:36 PST 2016

Starting 1_FQC_StarAlign_NoERCC.sh... Mon Feb 29 17:55:53 PST 2016

Sample:
HT_ROW16_N714
FastQC already performed for this sample lane
Feb 29 17:55:53 ..... Started STAR run
Feb 29 17:56:17 ..... Started mapping
Feb 29 17:56:28 ..... Started sorting BAM
Feb 29 17:56:29 ..... Finished successfully
STAR alignment complete

End of 1_FQC_StarAlign_NoERCC.sh... Mon Feb 29 17:56:29 PST 2016
