
Starting 1_FQC_StarAlign_NoERCC.sh... Mon Feb 29 16:33:43 PST 2016

Sample:
HT_ROW32_N718
FastQC already performed for this sample lane
Feb 29 16:33:43 ..... Started STAR run
Feb 29 16:35:53 ..... Started mapping
Feb 29 16:35:57 ..... Started sorting BAM
Feb 29 16:35:57 ..... Finished successfully
STAR alignment complete

End of 1_FQC_StarAlign_NoERCC.sh... Mon Feb 29 16:35:57 PST 2016

Starting 1_FQC_StarAlign_NoERCC.sh... Mon Feb 29 19:11:38 PST 2016

Sample:
HT_ROW32_N718
FastQC already performed for this sample lane
Feb 29 19:11:38 ..... Started STAR run
Feb 29 19:16:50 ..... Started mapping
Feb 29 19:16:53 ..... Started sorting BAM
Feb 29 19:16:54 ..... Finished successfully
STAR alignment complete

End of 1_FQC_StarAlign_NoERCC.sh... Mon Feb 29 19:16:54 PST 2016
