
Starting 1_FQC_StarAlign_NoERCC.sh... Mon Feb 29 16:49:13 PST 2016

Sample:
HT_ROW36_N710
FastQC already performed for this sample lane
Feb 29 16:49:13 ..... Started STAR run
Feb 29 16:51:43 ..... Started mapping
Feb 29 16:51:44 ..... Started sorting BAM
Feb 29 16:51:45 ..... Finished successfully
STAR alignment complete

End of 1_FQC_StarAlign_NoERCC.sh... Mon Feb 29 16:51:45 PST 2016

Starting 1_FQC_StarAlign_NoERCC.sh... Mon Feb 29 19:40:08 PST 2016

Sample:
HT_ROW36_N710
FastQC already performed for this sample lane
Feb 29 19:40:08 ..... Started STAR run
Feb 29 19:41:29 ..... Started mapping
Feb 29 19:41:30 ..... Started sorting BAM
Feb 29 19:41:31 ..... Finished successfully
STAR alignment complete

End of 1_FQC_StarAlign_NoERCC.sh... Mon Feb 29 19:41:32 PST 2016
