
Starting 1_FQC_StarAlign_NoERCC.sh... Mon Feb 29 16:18:43 PST 2016

Sample:
HT_ROW29_N724
FastQC already performed for this sample lane
Feb 29 16:18:43 ..... Started STAR run
Feb 29 16:18:54 ..... Started mapping
Feb 29 16:19:08 ..... Started sorting BAM
Feb 29 16:19:09 ..... Finished successfully
STAR alignment complete

End of 1_FQC_StarAlign_NoERCC.sh... Mon Feb 29 16:19:09 PST 2016

Starting 1_FQC_StarAlign_NoERCC.sh... Mon Feb 29 19:01:53 PST 2016

Sample:
HT_ROW29_N724
FastQC already performed for this sample lane
Feb 29 19:01:54 ..... Started STAR run
Feb 29 19:02:48 ..... Started mapping
Feb 29 19:03:02 ..... Started sorting BAM
Feb 29 19:03:03 ..... Finished successfully
STAR alignment complete

End of 1_FQC_StarAlign_NoERCC.sh... Mon Feb 29 19:03:03 PST 2016
