
Starting 1_FQC_StarAlign_NoERCC.sh... Mon Feb 29 16:52:13 PST 2016

Sample:
HT_ROW37_N711
FastQC already performed for this sample lane
Feb 29 16:52:13 ..... Started STAR run
Feb 29 16:52:24 ..... Started mapping
Feb 29 16:52:34 ..... Started sorting BAM
Feb 29 16:52:34 ..... Finished successfully
STAR alignment complete

End of 1_FQC_StarAlign_NoERCC.sh... Mon Feb 29 16:52:35 PST 2016

Starting 1_FQC_StarAlign_NoERCC.sh... Mon Feb 29 19:45:53 PST 2016

Sample:
HT_ROW37_N711
FastQC already performed for this sample lane
Feb 29 19:45:53 ..... Started STAR run
Feb 29 19:51:14 ..... Started mapping
Feb 29 19:51:25 ..... Started sorting BAM
Feb 29 19:51:25 ..... Finished successfully
STAR alignment complete

End of 1_FQC_StarAlign_NoERCC.sh... Mon Feb 29 19:51:26 PST 2016
