
Starting 1_FQC_StarAlign_NoERCC.sh... Mon Feb 29 16:40:13 PST 2016

Sample:
HT_ROW34_N711
FastQC already performed for this sample lane
Feb 29 16:40:13 ..... Started STAR run
Feb 29 16:40:24 ..... Started mapping
Feb 29 16:40:37 ..... Started sorting BAM
Feb 29 16:40:39 ..... Finished successfully
STAR alignment complete

End of 1_FQC_StarAlign_NoERCC.sh... Mon Feb 29 16:40:39 PST 2016

Starting 1_FQC_StarAlign_NoERCC.sh... Mon Feb 29 19:27:53 PST 2016

Sample:
HT_ROW34_N711
FastQC already performed for this sample lane
Feb 29 19:27:53 ..... Started STAR run
Feb 29 19:31:33 ..... Started mapping
Feb 29 19:31:49 ..... Started sorting BAM
Feb 29 19:31:49 ..... Finished successfully
STAR alignment complete

End of 1_FQC_StarAlign_NoERCC.sh... Mon Feb 29 19:31:50 PST 2016
