
Starting 1_FQC_StarAlign_NoERCC.sh... Mon Feb 29 15:50:58 PST 2016

Sample:
HT_ROW19_N704
FastQC already performed for this sample lane
Feb 29 15:50:58 ..... Started STAR run
Feb 29 15:51:09 ..... Started mapping
Feb 29 15:51:16 ..... Started sorting BAM
Feb 29 15:51:16 ..... Finished successfully
STAR alignment complete

End of 1_FQC_StarAlign_NoERCC.sh... Mon Feb 29 15:51:17 PST 2016

Starting 1_FQC_StarAlign_NoERCC.sh... Mon Feb 29 18:00:53 PST 2016

Sample:
HT_ROW19_N704
FastQC already performed for this sample lane
Feb 29 18:00:53 ..... Started STAR run
Feb 29 18:01:07 ..... Started mapping
Feb 29 18:01:14 ..... Started sorting BAM
Feb 29 18:01:14 ..... Finished successfully
STAR alignment complete

End of 1_FQC_StarAlign_NoERCC.sh... Mon Feb 29 18:01:15 PST 2016
