
Starting 1_FQC_StarAlign_NoERCC.sh... Mon Feb 29 16:37:28 PST 2016

Sample:
HT_ROW33_N715
FastQC already performed for this sample lane
Feb 29 16:37:28 ..... Started STAR run
Feb 29 16:37:51 ..... Started mapping
Feb 29 16:37:58 ..... Started sorting BAM
Feb 29 16:37:59 ..... Finished successfully
STAR alignment complete

End of 1_FQC_StarAlign_NoERCC.sh... Mon Feb 29 16:37:59 PST 2016

Starting 1_FQC_StarAlign_NoERCC.sh... Mon Feb 29 19:18:53 PST 2016

Sample:
HT_ROW33_N715
FastQC already performed for this sample lane
Feb 29 19:18:53 ..... Started STAR run
Feb 29 19:21:32 ..... Started mapping
Feb 29 19:21:40 ..... Started sorting BAM
Feb 29 19:21:41 ..... Finished successfully
STAR alignment complete

End of 1_FQC_StarAlign_NoERCC.sh... Mon Feb 29 19:21:42 PST 2016
