
Starting 1_FQC_StarAlign_NoERCC.sh... Mon Feb 29 16:51:58 PST 2016

Sample:
HT_ROW37_N705
FastQC already performed for this sample lane
Feb 29 16:51:58 ..... Started STAR run
Feb 29 16:52:11 ..... Started mapping
Feb 29 16:52:22 ..... Started sorting BAM
Feb 29 16:52:22 ..... Finished successfully
STAR alignment complete

End of 1_FQC_StarAlign_NoERCC.sh... Mon Feb 29 16:52:23 PST 2016

Starting 1_FQC_StarAlign_NoERCC.sh... Mon Feb 29 19:45:38 PST 2016

Sample:
HT_ROW37_N705
FastQC already performed for this sample lane
Feb 29 19:45:38 ..... Started STAR run
Feb 29 19:49:54 ..... Started mapping
Feb 29 19:50:07 ..... Started sorting BAM
Feb 29 19:50:07 ..... Finished successfully
STAR alignment complete

End of 1_FQC_StarAlign_NoERCC.sh... Mon Feb 29 19:50:08 PST 2016
