
Starting 1_FQC_StarAlign_NoERCC.sh... Mon Feb 29 16:17:58 PST 2016

Sample:
HT_ROW29_N720
FastQC already performed for this sample lane
Feb 29 16:17:58 ..... Started STAR run
Feb 29 16:21:36 ..... Started mapping
Feb 29 16:21:50 ..... Started sorting BAM
Feb 29 16:21:50 ..... Finished successfully
STAR alignment complete

End of 1_FQC_StarAlign_NoERCC.sh... Mon Feb 29 16:21:51 PST 2016

Starting 1_FQC_StarAlign_NoERCC.sh... Mon Feb 29 19:00:38 PST 2016

Sample:
HT_ROW29_N720
FastQC already performed for this sample lane
Feb 29 19:00:38 ..... Started STAR run
Feb 29 19:05:58 ..... Started mapping
Feb 29 19:06:13 ..... Started sorting BAM
Feb 29 19:06:14 ..... Finished successfully
STAR alignment complete

End of 1_FQC_StarAlign_NoERCC.sh... Mon Feb 29 19:06:15 PST 2016
