
Starting 1_FQC_StarAlign_NoERCC.sh... Mon Feb 29 14:48:28 PST 2016

Sample:
HT_ROW01_N705
FastQC already performed for this sample lane
Feb 29 14:48:28 ..... Started STAR run
Feb 29 14:52:18 ..... Started mapping
Feb 29 14:52:24 ..... Started sorting BAM
Feb 29 14:52:24 ..... Finished successfully
STAR alignment complete

End of 1_FQC_StarAlign_NoERCC.sh... Mon Feb 29 14:52:25 PST 2016

Starting 1_FQC_StarAlign_NoERCC.sh... Mon Feb 29 17:03:38 PST 2016

Sample:
HT_ROW01_N705
FastQC already performed for this sample lane
Feb 29 17:03:38 ..... Started STAR run
Feb 29 17:03:51 ..... Started mapping
Feb 29 17:03:56 ..... Started sorting BAM
Feb 29 17:03:57 ..... Finished successfully
STAR alignment complete

End of 1_FQC_StarAlign_NoERCC.sh... Mon Feb 29 17:03:57 PST 2016
