
Starting 1_FQC_StarAlign_NoERCC.sh... Mon Feb 29 15:25:58 PST 2016

Sample:
HT_ROW12_N701
FastQC already performed for this sample lane
Feb 29 15:25:58 ..... Started STAR run
Feb 29 15:26:31 ..... Started mapping
Feb 29 15:26:34 ..... Started sorting BAM
Feb 29 15:26:34 ..... Finished successfully
STAR alignment complete

End of 1_FQC_StarAlign_NoERCC.sh... Mon Feb 29 15:26:35 PST 2016

Starting 1_FQC_StarAlign_NoERCC.sh... Mon Feb 29 17:44:53 PST 2016

Sample:
HT_ROW12_N701
FastQC already performed for this sample lane
Feb 29 17:44:53 ..... Started STAR run
Feb 29 17:47:29 ..... Started mapping
Feb 29 17:47:32 ..... Started sorting BAM
Feb 29 17:47:33 ..... Finished successfully
STAR alignment complete

End of 1_FQC_StarAlign_NoERCC.sh... Mon Feb 29 17:47:33 PST 2016
