
Starting 1_FQC_StarAlign_NoERCC.sh... Mon Feb 29 15:17:28 PST 2016

Sample:
HT_ROW08_N710
FastQC already performed for this sample lane
Feb 29 15:17:28 ..... Started STAR run
Feb 29 15:17:40 ..... Started mapping
Feb 29 15:17:41 ..... Started sorting BAM
Feb 29 15:17:41 ..... Finished successfully
STAR alignment complete

End of 1_FQC_StarAlign_NoERCC.sh... Mon Feb 29 15:17:42 PST 2016

Starting 1_FQC_StarAlign_NoERCC.sh... Mon Feb 29 17:30:53 PST 2016

Sample:
HT_ROW08_N710
FastQC already performed for this sample lane
Feb 29 17:30:53 ..... Started STAR run
Feb 29 17:31:06 ..... Started mapping
Feb 29 17:31:07 ..... Started sorting BAM
Feb 29 17:31:08 ..... Finished successfully
STAR alignment complete

End of 1_FQC_StarAlign_NoERCC.sh... Mon Feb 29 17:31:09 PST 2016
