
Starting 1_FQC_StarAlign_NoERCC.sh... Mon Feb 29 16:59:23 PST 2016

Sample:
HT_ROW39_N711
FastQC already performed for this sample lane
Feb 29 16:59:23 ..... Started STAR run
Feb 29 16:59:35 ..... Started mapping
Feb 29 17:00:05 ..... Started sorting BAM
Feb 29 17:00:06 ..... Finished successfully
STAR alignment complete

End of 1_FQC_StarAlign_NoERCC.sh... Mon Feb 29 17:00:07 PST 2016

Starting 1_FQC_StarAlign_NoERCC.sh... Mon Feb 29 19:55:53 PST 2016

Sample:
HT_ROW39_N711
FastQC already performed for this sample lane
Feb 29 19:55:53 ..... Started STAR run
Feb 29 20:00:15 ..... Started mapping
Feb 29 20:00:46 ..... Started sorting BAM
Feb 29 20:00:48 ..... Finished successfully
STAR alignment complete

End of 1_FQC_StarAlign_NoERCC.sh... Mon Feb 29 20:00:48 PST 2016
