
Starting 1_FQC_StarAlign_NoERCC.sh... Mon Feb 29 15:44:28 PST 2016

Sample:
HT_ROW17_N706
FastQC already performed for this sample lane
Feb 29 15:44:28 ..... Started STAR run
Feb 29 15:44:39 ..... Started mapping
Feb 29 15:44:44 ..... Started sorting BAM
Feb 29 15:44:45 ..... Finished successfully
STAR alignment complete

End of 1_FQC_StarAlign_NoERCC.sh... Mon Feb 29 15:44:46 PST 2016

Starting 1_FQC_StarAlign_NoERCC.sh... Mon Feb 29 17:57:23 PST 2016

Sample:
HT_ROW17_N706
FastQC already performed for this sample lane
Feb 29 17:57:23 ..... Started STAR run
Feb 29 17:58:21 ..... Started mapping
Feb 29 17:58:26 ..... Started sorting BAM
Feb 29 17:58:27 ..... Finished successfully
STAR alignment complete

End of 1_FQC_StarAlign_NoERCC.sh... Mon Feb 29 17:58:27 PST 2016
