
Starting 1_FQC_StarAlign_NoERCC.sh... Mon Feb 29 15:24:13 PST 2016

Sample:
HT_ROW11_N711
FastQC already performed for this sample lane
Feb 29 15:24:13 ..... Started STAR run
Feb 29 15:24:24 ..... Started mapping
Feb 29 15:24:26 ..... Started sorting BAM
Feb 29 15:24:26 ..... Finished successfully
STAR alignment complete

End of 1_FQC_StarAlign_NoERCC.sh... Mon Feb 29 15:24:27 PST 2016

Starting 1_FQC_StarAlign_NoERCC.sh... Mon Feb 29 17:42:53 PST 2016

Sample:
HT_ROW11_N711
FastQC already performed for this sample lane
Feb 29 17:42:53 ..... Started STAR run
Feb 29 17:43:22 ..... Started mapping
Feb 29 17:43:24 ..... Started sorting BAM
Feb 29 17:43:25 ..... Finished successfully
STAR alignment complete

End of 1_FQC_StarAlign_NoERCC.sh... Mon Feb 29 17:43:26 PST 2016
