
Starting 1_FQC_StarAlign_NoERCC.sh... Mon Feb 29 15:10:28 PST 2016

Sample:
HT_ROW05_N718
FastQC already performed for this sample lane
Feb 29 15:10:28 ..... Started STAR run
Feb 29 15:10:39 ..... Started mapping
Feb 29 15:10:46 ..... Started sorting BAM
Feb 29 15:10:46 ..... Finished successfully
STAR alignment complete

End of 1_FQC_StarAlign_NoERCC.sh... Mon Feb 29 15:10:47 PST 2016

Starting 1_FQC_StarAlign_NoERCC.sh... Mon Feb 29 17:19:53 PST 2016

Sample:
HT_ROW05_N718
FastQC already performed for this sample lane
Feb 29 17:19:53 ..... Started STAR run
Feb 29 17:20:27 ..... Started mapping
Feb 29 17:20:34 ..... Started sorting BAM
Feb 29 17:20:35 ..... Finished successfully
STAR alignment complete

End of 1_FQC_StarAlign_NoERCC.sh... Mon Feb 29 17:20:35 PST 2016
