
Starting 1_FQC_StarAlign_NoERCC.sh... Mon Feb 29 15:35:13 PST 2016

Sample:
HT_ROW15_N710
FastQC already performed for this sample lane
Feb 29 15:35:13 ..... Started STAR run
Feb 29 15:40:29 ..... Started mapping
Feb 29 15:40:45 ..... Started sorting BAM
Feb 29 15:40:46 ..... Finished successfully
STAR alignment complete

End of 1_FQC_StarAlign_NoERCC.sh... Mon Feb 29 15:40:46 PST 2016

Starting 1_FQC_StarAlign_NoERCC.sh... Mon Feb 29 17:53:53 PST 2016

Sample:
HT_ROW15_N710
FastQC already performed for this sample lane
Feb 29 17:53:53 ..... Started STAR run
Feb 29 17:54:04 ..... Started mapping
Feb 29 17:54:22 ..... Started sorting BAM
Feb 29 17:54:23 ..... Finished successfully
STAR alignment complete

End of 1_FQC_StarAlign_NoERCC.sh... Mon Feb 29 17:54:23 PST 2016
