
Starting 1_FQC_StarAlign_NoERCC.sh... Mon Feb 29 16:36:58 PST 2016

Sample:
HT_ROW33_N712
FastQC already performed for this sample lane
Feb 29 16:36:58 ..... Started STAR run
Feb 29 16:37:10 ..... Started mapping
Feb 29 16:37:23 ..... Started sorting BAM
Feb 29 16:37:23 ..... Finished successfully
STAR alignment complete

End of 1_FQC_StarAlign_NoERCC.sh... Mon Feb 29 16:37:24 PST 2016

Starting 1_FQC_StarAlign_NoERCC.sh... Mon Feb 29 19:18:53 PST 2016

Sample:
HT_ROW33_N712
FastQC already performed for this sample lane
Feb 29 19:18:53 ..... Started STAR run
Feb 29 19:22:39 ..... Started mapping
Feb 29 19:22:55 ..... Started sorting BAM
Feb 29 19:22:57 ..... Finished successfully
STAR alignment complete

End of 1_FQC_StarAlign_NoERCC.sh... Mon Feb 29 19:22:58 PST 2016
