
Starting 1_FQC_StarAlign_NoERCC.sh... Mon Feb 29 15:13:43 PST 2016

Sample:
HT_ROW06_N723
FastQC already performed for this sample lane
Feb 29 15:13:43 ..... Started STAR run
Feb 29 15:13:54 ..... Started mapping
Feb 29 15:14:04 ..... Started sorting BAM
Feb 29 15:14:05 ..... Finished successfully
STAR alignment complete

End of 1_FQC_StarAlign_NoERCC.sh... Mon Feb 29 15:14:05 PST 2016

Starting 1_FQC_StarAlign_NoERCC.sh... Mon Feb 29 17:25:08 PST 2016

Sample:
HT_ROW06_N723
FastQC already performed for this sample lane
Feb 29 17:25:08 ..... Started STAR run
Feb 29 17:25:19 ..... Started mapping
Feb 29 17:25:29 ..... Started sorting BAM
Feb 29 17:25:30 ..... Finished successfully
STAR alignment complete

End of 1_FQC_StarAlign_NoERCC.sh... Mon Feb 29 17:25:31 PST 2016
