
Starting 1_FQC_StarAlign_NoERCC.sh... Mon Feb 29 16:20:28 PST 2016

Sample:
HT_ROW30_N705
FastQC already performed for this sample lane
Feb 29 16:20:28 ..... Started STAR run
Feb 29 16:20:38 ..... Started mapping
Feb 29 16:20:39 ..... Started sorting BAM
Feb 29 16:20:39 ..... Finished successfully
STAR alignment complete

End of 1_FQC_StarAlign_NoERCC.sh... Mon Feb 29 16:20:40 PST 2016

Starting 1_FQC_StarAlign_NoERCC.sh... Mon Feb 29 19:02:53 PST 2016

Sample:
HT_ROW30_N705
FastQC already performed for this sample lane
Feb 29 19:02:53 ..... Started STAR run
Feb 29 19:05:26 ..... Started mapping
Feb 29 19:05:27 ..... Started sorting BAM
Feb 29 19:05:27 ..... Finished successfully
STAR alignment complete

End of 1_FQC_StarAlign_NoERCC.sh... Mon Feb 29 19:05:28 PST 2016
