
Starting 1_FQC_StarAlign_NoERCC.sh... Mon Feb 29 17:02:38 PST 2016

Sample:
HT_ROW40_N721
FastQC already performed for this sample lane
Feb 29 17:02:38 ..... Started STAR run
Feb 29 17:02:49 ..... Started mapping
Feb 29 17:02:50 ..... Started sorting BAM
Feb 29 17:02:50 ..... Finished successfully
STAR alignment complete

End of 1_FQC_StarAlign_NoERCC.sh... Mon Feb 29 17:02:51 PST 2016

Starting 1_FQC_StarAlign_NoERCC.sh... Mon Feb 29 20:00:53 PST 2016

Sample:
HT_ROW40_N721
FastQC already performed for this sample lane
Feb 29 20:00:53 ..... Started STAR run
Feb 29 20:03:53 ..... Started mapping
Feb 29 20:03:55 ..... Started sorting BAM
Feb 29 20:03:55 ..... Finished successfully
STAR alignment complete

End of 1_FQC_StarAlign_NoERCC.sh... Mon Feb 29 20:03:55 PST 2016
