
Starting 1_FQC_StarAlign_NoERCC.sh... Mon Feb 29 14:57:58 PST 2016

Sample:
HT_ROW01_N722
FastQC already performed for this sample lane
Feb 29 14:57:58 ..... Started STAR run
Feb 29 14:58:50 ..... Started mapping
Feb 29 14:58:51 ..... Started sorting BAM
Feb 29 14:58:51 ..... Finished successfully
STAR alignment complete

End of 1_FQC_StarAlign_NoERCC.sh... Mon Feb 29 14:58:52 PST 2016

Starting 1_FQC_StarAlign_NoERCC.sh... Mon Feb 29 17:06:08 PST 2016

Sample:
HT_ROW01_N722
FastQC already performed for this sample lane
Feb 29 17:06:08 ..... Started STAR run
Feb 29 17:06:19 ..... Started mapping
Feb 29 17:06:20 ..... Started sorting BAM
Feb 29 17:06:20 ..... Finished successfully
STAR alignment complete

End of 1_FQC_StarAlign_NoERCC.sh... Mon Feb 29 17:06:20 PST 2016
