
Starting 1_FQC_StarAlign_NoERCC.sh... Mon Feb 29 15:20:43 PST 2016

Sample:
HT_ROW09_N722
FastQC already performed for this sample lane
Feb 29 15:20:43 ..... Started STAR run
Feb 29 15:22:11 ..... Started mapping
Feb 29 15:22:13 ..... Started sorting BAM
Feb 29 15:22:14 ..... Finished successfully
STAR alignment complete

End of 1_FQC_StarAlign_NoERCC.sh... Mon Feb 29 15:22:14 PST 2016

Starting 1_FQC_StarAlign_NoERCC.sh... Mon Feb 29 17:36:23 PST 2016

Sample:
HT_ROW09_N722
FastQC already performed for this sample lane
Feb 29 17:36:23 ..... Started STAR run
Feb 29 17:36:36 ..... Started mapping
Feb 29 17:36:38 ..... Started sorting BAM
Feb 29 17:36:39 ..... Finished successfully
STAR alignment complete

End of 1_FQC_StarAlign_NoERCC.sh... Mon Feb 29 17:36:40 PST 2016
