
Starting 1_FQC_StarAlign_NoERCC.sh... Mon Feb 29 15:15:58 PST 2016

Sample:
HT_ROW07_N723
FastQC already performed for this sample lane
Feb 29 15:15:58 ..... Started STAR run
Feb 29 15:17:23 ..... Started mapping
Feb 29 15:17:29 ..... Started sorting BAM
Feb 29 15:17:29 ..... Finished successfully
STAR alignment complete

End of 1_FQC_StarAlign_NoERCC.sh... Mon Feb 29 15:17:29 PST 2016

Starting 1_FQC_StarAlign_NoERCC.sh... Mon Feb 29 17:29:53 PST 2016

Sample:
HT_ROW07_N723
FastQC already performed for this sample lane
Feb 29 17:29:53 ..... Started STAR run
Feb 29 17:30:03 ..... Started mapping
Feb 29 17:30:09 ..... Started sorting BAM
Feb 29 17:30:09 ..... Finished successfully
STAR alignment complete

End of 1_FQC_StarAlign_NoERCC.sh... Mon Feb 29 17:30:10 PST 2016
