
Starting 1_FQC_StarAlign_NoERCC.sh... Mon Feb 29 15:40:58 PST 2016

Sample:
HT_ROW16_N705
FastQC already performed for this sample lane
Feb 29 15:40:58 ..... Started STAR run
Feb 29 15:41:09 ..... Started mapping
Feb 29 15:41:10 ..... Started sorting BAM
Feb 29 15:41:10 ..... Finished successfully
STAR alignment complete

End of 1_FQC_StarAlign_NoERCC.sh... Mon Feb 29 15:41:10 PST 2016

Starting 1_FQC_StarAlign_NoERCC.sh... Mon Feb 29 17:55:23 PST 2016

Sample:
HT_ROW16_N705
FastQC already performed for this sample lane
Feb 29 17:55:23 ..... Started STAR run
Feb 29 17:55:36 ..... Started mapping
Feb 29 17:55:36 ..... Started sorting BAM
Feb 29 17:55:37 ..... Finished successfully
STAR alignment complete

End of 1_FQC_StarAlign_NoERCC.sh... Mon Feb 29 17:55:37 PST 2016
