
Starting 1_FQC_StarAlign_NoERCC.sh... Mon Feb 29 16:26:13 PST 2016

Sample:
HT_ROW31_N702
FastQC already performed for this sample lane
Feb 29 16:26:13 ..... Started STAR run
Feb 29 16:26:23 ..... Started mapping
Feb 29 16:26:33 ..... Started sorting BAM
Feb 29 16:26:33 ..... Finished successfully
STAR alignment complete

End of 1_FQC_StarAlign_NoERCC.sh... Mon Feb 29 16:26:33 PST 2016

Starting 1_FQC_StarAlign_NoERCC.sh... Mon Feb 29 19:06:23 PST 2016

Sample:
HT_ROW31_N702
FastQC already performed for this sample lane
Feb 29 19:06:23 ..... Started STAR run
Feb 29 19:08:09 ..... Started mapping
Feb 29 19:08:20 ..... Started sorting BAM
Feb 29 19:08:20 ..... Finished successfully
STAR alignment complete

End of 1_FQC_StarAlign_NoERCC.sh... Mon Feb 29 19:08:21 PST 2016
