
Starting 1_FQC_StarAlign_NoERCC.sh... Mon Feb 29 15:41:28 PST 2016

Sample:
HT_ROW16_N715
FastQC already performed for this sample lane
Feb 29 15:41:28 ..... Started STAR run
Feb 29 15:41:39 ..... Started mapping
Feb 29 15:41:52 ..... Started sorting BAM
Feb 29 15:41:53 ..... Finished successfully
STAR alignment complete

End of 1_FQC_StarAlign_NoERCC.sh... Mon Feb 29 15:41:53 PST 2016

Starting 1_FQC_StarAlign_NoERCC.sh... Mon Feb 29 17:55:53 PST 2016

Sample:
HT_ROW16_N715
FastQC already performed for this sample lane
Feb 29 17:55:53 ..... Started STAR run
Feb 29 17:56:17 ..... Started mapping
Feb 29 17:56:31 ..... Started sorting BAM
Feb 29 17:56:31 ..... Finished successfully
STAR alignment complete

End of 1_FQC_StarAlign_NoERCC.sh... Mon Feb 29 17:56:31 PST 2016
