
Starting 1_FQC_StarAlign_NoERCC.sh... Mon Feb 29 15:22:43 PST 2016

Sample:
HT_ROW10_N712
FastQC already performed for this sample lane
Feb 29 15:22:43 ..... Started STAR run
Feb 29 15:22:54 ..... Started mapping
Feb 29 15:22:58 ..... Started sorting BAM
Feb 29 15:22:59 ..... Finished successfully
STAR alignment complete

End of 1_FQC_StarAlign_NoERCC.sh... Mon Feb 29 15:22:59 PST 2016

Starting 1_FQC_StarAlign_NoERCC.sh... Mon Feb 29 17:39:08 PST 2016

Sample:
HT_ROW10_N712
FastQC already performed for this sample lane
Feb 29 17:39:08 ..... Started STAR run
Feb 29 17:39:19 ..... Started mapping
Feb 29 17:39:24 ..... Started sorting BAM
Feb 29 17:39:25 ..... Finished successfully
STAR alignment complete

End of 1_FQC_StarAlign_NoERCC.sh... Mon Feb 29 17:39:27 PST 2016
