
Starting 1_FQC_StarAlign_NoERCC.sh... Mon Feb 29 15:06:28 PST 2016

Sample:
HT_ROW03_N722
FastQC already performed for this sample lane
Feb 29 15:06:28 ..... Started STAR run
Feb 29 15:06:39 ..... Started mapping
Feb 29 15:06:43 ..... Started sorting BAM
Feb 29 15:06:43 ..... Finished successfully
STAR alignment complete

End of 1_FQC_StarAlign_NoERCC.sh... Mon Feb 29 15:06:43 PST 2016

Starting 1_FQC_StarAlign_NoERCC.sh... Mon Feb 29 17:12:53 PST 2016

Sample:
HT_ROW03_N722
FastQC already performed for this sample lane
Feb 29 17:12:53 ..... Started STAR run
Feb 29 17:15:35 ..... Started mapping
Feb 29 17:15:39 ..... Started sorting BAM
Feb 29 17:15:39 ..... Finished successfully
STAR alignment complete

End of 1_FQC_StarAlign_NoERCC.sh... Mon Feb 29 17:15:40 PST 2016
