
Starting 1_FQC_StarAlign_NoERCC.sh... Mon Feb 29 15:18:58 PST 2016

Sample:
HT_ROW08_N724
FastQC already performed for this sample lane
Feb 29 15:18:58 ..... Started STAR run
Feb 29 15:19:10 ..... Started mapping
Feb 29 15:19:25 ..... Started sorting BAM
Feb 29 15:19:25 ..... Finished successfully
STAR alignment complete

End of 1_FQC_StarAlign_NoERCC.sh... Mon Feb 29 15:19:26 PST 2016

Starting 1_FQC_StarAlign_NoERCC.sh... Mon Feb 29 17:33:38 PST 2016

Sample:
HT_ROW08_N724
FastQC already performed for this sample lane
Feb 29 17:33:38 ..... Started STAR run
Feb 29 17:33:49 ..... Started mapping
Feb 29 17:34:05 ..... Started sorting BAM
Feb 29 17:34:06 ..... Finished successfully
STAR alignment complete

End of 1_FQC_StarAlign_NoERCC.sh... Mon Feb 29 17:34:06 PST 2016
