
Starting 1_FQC_StarAlign_NoERCC.sh... Mon Feb 29 15:59:58 PST 2016

Sample:
HT_ROW22_N703
FastQC already performed for this sample lane
Feb 29 15:59:58 ..... Started STAR run
Feb 29 16:00:09 ..... Started mapping
Feb 29 16:00:10 ..... Started sorting BAM
Feb 29 16:00:10 ..... Finished successfully
STAR alignment complete

End of 1_FQC_StarAlign_NoERCC.sh... Mon Feb 29 16:00:11 PST 2016

Starting 1_FQC_StarAlign_NoERCC.sh... Mon Feb 29 18:10:53 PST 2016

Sample:
HT_ROW22_N703
FastQC already performed for this sample lane
Feb 29 18:10:53 ..... Started STAR run
Feb 29 18:11:04 ..... Started mapping
Feb 29 18:11:05 ..... Started sorting BAM
Feb 29 18:11:05 ..... Finished successfully
STAR alignment complete

End of 1_FQC_StarAlign_NoERCC.sh... Mon Feb 29 18:11:06 PST 2016
