
Starting 1_FQC_StarAlign_NoERCC.sh... Mon Feb 29 16:04:58 PST 2016

Sample:
HT_ROW24_N704
FastQC already performed for this sample lane
Feb 29 16:04:58 ..... Started STAR run
Feb 29 16:05:09 ..... Started mapping
Feb 29 16:05:18 ..... Started sorting BAM
Feb 29 16:05:18 ..... Finished successfully
STAR alignment complete

End of 1_FQC_StarAlign_NoERCC.sh... Mon Feb 29 16:05:19 PST 2016

Starting 1_FQC_StarAlign_NoERCC.sh... Mon Feb 29 18:17:53 PST 2016

Sample:
HT_ROW24_N704
FastQC already performed for this sample lane
Feb 29 18:17:53 ..... Started STAR run
Feb 29 18:18:06 ..... Started mapping
Feb 29 18:18:14 ..... Started sorting BAM
Feb 29 18:18:14 ..... Finished successfully
STAR alignment complete

End of 1_FQC_StarAlign_NoERCC.sh... Mon Feb 29 18:18:15 PST 2016
