
Starting 1_FQC_StarAlign_NoERCC.sh... Mon Feb 29 16:58:23 PST 2016

Sample:
HT_ROW39_N705
FastQC already performed for this sample lane
Feb 29 16:58:23 ..... Started STAR run
Feb 29 17:02:15 ..... Started mapping
Feb 29 17:02:22 ..... Started sorting BAM
Feb 29 17:02:23 ..... Finished successfully
STAR alignment complete

End of 1_FQC_StarAlign_NoERCC.sh... Mon Feb 29 17:02:23 PST 2016

Starting 1_FQC_StarAlign_NoERCC.sh... Mon Feb 29 19:55:08 PST 2016

Sample:
HT_ROW39_N705
FastQC already performed for this sample lane
Feb 29 19:55:08 ..... Started STAR run
Feb 29 19:55:19 ..... Started mapping
Feb 29 19:55:26 ..... Started sorting BAM
Feb 29 19:55:26 ..... Finished successfully
STAR alignment complete

End of 1_FQC_StarAlign_NoERCC.sh... Mon Feb 29 19:55:26 PST 2016
