
Starting 1_FQC_StarAlign_NoERCC.sh... Mon Feb 29 16:12:43 PST 2016

Sample:
HT_ROW27_N721
FastQC already performed for this sample lane
Feb 29 16:12:43 ..... Started STAR run
Feb 29 16:13:11 ..... Started mapping
Feb 29 16:13:29 ..... Started sorting BAM
Feb 29 16:13:30 ..... Finished successfully
STAR alignment complete

End of 1_FQC_StarAlign_NoERCC.sh... Mon Feb 29 16:13:31 PST 2016

Starting 1_FQC_StarAlign_NoERCC.sh... Mon Feb 29 18:43:38 PST 2016

Sample:
HT_ROW27_N721
FastQC already performed for this sample lane
Feb 29 18:43:38 ..... Started STAR run
Feb 29 18:48:17 ..... Started mapping
Feb 29 18:48:40 ..... Started sorting BAM
Feb 29 18:48:44 ..... Finished successfully
STAR alignment complete

End of 1_FQC_StarAlign_NoERCC.sh... Mon Feb 29 18:48:45 PST 2016
