
Starting 1_FQC_StarAlign_NoERCC.sh... Mon Feb 29 15:00:28 PST 2016

Sample:
HT_ROW02_N716
FastQC already performed for this sample lane
Feb 29 15:00:28 ..... Started STAR run
Feb 29 15:00:39 ..... Started mapping
Feb 29 15:00:54 ..... Started sorting BAM
Feb 29 15:00:55 ..... Finished successfully
STAR alignment complete

End of 1_FQC_StarAlign_NoERCC.sh... Mon Feb 29 15:00:55 PST 2016

Starting 1_FQC_StarAlign_NoERCC.sh... Mon Feb 29 17:08:53 PST 2016

Sample:
HT_ROW02_N716
FastQC already performed for this sample lane
Feb 29 17:08:53 ..... Started STAR run
Feb 29 17:09:04 ..... Started mapping
Feb 29 17:09:18 ..... Started sorting BAM
Feb 29 17:09:18 ..... Finished successfully
STAR alignment complete

End of 1_FQC_StarAlign_NoERCC.sh... Mon Feb 29 17:09:19 PST 2016
