
Starting 1_FQC_StarAlign_NoERCC.sh... Mon Feb 29 15:16:58 PST 2016

Sample:
HT_ROW08_N705
FastQC already performed for this sample lane
Feb 29 15:16:58 ..... Started STAR run
Feb 29 15:17:09 ..... Started mapping
Feb 29 15:17:10 ..... Started sorting BAM
Feb 29 15:17:10 ..... Finished successfully
STAR alignment complete

End of 1_FQC_StarAlign_NoERCC.sh... Mon Feb 29 15:17:11 PST 2016

Starting 1_FQC_StarAlign_NoERCC.sh... Mon Feb 29 17:30:38 PST 2016

Sample:
HT_ROW08_N705
FastQC already performed for this sample lane
Feb 29 17:30:38 ..... Started STAR run
Feb 29 17:34:23 ..... Started mapping
Feb 29 17:34:25 ..... Started sorting BAM
Feb 29 17:34:26 ..... Finished successfully
STAR alignment complete

End of 1_FQC_StarAlign_NoERCC.sh... Mon Feb 29 17:34:26 PST 2016
