
Starting 1_FQC_StarAlign_NoERCC.sh... Mon Feb 29 15:27:28 PST 2016

Sample:
HT_ROW12_N715
FastQC already performed for this sample lane
Feb 29 15:27:28 ..... Started STAR run
Feb 29 15:27:39 ..... Started mapping
Feb 29 15:27:45 ..... Started sorting BAM
Feb 29 15:27:45 ..... Finished successfully
STAR alignment complete

End of 1_FQC_StarAlign_NoERCC.sh... Mon Feb 29 15:27:45 PST 2016

Starting 1_FQC_StarAlign_NoERCC.sh... Mon Feb 29 17:46:08 PST 2016

Sample:
HT_ROW12_N715
FastQC already performed for this sample lane
Feb 29 17:46:08 ..... Started STAR run
Feb 29 17:49:50 ..... Started mapping
Feb 29 17:50:00 ..... Started sorting BAM
Feb 29 17:50:00 ..... Finished successfully
STAR alignment complete

End of 1_FQC_StarAlign_NoERCC.sh... Mon Feb 29 17:50:01 PST 2016
