
Starting 1_FQC_StarAlign_NoERCC.sh... Mon Feb 29 15:45:28 PST 2016

Sample:
HT_ROW17_N715
FastQC already performed for this sample lane
Feb 29 15:45:28 ..... Started STAR run
Feb 29 15:45:40 ..... Started mapping
Feb 29 15:45:43 ..... Started sorting BAM
Feb 29 15:45:43 ..... Finished successfully
STAR alignment complete

End of 1_FQC_StarAlign_NoERCC.sh... Mon Feb 29 15:45:44 PST 2016

Starting 1_FQC_StarAlign_NoERCC.sh... Mon Feb 29 17:57:53 PST 2016

Sample:
HT_ROW17_N715
FastQC already performed for this sample lane
Feb 29 17:57:53 ..... Started STAR run
Feb 29 17:58:04 ..... Started mapping
Feb 29 17:58:07 ..... Started sorting BAM
Feb 29 17:58:07 ..... Finished successfully
STAR alignment complete

End of 1_FQC_StarAlign_NoERCC.sh... Mon Feb 29 17:58:07 PST 2016
