
Starting 1_FQC_StarAlign_NoERCC.sh... Mon Feb 29 16:37:13 PST 2016

Sample:
HT_ROW33_N714
FastQC already performed for this sample lane
Feb 29 16:37:13 ..... Started STAR run
Feb 29 16:37:24 ..... Started mapping
Feb 29 16:37:41 ..... Started sorting BAM
Feb 29 16:37:42 ..... Finished successfully
STAR alignment complete

End of 1_FQC_StarAlign_NoERCC.sh... Mon Feb 29 16:37:43 PST 2016

Starting 1_FQC_StarAlign_NoERCC.sh... Mon Feb 29 19:18:53 PST 2016

Sample:
HT_ROW33_N714
FastQC already performed for this sample lane
Feb 29 19:18:53 ..... Started STAR run
Feb 29 19:22:39 ..... Started mapping
Feb 29 19:23:00 ..... Started sorting BAM
Feb 29 19:23:02 ..... Finished successfully
STAR alignment complete

End of 1_FQC_StarAlign_NoERCC.sh... Mon Feb 29 19:23:04 PST 2016
