
Starting 1_FQC_StarAlign_NoERCC.sh... Mon Feb 29 16:25:43 PST 2016

Sample:
HT_ROW30_N724
FastQC already performed for this sample lane
Feb 29 16:25:43 ..... Started STAR run
Feb 29 16:25:56 ..... Started mapping
Feb 29 16:26:01 ..... Started sorting BAM
Feb 29 16:26:01 ..... Finished successfully
STAR alignment complete

End of 1_FQC_StarAlign_NoERCC.sh... Mon Feb 29 16:26:01 PST 2016

Starting 1_FQC_StarAlign_NoERCC.sh... Mon Feb 29 19:05:53 PST 2016

Sample:
HT_ROW30_N724
FastQC already performed for this sample lane
Feb 29 19:05:53 ..... Started STAR run
Feb 29 19:06:28 ..... Started mapping
Feb 29 19:06:34 ..... Started sorting BAM
Feb 29 19:06:36 ..... Finished successfully
STAR alignment complete

End of 1_FQC_StarAlign_NoERCC.sh... Mon Feb 29 19:06:37 PST 2016
