
Starting 1_FQC_StarAlign_NoERCC.sh... Mon Feb 29 15:09:28 PST 2016

Sample:
HT_ROW05_N707
FastQC already performed for this sample lane
Feb 29 15:09:28 ..... Started STAR run
Feb 29 15:09:39 ..... Started mapping
Feb 29 15:09:40 ..... Started sorting BAM
Feb 29 15:09:40 ..... Finished successfully
STAR alignment complete

End of 1_FQC_StarAlign_NoERCC.sh... Mon Feb 29 15:09:41 PST 2016

Starting 1_FQC_StarAlign_NoERCC.sh... Mon Feb 29 17:18:38 PST 2016

Sample:
HT_ROW05_N707
FastQC already performed for this sample lane
Feb 29 17:18:38 ..... Started STAR run
Feb 29 17:18:51 ..... Started mapping
Feb 29 17:18:52 ..... Started sorting BAM
Feb 29 17:18:52 ..... Finished successfully
STAR alignment complete

End of 1_FQC_StarAlign_NoERCC.sh... Mon Feb 29 17:18:53 PST 2016
