
Starting 1_FQC_StarAlign_NoERCC.sh... Mon Feb 29 16:52:28 PST 2016

Sample:
HT_ROW37_N712
FastQC already performed for this sample lane
Feb 29 16:52:28 ..... Started STAR run
Feb 29 16:52:39 ..... Started mapping
Feb 29 16:52:46 ..... Started sorting BAM
Feb 29 16:52:47 ..... Finished successfully
STAR alignment complete

End of 1_FQC_StarAlign_NoERCC.sh... Mon Feb 29 16:52:48 PST 2016

Starting 1_FQC_StarAlign_NoERCC.sh... Mon Feb 29 19:45:53 PST 2016

Sample:
HT_ROW37_N712
FastQC already performed for this sample lane
Feb 29 19:45:53 ..... Started STAR run
Feb 29 19:49:42 ..... Started mapping
Feb 29 19:49:48 ..... Started sorting BAM
Feb 29 19:49:49 ..... Finished successfully
STAR alignment complete

End of 1_FQC_StarAlign_NoERCC.sh... Mon Feb 29 19:49:50 PST 2016
