
Starting 1_FQC_StarAlign_NoERCC.sh... Mon Feb 29 15:16:43 PST 2016

Sample:
HT_ROW08_N704
FastQC already performed for this sample lane
Feb 29 15:16:43 ..... Started STAR run
Feb 29 15:16:55 ..... Started mapping
Feb 29 15:17:06 ..... Started sorting BAM
Feb 29 15:17:07 ..... Finished successfully
STAR alignment complete

End of 1_FQC_StarAlign_NoERCC.sh... Mon Feb 29 15:17:08 PST 2016

Starting 1_FQC_StarAlign_NoERCC.sh... Mon Feb 29 17:30:38 PST 2016

Sample:
HT_ROW08_N704
FastQC already performed for this sample lane
Feb 29 17:30:38 ..... Started STAR run
Feb 29 17:34:23 ..... Started mapping
Feb 29 17:34:36 ..... Started sorting BAM
Feb 29 17:34:36 ..... Finished successfully
STAR alignment complete

End of 1_FQC_StarAlign_NoERCC.sh... Mon Feb 29 17:34:37 PST 2016
