
Starting 1_FQC_StarAlign_NoERCC.sh... Mon Feb 29 16:14:28 PST 2016

Sample:
HT_ROW28_N712
FastQC already performed for this sample lane
Feb 29 16:14:28 ..... Started STAR run
Feb 29 16:15:29 ..... Started mapping
Feb 29 16:15:46 ..... Started sorting BAM
Feb 29 16:15:47 ..... Finished successfully
STAR alignment complete

End of 1_FQC_StarAlign_NoERCC.sh... Mon Feb 29 16:15:49 PST 2016

Starting 1_FQC_StarAlign_NoERCC.sh... Mon Feb 29 18:48:53 PST 2016

Sample:
HT_ROW28_N712
FastQC already performed for this sample lane
Feb 29 18:48:53 ..... Started STAR run
Feb 29 18:54:19 ..... Started mapping
Feb 29 18:54:38 ..... Started sorting BAM
Feb 29 18:54:42 ..... Finished successfully
STAR alignment complete

End of 1_FQC_StarAlign_NoERCC.sh... Mon Feb 29 18:54:44 PST 2016
