
Starting 1_FQC_StarAlign_NoERCC.sh... Mon Feb 29 16:00:13 PST 2016

Sample:
HT_ROW22_N704
FastQC already performed for this sample lane
Feb 29 16:00:13 ..... Started STAR run
Feb 29 16:00:25 ..... Started mapping
Feb 29 16:00:29 ..... Started sorting BAM
Feb 29 16:00:30 ..... Finished successfully
STAR alignment complete

End of 1_FQC_StarAlign_NoERCC.sh... Mon Feb 29 16:00:30 PST 2016

Starting 1_FQC_StarAlign_NoERCC.sh... Mon Feb 29 18:11:08 PST 2016

Sample:
HT_ROW22_N704
FastQC already performed for this sample lane
Feb 29 18:11:08 ..... Started STAR run
Feb 29 18:11:20 ..... Started mapping
Feb 29 18:11:25 ..... Started sorting BAM
Feb 29 18:11:25 ..... Finished successfully
STAR alignment complete

End of 1_FQC_StarAlign_NoERCC.sh... Mon Feb 29 18:11:26 PST 2016
