
Starting 1_FQC_StarAlign_NoERCC.sh... Mon Feb 29 15:52:58 PST 2016

Sample:
HT_ROW19_N719
FastQC already performed for this sample lane
Feb 29 15:52:58 ..... Started STAR run
Feb 29 15:57:12 ..... Started mapping
Feb 29 15:57:14 ..... Started sorting BAM
Feb 29 15:57:14 ..... Finished successfully
STAR alignment complete

End of 1_FQC_StarAlign_NoERCC.sh... Mon Feb 29 15:57:14 PST 2016

Starting 1_FQC_StarAlign_NoERCC.sh... Mon Feb 29 18:02:38 PST 2016

Sample:
HT_ROW19_N719
FastQC already performed for this sample lane
Feb 29 18:02:38 ..... Started STAR run
Feb 29 18:04:01 ..... Started mapping
Feb 29 18:04:03 ..... Started sorting BAM
Feb 29 18:04:04 ..... Finished successfully
STAR alignment complete

End of 1_FQC_StarAlign_NoERCC.sh... Mon Feb 29 18:04:04 PST 2016
