
Starting 1_FQC_StarAlign_NoERCC.sh... Mon Feb 29 15:03:58 PST 2016

Sample:
HT_ROW03_N712
FastQC already performed for this sample lane
Feb 29 15:03:58 ..... Started STAR run
Feb 29 15:05:28 ..... Started mapping
Feb 29 15:05:33 ..... Started sorting BAM
Feb 29 15:05:33 ..... Finished successfully
STAR alignment complete

End of 1_FQC_StarAlign_NoERCC.sh... Mon Feb 29 15:05:34 PST 2016

Starting 1_FQC_StarAlign_NoERCC.sh... Mon Feb 29 17:10:53 PST 2016

Sample:
HT_ROW03_N712
FastQC already performed for this sample lane
Feb 29 17:10:53 ..... Started STAR run
Feb 29 17:11:05 ..... Started mapping
Feb 29 17:11:09 ..... Started sorting BAM
Feb 29 17:11:10 ..... Finished successfully
STAR alignment complete

End of 1_FQC_StarAlign_NoERCC.sh... Mon Feb 29 17:11:10 PST 2016
