
Starting 1_FQC_StarAlign_NoERCC.sh... Mon Feb 29 14:59:43 PST 2016

Sample:
HT_ROW02_N710
FastQC already performed for this sample lane
Feb 29 14:59:43 ..... Started STAR run
Feb 29 15:00:03 ..... Started mapping
Feb 29 15:00:18 ..... Started sorting BAM
Feb 29 15:00:19 ..... Finished successfully
STAR alignment complete

End of 1_FQC_StarAlign_NoERCC.sh... Mon Feb 29 15:00:20 PST 2016

Starting 1_FQC_StarAlign_NoERCC.sh... Mon Feb 29 17:07:23 PST 2016

Sample:
HT_ROW02_N710
FastQC already performed for this sample lane
Feb 29 17:07:23 ..... Started STAR run
Feb 29 17:07:34 ..... Started mapping
Feb 29 17:07:49 ..... Started sorting BAM
Feb 29 17:07:50 ..... Finished successfully
STAR alignment complete

End of 1_FQC_StarAlign_NoERCC.sh... Mon Feb 29 17:07:51 PST 2016
