
Starting 1_FQC_StarAlign_NoERCC.sh... Mon Feb 29 16:58:23 PST 2016

Sample:
HT_ROW39_N703
FastQC already performed for this sample lane
Feb 29 16:58:23 ..... Started STAR run
Feb 29 16:58:34 ..... Started mapping
Feb 29 16:58:36 ..... Started sorting BAM
Feb 29 16:58:36 ..... Finished successfully
STAR alignment complete

End of 1_FQC_StarAlign_NoERCC.sh... Mon Feb 29 16:58:37 PST 2016

Starting 1_FQC_StarAlign_NoERCC.sh... Mon Feb 29 19:54:53 PST 2016

Sample:
HT_ROW39_N703
FastQC already performed for this sample lane
Feb 29 19:54:53 ..... Started STAR run
Feb 29 19:56:30 ..... Started mapping
Feb 29 19:56:33 ..... Started sorting BAM
Feb 29 19:56:33 ..... Finished successfully
STAR alignment complete

End of 1_FQC_StarAlign_NoERCC.sh... Mon Feb 29 19:56:34 PST 2016
