
Starting 1_FQC_StarAlign_NoERCC.sh... Mon Feb 29 15:15:28 PST 2016

Sample:
HT_ROW07_N720
FastQC already performed for this sample lane
Feb 29 15:15:28 ..... Started STAR run
Feb 29 15:17:23 ..... Started mapping
Feb 29 15:17:38 ..... Started sorting BAM
Feb 29 15:17:39 ..... Finished successfully
STAR alignment complete

End of 1_FQC_StarAlign_NoERCC.sh... Mon Feb 29 15:17:39 PST 2016

Starting 1_FQC_StarAlign_NoERCC.sh... Mon Feb 29 17:28:53 PST 2016

Sample:
HT_ROW07_N720
FastQC already performed for this sample lane
Feb 29 17:28:53 ..... Started STAR run
Feb 29 17:29:04 ..... Started mapping
Feb 29 17:29:20 ..... Started sorting BAM
Feb 29 17:29:21 ..... Finished successfully
STAR alignment complete

End of 1_FQC_StarAlign_NoERCC.sh... Mon Feb 29 17:29:22 PST 2016
