
Starting 1_FQC_StarAlign_NoERCC.sh... Mon Feb 29 15:23:58 PST 2016

Sample:
HT_ROW11_N705
FastQC already performed for this sample lane
Feb 29 15:23:58 ..... Started STAR run
Feb 29 15:24:10 ..... Started mapping
Feb 29 15:24:19 ..... Started sorting BAM
Feb 29 15:24:19 ..... Finished successfully
STAR alignment complete

End of 1_FQC_StarAlign_NoERCC.sh... Mon Feb 29 15:24:20 PST 2016

Starting 1_FQC_StarAlign_NoERCC.sh... Mon Feb 29 17:41:53 PST 2016

Sample:
HT_ROW11_N705
FastQC already performed for this sample lane
Feb 29 17:41:53 ..... Started STAR run
Feb 29 17:42:04 ..... Started mapping
Feb 29 17:42:14 ..... Started sorting BAM
Feb 29 17:42:15 ..... Finished successfully
STAR alignment complete

End of 1_FQC_StarAlign_NoERCC.sh... Mon Feb 29 17:42:16 PST 2016
