
Starting 1_FQC_StarAlign_NoERCC.sh... Mon Feb 29 15:16:28 PST 2016

Sample:
HT_ROW08_N702
FastQC already performed for this sample lane
Feb 29 15:16:28 ..... Started STAR run
Feb 29 15:19:45 ..... Started mapping
Feb 29 15:19:52 ..... Started sorting BAM
Feb 29 15:19:53 ..... Finished successfully
STAR alignment complete

End of 1_FQC_StarAlign_NoERCC.sh... Mon Feb 29 15:19:53 PST 2016

Starting 1_FQC_StarAlign_NoERCC.sh... Mon Feb 29 17:30:23 PST 2016

Sample:
HT_ROW08_N702
FastQC already performed for this sample lane
Feb 29 17:30:23 ..... Started STAR run
Feb 29 17:34:30 ..... Started mapping
Feb 29 17:34:37 ..... Started sorting BAM
Feb 29 17:34:37 ..... Finished successfully
STAR alignment complete

End of 1_FQC_StarAlign_NoERCC.sh... Mon Feb 29 17:34:38 PST 2016
