
Starting 1_FQC_StarAlign_NoERCC.sh... Mon Feb 29 16:54:58 PST 2016

Sample:
HT_ROW38_N706
FastQC already performed for this sample lane
Feb 29 16:54:58 ..... Started STAR run
Feb 29 16:55:10 ..... Started mapping
Feb 29 16:55:12 ..... Started sorting BAM
Feb 29 16:55:13 ..... Finished successfully
STAR alignment complete

End of 1_FQC_StarAlign_NoERCC.sh... Mon Feb 29 16:55:14 PST 2016

Starting 1_FQC_StarAlign_NoERCC.sh... Mon Feb 29 19:51:23 PST 2016

Sample:
HT_ROW38_N706
FastQC already performed for this sample lane
Feb 29 19:51:23 ..... Started STAR run
Feb 29 19:52:14 ..... Started mapping
Feb 29 19:52:16 ..... Started sorting BAM
Feb 29 19:52:17 ..... Finished successfully
STAR alignment complete

End of 1_FQC_StarAlign_NoERCC.sh... Mon Feb 29 19:52:17 PST 2016
