
Starting 1_FQC_StarAlign_NoERCC.sh... Mon Feb 29 16:17:58 PST 2016

Sample:
HT_ROW29_N719
FastQC already performed for this sample lane
Feb 29 16:17:58 ..... Started STAR run
Feb 29 16:18:09 ..... Started mapping
Feb 29 16:18:17 ..... Started sorting BAM
Feb 29 16:18:17 ..... Finished successfully
STAR alignment complete

End of 1_FQC_StarAlign_NoERCC.sh... Mon Feb 29 16:18:17 PST 2016

Starting 1_FQC_StarAlign_NoERCC.sh... Mon Feb 29 18:59:08 PST 2016

Sample:
HT_ROW29_N719
FastQC already performed for this sample lane
Feb 29 18:59:08 ..... Started STAR run
Feb 29 19:02:20 ..... Started mapping
Feb 29 19:02:30 ..... Started sorting BAM
Feb 29 19:02:31 ..... Finished successfully
STAR alignment complete

End of 1_FQC_StarAlign_NoERCC.sh... Mon Feb 29 19:02:31 PST 2016
