
Starting 1_FQC_StarAlign_NoERCC.sh... Mon Feb 29 15:10:43 PST 2016

Sample:
HT_ROW05_N719
FastQC already performed for this sample lane
Feb 29 15:10:43 ..... Started STAR run
Feb 29 15:10:54 ..... Started mapping
Feb 29 15:11:07 ..... Started sorting BAM
Feb 29 15:11:07 ..... Finished successfully
STAR alignment complete

End of 1_FQC_StarAlign_NoERCC.sh... Mon Feb 29 15:11:07 PST 2016

Starting 1_FQC_StarAlign_NoERCC.sh... Mon Feb 29 17:19:53 PST 2016

Sample:
HT_ROW05_N719
FastQC already performed for this sample lane
Feb 29 17:19:53 ..... Started STAR run
Feb 29 17:24:33 ..... Started mapping
Feb 29 17:24:45 ..... Started sorting BAM
Feb 29 17:24:45 ..... Finished successfully
STAR alignment complete

End of 1_FQC_StarAlign_NoERCC.sh... Mon Feb 29 17:24:45 PST 2016
