
Starting 1_FQC_StarAlign_NoERCC.sh... Mon Feb 29 16:43:28 PST 2016

Sample:
HT_ROW35_N701
FastQC already performed for this sample lane
Feb 29 16:43:28 ..... Started STAR run
Feb 29 16:43:40 ..... Started mapping
Feb 29 16:43:45 ..... Started sorting BAM
Feb 29 16:43:46 ..... Finished successfully
STAR alignment complete

End of 1_FQC_StarAlign_NoERCC.sh... Mon Feb 29 16:43:46 PST 2016

Starting 1_FQC_StarAlign_NoERCC.sh... Mon Feb 29 19:29:38 PST 2016

Sample:
HT_ROW35_N701
FastQC already performed for this sample lane
Feb 29 19:29:38 ..... Started STAR run
Feb 29 19:31:31 ..... Started mapping
Feb 29 19:31:38 ..... Started sorting BAM
Feb 29 19:31:39 ..... Finished successfully
STAR alignment complete

End of 1_FQC_StarAlign_NoERCC.sh... Mon Feb 29 19:31:40 PST 2016
