
Starting 1_FQC_StarAlign_NoERCC.sh... Mon Feb 29 15:51:58 PST 2016

Sample:
HT_ROW19_N710
FastQC already performed for this sample lane
Feb 29 15:51:58 ..... Started STAR run
Feb 29 15:52:13 ..... Started mapping
Feb 29 15:52:14 ..... Started sorting BAM
Feb 29 15:52:14 ..... Finished successfully
STAR alignment complete

End of 1_FQC_StarAlign_NoERCC.sh... Mon Feb 29 15:52:15 PST 2016

Starting 1_FQC_StarAlign_NoERCC.sh... Mon Feb 29 18:01:23 PST 2016

Sample:
HT_ROW19_N710
FastQC already performed for this sample lane
Feb 29 18:01:23 ..... Started STAR run
Feb 29 18:02:20 ..... Started mapping
Feb 29 18:02:21 ..... Started sorting BAM
Feb 29 18:02:21 ..... Finished successfully
STAR alignment complete

End of 1_FQC_StarAlign_NoERCC.sh... Mon Feb 29 18:02:22 PST 2016
