
Starting 1_FQC_StarAlign_NoERCC.sh... Mon Feb 29 15:35:13 PST 2016

Sample:
HT_ROW15_N706
FastQC already performed for this sample lane
Feb 29 15:35:13 ..... Started STAR run
Feb 29 15:35:25 ..... Started mapping
Feb 29 15:35:31 ..... Started sorting BAM
Feb 29 15:35:32 ..... Finished successfully
STAR alignment complete

End of 1_FQC_StarAlign_NoERCC.sh... Mon Feb 29 15:35:32 PST 2016

Starting 1_FQC_StarAlign_NoERCC.sh... Mon Feb 29 17:53:38 PST 2016

Sample:
HT_ROW15_N706
FastQC already performed for this sample lane
Feb 29 17:53:38 ..... Started STAR run
Feb 29 17:53:50 ..... Started mapping
Feb 29 17:53:56 ..... Started sorting BAM
Feb 29 17:53:56 ..... Finished successfully
STAR alignment complete

End of 1_FQC_StarAlign_NoERCC.sh... Mon Feb 29 17:53:56 PST 2016
