
Starting 1_FQC_StarAlign_NoERCC.sh... Mon Feb 29 15:45:28 PST 2016

Sample:
HT_ROW17_N719
FastQC already performed for this sample lane
Feb 29 15:45:28 ..... Started STAR run
Feb 29 15:48:44 ..... Started mapping
Feb 29 15:48:59 ..... Started sorting BAM
Feb 29 15:49:01 ..... Finished successfully
STAR alignment complete

End of 1_FQC_StarAlign_NoERCC.sh... Mon Feb 29 15:49:02 PST 2016

Starting 1_FQC_StarAlign_NoERCC.sh... Mon Feb 29 17:58:08 PST 2016

Sample:
HT_ROW17_N719
FastQC already performed for this sample lane
Feb 29 17:58:08 ..... Started STAR run
Feb 29 17:58:27 ..... Started mapping
Feb 29 17:58:41 ..... Started sorting BAM
Feb 29 17:58:42 ..... Finished successfully
STAR alignment complete

End of 1_FQC_StarAlign_NoERCC.sh... Mon Feb 29 17:58:42 PST 2016
