
Starting 1_FQC_StarAlign_NoERCC.sh... Mon Feb 29 16:32:58 PST 2016

Sample:
HT_ROW32_N705
FastQC already performed for this sample lane
Feb 29 16:32:58 ..... Started STAR run
Feb 29 16:33:09 ..... Started mapping
Feb 29 16:33:12 ..... Started sorting BAM
Feb 29 16:33:13 ..... Finished successfully
STAR alignment complete

End of 1_FQC_StarAlign_NoERCC.sh... Mon Feb 29 16:33:13 PST 2016

Starting 1_FQC_StarAlign_NoERCC.sh... Mon Feb 29 19:10:38 PST 2016

Sample:
HT_ROW32_N705
FastQC already performed for this sample lane
Feb 29 19:10:38 ..... Started STAR run
Feb 29 19:11:15 ..... Started mapping
Feb 29 19:11:18 ..... Started sorting BAM
Feb 29 19:11:18 ..... Finished successfully
STAR alignment complete

End of 1_FQC_StarAlign_NoERCC.sh... Mon Feb 29 19:11:19 PST 2016
