
Starting 1_FQC_StarAlign_NoERCC.sh... Mon Feb 29 16:42:58 PST 2016

Sample:
HT_ROW34_N724
FastQC already performed for this sample lane
Feb 29 16:42:58 ..... Started STAR run
Feb 29 16:43:10 ..... Started mapping
Feb 29 16:43:21 ..... Started sorting BAM
Feb 29 16:43:21 ..... Finished successfully
STAR alignment complete

End of 1_FQC_StarAlign_NoERCC.sh... Mon Feb 29 16:43:23 PST 2016

Starting 1_FQC_StarAlign_NoERCC.sh... Mon Feb 29 19:29:38 PST 2016

Sample:
HT_ROW34_N724
FastQC already performed for this sample lane
Feb 29 19:29:38 ..... Started STAR run
Feb 29 19:31:31 ..... Started mapping
Feb 29 19:31:46 ..... Started sorting BAM
Feb 29 19:31:46 ..... Finished successfully
STAR alignment complete

End of 1_FQC_StarAlign_NoERCC.sh... Mon Feb 29 19:31:47 PST 2016
