
Starting 1_FQC_StarAlign_NoERCC.sh... Mon Feb 29 15:47:58 PST 2016

Sample:
HT_ROW18_N711
FastQC already performed for this sample lane
Feb 29 15:47:58 ..... Started STAR run
Feb 29 15:48:11 ..... Started mapping
Feb 29 15:48:20 ..... Started sorting BAM
Feb 29 15:48:20 ..... Finished successfully
STAR alignment complete

End of 1_FQC_StarAlign_NoERCC.sh... Mon Feb 29 15:48:21 PST 2016

Starting 1_FQC_StarAlign_NoERCC.sh... Mon Feb 29 17:59:23 PST 2016

Sample:
HT_ROW18_N711
FastQC already performed for this sample lane
Feb 29 17:59:23 ..... Started STAR run
Feb 29 17:59:35 ..... Started mapping
Feb 29 17:59:45 ..... Started sorting BAM
Feb 29 17:59:45 ..... Finished successfully
STAR alignment complete

End of 1_FQC_StarAlign_NoERCC.sh... Mon Feb 29 17:59:45 PST 2016
