
Starting 1_FQC_StarAlign_NoERCC.sh... Mon Feb 29 16:07:28 PST 2016

Sample:
HT_ROW25_N707
FastQC already performed for this sample lane
Feb 29 16:07:28 ..... Started STAR run
Feb 29 16:07:39 ..... Started mapping
Feb 29 16:07:45 ..... Started sorting BAM
Feb 29 16:07:45 ..... Finished successfully
STAR alignment complete

End of 1_FQC_StarAlign_NoERCC.sh... Mon Feb 29 16:07:46 PST 2016

Starting 1_FQC_StarAlign_NoERCC.sh... Mon Feb 29 18:24:53 PST 2016

Sample:
HT_ROW25_N707
FastQC already performed for this sample lane
Feb 29 18:24:53 ..... Started STAR run
Feb 29 18:25:04 ..... Started mapping
Feb 29 18:25:09 ..... Started sorting BAM
Feb 29 18:25:10 ..... Finished successfully
STAR alignment complete

End of 1_FQC_StarAlign_NoERCC.sh... Mon Feb 29 18:25:12 PST 2016
