
Starting 1_FQC_StarAlign_NoERCC.sh... Mon Feb 29 16:13:13 PST 2016

Sample:
HT_ROW27_N722
FastQC already performed for this sample lane
Feb 29 16:13:13 ..... Started STAR run
Feb 29 16:14:12 ..... Started mapping
Feb 29 16:14:18 ..... Started sorting BAM
Feb 29 16:14:18 ..... Finished successfully
STAR alignment complete

End of 1_FQC_StarAlign_NoERCC.sh... Mon Feb 29 16:14:18 PST 2016

Starting 1_FQC_StarAlign_NoERCC.sh... Mon Feb 29 18:44:53 PST 2016

Sample:
HT_ROW27_N722
FastQC already performed for this sample lane
Feb 29 18:44:53 ..... Started STAR run
Feb 29 18:48:19 ..... Started mapping
Feb 29 18:48:25 ..... Started sorting BAM
Feb 29 18:48:25 ..... Finished successfully
STAR alignment complete

End of 1_FQC_StarAlign_NoERCC.sh... Mon Feb 29 18:48:26 PST 2016
