
Starting 1_FQC_StarAlign_NoERCC.sh... Mon Feb 29 17:00:38 PST 2016

Sample:
HT_ROW40_N702
FastQC already performed for this sample lane
Feb 29 17:00:38 ..... Started STAR run
Feb 29 17:01:04 ..... Started mapping
Feb 29 17:01:06 ..... Started sorting BAM
Feb 29 17:01:06 ..... Finished successfully
STAR alignment complete

End of 1_FQC_StarAlign_NoERCC.sh... Mon Feb 29 17:01:07 PST 2016

Starting 1_FQC_StarAlign_NoERCC.sh... Mon Feb 29 19:58:53 PST 2016

Sample:
HT_ROW40_N702
FastQC already performed for this sample lane
Feb 29 19:58:53 ..... Started STAR run
Feb 29 19:59:04 ..... Started mapping
Feb 29 19:59:05 ..... Started sorting BAM
Feb 29 19:59:05 ..... Finished successfully
STAR alignment complete

End of 1_FQC_StarAlign_NoERCC.sh... Mon Feb 29 19:59:06 PST 2016
