
Starting 1_FQC_StarAlign_NoERCC.sh... Mon Feb 29 15:26:58 PST 2016

Sample:
HT_ROW12_N707
FastQC already performed for this sample lane
Feb 29 15:26:58 ..... Started STAR run
Feb 29 15:27:10 ..... Started mapping
Feb 29 15:27:18 ..... Started sorting BAM
Feb 29 15:27:18 ..... Finished successfully
STAR alignment complete

End of 1_FQC_StarAlign_NoERCC.sh... Mon Feb 29 15:27:19 PST 2016

Starting 1_FQC_StarAlign_NoERCC.sh... Mon Feb 29 17:45:53 PST 2016

Sample:
HT_ROW12_N707
FastQC already performed for this sample lane
Feb 29 17:45:53 ..... Started STAR run
Feb 29 17:49:50 ..... Started mapping
Feb 29 17:50:01 ..... Started sorting BAM
Feb 29 17:50:01 ..... Finished successfully
STAR alignment complete

End of 1_FQC_StarAlign_NoERCC.sh... Mon Feb 29 17:50:01 PST 2016
