
Starting 1_FQC_StarAlign_NoERCC.sh... Mon Feb 29 15:07:43 PST 2016

Sample:
HT_ROW04_N716
FastQC already performed for this sample lane
Feb 29 15:07:43 ..... Started STAR run
Feb 29 15:07:54 ..... Started mapping
Feb 29 15:08:08 ..... Started sorting BAM
Feb 29 15:08:08 ..... Finished successfully
STAR alignment complete

End of 1_FQC_StarAlign_NoERCC.sh... Mon Feb 29 15:08:09 PST 2016

Starting 1_FQC_StarAlign_NoERCC.sh... Mon Feb 29 17:15:53 PST 2016

Sample:
HT_ROW04_N716
FastQC already performed for this sample lane
Feb 29 17:15:53 ..... Started STAR run
Feb 29 17:19:38 ..... Started mapping
Feb 29 17:19:54 ..... Started sorting BAM
Feb 29 17:19:54 ..... Finished successfully
STAR alignment complete

End of 1_FQC_StarAlign_NoERCC.sh... Mon Feb 29 17:19:55 PST 2016
