
Starting 1_FQC_StarAlign_NoERCC.sh... Mon Feb 29 16:22:43 PST 2016

Sample:
HT_ROW30_N723
FastQC already performed for this sample lane
Feb 29 16:22:43 ..... Started STAR run
Feb 29 16:25:30 ..... Started mapping
Feb 29 16:25:36 ..... Started sorting BAM
Feb 29 16:25:37 ..... Finished successfully
STAR alignment complete

End of 1_FQC_StarAlign_NoERCC.sh... Mon Feb 29 16:25:37 PST 2016

Starting 1_FQC_StarAlign_NoERCC.sh... Mon Feb 29 19:05:53 PST 2016

Sample:
HT_ROW30_N723
FastQC already performed for this sample lane
Feb 29 19:05:53 ..... Started STAR run
Feb 29 19:06:04 ..... Started mapping
Feb 29 19:06:12 ..... Started sorting BAM
Feb 29 19:06:13 ..... Finished successfully
STAR alignment complete

End of 1_FQC_StarAlign_NoERCC.sh... Mon Feb 29 19:06:13 PST 2016
