
Starting 1_FQC_StarAlign_NoERCC.sh... Mon Feb 29 16:49:58 PST 2016

Sample:
HT_ROW36_N716
FastQC already performed for this sample lane
Feb 29 16:49:58 ..... Started STAR run
Feb 29 16:54:15 ..... Started mapping
Feb 29 16:54:21 ..... Started sorting BAM
Feb 29 16:54:21 ..... Finished successfully
STAR alignment complete

End of 1_FQC_StarAlign_NoERCC.sh... Mon Feb 29 16:54:21 PST 2016

Starting 1_FQC_StarAlign_NoERCC.sh... Mon Feb 29 19:41:23 PST 2016

Sample:
HT_ROW36_N716
FastQC already performed for this sample lane
Feb 29 19:41:23 ..... Started STAR run
Feb 29 19:45:41 ..... Started mapping
Feb 29 19:45:47 ..... Started sorting BAM
Feb 29 19:45:47 ..... Finished successfully
STAR alignment complete

End of 1_FQC_StarAlign_NoERCC.sh... Mon Feb 29 19:45:48 PST 2016
