
Starting 1_FQC_StarAlign_NoERCC.sh... Mon Feb 29 15:19:58 PST 2016

Sample:
HT_ROW09_N714
FastQC already performed for this sample lane
Feb 29 15:19:58 ..... Started STAR run
Feb 29 15:20:16 ..... Started mapping
Feb 29 15:20:32 ..... Started sorting BAM
Feb 29 15:20:32 ..... Finished successfully
STAR alignment complete

End of 1_FQC_StarAlign_NoERCC.sh... Mon Feb 29 15:20:33 PST 2016

Starting 1_FQC_StarAlign_NoERCC.sh... Mon Feb 29 17:35:08 PST 2016

Sample:
HT_ROW09_N714
FastQC already performed for this sample lane
Feb 29 17:35:08 ..... Started STAR run
Feb 29 17:35:20 ..... Started mapping
Feb 29 17:35:36 ..... Started sorting BAM
Feb 29 17:35:37 ..... Finished successfully
STAR alignment complete

End of 1_FQC_StarAlign_NoERCC.sh... Mon Feb 29 17:35:38 PST 2016
