
Starting 1_FQC_StarAlign_NoERCC.sh... Mon Feb 29 15:10:43 PST 2016

Sample:
HT_ROW05_N720
FastQC already performed for this sample lane
Feb 29 15:10:43 ..... Started STAR run
Feb 29 15:11:33 ..... Started mapping
Feb 29 15:11:42 ..... Started sorting BAM
Feb 29 15:11:42 ..... Finished successfully
STAR alignment complete

End of 1_FQC_StarAlign_NoERCC.sh... Mon Feb 29 15:11:42 PST 2016

Starting 1_FQC_StarAlign_NoERCC.sh... Mon Feb 29 17:19:53 PST 2016

Sample:
HT_ROW05_N720
FastQC already performed for this sample lane
Feb 29 17:19:53 ..... Started STAR run
Feb 29 17:24:35 ..... Started mapping
Feb 29 17:24:44 ..... Started sorting BAM
Feb 29 17:24:44 ..... Finished successfully
STAR alignment complete

End of 1_FQC_StarAlign_NoERCC.sh... Mon Feb 29 17:24:44 PST 2016
