
Starting 1_FQC_StarAlign_NoERCC.sh... Mon Feb 29 16:39:58 PST 2016

Sample:
HT_ROW34_N704
FastQC already performed for this sample lane
Feb 29 16:39:58 ..... Started STAR run
Feb 29 16:44:33 ..... Started mapping
Feb 29 16:44:46 ..... Started sorting BAM
Feb 29 16:44:47 ..... Finished successfully
STAR alignment complete

End of 1_FQC_StarAlign_NoERCC.sh... Mon Feb 29 16:44:47 PST 2016

Starting 1_FQC_StarAlign_NoERCC.sh... Mon Feb 29 19:26:38 PST 2016

Sample:
HT_ROW34_N704
FastQC already performed for this sample lane
Feb 29 19:26:38 ..... Started STAR run
Feb 29 19:29:12 ..... Started mapping
Feb 29 19:29:26 ..... Started sorting BAM
Feb 29 19:29:26 ..... Finished successfully
STAR alignment complete

End of 1_FQC_StarAlign_NoERCC.sh... Mon Feb 29 19:29:28 PST 2016
