
Starting 1_FQC_StarAlign_NoERCC.sh... Mon Feb 29 15:55:13 PST 2016

Sample:
HT_ROW20_N707
FastQC already performed for this sample lane
Feb 29 15:55:13 ..... Started STAR run
Feb 29 15:55:24 ..... Started mapping
Feb 29 15:55:26 ..... Started sorting BAM
Feb 29 15:55:26 ..... Finished successfully
STAR alignment complete

End of 1_FQC_StarAlign_NoERCC.sh... Mon Feb 29 15:55:27 PST 2016

Starting 1_FQC_StarAlign_NoERCC.sh... Mon Feb 29 18:04:08 PST 2016

Sample:
HT_ROW20_N707
FastQC already performed for this sample lane
Feb 29 18:04:08 ..... Started STAR run
Feb 29 18:08:29 ..... Started mapping
Feb 29 18:08:30 ..... Started sorting BAM
Feb 29 18:08:30 ..... Finished successfully
STAR alignment complete

End of 1_FQC_StarAlign_NoERCC.sh... Mon Feb 29 18:08:31 PST 2016
