
Starting 1_FQC_StarAlign_NoERCC.sh... Mon Feb 29 15:07:13 PST 2016

Sample:
HT_ROW04_N705
FastQC already performed for this sample lane
Feb 29 15:07:13 ..... Started STAR run
Feb 29 15:07:25 ..... Started mapping
Feb 29 15:07:28 ..... Started sorting BAM
Feb 29 15:07:28 ..... Finished successfully
STAR alignment complete

End of 1_FQC_StarAlign_NoERCC.sh... Mon Feb 29 15:07:29 PST 2016

Starting 1_FQC_StarAlign_NoERCC.sh... Mon Feb 29 17:13:38 PST 2016

Sample:
HT_ROW04_N705
FastQC already performed for this sample lane
Feb 29 17:13:38 ..... Started STAR run
Feb 29 17:15:08 ..... Started mapping
Feb 29 17:15:11 ..... Started sorting BAM
Feb 29 17:15:11 ..... Finished successfully
STAR alignment complete

End of 1_FQC_StarAlign_NoERCC.sh... Mon Feb 29 17:15:12 PST 2016
