
Starting 1_FQC_StarAlign_NoERCC.sh... Mon Feb 29 15:12:28 PST 2016

Sample:
HT_ROW06_N710
FastQC already performed for this sample lane
Feb 29 15:12:28 ..... Started STAR run
Feb 29 15:12:43 ..... Started mapping
Feb 29 15:12:44 ..... Started sorting BAM
Feb 29 15:12:45 ..... Finished successfully
STAR alignment complete

End of 1_FQC_StarAlign_NoERCC.sh... Mon Feb 29 15:12:45 PST 2016

Starting 1_FQC_StarAlign_NoERCC.sh... Mon Feb 29 17:22:53 PST 2016

Sample:
HT_ROW06_N710
FastQC already performed for this sample lane
Feb 29 17:22:53 ..... Started STAR run
Feb 29 17:23:19 ..... Started mapping
Feb 29 17:23:20 ..... Started sorting BAM
Feb 29 17:23:20 ..... Finished successfully
STAR alignment complete

End of 1_FQC_StarAlign_NoERCC.sh... Mon Feb 29 17:23:21 PST 2016
