
Starting 1_FQC_StarAlign_NoERCC.sh... Mon Feb 29 14:59:13 PST 2016

Sample:
HT_ROW02_N705
FastQC already performed for this sample lane
Feb 29 14:59:13 ..... Started STAR run
Feb 29 14:59:27 ..... Started mapping
Feb 29 14:59:30 ..... Started sorting BAM
Feb 29 14:59:30 ..... Finished successfully
STAR alignment complete

End of 1_FQC_StarAlign_NoERCC.sh... Mon Feb 29 14:59:30 PST 2016

Starting 1_FQC_StarAlign_NoERCC.sh... Mon Feb 29 17:06:38 PST 2016

Sample:
HT_ROW02_N705
FastQC already performed for this sample lane
Feb 29 17:06:38 ..... Started STAR run
Feb 29 17:06:50 ..... Started mapping
Feb 29 17:06:53 ..... Started sorting BAM
Feb 29 17:06:53 ..... Finished successfully
STAR alignment complete

End of 1_FQC_StarAlign_NoERCC.sh... Mon Feb 29 17:06:53 PST 2016
