
Starting 1_FQC_StarAlign_NoERCC.sh... Mon Feb 29 16:15:43 PST 2016

Sample:
HT_ROW28_N723
FastQC already performed for this sample lane
Feb 29 16:15:43 ..... Started STAR run
Feb 29 16:17:32 ..... Started mapping
Feb 29 16:17:48 ..... Started sorting BAM
Feb 29 16:17:49 ..... Finished successfully
STAR alignment complete

End of 1_FQC_StarAlign_NoERCC.sh... Mon Feb 29 16:17:49 PST 2016

Starting 1_FQC_StarAlign_NoERCC.sh... Mon Feb 29 18:54:53 PST 2016

Sample:
HT_ROW28_N723
FastQC already performed for this sample lane
Feb 29 18:54:53 ..... Started STAR run
Feb 29 18:57:11 ..... Started mapping
Feb 29 18:57:27 ..... Started sorting BAM
Feb 29 18:57:27 ..... Finished successfully
STAR alignment complete

End of 1_FQC_StarAlign_NoERCC.sh... Mon Feb 29 18:57:29 PST 2016
