
Starting 1_FQC_StarAlign_NoERCC.sh... Mon Feb 29 15:45:58 PST 2016

Sample:
HT_ROW17_N721
FastQC already performed for this sample lane
Feb 29 15:45:58 ..... Started STAR run
Feb 29 15:46:10 ..... Started mapping
Feb 29 15:46:21 ..... Started sorting BAM
Feb 29 15:46:23 ..... Finished successfully
STAR alignment complete

End of 1_FQC_StarAlign_NoERCC.sh... Mon Feb 29 15:46:24 PST 2016

Starting 1_FQC_StarAlign_NoERCC.sh... Mon Feb 29 17:58:23 PST 2016

Sample:
HT_ROW17_N721
FastQC already performed for this sample lane
Feb 29 17:58:23 ..... Started STAR run
Feb 29 17:58:34 ..... Started mapping
Feb 29 17:58:45 ..... Started sorting BAM
Feb 29 17:58:47 ..... Finished successfully
STAR alignment complete

End of 1_FQC_StarAlign_NoERCC.sh... Mon Feb 29 17:58:47 PST 2016
