
Starting 1_FQC_StarAlign_NoERCC.sh... Mon Feb 29 14:48:28 PST 2016

Sample:
HT_ROW01_N710
FastQC already performed for this sample lane
Feb 29 14:48:28 ..... Started STAR run
Feb 29 14:53:49 ..... Started mapping
Feb 29 14:54:06 ..... Started sorting BAM
Feb 29 14:54:06 ..... Finished successfully
STAR alignment complete

End of 1_FQC_StarAlign_NoERCC.sh... Mon Feb 29 14:54:07 PST 2016

Starting 1_FQC_StarAlign_NoERCC.sh... Mon Feb 29 17:04:08 PST 2016

Sample:
HT_ROW01_N710
FastQC already performed for this sample lane
Feb 29 17:04:08 ..... Started STAR run
Feb 29 17:09:28 ..... Started mapping
Feb 29 17:09:43 ..... Started sorting BAM
Feb 29 17:09:44 ..... Finished successfully
STAR alignment complete

End of 1_FQC_StarAlign_NoERCC.sh... Mon Feb 29 17:09:45 PST 2016
