
Starting 1_FQC_StarAlign_NoERCC.sh... Mon Feb 29 16:54:28 PST 2016

Sample:
HT_ROW38_N704
FastQC already performed for this sample lane
Feb 29 16:54:28 ..... Started STAR run
Feb 29 16:58:09 ..... Started mapping
Feb 29 16:58:14 ..... Started sorting BAM
Feb 29 16:58:14 ..... Finished successfully
STAR alignment complete

End of 1_FQC_StarAlign_NoERCC.sh... Mon Feb 29 16:58:15 PST 2016

Starting 1_FQC_StarAlign_NoERCC.sh... Mon Feb 29 19:51:08 PST 2016

Sample:
HT_ROW38_N704
FastQC already performed for this sample lane
Feb 29 19:51:08 ..... Started STAR run
Feb 29 19:51:20 ..... Started mapping
Feb 29 19:51:25 ..... Started sorting BAM
Feb 29 19:51:25 ..... Finished successfully
STAR alignment complete

End of 1_FQC_StarAlign_NoERCC.sh... Mon Feb 29 19:51:27 PST 2016
