
Starting 1_FQC_StarAlign_NoERCC.sh... Mon Feb 29 15:34:13 PST 2016

Sample:
HT_ROW15_N701
FastQC already performed for this sample lane
Feb 29 15:34:13 ..... Started STAR run
Feb 29 15:34:25 ..... Started mapping
Feb 29 15:34:27 ..... Started sorting BAM
Feb 29 15:34:28 ..... Finished successfully
STAR alignment complete

End of 1_FQC_StarAlign_NoERCC.sh... Mon Feb 29 15:34:28 PST 2016

Starting 1_FQC_StarAlign_NoERCC.sh... Mon Feb 29 17:53:08 PST 2016

Sample:
HT_ROW15_N701
FastQC already performed for this sample lane
Feb 29 17:53:08 ..... Started STAR run
Feb 29 17:53:21 ..... Started mapping
Feb 29 17:53:22 ..... Started sorting BAM
Feb 29 17:53:22 ..... Finished successfully
STAR alignment complete

End of 1_FQC_StarAlign_NoERCC.sh... Mon Feb 29 17:53:22 PST 2016
