
Starting 1_FQC_StarAlign_NoERCC.sh... Mon Feb 29 15:44:28 PST 2016

Sample:
HT_ROW17_N707
FastQC already performed for this sample lane
Feb 29 15:44:28 ..... Started STAR run
Feb 29 15:44:39 ..... Started mapping
Feb 29 15:44:51 ..... Started sorting BAM
Feb 29 15:44:53 ..... Finished successfully
STAR alignment complete

End of 1_FQC_StarAlign_NoERCC.sh... Mon Feb 29 15:44:53 PST 2016

Starting 1_FQC_StarAlign_NoERCC.sh... Mon Feb 29 17:57:23 PST 2016

Sample:
HT_ROW17_N707
FastQC already performed for this sample lane
Feb 29 17:57:23 ..... Started STAR run
Feb 29 17:58:21 ..... Started mapping
Feb 29 17:58:33 ..... Started sorting BAM
Feb 29 17:58:34 ..... Finished successfully
STAR alignment complete

End of 1_FQC_StarAlign_NoERCC.sh... Mon Feb 29 17:58:34 PST 2016
