
Starting 1_FQC_StarAlign_NoERCC.sh... Mon Feb 29 15:45:58 PST 2016

Sample:
HT_ROW17_N722
FastQC already performed for this sample lane
Feb 29 15:45:58 ..... Started STAR run
Feb 29 15:49:27 ..... Started mapping
Feb 29 15:49:29 ..... Started sorting BAM
Feb 29 15:49:29 ..... Finished successfully
STAR alignment complete

End of 1_FQC_StarAlign_NoERCC.sh... Mon Feb 29 15:49:30 PST 2016

Starting 1_FQC_StarAlign_NoERCC.sh... Mon Feb 29 17:58:38 PST 2016

Sample:
HT_ROW17_N722
FastQC already performed for this sample lane
Feb 29 17:58:38 ..... Started STAR run
Feb 29 17:58:50 ..... Started mapping
Feb 29 17:58:52 ..... Started sorting BAM
Feb 29 17:58:52 ..... Finished successfully
STAR alignment complete

End of 1_FQC_StarAlign_NoERCC.sh... Mon Feb 29 17:58:52 PST 2016
