
Starting 1_FQC_StarAlign_NoERCC.sh... Mon Feb 29 16:04:28 PST 2016

Sample:
HT_ROW23_N722
FastQC already performed for this sample lane
Feb 29 16:04:28 ..... Started STAR run
Feb 29 16:04:39 ..... Started mapping
Feb 29 16:04:55 ..... Started sorting BAM
Feb 29 16:04:55 ..... Finished successfully
STAR alignment complete

End of 1_FQC_StarAlign_NoERCC.sh... Mon Feb 29 16:04:56 PST 2016

Starting 1_FQC_StarAlign_NoERCC.sh... Mon Feb 29 18:17:08 PST 2016

Sample:
HT_ROW23_N722
FastQC already performed for this sample lane
Feb 29 18:17:08 ..... Started STAR run
Feb 29 18:21:56 ..... Started mapping
Feb 29 18:22:11 ..... Started sorting BAM
Feb 29 18:22:12 ..... Finished successfully
STAR alignment complete

End of 1_FQC_StarAlign_NoERCC.sh... Mon Feb 29 18:22:13 PST 2016
