
Starting 1_FQC_StarAlign_NoERCC.sh... Mon Feb 29 16:06:43 PST 2016

Sample:
HT_ROW24_N723
FastQC already performed for this sample lane
Feb 29 16:06:43 ..... Started STAR run
Feb 29 16:07:00 ..... Started mapping
Feb 29 16:07:14 ..... Started sorting BAM
Feb 29 16:07:15 ..... Finished successfully
STAR alignment complete

End of 1_FQC_StarAlign_NoERCC.sh... Mon Feb 29 16:07:16 PST 2016

Starting 1_FQC_StarAlign_NoERCC.sh... Mon Feb 29 18:23:08 PST 2016

Sample:
HT_ROW24_N723
FastQC already performed for this sample lane
Feb 29 18:23:08 ..... Started STAR run
Feb 29 18:30:00 ..... Started mapping
Feb 29 18:30:16 ..... Started sorting BAM
Feb 29 18:30:18 ..... Finished successfully
STAR alignment complete

End of 1_FQC_StarAlign_NoERCC.sh... Mon Feb 29 18:30:19 PST 2016
