
Starting 1_FQC_StarAlign_NoERCC.sh... Mon Feb 29 15:14:28 PST 2016

Sample:
HT_ROW07_N705
FastQC already performed for this sample lane
Feb 29 15:14:28 ..... Started STAR run
Feb 29 15:14:40 ..... Started mapping
Feb 29 15:14:43 ..... Started sorting BAM
Feb 29 15:14:43 ..... Finished successfully
STAR alignment complete

End of 1_FQC_StarAlign_NoERCC.sh... Mon Feb 29 15:14:44 PST 2016

Starting 1_FQC_StarAlign_NoERCC.sh... Mon Feb 29 17:25:53 PST 2016

Sample:
HT_ROW07_N705
FastQC already performed for this sample lane
Feb 29 17:25:53 ..... Started STAR run
Feb 29 17:26:05 ..... Started mapping
Feb 29 17:26:09 ..... Started sorting BAM
Feb 29 17:26:09 ..... Finished successfully
STAR alignment complete

End of 1_FQC_StarAlign_NoERCC.sh... Mon Feb 29 17:26:10 PST 2016
