
Starting 1_FQC_StarAlign_NoERCC.sh... Mon Feb 29 16:07:28 PST 2016

Sample:
HT_ROW25_N711
FastQC already performed for this sample lane
Feb 29 16:07:28 ..... Started STAR run
Feb 29 16:07:54 ..... Started mapping
Feb 29 16:08:12 ..... Started sorting BAM
Feb 29 16:08:13 ..... Finished successfully
STAR alignment complete

End of 1_FQC_StarAlign_NoERCC.sh... Mon Feb 29 16:08:13 PST 2016

Starting 1_FQC_StarAlign_NoERCC.sh... Mon Feb 29 18:25:23 PST 2016

Sample:
HT_ROW25_N711
FastQC already performed for this sample lane
Feb 29 18:25:23 ..... Started STAR run
Feb 29 18:25:34 ..... Started mapping
Feb 29 18:26:01 ..... Started sorting BAM
Feb 29 18:26:02 ..... Finished successfully
STAR alignment complete

End of 1_FQC_StarAlign_NoERCC.sh... Mon Feb 29 18:26:03 PST 2016
