
Starting 1_FQC_StarAlign_NoERCC.sh... Mon Feb 29 16:02:58 PST 2016

Sample:
HT_ROW23_N707
FastQC already performed for this sample lane
Feb 29 16:02:58 ..... Started STAR run
Feb 29 16:03:10 ..... Started mapping
Feb 29 16:03:14 ..... Started sorting BAM
Feb 29 16:03:14 ..... Finished successfully
STAR alignment complete

End of 1_FQC_StarAlign_NoERCC.sh... Mon Feb 29 16:03:15 PST 2016

Starting 1_FQC_StarAlign_NoERCC.sh... Mon Feb 29 18:15:08 PST 2016

Sample:
HT_ROW23_N707
FastQC already performed for this sample lane
Feb 29 18:15:08 ..... Started STAR run
Feb 29 18:15:21 ..... Started mapping
Feb 29 18:15:24 ..... Started sorting BAM
Feb 29 18:15:25 ..... Finished successfully
STAR alignment complete

End of 1_FQC_StarAlign_NoERCC.sh... Mon Feb 29 18:15:25 PST 2016
