
Starting 1_FQC_StarAlign_NoERCC.sh... Mon Feb 29 15:36:13 PST 2016

Sample:
HT_ROW15_N715
FastQC already performed for this sample lane
Feb 29 15:36:13 ..... Started STAR run
Feb 29 15:41:19 ..... Started mapping
Feb 29 15:41:35 ..... Started sorting BAM
Feb 29 15:41:35 ..... Finished successfully
STAR alignment complete

End of 1_FQC_StarAlign_NoERCC.sh... Mon Feb 29 15:41:36 PST 2016

Starting 1_FQC_StarAlign_NoERCC.sh... Mon Feb 29 17:54:23 PST 2016

Sample:
HT_ROW15_N715
FastQC already performed for this sample lane
Feb 29 17:54:23 ..... Started STAR run
Feb 29 17:56:29 ..... Started mapping
Feb 29 17:56:45 ..... Started sorting BAM
Feb 29 17:56:45 ..... Finished successfully
STAR alignment complete

End of 1_FQC_StarAlign_NoERCC.sh... Mon Feb 29 17:56:46 PST 2016
