
Starting 1_FQC_StarAlign_NoERCC.sh... Mon Feb 29 16:44:28 PST 2016

Sample:
HT_ROW35_N707
FastQC already performed for this sample lane
Feb 29 16:44:28 ..... Started STAR run
Feb 29 16:49:51 ..... Started mapping
Feb 29 16:49:54 ..... Started sorting BAM
Feb 29 16:49:54 ..... Finished successfully
STAR alignment complete

End of 1_FQC_StarAlign_NoERCC.sh... Mon Feb 29 16:49:54 PST 2016

Starting 1_FQC_StarAlign_NoERCC.sh... Mon Feb 29 19:30:38 PST 2016

Sample:
HT_ROW35_N707
FastQC already performed for this sample lane
Feb 29 19:30:38 ..... Started STAR run
Feb 29 19:31:00 ..... Started mapping
Feb 29 19:31:03 ..... Started sorting BAM
Feb 29 19:31:03 ..... Finished successfully
STAR alignment complete

End of 1_FQC_StarAlign_NoERCC.sh... Mon Feb 29 19:31:03 PST 2016
