
Starting 1_FQC_StarAlign_NoERCC.sh... Mon Feb 29 16:53:58 PST 2016

Sample:
HT_ROW37_N722
FastQC already performed for this sample lane
Feb 29 16:53:58 ..... Started STAR run
Feb 29 16:56:45 ..... Started mapping
Feb 29 16:56:52 ..... Started sorting BAM
Feb 29 16:56:52 ..... Finished successfully
STAR alignment complete

End of 1_FQC_StarAlign_NoERCC.sh... Mon Feb 29 16:56:53 PST 2016

Starting 1_FQC_StarAlign_NoERCC.sh... Mon Feb 29 19:50:08 PST 2016

Sample:
HT_ROW37_N722
FastQC already performed for this sample lane
Feb 29 19:50:08 ..... Started STAR run
Feb 29 19:54:13 ..... Started mapping
Feb 29 19:54:19 ..... Started sorting BAM
Feb 29 19:54:20 ..... Finished successfully
STAR alignment complete

End of 1_FQC_StarAlign_NoERCC.sh... Mon Feb 29 19:54:20 PST 2016
