
Starting 1_FQC_StarAlign_NoERCC.sh... Mon Feb 29 15:00:58 PST 2016

Sample:
HT_ROW02_N723
FastQC already performed for this sample lane
Feb 29 15:00:58 ..... Started STAR run
Feb 29 15:01:13 ..... Started mapping
Feb 29 15:01:26 ..... Started sorting BAM
Feb 29 15:01:27 ..... Finished successfully
STAR alignment complete

End of 1_FQC_StarAlign_NoERCC.sh... Mon Feb 29 15:01:28 PST 2016

Starting 1_FQC_StarAlign_NoERCC.sh... Mon Feb 29 17:09:23 PST 2016

Sample:
HT_ROW02_N723
FastQC already performed for this sample lane
Feb 29 17:09:23 ..... Started STAR run
Feb 29 17:09:34 ..... Started mapping
Feb 29 17:09:46 ..... Started sorting BAM
Feb 29 17:09:47 ..... Finished successfully
STAR alignment complete

End of 1_FQC_StarAlign_NoERCC.sh... Mon Feb 29 17:09:47 PST 2016
