
Starting 1_FQC_StarAlign_NoERCC.sh... Mon Feb 29 16:51:58 PST 2016

Sample:
HT_ROW37_N707
FastQC already performed for this sample lane
Feb 29 16:51:58 ..... Started STAR run
Feb 29 16:53:39 ..... Started mapping
Feb 29 16:53:45 ..... Started sorting BAM
Feb 29 16:53:45 ..... Finished successfully
STAR alignment complete

End of 1_FQC_StarAlign_NoERCC.sh... Mon Feb 29 16:53:45 PST 2016

Starting 1_FQC_StarAlign_NoERCC.sh... Mon Feb 29 19:45:38 PST 2016

Sample:
HT_ROW37_N707
FastQC already performed for this sample lane
Feb 29 19:45:38 ..... Started STAR run
Feb 29 19:49:54 ..... Started mapping
Feb 29 19:50:02 ..... Started sorting BAM
Feb 29 19:50:02 ..... Finished successfully
STAR alignment complete

End of 1_FQC_StarAlign_NoERCC.sh... Mon Feb 29 19:50:02 PST 2016
