
Starting 1_FQC_StarAlign_NoERCC.sh... Mon Feb 29 16:06:58 PST 2016

Sample:
HT_ROW25_N702
FastQC already performed for this sample lane
Feb 29 16:06:58 ..... Started STAR run
Feb 29 16:07:09 ..... Started mapping
Feb 29 16:07:13 ..... Started sorting BAM
Feb 29 16:07:13 ..... Finished successfully
STAR alignment complete

End of 1_FQC_StarAlign_NoERCC.sh... Mon Feb 29 16:07:13 PST 2016

Starting 1_FQC_StarAlign_NoERCC.sh... Mon Feb 29 18:23:38 PST 2016

Sample:
HT_ROW25_N702
FastQC already performed for this sample lane
Feb 29 18:23:38 ..... Started STAR run
Feb 29 18:23:51 ..... Started mapping
Feb 29 18:23:55 ..... Started sorting BAM
Feb 29 18:23:56 ..... Finished successfully
STAR alignment complete

End of 1_FQC_StarAlign_NoERCC.sh... Mon Feb 29 18:23:56 PST 2016
