
Starting 1_FQC_StarAlign_NoERCC.sh... Mon Feb 29 15:31:58 PST 2016

Sample:
HT_ROW14_N706
FastQC already performed for this sample lane
Feb 29 15:31:58 ..... Started STAR run
Feb 29 15:34:53 ..... Started mapping
Feb 29 15:34:57 ..... Started sorting BAM
Feb 29 15:34:57 ..... Finished successfully
STAR alignment complete

End of 1_FQC_StarAlign_NoERCC.sh... Mon Feb 29 15:34:57 PST 2016

Starting 1_FQC_StarAlign_NoERCC.sh... Mon Feb 29 17:51:23 PST 2016

Sample:
HT_ROW14_N706
FastQC already performed for this sample lane
Feb 29 17:51:23 ..... Started STAR run
Feb 29 17:52:03 ..... Started mapping
Feb 29 17:52:11 ..... Started sorting BAM
Feb 29 17:52:11 ..... Finished successfully
STAR alignment complete

End of 1_FQC_StarAlign_NoERCC.sh... Mon Feb 29 17:52:11 PST 2016
