
Starting 1_FQC_StarAlign_NoERCC.sh... Mon Feb 29 15:11:43 PST 2016

Sample:
HT_ROW05_N724
FastQC already performed for this sample lane
Feb 29 15:11:43 ..... Started STAR run
Feb 29 15:12:04 ..... Started mapping
Feb 29 15:12:20 ..... Started sorting BAM
Feb 29 15:12:20 ..... Finished successfully
STAR alignment complete

End of 1_FQC_StarAlign_NoERCC.sh... Mon Feb 29 15:12:21 PST 2016

Starting 1_FQC_StarAlign_NoERCC.sh... Mon Feb 29 17:20:38 PST 2016

Sample:
HT_ROW05_N724
FastQC already performed for this sample lane
Feb 29 17:20:38 ..... Started STAR run
Feb 29 17:20:49 ..... Started mapping
Feb 29 17:21:05 ..... Started sorting BAM
Feb 29 17:21:08 ..... Finished successfully
STAR alignment complete

End of 1_FQC_StarAlign_NoERCC.sh... Mon Feb 29 17:21:09 PST 2016
