
Starting 1_FQC_StarAlign_NoERCC.sh... Mon Feb 29 15:45:28 PST 2016

Sample:
HT_ROW17_N718
FastQC already performed for this sample lane
Feb 29 15:45:28 ..... Started STAR run
Feb 29 15:48:44 ..... Started mapping
Feb 29 15:48:47 ..... Started sorting BAM
Feb 29 15:48:47 ..... Finished successfully
STAR alignment complete

End of 1_FQC_StarAlign_NoERCC.sh... Mon Feb 29 15:48:48 PST 2016

Starting 1_FQC_StarAlign_NoERCC.sh... Mon Feb 29 17:58:08 PST 2016

Sample:
HT_ROW17_N718
FastQC already performed for this sample lane
Feb 29 17:58:08 ..... Started STAR run
Feb 29 17:58:27 ..... Started mapping
Feb 29 17:58:29 ..... Started sorting BAM
Feb 29 17:58:29 ..... Finished successfully
STAR alignment complete

End of 1_FQC_StarAlign_NoERCC.sh... Mon Feb 29 17:58:29 PST 2016
