
Starting 1_FQC_StarAlign_NoERCC.sh... Mon Feb 29 15:22:28 PST 2016

Sample:
HT_ROW10_N711
FastQC already performed for this sample lane
Feb 29 15:22:28 ..... Started STAR run
Feb 29 15:22:39 ..... Started mapping
Feb 29 15:22:56 ..... Started sorting BAM
Feb 29 15:22:56 ..... Finished successfully
STAR alignment complete

End of 1_FQC_StarAlign_NoERCC.sh... Mon Feb 29 15:22:57 PST 2016

Starting 1_FQC_StarAlign_NoERCC.sh... Mon Feb 29 17:39:08 PST 2016

Sample:
HT_ROW10_N711
FastQC already performed for this sample lane
Feb 29 17:39:08 ..... Started STAR run
Feb 29 17:39:19 ..... Started mapping
Feb 29 17:39:37 ..... Started sorting BAM
Feb 29 17:39:38 ..... Finished successfully
STAR alignment complete

End of 1_FQC_StarAlign_NoERCC.sh... Mon Feb 29 17:39:38 PST 2016
