
Starting 1_FQC_StarAlign_NoERCC.sh... Mon Feb 29 16:00:58 PST 2016

Sample:
HT_ROW22_N714
FastQC already performed for this sample lane
Feb 29 16:00:58 ..... Started STAR run
Feb 29 16:02:06 ..... Started mapping
Feb 29 16:02:12 ..... Started sorting BAM
Feb 29 16:02:13 ..... Finished successfully
STAR alignment complete

End of 1_FQC_StarAlign_NoERCC.sh... Mon Feb 29 16:02:13 PST 2016

Starting 1_FQC_StarAlign_NoERCC.sh... Mon Feb 29 18:12:23 PST 2016

Sample:
HT_ROW22_N714
FastQC already performed for this sample lane
Feb 29 18:12:23 ..... Started STAR run
Feb 29 18:16:31 ..... Started mapping
Feb 29 18:16:39 ..... Started sorting BAM
Feb 29 18:16:39 ..... Finished successfully
STAR alignment complete

End of 1_FQC_StarAlign_NoERCC.sh... Mon Feb 29 18:16:40 PST 2016
