
Starting 1_FQC_StarAlign_NoERCC.sh... Mon Feb 29 15:54:43 PST 2016

Sample:
HT_ROW20_N704
FastQC already performed for this sample lane
Feb 29 15:54:43 ..... Started STAR run
Feb 29 15:57:56 ..... Started mapping
Feb 29 15:58:00 ..... Started sorting BAM
Feb 29 15:58:00 ..... Finished successfully
STAR alignment complete

End of 1_FQC_StarAlign_NoERCC.sh... Mon Feb 29 15:58:01 PST 2016

Starting 1_FQC_StarAlign_NoERCC.sh... Mon Feb 29 18:03:38 PST 2016

Sample:
HT_ROW20_N704
FastQC already performed for this sample lane
Feb 29 18:03:38 ..... Started STAR run
Feb 29 18:08:25 ..... Started mapping
Feb 29 18:08:29 ..... Started sorting BAM
Feb 29 18:08:29 ..... Finished successfully
STAR alignment complete

End of 1_FQC_StarAlign_NoERCC.sh... Mon Feb 29 18:08:29 PST 2016
