
Starting 1_FQC_StarAlign_NoERCC.sh... Mon Feb 29 15:31:58 PST 2016

Sample:
HT_ROW14_N710
FastQC already performed for this sample lane
Feb 29 15:31:58 ..... Started STAR run
Feb 29 15:35:48 ..... Started mapping
Feb 29 15:35:49 ..... Started sorting BAM
Feb 29 15:35:50 ..... Finished successfully
STAR alignment complete

End of 1_FQC_StarAlign_NoERCC.sh... Mon Feb 29 15:35:51 PST 2016

Starting 1_FQC_StarAlign_NoERCC.sh... Mon Feb 29 17:51:38 PST 2016

Sample:
HT_ROW14_N710
FastQC already performed for this sample lane
Feb 29 17:51:38 ..... Started STAR run
Feb 29 17:51:49 ..... Started mapping
Feb 29 17:51:50 ..... Started sorting BAM
Feb 29 17:51:50 ..... Finished successfully
STAR alignment complete

End of 1_FQC_StarAlign_NoERCC.sh... Mon Feb 29 17:51:51 PST 2016
