
Starting 1_FQC_StarAlign_NoERCC.sh... Mon Feb 29 17:02:38 PST 2016

Sample:
HT_ROW40_N723
FastQC already performed for this sample lane
Feb 29 17:02:38 ..... Started STAR run
Feb 29 17:04:02 ..... Started mapping
Feb 29 17:04:14 ..... Started sorting BAM
Feb 29 17:04:14 ..... Finished successfully
STAR alignment complete

End of 1_FQC_StarAlign_NoERCC.sh... Mon Feb 29 17:04:14 PST 2016

Starting 1_FQC_StarAlign_NoERCC.sh... Mon Feb 29 20:01:08 PST 2016

Sample:
HT_ROW40_N723
FastQC already performed for this sample lane
Feb 29 20:01:08 ..... Started STAR run
Feb 29 20:01:19 ..... Started mapping
Feb 29 20:01:31 ..... Started sorting BAM
Feb 29 20:01:33 ..... Finished successfully
STAR alignment complete

End of 1_FQC_StarAlign_NoERCC.sh... Mon Feb 29 20:01:34 PST 2016
