
Starting 1_FQC_StarAlign_NoERCC.sh... Mon Feb 29 16:03:43 PST 2016

Sample:
HT_ROW23_N716
FastQC already performed for this sample lane
Feb 29 16:03:43 ..... Started STAR run
Feb 29 16:04:13 ..... Started mapping
Feb 29 16:04:18 ..... Started sorting BAM
Feb 29 16:04:18 ..... Finished successfully
STAR alignment complete

End of 1_FQC_StarAlign_NoERCC.sh... Mon Feb 29 16:04:18 PST 2016

Starting 1_FQC_StarAlign_NoERCC.sh... Mon Feb 29 18:16:53 PST 2016

Sample:
HT_ROW23_N716
FastQC already performed for this sample lane
Feb 29 18:16:53 ..... Started STAR run
Feb 29 18:21:50 ..... Started mapping
Feb 29 18:21:55 ..... Started sorting BAM
Feb 29 18:21:55 ..... Finished successfully
STAR alignment complete

End of 1_FQC_StarAlign_NoERCC.sh... Mon Feb 29 18:21:56 PST 2016
