
Starting 1_FQC_StarAlign_NoERCC.sh... Mon Feb 29 15:14:13 PST 2016

Sample:
HT_ROW07_N703
FastQC already performed for this sample lane
Feb 29 15:14:13 ..... Started STAR run
Feb 29 15:14:25 ..... Started mapping
Feb 29 15:14:33 ..... Started sorting BAM
Feb 29 15:14:33 ..... Finished successfully
STAR alignment complete

End of 1_FQC_StarAlign_NoERCC.sh... Mon Feb 29 15:14:34 PST 2016

Starting 1_FQC_StarAlign_NoERCC.sh... Mon Feb 29 17:25:38 PST 2016

Sample:
HT_ROW07_N703
FastQC already performed for this sample lane
Feb 29 17:25:38 ..... Started STAR run
Feb 29 17:25:50 ..... Started mapping
Feb 29 17:25:58 ..... Started sorting BAM
Feb 29 17:25:59 ..... Finished successfully
STAR alignment complete

End of 1_FQC_StarAlign_NoERCC.sh... Mon Feb 29 17:26:00 PST 2016
