
Starting 1_FQC_StarAlign_NoERCC.sh... Mon Feb 29 15:46:58 PST 2016

Sample:
HT_ROW18_N703
FastQC already performed for this sample lane
Feb 29 15:46:58 ..... Started STAR run
Feb 29 15:47:10 ..... Started mapping
Feb 29 15:47:11 ..... Started sorting BAM
Feb 29 15:47:11 ..... Finished successfully
STAR alignment complete

End of 1_FQC_StarAlign_NoERCC.sh... Mon Feb 29 15:47:12 PST 2016

Starting 1_FQC_StarAlign_NoERCC.sh... Mon Feb 29 17:58:53 PST 2016

Sample:
HT_ROW18_N703
FastQC already performed for this sample lane
Feb 29 17:58:53 ..... Started STAR run
Feb 29 17:59:04 ..... Started mapping
Feb 29 17:59:05 ..... Started sorting BAM
Feb 29 17:59:05 ..... Finished successfully
STAR alignment complete

End of 1_FQC_StarAlign_NoERCC.sh... Mon Feb 29 17:59:05 PST 2016
