
Starting 1_FQC_StarAlign_NoERCC.sh... Mon Feb 29 16:07:58 PST 2016

Sample:
HT_ROW25_N716
FastQC already performed for this sample lane
Feb 29 16:07:58 ..... Started STAR run
Feb 29 16:08:35 ..... Started mapping
Feb 29 16:08:39 ..... Started sorting BAM
Feb 29 16:08:40 ..... Finished successfully
STAR alignment complete

End of 1_FQC_StarAlign_NoERCC.sh... Mon Feb 29 16:08:40 PST 2016

Starting 1_FQC_StarAlign_NoERCC.sh... Mon Feb 29 18:26:38 PST 2016

Sample:
HT_ROW25_N716
FastQC already performed for this sample lane
Feb 29 18:26:38 ..... Started STAR run
Feb 29 18:26:49 ..... Started mapping
Feb 29 18:26:53 ..... Started sorting BAM
Feb 29 18:26:54 ..... Finished successfully
STAR alignment complete

End of 1_FQC_StarAlign_NoERCC.sh... Mon Feb 29 18:26:55 PST 2016
