
Starting 1_FQC_StarAlign_NoERCC.sh... Mon Feb 29 16:00:43 PST 2016

Sample:
HT_ROW22_N706
FastQC already performed for this sample lane
Feb 29 16:00:43 ..... Started STAR run
Feb 29 16:00:55 ..... Started mapping
Feb 29 16:01:03 ..... Started sorting BAM
Feb 29 16:01:04 ..... Finished successfully
STAR alignment complete

End of 1_FQC_StarAlign_NoERCC.sh... Mon Feb 29 16:01:04 PST 2016

Starting 1_FQC_StarAlign_NoERCC.sh... Mon Feb 29 18:11:38 PST 2016

Sample:
HT_ROW22_N706
FastQC already performed for this sample lane
Feb 29 18:11:38 ..... Started STAR run
Feb 29 18:11:51 ..... Started mapping
Feb 29 18:11:59 ..... Started sorting BAM
Feb 29 18:12:00 ..... Finished successfully
STAR alignment complete

End of 1_FQC_StarAlign_NoERCC.sh... Mon Feb 29 18:12:00 PST 2016
