
Starting 1_FQC_StarAlign_NoERCC.sh... Mon Feb 29 15:56:58 PST 2016

Sample:
HT_ROW20_N723
FastQC already performed for this sample lane
Feb 29 15:56:58 ..... Started STAR run
Feb 29 15:57:09 ..... Started mapping
Feb 29 15:57:14 ..... Started sorting BAM
Feb 29 15:57:15 ..... Finished successfully
STAR alignment complete

End of 1_FQC_StarAlign_NoERCC.sh... Mon Feb 29 15:57:15 PST 2016

Starting 1_FQC_StarAlign_NoERCC.sh... Mon Feb 29 18:07:38 PST 2016

Sample:
HT_ROW20_N723
FastQC already performed for this sample lane
Feb 29 18:07:38 ..... Started STAR run
Feb 29 18:07:50 ..... Started mapping
Feb 29 18:07:56 ..... Started sorting BAM
Feb 29 18:07:56 ..... Finished successfully
STAR alignment complete

End of 1_FQC_StarAlign_NoERCC.sh... Mon Feb 29 18:07:57 PST 2016
