
Starting 1_FQC_StarAlign_NoERCC.sh... Mon Feb 29 15:46:13 PST 2016

Sample:
HT_ROW17_N724
FastQC already performed for this sample lane
Feb 29 15:46:13 ..... Started STAR run
Feb 29 15:46:24 ..... Started mapping
Feb 29 15:46:40 ..... Started sorting BAM
Feb 29 15:46:41 ..... Finished successfully
STAR alignment complete

End of 1_FQC_StarAlign_NoERCC.sh... Mon Feb 29 15:46:41 PST 2016

Starting 1_FQC_StarAlign_NoERCC.sh... Mon Feb 29 17:58:38 PST 2016

Sample:
HT_ROW17_N724
FastQC already performed for this sample lane
Feb 29 17:58:38 ..... Started STAR run
Feb 29 17:59:26 ..... Started mapping
Feb 29 17:59:43 ..... Started sorting BAM
Feb 29 17:59:44 ..... Finished successfully
STAR alignment complete

End of 1_FQC_StarAlign_NoERCC.sh... Mon Feb 29 17:59:44 PST 2016
