
Starting 1_FQC_StarAlign_NoERCC.sh... Mon Feb 29 15:46:28 PST 2016

Sample:
HT_ROW18_N701
FastQC already performed for this sample lane
Feb 29 15:46:28 ..... Started STAR run
Feb 29 15:46:39 ..... Started mapping
Feb 29 15:46:42 ..... Started sorting BAM
Feb 29 15:46:42 ..... Finished successfully
STAR alignment complete

End of 1_FQC_StarAlign_NoERCC.sh... Mon Feb 29 15:46:42 PST 2016

Starting 1_FQC_StarAlign_NoERCC.sh... Mon Feb 29 17:58:38 PST 2016

Sample:
HT_ROW18_N701
FastQC already performed for this sample lane
Feb 29 17:58:38 ..... Started STAR run
Feb 29 17:59:26 ..... Started mapping
Feb 29 17:59:30 ..... Started sorting BAM
Feb 29 17:59:30 ..... Finished successfully
STAR alignment complete

End of 1_FQC_StarAlign_NoERCC.sh... Mon Feb 29 17:59:30 PST 2016
