
Starting 1_FQC_StarAlign_NoERCC.sh... Mon Feb 29 15:05:28 PST 2016

Sample:
HT_ROW03_N715
FastQC already performed for this sample lane
Feb 29 15:05:28 ..... Started STAR run
Feb 29 15:05:44 ..... Started mapping
Feb 29 15:05:59 ..... Started sorting BAM
Feb 29 15:06:00 ..... Finished successfully
STAR alignment complete

End of 1_FQC_StarAlign_NoERCC.sh... Mon Feb 29 15:06:00 PST 2016

Starting 1_FQC_StarAlign_NoERCC.sh... Mon Feb 29 17:11:23 PST 2016

Sample:
HT_ROW03_N715
FastQC already performed for this sample lane
Feb 29 17:11:23 ..... Started STAR run
Feb 29 17:11:35 ..... Started mapping
Feb 29 17:11:51 ..... Started sorting BAM
Feb 29 17:11:52 ..... Finished successfully
STAR alignment complete

End of 1_FQC_StarAlign_NoERCC.sh... Mon Feb 29 17:11:53 PST 2016
