
Starting 1_FQC_StarAlign_NoERCC.sh... Mon Feb 29 15:08:28 PST 2016

Sample:
HT_ROW04_N723
FastQC already performed for this sample lane
Feb 29 15:08:28 ..... Started STAR run
Feb 29 15:09:02 ..... Started mapping
Feb 29 15:09:18 ..... Started sorting BAM
Feb 29 15:09:18 ..... Finished successfully
STAR alignment complete

End of 1_FQC_StarAlign_NoERCC.sh... Mon Feb 29 15:09:19 PST 2016

Starting 1_FQC_StarAlign_NoERCC.sh... Mon Feb 29 17:16:23 PST 2016

Sample:
HT_ROW04_N723
FastQC already performed for this sample lane
Feb 29 17:16:23 ..... Started STAR run
Feb 29 17:16:34 ..... Started mapping
Feb 29 17:16:50 ..... Started sorting BAM
Feb 29 17:16:50 ..... Finished successfully
STAR alignment complete

End of 1_FQC_StarAlign_NoERCC.sh... Mon Feb 29 17:16:51 PST 2016
