
Starting 1_FQC_StarAlign_NoERCC.sh... Mon Feb 29 15:56:43 PST 2016

Sample:
HT_ROW20_N722
FastQC already performed for this sample lane
Feb 29 15:56:43 ..... Started STAR run
Feb 29 15:56:54 ..... Started mapping
Feb 29 15:56:58 ..... Started sorting BAM
Feb 29 15:56:58 ..... Finished successfully
STAR alignment complete

End of 1_FQC_StarAlign_NoERCC.sh... Mon Feb 29 15:56:59 PST 2016

Starting 1_FQC_StarAlign_NoERCC.sh... Mon Feb 29 18:07:08 PST 2016

Sample:
HT_ROW20_N722
FastQC already performed for this sample lane
Feb 29 18:07:08 ..... Started STAR run
Feb 29 18:07:19 ..... Started mapping
Feb 29 18:07:23 ..... Started sorting BAM
Feb 29 18:07:24 ..... Finished successfully
STAR alignment complete

End of 1_FQC_StarAlign_NoERCC.sh... Mon Feb 29 18:07:24 PST 2016
