
Starting 1_FQC_StarAlign_NoERCC.sh... Mon Feb 29 16:54:28 PST 2016

Sample:
HT_ROW38_N703
FastQC already performed for this sample lane
Feb 29 16:54:28 ..... Started STAR run
Feb 29 16:58:09 ..... Started mapping
Feb 29 16:58:19 ..... Started sorting BAM
Feb 29 16:58:22 ..... Finished successfully
STAR alignment complete

End of 1_FQC_StarAlign_NoERCC.sh... Mon Feb 29 16:58:23 PST 2016

Starting 1_FQC_StarAlign_NoERCC.sh... Mon Feb 29 19:50:53 PST 2016

Sample:
HT_ROW38_N703
FastQC already performed for this sample lane
Feb 29 19:50:53 ..... Started STAR run
Feb 29 19:51:05 ..... Started mapping
Feb 29 19:51:14 ..... Started sorting BAM
Feb 29 19:51:19 ..... Finished successfully
STAR alignment complete

End of 1_FQC_StarAlign_NoERCC.sh... Mon Feb 29 19:51:20 PST 2016
