
Starting 1_FQC_StarAlign_NoERCC.sh... Mon Feb 29 16:06:58 PST 2016

Sample:
HT_ROW24_N724
FastQC already performed for this sample lane
Feb 29 16:06:58 ..... Started STAR run
Feb 29 16:08:06 ..... Started mapping
Feb 29 16:08:12 ..... Started sorting BAM
Feb 29 16:08:12 ..... Finished successfully
STAR alignment complete

End of 1_FQC_StarAlign_NoERCC.sh... Mon Feb 29 16:08:12 PST 2016

Starting 1_FQC_StarAlign_NoERCC.sh... Mon Feb 29 18:23:23 PST 2016

Sample:
HT_ROW24_N724
FastQC already performed for this sample lane
Feb 29 18:23:23 ..... Started STAR run
Feb 29 18:23:35 ..... Started mapping
Feb 29 18:23:42 ..... Started sorting BAM
Feb 29 18:23:43 ..... Finished successfully
STAR alignment complete

End of 1_FQC_StarAlign_NoERCC.sh... Mon Feb 29 18:23:45 PST 2016
