
Starting 1_FQC_StarAlign_NoERCC.sh... Mon Feb 29 16:06:43 PST 2016

Sample:
HT_ROW24_N722
FastQC already performed for this sample lane
Feb 29 16:06:43 ..... Started STAR run
Feb 29 16:07:00 ..... Started mapping
Feb 29 16:07:14 ..... Started sorting BAM
Feb 29 16:07:14 ..... Finished successfully
STAR alignment complete

End of 1_FQC_StarAlign_NoERCC.sh... Mon Feb 29 16:07:15 PST 2016

Starting 1_FQC_StarAlign_NoERCC.sh... Mon Feb 29 18:22:53 PST 2016

Sample:
HT_ROW24_N722
FastQC already performed for this sample lane
Feb 29 18:22:53 ..... Started STAR run
Feb 29 18:23:04 ..... Started mapping
Feb 29 18:23:19 ..... Started sorting BAM
Feb 29 18:23:20 ..... Finished successfully
STAR alignment complete

End of 1_FQC_StarAlign_NoERCC.sh... Mon Feb 29 18:23:22 PST 2016
