
Starting 1_FQC_StarAlign_NoERCC.sh... Mon Feb 29 15:41:28 PST 2016

Sample:
HT_ROW16_N716
FastQC already performed for this sample lane
Feb 29 15:41:28 ..... Started STAR run
Feb 29 15:45:50 ..... Started mapping
Feb 29 15:45:57 ..... Started sorting BAM
Feb 29 15:45:58 ..... Finished successfully
STAR alignment complete

End of 1_FQC_StarAlign_NoERCC.sh... Mon Feb 29 15:45:59 PST 2016

Starting 1_FQC_StarAlign_NoERCC.sh... Mon Feb 29 17:56:08 PST 2016

Sample:
HT_ROW16_N716
FastQC already performed for this sample lane
Feb 29 17:56:08 ..... Started STAR run
Feb 29 17:56:33 ..... Started mapping
Feb 29 17:56:39 ..... Started sorting BAM
Feb 29 17:56:39 ..... Finished successfully
STAR alignment complete

End of 1_FQC_StarAlign_NoERCC.sh... Mon Feb 29 17:56:39 PST 2016
