
Starting 1_FQC_StarAlign_NoERCC.sh... Mon Feb 29 15:06:43 PST 2016

Sample:
HT_ROW03_N724
FastQC already performed for this sample lane
Feb 29 15:06:43 ..... Started STAR run
Feb 29 15:06:54 ..... Started mapping
Feb 29 15:07:00 ..... Started sorting BAM
Feb 29 15:07:00 ..... Finished successfully
STAR alignment complete

End of 1_FQC_StarAlign_NoERCC.sh... Mon Feb 29 15:07:00 PST 2016

Starting 1_FQC_StarAlign_NoERCC.sh... Mon Feb 29 17:12:53 PST 2016

Sample:
HT_ROW03_N724
FastQC already performed for this sample lane
Feb 29 17:12:53 ..... Started STAR run
Feb 29 17:15:35 ..... Started mapping
Feb 29 17:15:42 ..... Started sorting BAM
Feb 29 17:15:42 ..... Finished successfully
STAR alignment complete

End of 1_FQC_StarAlign_NoERCC.sh... Mon Feb 29 17:15:42 PST 2016
