
Starting 1_FQC_StarAlign_NoERCC.sh... Mon Feb 29 15:19:13 PST 2016

Sample:
HT_ROW09_N703
FastQC already performed for this sample lane
Feb 29 15:19:13 ..... Started STAR run
Feb 29 15:19:25 ..... Started mapping
Feb 29 15:19:25 ..... Started sorting BAM
Feb 29 15:19:25 ..... Finished successfully
STAR alignment complete

End of 1_FQC_StarAlign_NoERCC.sh... Mon Feb 29 15:19:26 PST 2016

Starting 1_FQC_StarAlign_NoERCC.sh... Mon Feb 29 17:34:08 PST 2016

Sample:
HT_ROW09_N703
FastQC already performed for this sample lane
Feb 29 17:34:08 ..... Started STAR run
Feb 29 17:34:20 ..... Started mapping
Feb 29 17:34:20 ..... Started sorting BAM
Feb 29 17:34:21 ..... Finished successfully
STAR alignment complete

End of 1_FQC_StarAlign_NoERCC.sh... Mon Feb 29 17:34:22 PST 2016
