
Starting 1_FQC_StarAlign_NoERCC.sh... Mon Feb 29 16:48:58 PST 2016

Sample:
HT_ROW36_N706
FastQC already performed for this sample lane
Feb 29 16:48:58 ..... Started STAR run
Feb 29 16:49:10 ..... Started mapping
Feb 29 16:49:15 ..... Started sorting BAM
Feb 29 16:49:15 ..... Finished successfully
STAR alignment complete

End of 1_FQC_StarAlign_NoERCC.sh... Mon Feb 29 16:49:16 PST 2016

Starting 1_FQC_StarAlign_NoERCC.sh... Mon Feb 29 19:36:38 PST 2016

Sample:
HT_ROW36_N706
FastQC already performed for this sample lane
Feb 29 19:36:38 ..... Started STAR run
Feb 29 19:41:00 ..... Started mapping
Feb 29 19:41:07 ..... Started sorting BAM
Feb 29 19:41:08 ..... Finished successfully
STAR alignment complete

End of 1_FQC_StarAlign_NoERCC.sh... Mon Feb 29 19:41:09 PST 2016
