
Starting 1_FQC_StarAlign_NoERCC.sh... Mon Feb 29 16:59:53 PST 2016

Sample:
HT_ROW39_N719
FastQC already performed for this sample lane
Feb 29 16:59:53 ..... Started STAR run
Feb 29 17:00:06 ..... Started mapping
Feb 29 17:00:10 ..... Started sorting BAM
Feb 29 17:00:10 ..... Finished successfully
STAR alignment complete

End of 1_FQC_StarAlign_NoERCC.sh... Mon Feb 29 17:00:10 PST 2016

Starting 1_FQC_StarAlign_NoERCC.sh... Mon Feb 29 19:56:53 PST 2016

Sample:
HT_ROW39_N719
FastQC already performed for this sample lane
Feb 29 19:56:53 ..... Started STAR run
Feb 29 20:02:19 ..... Started mapping
Feb 29 20:02:22 ..... Started sorting BAM
Feb 29 20:02:23 ..... Finished successfully
STAR alignment complete

End of 1_FQC_StarAlign_NoERCC.sh... Mon Feb 29 20:02:23 PST 2016
