
Starting 1_FQC_StarAlign_NoERCC.sh... Mon Feb 29 16:40:13 PST 2016

Sample:
HT_ROW34_N706
FastQC already performed for this sample lane
Feb 29 16:40:13 ..... Started STAR run
Feb 29 16:44:30 ..... Started mapping
Feb 29 16:44:34 ..... Started sorting BAM
Feb 29 16:44:34 ..... Finished successfully
STAR alignment complete

End of 1_FQC_StarAlign_NoERCC.sh... Mon Feb 29 16:44:35 PST 2016

Starting 1_FQC_StarAlign_NoERCC.sh... Mon Feb 29 19:26:38 PST 2016

Sample:
HT_ROW34_N706
FastQC already performed for this sample lane
Feb 29 19:26:38 ..... Started STAR run
Feb 29 19:30:20 ..... Started mapping
Feb 29 19:30:22 ..... Started sorting BAM
Feb 29 19:30:23 ..... Finished successfully
STAR alignment complete

End of 1_FQC_StarAlign_NoERCC.sh... Mon Feb 29 19:30:24 PST 2016
