
Starting 1_FQC_StarAlign_NoERCC.sh... Mon Feb 29 15:31:58 PST 2016

Sample:
HT_ROW14_N711
FastQC already performed for this sample lane
Feb 29 15:31:58 ..... Started STAR run
Feb 29 15:35:48 ..... Started mapping
Feb 29 15:36:02 ..... Started sorting BAM
Feb 29 15:36:03 ..... Finished successfully
STAR alignment complete

End of 1_FQC_StarAlign_NoERCC.sh... Mon Feb 29 15:36:04 PST 2016

Starting 1_FQC_StarAlign_NoERCC.sh... Mon Feb 29 17:51:38 PST 2016

Sample:
HT_ROW14_N711
FastQC already performed for this sample lane
Feb 29 17:51:38 ..... Started STAR run
Feb 29 17:52:11 ..... Started mapping
Feb 29 17:52:24 ..... Started sorting BAM
Feb 29 17:52:25 ..... Finished successfully
STAR alignment complete

End of 1_FQC_StarAlign_NoERCC.sh... Mon Feb 29 17:52:25 PST 2016
