
Starting 1_FQC_StarAlign_NoERCC.sh... Mon Feb 29 15:00:28 PST 2016

Sample:
HT_ROW02_N715
FastQC already performed for this sample lane
Feb 29 15:00:28 ..... Started STAR run
Feb 29 15:00:41 ..... Started mapping
Feb 29 15:00:57 ..... Started sorting BAM
Feb 29 15:00:57 ..... Finished successfully
STAR alignment complete

End of 1_FQC_StarAlign_NoERCC.sh... Mon Feb 29 15:00:58 PST 2016

Starting 1_FQC_StarAlign_NoERCC.sh... Mon Feb 29 17:08:38 PST 2016

Sample:
HT_ROW02_N715
FastQC already performed for this sample lane
Feb 29 17:08:38 ..... Started STAR run
Feb 29 17:08:49 ..... Started mapping
Feb 29 17:09:05 ..... Started sorting BAM
Feb 29 17:09:06 ..... Finished successfully
STAR alignment complete

End of 1_FQC_StarAlign_NoERCC.sh... Mon Feb 29 17:09:06 PST 2016
