
Starting 1_FQC_StarAlign_NoERCC.sh... Mon Feb 29 17:01:23 PST 2016

Sample:
HT_ROW40_N706
FastQC already performed for this sample lane
Feb 29 17:01:23 ..... Started STAR run
Feb 29 17:01:34 ..... Started mapping
Feb 29 17:01:40 ..... Started sorting BAM
Feb 29 17:01:40 ..... Finished successfully
STAR alignment complete

End of 1_FQC_StarAlign_NoERCC.sh... Mon Feb 29 17:01:40 PST 2016

Starting 1_FQC_StarAlign_NoERCC.sh... Mon Feb 29 19:59:38 PST 2016

Sample:
HT_ROW40_N706
FastQC already performed for this sample lane
Feb 29 19:59:38 ..... Started STAR run
Feb 29 19:59:49 ..... Started mapping
Feb 29 19:59:52 ..... Started sorting BAM
Feb 29 19:59:52 ..... Finished successfully
STAR alignment complete

End of 1_FQC_StarAlign_NoERCC.sh... Mon Feb 29 19:59:53 PST 2016
