
Starting 1_FQC_StarAlign_NoERCC.sh... Mon Feb 29 16:08:58 PST 2016

Sample:
HT_ROW26_N701
FastQC already performed for this sample lane
Feb 29 16:08:58 ..... Started STAR run
Feb 29 16:09:10 ..... Started mapping
Feb 29 16:09:13 ..... Started sorting BAM
Feb 29 16:09:13 ..... Finished successfully
STAR alignment complete

End of 1_FQC_StarAlign_NoERCC.sh... Mon Feb 29 16:09:14 PST 2016

Starting 1_FQC_StarAlign_NoERCC.sh... Mon Feb 29 18:27:38 PST 2016

Sample:
HT_ROW26_N701
FastQC already performed for this sample lane
Feb 29 18:27:38 ..... Started STAR run
Feb 29 18:33:50 ..... Started mapping
Feb 29 18:33:55 ..... Started sorting BAM
Feb 29 18:33:55 ..... Finished successfully
STAR alignment complete

End of 1_FQC_StarAlign_NoERCC.sh... Mon Feb 29 18:33:56 PST 2016
