
Starting 1_FQC_StarAlign_NoERCC.sh... Mon Feb 29 15:22:43 PST 2016

Sample:
HT_ROW10_N715
FastQC already performed for this sample lane
Feb 29 15:22:43 ..... Started STAR run
Feb 29 15:22:54 ..... Started mapping
Feb 29 15:23:09 ..... Started sorting BAM
Feb 29 15:23:10 ..... Finished successfully
STAR alignment complete

End of 1_FQC_StarAlign_NoERCC.sh... Mon Feb 29 15:23:10 PST 2016

Starting 1_FQC_StarAlign_NoERCC.sh... Mon Feb 29 17:39:53 PST 2016

Sample:
HT_ROW10_N715
FastQC already performed for this sample lane
Feb 29 17:39:53 ..... Started STAR run
Feb 29 17:40:04 ..... Started mapping
Feb 29 17:40:20 ..... Started sorting BAM
Feb 29 17:40:20 ..... Finished successfully
STAR alignment complete

End of 1_FQC_StarAlign_NoERCC.sh... Mon Feb 29 17:40:21 PST 2016
