
Starting 1_FQC_StarAlign_NoERCC.sh... Mon Feb 29 15:33:13 PST 2016

Sample:
HT_ROW14_N721
FastQC already performed for this sample lane
Feb 29 15:33:13 ..... Started STAR run
Feb 29 15:33:24 ..... Started mapping
Feb 29 15:33:31 ..... Started sorting BAM
Feb 29 15:33:31 ..... Finished successfully
STAR alignment complete

End of 1_FQC_StarAlign_NoERCC.sh... Mon Feb 29 15:33:31 PST 2016

Starting 1_FQC_StarAlign_NoERCC.sh... Mon Feb 29 17:52:38 PST 2016

Sample:
HT_ROW14_N721
FastQC already performed for this sample lane
Feb 29 17:52:38 ..... Started STAR run
Feb 29 17:52:50 ..... Started mapping
Feb 29 17:52:56 ..... Started sorting BAM
Feb 29 17:52:57 ..... Finished successfully
STAR alignment complete

End of 1_FQC_StarAlign_NoERCC.sh... Mon Feb 29 17:52:57 PST 2016
