
Starting 1_FQC_StarAlign_NoERCC.sh... Mon Feb 29 16:12:43 PST 2016

Sample:
HT_ROW27_N720
FastQC already performed for this sample lane
Feb 29 16:12:43 ..... Started STAR run
Feb 29 16:13:10 ..... Started mapping
Feb 29 16:13:16 ..... Started sorting BAM
Feb 29 16:13:17 ..... Finished successfully
STAR alignment complete

End of 1_FQC_StarAlign_NoERCC.sh... Mon Feb 29 16:13:17 PST 2016

Starting 1_FQC_StarAlign_NoERCC.sh... Mon Feb 29 18:43:38 PST 2016

Sample:
HT_ROW27_N720
FastQC already performed for this sample lane
Feb 29 18:43:38 ..... Started STAR run
Feb 29 18:48:17 ..... Started mapping
Feb 29 18:48:26 ..... Started sorting BAM
Feb 29 18:48:26 ..... Finished successfully
STAR alignment complete

End of 1_FQC_StarAlign_NoERCC.sh... Mon Feb 29 18:48:27 PST 2016
