
Starting 1_FQC_StarAlign_NoERCC.sh... Mon Feb 29 15:12:13 PST 2016

Sample:
HT_ROW06_N706
FastQC already performed for this sample lane
Feb 29 15:12:13 ..... Started STAR run
Feb 29 15:12:25 ..... Started mapping
Feb 29 15:12:31 ..... Started sorting BAM
Feb 29 15:12:31 ..... Finished successfully
STAR alignment complete

End of 1_FQC_StarAlign_NoERCC.sh... Mon Feb 29 15:12:32 PST 2016

Starting 1_FQC_StarAlign_NoERCC.sh... Mon Feb 29 17:22:08 PST 2016

Sample:
HT_ROW06_N706
FastQC already performed for this sample lane
Feb 29 17:22:08 ..... Started STAR run
Feb 29 17:22:41 ..... Started mapping
Feb 29 17:22:49 ..... Started sorting BAM
Feb 29 17:22:50 ..... Finished successfully
STAR alignment complete

End of 1_FQC_StarAlign_NoERCC.sh... Mon Feb 29 17:22:51 PST 2016
