
Starting 1_FQC_StarAlign_NoERCC.sh... Mon Feb 29 15:21:13 PST 2016

Sample:
HT_ROW10_N701
FastQC already performed for this sample lane
Feb 29 15:21:13 ..... Started STAR run
Feb 29 15:21:24 ..... Started mapping
Feb 29 15:21:27 ..... Started sorting BAM
Feb 29 15:21:27 ..... Finished successfully
STAR alignment complete

End of 1_FQC_StarAlign_NoERCC.sh... Mon Feb 29 15:21:27 PST 2016

Starting 1_FQC_StarAlign_NoERCC.sh... Mon Feb 29 17:37:08 PST 2016

Sample:
HT_ROW10_N701
FastQC already performed for this sample lane
Feb 29 17:37:08 ..... Started STAR run
Feb 29 17:37:18 ..... Started mapping
Feb 29 17:37:21 ..... Started sorting BAM
Feb 29 17:37:21 ..... Finished successfully
STAR alignment complete

End of 1_FQC_StarAlign_NoERCC.sh... Mon Feb 29 17:37:22 PST 2016
