
Starting 1_FQC_StarAlign_NoERCC.sh... Mon Feb 29 15:48:43 PST 2016

Sample:
HT_ROW18_N715
FastQC already performed for this sample lane
Feb 29 15:48:43 ..... Started STAR run
Feb 29 15:50:03 ..... Started mapping
Feb 29 15:50:18 ..... Started sorting BAM
Feb 29 15:50:19 ..... Finished successfully
STAR alignment complete

End of 1_FQC_StarAlign_NoERCC.sh... Mon Feb 29 15:50:20 PST 2016

Starting 1_FQC_StarAlign_NoERCC.sh... Mon Feb 29 17:59:38 PST 2016

Sample:
HT_ROW18_N715
FastQC already performed for this sample lane
Feb 29 17:59:38 ..... Started STAR run
Feb 29 18:00:17 ..... Started mapping
Feb 29 18:00:33 ..... Started sorting BAM
Feb 29 18:00:33 ..... Finished successfully
STAR alignment complete

End of 1_FQC_StarAlign_NoERCC.sh... Mon Feb 29 18:00:34 PST 2016
