
Starting 1_FQC_StarAlign_NoERCC.sh... Mon Feb 29 15:23:13 PST 2016

Sample:
HT_ROW10_N721
FastQC already performed for this sample lane
Feb 29 15:23:13 ..... Started STAR run
Feb 29 15:23:24 ..... Started mapping
Feb 29 15:23:35 ..... Started sorting BAM
Feb 29 15:23:35 ..... Finished successfully
STAR alignment complete

End of 1_FQC_StarAlign_NoERCC.sh... Mon Feb 29 15:23:35 PST 2016

Starting 1_FQC_StarAlign_NoERCC.sh... Mon Feb 29 17:40:23 PST 2016

Sample:
HT_ROW10_N721
FastQC already performed for this sample lane
Feb 29 17:40:23 ..... Started STAR run
Feb 29 17:41:23 ..... Started mapping
Feb 29 17:41:34 ..... Started sorting BAM
Feb 29 17:41:34 ..... Finished successfully
STAR alignment complete

End of 1_FQC_StarAlign_NoERCC.sh... Mon Feb 29 17:41:35 PST 2016
