
Starting 1_FQC_StarAlign_NoERCC.sh... Mon Feb 29 15:27:43 PST 2016

Sample:
HT_ROW12_N716
FastQC already performed for this sample lane
Feb 29 15:27:43 ..... Started STAR run
Feb 29 15:27:54 ..... Started mapping
Feb 29 15:28:00 ..... Started sorting BAM
Feb 29 15:28:00 ..... Finished successfully
STAR alignment complete

End of 1_FQC_StarAlign_NoERCC.sh... Mon Feb 29 15:28:00 PST 2016

Starting 1_FQC_StarAlign_NoERCC.sh... Mon Feb 29 17:46:23 PST 2016

Sample:
HT_ROW12_N716
FastQC already performed for this sample lane
Feb 29 17:46:23 ..... Started STAR run
Feb 29 17:47:16 ..... Started mapping
Feb 29 17:47:22 ..... Started sorting BAM
Feb 29 17:47:22 ..... Finished successfully
STAR alignment complete

End of 1_FQC_StarAlign_NoERCC.sh... Mon Feb 29 17:47:23 PST 2016
