
Starting 1_FQC_StarAlign_NoERCC.sh... Mon Feb 29 15:28:13 PST 2016

Sample:
HT_ROW12_N724
FastQC already performed for this sample lane
Feb 29 15:28:13 ..... Started STAR run
Feb 29 15:28:24 ..... Started mapping
Feb 29 15:28:35 ..... Started sorting BAM
Feb 29 15:28:35 ..... Finished successfully
STAR alignment complete

End of 1_FQC_StarAlign_NoERCC.sh... Mon Feb 29 15:28:36 PST 2016

Starting 1_FQC_StarAlign_NoERCC.sh... Mon Feb 29 17:47:53 PST 2016

Sample:
HT_ROW12_N724
FastQC already performed for this sample lane
Feb 29 17:47:53 ..... Started STAR run
Feb 29 17:48:16 ..... Started mapping
Feb 29 17:48:31 ..... Started sorting BAM
Feb 29 17:48:32 ..... Finished successfully
STAR alignment complete

End of 1_FQC_StarAlign_NoERCC.sh... Mon Feb 29 17:48:32 PST 2016
