
Starting 1_FQC_StarAlign_NoERCC.sh... Mon Feb 29 17:01:38 PST 2016

Sample:
HT_ROW40_N711
FastQC already performed for this sample lane
Feb 29 17:01:38 ..... Started STAR run
Feb 29 17:01:50 ..... Started mapping
Feb 29 17:01:59 ..... Started sorting BAM
Feb 29 17:01:59 ..... Finished successfully
STAR alignment complete

End of 1_FQC_StarAlign_NoERCC.sh... Mon Feb 29 17:01:59 PST 2016

Starting 1_FQC_StarAlign_NoERCC.sh... Mon Feb 29 20:00:08 PST 2016

Sample:
HT_ROW40_N711
FastQC already performed for this sample lane
Feb 29 20:00:08 ..... Started STAR run
Feb 29 20:00:20 ..... Started mapping
Feb 29 20:00:29 ..... Started sorting BAM
Feb 29 20:00:29 ..... Finished successfully
STAR alignment complete

End of 1_FQC_StarAlign_NoERCC.sh... Mon Feb 29 20:00:29 PST 2016
