
Starting 1_FQC_StarAlign_NoERCC.sh... Mon Feb 29 15:36:13 PST 2016

Sample:
HT_ROW15_N719
FastQC already performed for this sample lane
Feb 29 15:36:13 ..... Started STAR run
Feb 29 15:39:06 ..... Started mapping
Feb 29 15:39:14 ..... Started sorting BAM
Feb 29 15:39:15 ..... Finished successfully
STAR alignment complete

End of 1_FQC_StarAlign_NoERCC.sh... Mon Feb 29 15:39:16 PST 2016

Starting 1_FQC_StarAlign_NoERCC.sh... Mon Feb 29 17:54:23 PST 2016

Sample:
HT_ROW15_N719
FastQC already performed for this sample lane
Feb 29 17:54:23 ..... Started STAR run
Feb 29 17:54:33 ..... Started mapping
Feb 29 17:54:41 ..... Started sorting BAM
Feb 29 17:54:42 ..... Finished successfully
STAR alignment complete

End of 1_FQC_StarAlign_NoERCC.sh... Mon Feb 29 17:54:43 PST 2016
