
Starting 1_FQC_StarAlign_NoERCC.sh... Mon Feb 29 16:03:58 PST 2016

Sample:
HT_ROW23_N718
FastQC already performed for this sample lane
Feb 29 16:03:58 ..... Started STAR run
Feb 29 16:05:11 ..... Started mapping
Feb 29 16:05:13 ..... Started sorting BAM
Feb 29 16:05:14 ..... Finished successfully
STAR alignment complete

End of 1_FQC_StarAlign_NoERCC.sh... Mon Feb 29 16:05:14 PST 2016

Starting 1_FQC_StarAlign_NoERCC.sh... Mon Feb 29 18:16:53 PST 2016

Sample:
HT_ROW23_N718
FastQC already performed for this sample lane
Feb 29 18:16:53 ..... Started STAR run
Feb 29 18:21:50 ..... Started mapping
Feb 29 18:21:52 ..... Started sorting BAM
Feb 29 18:21:52 ..... Finished successfully
STAR alignment complete

End of 1_FQC_StarAlign_NoERCC.sh... Mon Feb 29 18:21:53 PST 2016
