
Starting 1_FQC_StarAlign_NoERCC.sh... Mon Feb 29 16:10:28 PST 2016

Sample:
HT_ROW26_N718
FastQC already performed for this sample lane
Feb 29 16:10:28 ..... Started STAR run
Feb 29 16:10:39 ..... Started mapping
Feb 29 16:10:48 ..... Started sorting BAM
Feb 29 16:10:49 ..... Finished successfully
STAR alignment complete

End of 1_FQC_StarAlign_NoERCC.sh... Mon Feb 29 16:10:49 PST 2016

Starting 1_FQC_StarAlign_NoERCC.sh... Mon Feb 29 18:34:08 PST 2016

Sample:
HT_ROW26_N718
FastQC already performed for this sample lane
Feb 29 18:34:08 ..... Started STAR run
Feb 29 18:39:10 ..... Started mapping
Feb 29 18:39:20 ..... Started sorting BAM
Feb 29 18:39:21 ..... Finished successfully
STAR alignment complete

End of 1_FQC_StarAlign_NoERCC.sh... Mon Feb 29 18:39:22 PST 2016
