
Starting 1_FQC_StarAlign_NoERCC.sh... Mon Feb 29 16:41:28 PST 2016

Sample:
HT_ROW34_N718
FastQC already performed for this sample lane
Feb 29 16:41:28 ..... Started STAR run
Feb 29 16:41:39 ..... Started mapping
Feb 29 16:41:41 ..... Started sorting BAM
Feb 29 16:41:41 ..... Finished successfully
STAR alignment complete

End of 1_FQC_StarAlign_NoERCC.sh... Mon Feb 29 16:41:42 PST 2016

Starting 1_FQC_StarAlign_NoERCC.sh... Mon Feb 29 19:28:38 PST 2016

Sample:
HT_ROW34_N718
FastQC already performed for this sample lane
Feb 29 19:28:38 ..... Started STAR run
Feb 29 19:29:04 ..... Started mapping
Feb 29 19:29:06 ..... Started sorting BAM
Feb 29 19:29:06 ..... Finished successfully
STAR alignment complete

End of 1_FQC_StarAlign_NoERCC.sh... Mon Feb 29 19:29:07 PST 2016
