
Starting 1_FQC_StarAlign_NoERCC.sh... Mon Feb 29 16:13:28 PST 2016

Sample:
HT_ROW28_N701
FastQC already performed for this sample lane
Feb 29 16:13:28 ..... Started STAR run
Feb 29 16:13:52 ..... Started mapping
Feb 29 16:13:58 ..... Started sorting BAM
Feb 29 16:13:58 ..... Finished successfully
STAR alignment complete

End of 1_FQC_StarAlign_NoERCC.sh... Mon Feb 29 16:13:58 PST 2016

Starting 1_FQC_StarAlign_NoERCC.sh... Mon Feb 29 18:45:38 PST 2016

Sample:
HT_ROW28_N701
FastQC already performed for this sample lane
Feb 29 18:45:38 ..... Started STAR run
Feb 29 18:48:25 ..... Started mapping
Feb 29 18:48:35 ..... Started sorting BAM
Feb 29 18:48:35 ..... Finished successfully
STAR alignment complete

End of 1_FQC_StarAlign_NoERCC.sh... Mon Feb 29 18:48:35 PST 2016
