
Starting 1_FQC_StarAlign_NoERCC.sh... Mon Feb 29 15:15:13 PST 2016

Sample:
HT_ROW07_N714
FastQC already performed for this sample lane
Feb 29 15:15:13 ..... Started STAR run
Feb 29 15:15:25 ..... Started mapping
Feb 29 15:15:30 ..... Started sorting BAM
Feb 29 15:15:30 ..... Finished successfully
STAR alignment complete

End of 1_FQC_StarAlign_NoERCC.sh... Mon Feb 29 15:15:30 PST 2016

Starting 1_FQC_StarAlign_NoERCC.sh... Mon Feb 29 17:27:23 PST 2016

Sample:
HT_ROW07_N714
FastQC already performed for this sample lane
Feb 29 17:27:23 ..... Started STAR run
Feb 29 17:28:13 ..... Started mapping
Feb 29 17:28:18 ..... Started sorting BAM
Feb 29 17:28:19 ..... Finished successfully
STAR alignment complete

End of 1_FQC_StarAlign_NoERCC.sh... Mon Feb 29 17:28:20 PST 2016
