
Starting 1_FQC_StarAlign_NoERCC.sh... Mon Feb 29 15:30:43 PST 2016

Sample:
HT_ROW13_N724
FastQC already performed for this sample lane
Feb 29 15:30:43 ..... Started STAR run
Feb 29 15:31:39 ..... Started mapping
Feb 29 15:31:43 ..... Started sorting BAM
Feb 29 15:31:43 ..... Finished successfully
STAR alignment complete

End of 1_FQC_StarAlign_NoERCC.sh... Mon Feb 29 15:31:44 PST 2016

Starting 1_FQC_StarAlign_NoERCC.sh... Mon Feb 29 17:50:08 PST 2016

Sample:
HT_ROW13_N724
FastQC already performed for this sample lane
Feb 29 17:50:08 ..... Started STAR run
Feb 29 17:51:16 ..... Started mapping
Feb 29 17:51:18 ..... Started sorting BAM
Feb 29 17:51:18 ..... Finished successfully
STAR alignment complete

End of 1_FQC_StarAlign_NoERCC.sh... Mon Feb 29 17:51:18 PST 2016
