
Starting 1_FQC_StarAlign_NoERCC.sh... Mon Feb 29 16:21:28 PST 2016

Sample:
HT_ROW30_N712
FastQC already performed for this sample lane
Feb 29 16:21:28 ..... Started STAR run
Feb 29 16:27:44 ..... Started mapping
Feb 29 16:28:00 ..... Started sorting BAM
Feb 29 16:28:01 ..... Finished successfully
STAR alignment complete

End of 1_FQC_StarAlign_NoERCC.sh... Mon Feb 29 16:28:02 PST 2016

Starting 1_FQC_StarAlign_NoERCC.sh... Mon Feb 29 19:03:53 PST 2016

Sample:
HT_ROW30_N712
FastQC already performed for this sample lane
Feb 29 19:03:53 ..... Started STAR run
Feb 29 19:04:39 ..... Started mapping
Feb 29 19:04:57 ..... Started sorting BAM
Feb 29 19:04:58 ..... Finished successfully
STAR alignment complete

End of 1_FQC_StarAlign_NoERCC.sh... Mon Feb 29 19:04:59 PST 2016
