
Starting 1_FQC_StarAlign_NoERCC.sh... Mon Feb 29 15:46:13 PST 2016

Sample:
HT_ROW17_N723
FastQC already performed for this sample lane
Feb 29 15:46:13 ..... Started STAR run
Feb 29 15:49:27 ..... Started mapping
Feb 29 15:49:42 ..... Started sorting BAM
Feb 29 15:49:43 ..... Finished successfully
STAR alignment complete

End of 1_FQC_StarAlign_NoERCC.sh... Mon Feb 29 15:49:44 PST 2016

Starting 1_FQC_StarAlign_NoERCC.sh... Mon Feb 29 17:58:38 PST 2016

Sample:
HT_ROW17_N723
FastQC already performed for this sample lane
Feb 29 17:58:38 ..... Started STAR run
Feb 29 17:58:55 ..... Started mapping
Feb 29 17:59:10 ..... Started sorting BAM
Feb 29 17:59:10 ..... Finished successfully
STAR alignment complete

End of 1_FQC_StarAlign_NoERCC.sh... Mon Feb 29 17:59:10 PST 2016
