
Starting 1_FQC_StarAlign_NoERCC.sh... Mon Feb 29 15:05:43 PST 2016

Sample:
HT_ROW03_N718
FastQC already performed for this sample lane
Feb 29 15:05:43 ..... Started STAR run
Feb 29 15:05:54 ..... Started mapping
Feb 29 15:05:57 ..... Started sorting BAM
Feb 29 15:05:57 ..... Finished successfully
STAR alignment complete

End of 1_FQC_StarAlign_NoERCC.sh... Mon Feb 29 15:05:57 PST 2016

Starting 1_FQC_StarAlign_NoERCC.sh... Mon Feb 29 17:12:08 PST 2016

Sample:
HT_ROW03_N718
FastQC already performed for this sample lane
Feb 29 17:12:08 ..... Started STAR run
Feb 29 17:12:19 ..... Started mapping
Feb 29 17:12:21 ..... Started sorting BAM
Feb 29 17:12:22 ..... Finished successfully
STAR alignment complete

End of 1_FQC_StarAlign_NoERCC.sh... Mon Feb 29 17:12:24 PST 2016
