
Starting 1_FQC_StarAlign_NoERCC.sh... Mon Feb 29 15:40:58 PST 2016

Sample:
HT_ROW16_N711
FastQC already performed for this sample lane
Feb 29 15:40:58 ..... Started STAR run
Feb 29 15:41:56 ..... Started mapping
Feb 29 15:42:12 ..... Started sorting BAM
Feb 29 15:42:14 ..... Finished successfully
STAR alignment complete

End of 1_FQC_StarAlign_NoERCC.sh... Mon Feb 29 15:42:14 PST 2016

Starting 1_FQC_StarAlign_NoERCC.sh... Mon Feb 29 17:55:38 PST 2016

Sample:
HT_ROW16_N711
FastQC already performed for this sample lane
Feb 29 17:55:38 ..... Started STAR run
Feb 29 17:55:50 ..... Started mapping
Feb 29 17:56:05 ..... Started sorting BAM
Feb 29 17:56:07 ..... Finished successfully
STAR alignment complete

End of 1_FQC_StarAlign_NoERCC.sh... Mon Feb 29 17:56:07 PST 2016
