
Starting 1_FQC_StarAlign_NoERCC.sh... Mon Feb 29 16:57:08 PST 2016

Sample:
HT_ROW38_N721
FastQC already performed for this sample lane
Feb 29 16:57:08 ..... Started STAR run
Feb 29 16:57:23 ..... Started mapping
Feb 29 16:57:39 ..... Started sorting BAM
Feb 29 16:57:39 ..... Finished successfully
STAR alignment complete

End of 1_FQC_StarAlign_NoERCC.sh... Mon Feb 29 16:57:39 PST 2016

Starting 1_FQC_StarAlign_NoERCC.sh... Mon Feb 29 19:53:53 PST 2016

Sample:
HT_ROW38_N721
FastQC already performed for this sample lane
Feb 29 19:53:53 ..... Started STAR run
Feb 29 19:54:04 ..... Started mapping
Feb 29 19:54:18 ..... Started sorting BAM
Feb 29 19:54:19 ..... Finished successfully
STAR alignment complete

End of 1_FQC_StarAlign_NoERCC.sh... Mon Feb 29 19:54:20 PST 2016
