
Starting 1_FQC_StarAlign_NoERCC.sh... Mon Feb 29 15:52:58 PST 2016

Sample:
HT_ROW19_N721
FastQC already performed for this sample lane
Feb 29 15:52:58 ..... Started STAR run
Feb 29 15:57:12 ..... Started mapping
Feb 29 15:57:19 ..... Started sorting BAM
Feb 29 15:57:19 ..... Finished successfully
STAR alignment complete

End of 1_FQC_StarAlign_NoERCC.sh... Mon Feb 29 15:57:20 PST 2016

Starting 1_FQC_StarAlign_NoERCC.sh... Mon Feb 29 18:03:08 PST 2016

Sample:
HT_ROW19_N721
FastQC already performed for this sample lane
Feb 29 18:03:08 ..... Started STAR run
Feb 29 18:03:19 ..... Started mapping
Feb 29 18:03:25 ..... Started sorting BAM
Feb 29 18:03:25 ..... Finished successfully
STAR alignment complete

End of 1_FQC_StarAlign_NoERCC.sh... Mon Feb 29 18:03:26 PST 2016
