
Starting 1_FQC_StarAlign_NoERCC.sh... Mon Feb 29 15:52:13 PST 2016

Sample:
HT_ROW19_N712
FastQC already performed for this sample lane
Feb 29 15:52:13 ..... Started STAR run
Feb 29 15:54:55 ..... Started mapping
Feb 29 15:55:14 ..... Started sorting BAM
Feb 29 15:55:15 ..... Finished successfully
STAR alignment complete

End of 1_FQC_StarAlign_NoERCC.sh... Mon Feb 29 15:55:16 PST 2016

Starting 1_FQC_StarAlign_NoERCC.sh... Mon Feb 29 18:01:38 PST 2016

Sample:
HT_ROW19_N712
FastQC already performed for this sample lane
Feb 29 18:01:38 ..... Started STAR run
Feb 29 18:01:49 ..... Started mapping
Feb 29 18:02:07 ..... Started sorting BAM
Feb 29 18:02:08 ..... Finished successfully
STAR alignment complete

End of 1_FQC_StarAlign_NoERCC.sh... Mon Feb 29 18:02:08 PST 2016
