
Starting 1_FQC_StarAlign_NoERCC.sh... Mon Feb 29 15:14:43 PST 2016

Sample:
HT_ROW07_N707
FastQC already performed for this sample lane
Feb 29 15:14:43 ..... Started STAR run
Feb 29 15:14:55 ..... Started mapping
Feb 29 15:15:00 ..... Started sorting BAM
Feb 29 15:15:01 ..... Finished successfully
STAR alignment complete

End of 1_FQC_StarAlign_NoERCC.sh... Mon Feb 29 15:15:01 PST 2016

Starting 1_FQC_StarAlign_NoERCC.sh... Mon Feb 29 17:26:08 PST 2016

Sample:
HT_ROW07_N707
FastQC already performed for this sample lane
Feb 29 17:26:08 ..... Started STAR run
Feb 29 17:26:19 ..... Started mapping
Feb 29 17:26:26 ..... Started sorting BAM
Feb 29 17:26:26 ..... Finished successfully
STAR alignment complete

End of 1_FQC_StarAlign_NoERCC.sh... Mon Feb 29 17:26:27 PST 2016
