
Starting 1_FQC_StarAlign_NoERCC.sh... Mon Feb 29 16:07:28 PST 2016

Sample:
HT_ROW25_N710
FastQC already performed for this sample lane
Feb 29 16:07:28 ..... Started STAR run
Feb 29 16:07:39 ..... Started mapping
Feb 29 16:07:41 ..... Started sorting BAM
Feb 29 16:07:41 ..... Finished successfully
STAR alignment complete

End of 1_FQC_StarAlign_NoERCC.sh... Mon Feb 29 16:07:41 PST 2016

Starting 1_FQC_StarAlign_NoERCC.sh... Mon Feb 29 18:25:08 PST 2016

Sample:
HT_ROW25_N710
FastQC already performed for this sample lane
Feb 29 18:25:08 ..... Started STAR run
Feb 29 18:25:20 ..... Started mapping
Feb 29 18:25:22 ..... Started sorting BAM
Feb 29 18:25:22 ..... Finished successfully
STAR alignment complete

End of 1_FQC_StarAlign_NoERCC.sh... Mon Feb 29 18:25:23 PST 2016
