
Starting 1_FQC_StarAlign_NoERCC.sh... Mon Feb 29 16:09:28 PST 2016

Sample:
HT_ROW26_N705
FastQC already performed for this sample lane
Feb 29 16:09:28 ..... Started STAR run
Feb 29 16:09:39 ..... Started mapping
Feb 29 16:09:58 ..... Started sorting BAM
Feb 29 16:09:59 ..... Finished successfully
STAR alignment complete

End of 1_FQC_StarAlign_NoERCC.sh... Mon Feb 29 16:09:59 PST 2016

Starting 1_FQC_StarAlign_NoERCC.sh... Mon Feb 29 18:30:23 PST 2016

Sample:
HT_ROW26_N705
FastQC already performed for this sample lane
Feb 29 18:30:23 ..... Started STAR run
Feb 29 18:34:14 ..... Started mapping
Feb 29 18:34:29 ..... Started sorting BAM
Feb 29 18:34:30 ..... Finished successfully
STAR alignment complete

End of 1_FQC_StarAlign_NoERCC.sh... Mon Feb 29 18:34:30 PST 2016
