
Starting 1_FQC_StarAlign_NoERCC.sh... Mon Feb 29 16:04:28 PST 2016

Sample:
HT_ROW23_N723
FastQC already performed for this sample lane
Feb 29 16:04:28 ..... Started STAR run
Feb 29 16:04:40 ..... Started mapping
Feb 29 16:04:47 ..... Started sorting BAM
Feb 29 16:04:47 ..... Finished successfully
STAR alignment complete

End of 1_FQC_StarAlign_NoERCC.sh... Mon Feb 29 16:04:48 PST 2016

Starting 1_FQC_StarAlign_NoERCC.sh... Mon Feb 29 18:17:08 PST 2016

Sample:
HT_ROW23_N723
FastQC already performed for this sample lane
Feb 29 18:17:08 ..... Started STAR run
Feb 29 18:21:56 ..... Started mapping
Feb 29 18:22:03 ..... Started sorting BAM
Feb 29 18:22:03 ..... Finished successfully
STAR alignment complete

End of 1_FQC_StarAlign_NoERCC.sh... Mon Feb 29 18:22:04 PST 2016
