
Starting 1_FQC_StarAlign_NoERCC.sh... Mon Feb 29 15:21:28 PST 2016

Sample:
HT_ROW10_N703
FastQC already performed for this sample lane
Feb 29 15:21:28 ..... Started STAR run
Feb 29 15:21:40 ..... Started mapping
Feb 29 15:21:43 ..... Started sorting BAM
Feb 29 15:21:43 ..... Finished successfully
STAR alignment complete

End of 1_FQC_StarAlign_NoERCC.sh... Mon Feb 29 15:21:44 PST 2016

Starting 1_FQC_StarAlign_NoERCC.sh... Mon Feb 29 17:37:38 PST 2016

Sample:
HT_ROW10_N703
FastQC already performed for this sample lane
Feb 29 17:37:38 ..... Started STAR run
Feb 29 17:37:50 ..... Started mapping
Feb 29 17:37:54 ..... Started sorting BAM
Feb 29 17:37:54 ..... Finished successfully
STAR alignment complete

End of 1_FQC_StarAlign_NoERCC.sh... Mon Feb 29 17:37:55 PST 2016
