
Starting 1_FQC_StarAlign_NoERCC.sh... Mon Feb 29 15:14:58 PST 2016

Sample:
HT_ROW07_N711
FastQC already performed for this sample lane
Feb 29 15:14:58 ..... Started STAR run
Feb 29 15:15:10 ..... Started mapping
Feb 29 15:15:25 ..... Started sorting BAM
Feb 29 15:15:26 ..... Finished successfully
STAR alignment complete

End of 1_FQC_StarAlign_NoERCC.sh... Mon Feb 29 15:15:26 PST 2016

Starting 1_FQC_StarAlign_NoERCC.sh... Mon Feb 29 17:26:38 PST 2016

Sample:
HT_ROW07_N711
FastQC already performed for this sample lane
Feb 29 17:26:38 ..... Started STAR run
Feb 29 17:26:51 ..... Started mapping
Feb 29 17:27:07 ..... Started sorting BAM
Feb 29 17:27:09 ..... Finished successfully
STAR alignment complete

End of 1_FQC_StarAlign_NoERCC.sh... Mon Feb 29 17:27:10 PST 2016
