
Starting 1_FQC_StarAlign_NoERCC.sh... Mon Feb 29 15:27:58 PST 2016

Sample:
HT_ROW12_N722
FastQC already performed for this sample lane
Feb 29 15:27:58 ..... Started STAR run
Feb 29 15:31:43 ..... Started mapping
Feb 29 15:31:47 ..... Started sorting BAM
Feb 29 15:31:47 ..... Finished successfully
STAR alignment complete

End of 1_FQC_StarAlign_NoERCC.sh... Mon Feb 29 15:31:48 PST 2016

Starting 1_FQC_StarAlign_NoERCC.sh... Mon Feb 29 17:47:38 PST 2016

Sample:
HT_ROW12_N722
FastQC already performed for this sample lane
Feb 29 17:47:38 ..... Started STAR run
Feb 29 17:49:16 ..... Started mapping
Feb 29 17:49:20 ..... Started sorting BAM
Feb 29 17:49:21 ..... Finished successfully
STAR alignment complete

End of 1_FQC_StarAlign_NoERCC.sh... Mon Feb 29 17:49:21 PST 2016
