
Starting 1_FQC_StarAlign_NoERCC.sh... Mon Feb 29 16:08:43 PST 2016

Sample:
HT_ROW25_N724
FastQC already performed for this sample lane
Feb 29 16:08:43 ..... Started STAR run
Feb 29 16:08:54 ..... Started mapping
Feb 29 16:09:09 ..... Started sorting BAM
Feb 29 16:09:10 ..... Finished successfully
STAR alignment complete

End of 1_FQC_StarAlign_NoERCC.sh... Mon Feb 29 16:09:10 PST 2016

Starting 1_FQC_StarAlign_NoERCC.sh... Mon Feb 29 18:27:38 PST 2016

Sample:
HT_ROW25_N724
FastQC already performed for this sample lane
Feb 29 18:27:38 ..... Started STAR run
Feb 29 18:33:50 ..... Started mapping
Feb 29 18:34:07 ..... Started sorting BAM
Feb 29 18:34:08 ..... Finished successfully
STAR alignment complete

End of 1_FQC_StarAlign_NoERCC.sh... Mon Feb 29 18:34:09 PST 2016
