
Starting 1_FQC_StarAlign_NoERCC.sh... Mon Feb 29 16:35:58 PST 2016

Sample:
HT_ROW33_N701
FastQC already performed for this sample lane
Feb 29 16:35:58 ..... Started STAR run
Feb 29 16:38:53 ..... Started mapping
Feb 29 16:39:00 ..... Started sorting BAM
Feb 29 16:39:00 ..... Finished successfully
STAR alignment complete

End of 1_FQC_StarAlign_NoERCC.sh... Mon Feb 29 16:39:01 PST 2016

Starting 1_FQC_StarAlign_NoERCC.sh... Mon Feb 29 19:16:08 PST 2016

Sample:
HT_ROW33_N701
FastQC already performed for this sample lane
Feb 29 19:16:08 ..... Started STAR run
Feb 29 19:16:19 ..... Started mapping
Feb 29 19:16:27 ..... Started sorting BAM
Feb 29 19:16:28 ..... Finished successfully
STAR alignment complete

End of 1_FQC_StarAlign_NoERCC.sh... Mon Feb 29 19:16:28 PST 2016
