
Starting 1_FQC_StarAlign_NoERCC.sh... Mon Feb 29 15:21:58 PST 2016

Sample:
HT_ROW10_N705
FastQC already performed for this sample lane
Feb 29 15:21:58 ..... Started STAR run
Feb 29 15:22:09 ..... Started mapping
Feb 29 15:22:11 ..... Started sorting BAM
Feb 29 15:22:11 ..... Finished successfully
STAR alignment complete

End of 1_FQC_StarAlign_NoERCC.sh... Mon Feb 29 15:22:12 PST 2016

Starting 1_FQC_StarAlign_NoERCC.sh... Mon Feb 29 17:37:53 PST 2016

Sample:
HT_ROW10_N705
FastQC already performed for this sample lane
Feb 29 17:37:53 ..... Started STAR run
Feb 29 17:41:05 ..... Started mapping
Feb 29 17:41:07 ..... Started sorting BAM
Feb 29 17:41:07 ..... Finished successfully
STAR alignment complete

End of 1_FQC_StarAlign_NoERCC.sh... Mon Feb 29 17:41:08 PST 2016
