
Starting 1_FQC_StarAlign_NoERCC.sh... Mon Feb 29 16:53:58 PST 2016

Sample:
HT_ROW37_N720
FastQC already performed for this sample lane
Feb 29 16:53:58 ..... Started STAR run
Feb 29 16:54:10 ..... Started mapping
Feb 29 16:54:20 ..... Started sorting BAM
Feb 29 16:54:20 ..... Finished successfully
STAR alignment complete

End of 1_FQC_StarAlign_NoERCC.sh... Mon Feb 29 16:54:21 PST 2016

Starting 1_FQC_StarAlign_NoERCC.sh... Mon Feb 29 19:49:53 PST 2016

Sample:
HT_ROW37_N720
FastQC already performed for this sample lane
Feb 29 19:49:53 ..... Started STAR run
Feb 29 19:50:05 ..... Started mapping
Feb 29 19:50:14 ..... Started sorting BAM
Feb 29 19:50:14 ..... Finished successfully
STAR alignment complete

End of 1_FQC_StarAlign_NoERCC.sh... Mon Feb 29 19:50:15 PST 2016
