
Starting 1_FQC_StarAlign_NoERCC.sh... Mon Feb 29 14:48:28 PST 2016

Sample:
HT_ROW01_N706
FastQC already performed for this sample lane
Feb 29 14:48:28 ..... Started STAR run
Feb 29 14:52:18 ..... Started mapping
Feb 29 14:52:21 ..... Started sorting BAM
Feb 29 14:52:21 ..... Finished successfully
STAR alignment complete

End of 1_FQC_StarAlign_NoERCC.sh... Mon Feb 29 14:52:22 PST 2016

Starting 1_FQC_StarAlign_NoERCC.sh... Mon Feb 29 17:03:53 PST 2016

Sample:
HT_ROW01_N706
FastQC already performed for this sample lane
Feb 29 17:03:53 ..... Started STAR run
Feb 29 17:04:05 ..... Started mapping
Feb 29 17:04:07 ..... Started sorting BAM
Feb 29 17:04:08 ..... Finished successfully
STAR alignment complete

End of 1_FQC_StarAlign_NoERCC.sh... Mon Feb 29 17:04:08 PST 2016
