
Starting 1_FQC_StarAlign_NoERCC.sh... Mon Feb 29 15:32:13 PST 2016

Sample:
HT_ROW14_N715
FastQC already performed for this sample lane
Feb 29 15:32:13 ..... Started STAR run
Feb 29 15:34:53 ..... Started mapping
Feb 29 15:35:09 ..... Started sorting BAM
Feb 29 15:35:09 ..... Finished successfully
STAR alignment complete

End of 1_FQC_StarAlign_NoERCC.sh... Mon Feb 29 15:35:10 PST 2016

Starting 1_FQC_StarAlign_NoERCC.sh... Mon Feb 29 17:52:23 PST 2016

Sample:
HT_ROW14_N715
FastQC already performed for this sample lane
Feb 29 17:52:23 ..... Started STAR run
Feb 29 17:53:02 ..... Started mapping
Feb 29 17:53:22 ..... Started sorting BAM
Feb 29 17:53:23 ..... Finished successfully
STAR alignment complete

End of 1_FQC_StarAlign_NoERCC.sh... Mon Feb 29 17:53:23 PST 2016
