
Starting 1_FQC_StarAlign_NoERCC.sh... Mon Feb 29 15:08:28 PST 2016

Sample:
HT_ROW04_N724
FastQC already performed for this sample lane
Feb 29 15:08:28 ..... Started STAR run
Feb 29 15:08:39 ..... Started mapping
Feb 29 15:08:55 ..... Started sorting BAM
Feb 29 15:08:55 ..... Finished successfully
STAR alignment complete

End of 1_FQC_StarAlign_NoERCC.sh... Mon Feb 29 15:08:56 PST 2016

Starting 1_FQC_StarAlign_NoERCC.sh... Mon Feb 29 17:16:53 PST 2016

Sample:
HT_ROW04_N724
FastQC already performed for this sample lane
Feb 29 17:16:53 ..... Started STAR run
Feb 29 17:17:04 ..... Started mapping
Feb 29 17:17:20 ..... Started sorting BAM
Feb 29 17:17:21 ..... Finished successfully
STAR alignment complete

End of 1_FQC_StarAlign_NoERCC.sh... Mon Feb 29 17:17:22 PST 2016
