
Starting 1_FQC_StarAlign_NoERCC.sh... Mon Feb 29 15:24:28 PST 2016

Sample:
HT_ROW11_N714
FastQC already performed for this sample lane
Feb 29 15:24:28 ..... Started STAR run
Feb 29 15:24:40 ..... Started mapping
Feb 29 15:24:47 ..... Started sorting BAM
Feb 29 15:24:48 ..... Finished successfully
STAR alignment complete

End of 1_FQC_StarAlign_NoERCC.sh... Mon Feb 29 15:24:48 PST 2016

Starting 1_FQC_StarAlign_NoERCC.sh... Mon Feb 29 17:43:38 PST 2016

Sample:
HT_ROW11_N714
FastQC already performed for this sample lane
Feb 29 17:43:38 ..... Started STAR run
Feb 29 17:43:49 ..... Started mapping
Feb 29 17:43:56 ..... Started sorting BAM
Feb 29 17:43:57 ..... Finished successfully
STAR alignment complete

End of 1_FQC_StarAlign_NoERCC.sh... Mon Feb 29 17:43:57 PST 2016
