
Starting 1_FQC_StarAlign_NoERCC.sh... Mon Feb 29 16:11:43 PST 2016

Sample:
HT_ROW27_N706
FastQC already performed for this sample lane
Feb 29 16:11:43 ..... Started STAR run
Feb 29 16:15:23 ..... Started mapping
Feb 29 16:15:28 ..... Started sorting BAM
Feb 29 16:15:28 ..... Finished successfully
STAR alignment complete

End of 1_FQC_StarAlign_NoERCC.sh... Mon Feb 29 16:15:29 PST 2016

Starting 1_FQC_StarAlign_NoERCC.sh... Mon Feb 29 18:39:23 PST 2016

Sample:
HT_ROW27_N706
FastQC already performed for this sample lane
Feb 29 18:39:23 ..... Started STAR run
Feb 29 18:40:10 ..... Started mapping
Feb 29 18:40:16 ..... Started sorting BAM
Feb 29 18:40:17 ..... Finished successfully
STAR alignment complete

End of 1_FQC_StarAlign_NoERCC.sh... Mon Feb 29 18:40:17 PST 2016
