
Starting 1_FQC_StarAlign_NoERCC.sh... Mon Feb 29 16:00:58 PST 2016

Sample:
HT_ROW22_N715
FastQC already performed for this sample lane
Feb 29 16:00:58 ..... Started STAR run
Feb 29 16:02:06 ..... Started mapping
Feb 29 16:02:22 ..... Started sorting BAM
Feb 29 16:02:22 ..... Finished successfully
STAR alignment complete

End of 1_FQC_StarAlign_NoERCC.sh... Mon Feb 29 16:02:22 PST 2016

Starting 1_FQC_StarAlign_NoERCC.sh... Mon Feb 29 18:12:23 PST 2016

Sample:
HT_ROW22_N715
FastQC already performed for this sample lane
Feb 29 18:12:23 ..... Started STAR run
Feb 29 18:12:34 ..... Started mapping
Feb 29 18:12:49 ..... Started sorting BAM
Feb 29 18:12:50 ..... Finished successfully
STAR alignment complete

End of 1_FQC_StarAlign_NoERCC.sh... Mon Feb 29 18:12:51 PST 2016
