
Starting 1_FQC_StarAlign_NoERCC.sh... Mon Feb 29 15:57:58 PST 2016

Sample:
HT_ROW21_N714
FastQC already performed for this sample lane
Feb 29 15:57:58 ..... Started STAR run
Feb 29 15:58:09 ..... Started mapping
Feb 29 15:58:21 ..... Started sorting BAM
Feb 29 15:58:21 ..... Finished successfully
STAR alignment complete

End of 1_FQC_StarAlign_NoERCC.sh... Mon Feb 29 15:58:21 PST 2016

Starting 1_FQC_StarAlign_NoERCC.sh... Mon Feb 29 18:08:53 PST 2016

Sample:
HT_ROW21_N714
FastQC already performed for this sample lane
Feb 29 18:08:53 ..... Started STAR run
Feb 29 18:09:04 ..... Started mapping
Feb 29 18:09:15 ..... Started sorting BAM
Feb 29 18:09:16 ..... Finished successfully
STAR alignment complete

End of 1_FQC_StarAlign_NoERCC.sh... Mon Feb 29 18:09:16 PST 2016
