
Starting 1_FQC_StarAlign_NoERCC.sh... Mon Feb 29 15:10:13 PST 2016

Sample:
HT_ROW05_N715
FastQC already performed for this sample lane
Feb 29 15:10:13 ..... Started STAR run
Feb 29 15:10:24 ..... Started mapping
Feb 29 15:10:37 ..... Started sorting BAM
Feb 29 15:10:39 ..... Finished successfully
STAR alignment complete

End of 1_FQC_StarAlign_NoERCC.sh... Mon Feb 29 15:10:39 PST 2016

Starting 1_FQC_StarAlign_NoERCC.sh... Mon Feb 29 17:19:53 PST 2016

Sample:
HT_ROW05_N715
FastQC already performed for this sample lane
Feb 29 17:19:53 ..... Started STAR run
Feb 29 17:25:22 ..... Started mapping
Feb 29 17:25:37 ..... Started sorting BAM
Feb 29 17:25:40 ..... Finished successfully
STAR alignment complete

End of 1_FQC_StarAlign_NoERCC.sh... Mon Feb 29 17:25:42 PST 2016
