
Starting 1_FQC_StarAlign_NoERCC.sh... Mon Feb 29 16:11:43 PST 2016

Sample:
HT_ROW27_N705
FastQC already performed for this sample lane
Feb 29 16:11:43 ..... Started STAR run
Feb 29 16:15:23 ..... Started mapping
Feb 29 16:15:39 ..... Started sorting BAM
Feb 29 16:15:39 ..... Finished successfully
STAR alignment complete

End of 1_FQC_StarAlign_NoERCC.sh... Mon Feb 29 16:15:40 PST 2016

Starting 1_FQC_StarAlign_NoERCC.sh... Mon Feb 29 18:39:08 PST 2016

Sample:
HT_ROW27_N705
FastQC already performed for this sample lane
Feb 29 18:39:08 ..... Started STAR run
Feb 29 18:40:44 ..... Started mapping
Feb 29 18:41:01 ..... Started sorting BAM
Feb 29 18:41:02 ..... Finished successfully
STAR alignment complete

End of 1_FQC_StarAlign_NoERCC.sh... Mon Feb 29 18:41:03 PST 2016
