
Starting 1_FQC_StarAlign_NoERCC.sh... Mon Feb 29 15:20:43 PST 2016

Sample:
HT_ROW09_N723
FastQC already performed for this sample lane
Feb 29 15:20:43 ..... Started STAR run
Feb 29 15:20:54 ..... Started mapping
Feb 29 15:21:01 ..... Started sorting BAM
Feb 29 15:21:01 ..... Finished successfully
STAR alignment complete

End of 1_FQC_StarAlign_NoERCC.sh... Mon Feb 29 15:21:01 PST 2016

Starting 1_FQC_StarAlign_NoERCC.sh... Mon Feb 29 17:36:38 PST 2016

Sample:
HT_ROW09_N723
FastQC already performed for this sample lane
Feb 29 17:36:38 ..... Started STAR run
Feb 29 17:36:49 ..... Started mapping
Feb 29 17:36:56 ..... Started sorting BAM
Feb 29 17:36:56 ..... Finished successfully
STAR alignment complete

End of 1_FQC_StarAlign_NoERCC.sh... Mon Feb 29 17:36:57 PST 2016
