
Starting 1_FQC_StarAlign_NoERCC.sh... Mon Feb 29 16:10:58 PST 2016

Sample:
HT_ROW26_N719
FastQC already performed for this sample lane
Feb 29 16:10:58 ..... Started STAR run
Feb 29 16:11:09 ..... Started mapping
Feb 29 16:11:13 ..... Started sorting BAM
Feb 29 16:11:13 ..... Finished successfully
STAR alignment complete

End of 1_FQC_StarAlign_NoERCC.sh... Mon Feb 29 16:11:13 PST 2016

Starting 1_FQC_StarAlign_NoERCC.sh... Mon Feb 29 18:34:08 PST 2016

Sample:
HT_ROW26_N719
FastQC already performed for this sample lane
Feb 29 18:34:08 ..... Started STAR run
Feb 29 18:39:10 ..... Started mapping
Feb 29 18:39:15 ..... Started sorting BAM
Feb 29 18:39:15 ..... Finished successfully
STAR alignment complete

End of 1_FQC_StarAlign_NoERCC.sh... Mon Feb 29 18:39:16 PST 2016
