
Starting 1_FQC_StarAlign_NoERCC.sh... Mon Feb 29 15:57:28 PST 2016

Sample:
HT_ROW21_N707
FastQC already performed for this sample lane
Feb 29 15:57:28 ..... Started STAR run
Feb 29 15:58:17 ..... Started mapping
Feb 29 15:58:26 ..... Started sorting BAM
Feb 29 15:58:26 ..... Finished successfully
STAR alignment complete

End of 1_FQC_StarAlign_NoERCC.sh... Mon Feb 29 15:58:28 PST 2016

Starting 1_FQC_StarAlign_NoERCC.sh... Mon Feb 29 18:08:38 PST 2016

Sample:
HT_ROW21_N707
FastQC already performed for this sample lane
Feb 29 18:08:38 ..... Started STAR run
Feb 29 18:13:13 ..... Started mapping
Feb 29 18:13:22 ..... Started sorting BAM
Feb 29 18:13:22 ..... Finished successfully
STAR alignment complete

End of 1_FQC_StarAlign_NoERCC.sh... Mon Feb 29 18:13:23 PST 2016
