
Starting 1_FQC_StarAlign_NoERCC.sh... Mon Feb 29 16:44:28 PST 2016

Sample:
HT_ROW35_N705
FastQC already performed for this sample lane
Feb 29 16:44:28 ..... Started STAR run
Feb 29 16:44:39 ..... Started mapping
Feb 29 16:44:40 ..... Started sorting BAM
Feb 29 16:44:40 ..... Finished successfully
STAR alignment complete

End of 1_FQC_StarAlign_NoERCC.sh... Mon Feb 29 16:44:41 PST 2016

Starting 1_FQC_StarAlign_NoERCC.sh... Mon Feb 29 19:30:23 PST 2016

Sample:
HT_ROW35_N705
FastQC already performed for this sample lane
Feb 29 19:30:23 ..... Started STAR run
Feb 29 19:30:35 ..... Started mapping
Feb 29 19:30:36 ..... Started sorting BAM
Feb 29 19:30:36 ..... Finished successfully
STAR alignment complete

End of 1_FQC_StarAlign_NoERCC.sh... Mon Feb 29 19:30:36 PST 2016
