
Starting 1_FQC_StarAlign_NoERCC.sh... Mon Feb 29 16:55:23 PST 2016

Sample:
HT_ROW38_N707
FastQC already performed for this sample lane
Feb 29 16:55:23 ..... Started STAR run
Feb 29 16:55:34 ..... Started mapping
Feb 29 16:55:44 ..... Started sorting BAM
Feb 29 16:55:44 ..... Finished successfully
STAR alignment complete

End of 1_FQC_StarAlign_NoERCC.sh... Mon Feb 29 16:55:45 PST 2016

Starting 1_FQC_StarAlign_NoERCC.sh... Mon Feb 29 19:51:38 PST 2016

Sample:
HT_ROW38_N707
FastQC already performed for this sample lane
Feb 29 19:51:38 ..... Started STAR run
Feb 29 19:52:14 ..... Started mapping
Feb 29 19:52:23 ..... Started sorting BAM
Feb 29 19:52:24 ..... Finished successfully
STAR alignment complete

End of 1_FQC_StarAlign_NoERCC.sh... Mon Feb 29 19:52:25 PST 2016
