
Starting 1_FQC_StarAlign_NoERCC.sh... Mon Feb 29 15:00:43 PST 2016

Sample:
HT_ROW02_N719
FastQC already performed for this sample lane
Feb 29 15:00:43 ..... Started STAR run
Feb 29 15:07:05 ..... Started mapping
Feb 29 15:07:08 ..... Started sorting BAM
Feb 29 15:07:08 ..... Finished successfully
STAR alignment complete

End of 1_FQC_StarAlign_NoERCC.sh... Mon Feb 29 15:07:09 PST 2016

Starting 1_FQC_StarAlign_NoERCC.sh... Mon Feb 29 17:09:08 PST 2016

Sample:
HT_ROW02_N719
FastQC already performed for this sample lane
Feb 29 17:09:08 ..... Started STAR run
Feb 29 17:12:37 ..... Started mapping
Feb 29 17:12:40 ..... Started sorting BAM
Feb 29 17:12:40 ..... Finished successfully
STAR alignment complete

End of 1_FQC_StarAlign_NoERCC.sh... Mon Feb 29 17:12:42 PST 2016
