
Starting 1_FQC_StarAlign_NoERCC.sh... Mon Feb 29 15:59:28 PST 2016

Sample:
HT_ROW22_N701
FastQC already performed for this sample lane
Feb 29 15:59:28 ..... Started STAR run
Feb 29 15:59:39 ..... Started mapping
Feb 29 15:59:49 ..... Started sorting BAM
Feb 29 15:59:49 ..... Finished successfully
STAR alignment complete

End of 1_FQC_StarAlign_NoERCC.sh... Mon Feb 29 15:59:50 PST 2016

Starting 1_FQC_StarAlign_NoERCC.sh... Mon Feb 29 18:10:38 PST 2016

Sample:
HT_ROW22_N701
FastQC already performed for this sample lane
Feb 29 18:10:38 ..... Started STAR run
Feb 29 18:13:28 ..... Started mapping
Feb 29 18:13:38 ..... Started sorting BAM
Feb 29 18:13:38 ..... Finished successfully
STAR alignment complete

End of 1_FQC_StarAlign_NoERCC.sh... Mon Feb 29 18:13:39 PST 2016
