
Starting 1_FQC_StarAlign_NoERCC.sh... Mon Feb 29 14:52:28 PST 2016

Sample:
HT_ROW01_N711
FastQC already performed for this sample lane
Feb 29 14:52:28 ..... Started STAR run
Feb 29 14:55:28 ..... Started mapping
Feb 29 14:55:30 ..... Started sorting BAM
Feb 29 14:55:30 ..... Finished successfully
STAR alignment complete

End of 1_FQC_StarAlign_NoERCC.sh... Mon Feb 29 14:55:31 PST 2016

Starting 1_FQC_StarAlign_NoERCC.sh... Mon Feb 29 17:04:08 PST 2016

Sample:
HT_ROW01_N711
FastQC already performed for this sample lane
Feb 29 17:04:08 ..... Started STAR run
Feb 29 17:09:28 ..... Started mapping
Feb 29 17:09:30 ..... Started sorting BAM
Feb 29 17:09:30 ..... Finished successfully
STAR alignment complete

End of 1_FQC_StarAlign_NoERCC.sh... Mon Feb 29 17:09:30 PST 2016
