
Starting 1_FQC_StarAlign_NoERCC.sh... Mon Feb 29 15:06:58 PST 2016

Sample:
HT_ROW04_N704
FastQC already performed for this sample lane
Feb 29 15:06:58 ..... Started STAR run
Feb 29 15:07:10 ..... Started mapping
Feb 29 15:07:15 ..... Started sorting BAM
Feb 29 15:07:16 ..... Finished successfully
STAR alignment complete

End of 1_FQC_StarAlign_NoERCC.sh... Mon Feb 29 15:07:16 PST 2016

Starting 1_FQC_StarAlign_NoERCC.sh... Mon Feb 29 17:13:38 PST 2016

Sample:
HT_ROW04_N704
FastQC already performed for this sample lane
Feb 29 17:13:38 ..... Started STAR run
Feb 29 17:15:08 ..... Started mapping
Feb 29 17:15:14 ..... Started sorting BAM
Feb 29 17:15:14 ..... Finished successfully
STAR alignment complete

End of 1_FQC_StarAlign_NoERCC.sh... Mon Feb 29 17:15:15 PST 2016
