
Starting 1_FQC_StarAlign_NoERCC.sh... Mon Feb 29 16:56:23 PST 2016

Sample:
HT_ROW38_N716
FastQC already performed for this sample lane
Feb 29 16:56:23 ..... Started STAR run
Feb 29 16:56:34 ..... Started mapping
Feb 29 16:56:38 ..... Started sorting BAM
Feb 29 16:56:38 ..... Finished successfully
STAR alignment complete

End of 1_FQC_StarAlign_NoERCC.sh... Mon Feb 29 16:56:39 PST 2016

Starting 1_FQC_StarAlign_NoERCC.sh... Mon Feb 29 19:52:53 PST 2016

Sample:
HT_ROW38_N716
FastQC already performed for this sample lane
Feb 29 19:52:53 ..... Started STAR run
Feb 29 19:53:05 ..... Started mapping
Feb 29 19:53:09 ..... Started sorting BAM
Feb 29 19:53:09 ..... Finished successfully
STAR alignment complete

End of 1_FQC_StarAlign_NoERCC.sh... Mon Feb 29 19:53:09 PST 2016
