
Starting 1_FQC_StarAlign_NoERCC.sh... Mon Feb 29 16:13:43 PST 2016

Sample:
HT_ROW28_N703
FastQC already performed for this sample lane
Feb 29 16:13:43 ..... Started STAR run
Feb 29 16:13:54 ..... Started mapping
Feb 29 16:13:57 ..... Started sorting BAM
Feb 29 16:13:57 ..... Finished successfully
STAR alignment complete

End of 1_FQC_StarAlign_NoERCC.sh... Mon Feb 29 16:13:57 PST 2016

Starting 1_FQC_StarAlign_NoERCC.sh... Mon Feb 29 18:48:38 PST 2016

Sample:
HT_ROW28_N703
FastQC already performed for this sample lane
Feb 29 18:48:38 ..... Started STAR run
Feb 29 18:53:00 ..... Started mapping
Feb 29 18:53:07 ..... Started sorting BAM
Feb 29 18:53:07 ..... Finished successfully
STAR alignment complete

End of 1_FQC_StarAlign_NoERCC.sh... Mon Feb 29 18:53:08 PST 2016
