
Starting 1_FQC_StarAlign_NoERCC.sh... Mon Feb 29 14:54:13 PST 2016

Sample:
HT_ROW01_N714
FastQC already performed for this sample lane
Feb 29 14:54:13 ..... Started STAR run
Feb 29 14:56:55 ..... Started mapping
Feb 29 14:57:08 ..... Started sorting BAM
Feb 29 14:57:08 ..... Finished successfully
STAR alignment complete

End of 1_FQC_StarAlign_NoERCC.sh... Mon Feb 29 14:57:09 PST 2016

Starting 1_FQC_StarAlign_NoERCC.sh... Mon Feb 29 17:04:23 PST 2016

Sample:
HT_ROW01_N714
FastQC already performed for this sample lane
Feb 29 17:04:23 ..... Started STAR run
Feb 29 17:05:52 ..... Started mapping
Feb 29 17:06:05 ..... Started sorting BAM
Feb 29 17:06:06 ..... Finished successfully
STAR alignment complete

End of 1_FQC_StarAlign_NoERCC.sh... Mon Feb 29 17:06:06 PST 2016
