
Starting 1_FQC_StarAlign_NoERCC.sh... Mon Feb 29 15:40:43 PST 2016

Sample:
HT_ROW16_N703
FastQC already performed for this sample lane
Feb 29 15:40:43 ..... Started STAR run
Feb 29 15:40:54 ..... Started mapping
Feb 29 15:40:54 ..... Started sorting BAM
Feb 29 15:40:55 ..... Finished successfully
STAR alignment complete

End of 1_FQC_StarAlign_NoERCC.sh... Mon Feb 29 15:40:55 PST 2016

Starting 1_FQC_StarAlign_NoERCC.sh... Mon Feb 29 17:55:08 PST 2016

Sample:
HT_ROW16_N703
FastQC already performed for this sample lane
Feb 29 17:55:08 ..... Started STAR run
Feb 29 17:55:19 ..... Started mapping
Feb 29 17:55:21 ..... Started sorting BAM
Feb 29 17:55:21 ..... Finished successfully
STAR alignment complete

End of 1_FQC_StarAlign_NoERCC.sh... Mon Feb 29 17:55:21 PST 2016
