
Starting 1_FQC_StarAlign_NoERCC.sh... Mon Feb 29 15:13:28 PST 2016

Sample:
HT_ROW06_N722
FastQC already performed for this sample lane
Feb 29 15:13:28 ..... Started STAR run
Feb 29 15:13:41 ..... Started mapping
Feb 29 15:13:45 ..... Started sorting BAM
Feb 29 15:13:45 ..... Finished successfully
STAR alignment complete

End of 1_FQC_StarAlign_NoERCC.sh... Mon Feb 29 15:13:46 PST 2016

Starting 1_FQC_StarAlign_NoERCC.sh... Mon Feb 29 17:24:53 PST 2016

Sample:
HT_ROW06_N722
FastQC already performed for this sample lane
Feb 29 17:24:53 ..... Started STAR run
Feb 29 17:25:05 ..... Started mapping
Feb 29 17:25:09 ..... Started sorting BAM
Feb 29 17:25:09 ..... Finished successfully
STAR alignment complete

End of 1_FQC_StarAlign_NoERCC.sh... Mon Feb 29 17:25:10 PST 2016
