
Starting 1_FQC_StarAlign_NoERCC.sh... Mon Feb 29 16:22:28 PST 2016

Sample:
HT_ROW30_N722
FastQC already performed for this sample lane
Feb 29 16:22:28 ..... Started STAR run
Feb 29 16:25:29 ..... Started mapping
Feb 29 16:25:42 ..... Started sorting BAM
Feb 29 16:25:42 ..... Finished successfully
STAR alignment complete

End of 1_FQC_StarAlign_NoERCC.sh... Mon Feb 29 16:25:42 PST 2016

Starting 1_FQC_StarAlign_NoERCC.sh... Mon Feb 29 19:05:53 PST 2016

Sample:
HT_ROW30_N722
FastQC already performed for this sample lane
Feb 29 19:05:53 ..... Started STAR run
Feb 29 19:06:05 ..... Started mapping
Feb 29 19:06:18 ..... Started sorting BAM
Feb 29 19:06:18 ..... Finished successfully
STAR alignment complete

End of 1_FQC_StarAlign_NoERCC.sh... Mon Feb 29 19:06:19 PST 2016
