
Starting 1_FQC_StarAlign_NoERCC.sh... Mon Feb 29 15:50:28 PST 2016

Sample:
HT_ROW19_N702
FastQC already performed for this sample lane
Feb 29 15:50:28 ..... Started STAR run
Feb 29 15:50:39 ..... Started mapping
Feb 29 15:50:41 ..... Started sorting BAM
Feb 29 15:50:41 ..... Finished successfully
STAR alignment complete

End of 1_FQC_StarAlign_NoERCC.sh... Mon Feb 29 15:50:42 PST 2016

Starting 1_FQC_StarAlign_NoERCC.sh... Mon Feb 29 18:00:53 PST 2016

Sample:
HT_ROW19_N702
FastQC already performed for this sample lane
Feb 29 18:00:53 ..... Started STAR run
Feb 29 18:01:04 ..... Started mapping
Feb 29 18:01:06 ..... Started sorting BAM
Feb 29 18:01:06 ..... Finished successfully
STAR alignment complete

End of 1_FQC_StarAlign_NoERCC.sh... Mon Feb 29 18:01:06 PST 2016
