
Starting 1_FQC_StarAlign_NoERCC.sh... Mon Feb 29 15:29:43 PST 2016

Sample:
HT_ROW13_N716
FastQC already performed for this sample lane
Feb 29 15:29:43 ..... Started STAR run
Feb 29 15:29:55 ..... Started mapping
Feb 29 15:30:06 ..... Started sorting BAM
Feb 29 15:30:07 ..... Finished successfully
STAR alignment complete

End of 1_FQC_StarAlign_NoERCC.sh... Mon Feb 29 15:30:07 PST 2016

Starting 1_FQC_StarAlign_NoERCC.sh... Mon Feb 29 17:49:23 PST 2016

Sample:
HT_ROW13_N716
FastQC already performed for this sample lane
Feb 29 17:49:23 ..... Started STAR run
Feb 29 17:50:22 ..... Started mapping
Feb 29 17:50:34 ..... Started sorting BAM
Feb 29 17:50:35 ..... Finished successfully
STAR alignment complete

End of 1_FQC_StarAlign_NoERCC.sh... Mon Feb 29 17:50:36 PST 2016
