
Starting 1_FQC_StarAlign_NoERCC.sh... Mon Feb 29 15:30:28 PST 2016

Sample:
HT_ROW13_N721
FastQC already performed for this sample lane
Feb 29 15:30:28 ..... Started STAR run
Feb 29 15:31:39 ..... Started mapping
Feb 29 15:31:47 ..... Started sorting BAM
Feb 29 15:31:47 ..... Finished successfully
STAR alignment complete

End of 1_FQC_StarAlign_NoERCC.sh... Mon Feb 29 15:31:47 PST 2016

Starting 1_FQC_StarAlign_NoERCC.sh... Mon Feb 29 17:49:53 PST 2016

Sample:
HT_ROW13_N721
FastQC already performed for this sample lane
Feb 29 17:49:53 ..... Started STAR run
Feb 29 17:51:18 ..... Started mapping
Feb 29 17:51:23 ..... Started sorting BAM
Feb 29 17:51:23 ..... Finished successfully
STAR alignment complete

End of 1_FQC_StarAlign_NoERCC.sh... Mon Feb 29 17:51:24 PST 2016
