
Starting 1_FQC_StarAlign_NoERCC.sh... Mon Feb 29 16:39:43 PST 2016

Sample:
HT_ROW34_N702
FastQC already performed for this sample lane
Feb 29 16:39:43 ..... Started STAR run
Feb 29 16:39:54 ..... Started mapping
Feb 29 16:40:00 ..... Started sorting BAM
Feb 29 16:40:00 ..... Finished successfully
STAR alignment complete

End of 1_FQC_StarAlign_NoERCC.sh... Mon Feb 29 16:40:01 PST 2016

Starting 1_FQC_StarAlign_NoERCC.sh... Mon Feb 29 19:23:08 PST 2016

Sample:
HT_ROW34_N702
FastQC already performed for this sample lane
Feb 29 19:23:08 ..... Started STAR run
Feb 29 19:27:41 ..... Started mapping
Feb 29 19:27:47 ..... Started sorting BAM
Feb 29 19:27:47 ..... Finished successfully
STAR alignment complete

End of 1_FQC_StarAlign_NoERCC.sh... Mon Feb 29 19:27:47 PST 2016
