
Starting 1_FQC_StarAlign_NoERCC.sh... Mon Feb 29 15:30:28 PST 2016

Sample:
HT_ROW13_N720
FastQC already performed for this sample lane
Feb 29 15:30:28 ..... Started STAR run
Feb 29 15:30:41 ..... Started mapping
Feb 29 15:30:42 ..... Started sorting BAM
Feb 29 15:30:43 ..... Finished successfully
STAR alignment complete

End of 1_FQC_StarAlign_NoERCC.sh... Mon Feb 29 15:30:43 PST 2016

Starting 1_FQC_StarAlign_NoERCC.sh... Mon Feb 29 17:49:53 PST 2016

Sample:
HT_ROW13_N720
FastQC already performed for this sample lane
Feb 29 17:49:53 ..... Started STAR run
Feb 29 17:51:18 ..... Started mapping
Feb 29 17:51:20 ..... Started sorting BAM
Feb 29 17:51:20 ..... Finished successfully
STAR alignment complete

End of 1_FQC_StarAlign_NoERCC.sh... Mon Feb 29 17:51:21 PST 2016
