
Starting 1_FQC_StarAlign_NoERCC.sh... Mon Feb 29 16:31:28 PST 2016

Sample:
HT_ROW31_N724
FastQC already performed for this sample lane
Feb 29 16:31:28 ..... Started STAR run
Feb 29 16:33:27 ..... Started mapping
Feb 29 16:33:38 ..... Started sorting BAM
Feb 29 16:33:40 ..... Finished successfully
STAR alignment complete

End of 1_FQC_StarAlign_NoERCC.sh... Mon Feb 29 16:33:41 PST 2016

Starting 1_FQC_StarAlign_NoERCC.sh... Mon Feb 29 19:09:53 PST 2016

Sample:
HT_ROW31_N724
FastQC already performed for this sample lane
Feb 29 19:09:53 ..... Started STAR run
Feb 29 19:10:11 ..... Started mapping
Feb 29 19:10:22 ..... Started sorting BAM
Feb 29 19:10:25 ..... Finished successfully
STAR alignment complete

End of 1_FQC_StarAlign_NoERCC.sh... Mon Feb 29 19:10:26 PST 2016
