
Starting 1_FQC_StarAlign_NoERCC.sh... Mon Feb 29 16:54:28 PST 2016

Sample:
HT_ROW38_N702
FastQC already performed for this sample lane
Feb 29 16:54:28 ..... Started STAR run
Feb 29 16:54:39 ..... Started mapping
Feb 29 16:54:42 ..... Started sorting BAM
Feb 29 16:54:42 ..... Finished successfully
STAR alignment complete

End of 1_FQC_StarAlign_NoERCC.sh... Mon Feb 29 16:54:43 PST 2016

Starting 1_FQC_StarAlign_NoERCC.sh... Mon Feb 29 19:50:38 PST 2016

Sample:
HT_ROW38_N702
FastQC already performed for this sample lane
Feb 29 19:50:38 ..... Started STAR run
Feb 29 19:50:50 ..... Started mapping
Feb 29 19:50:52 ..... Started sorting BAM
Feb 29 19:50:52 ..... Finished successfully
STAR alignment complete

End of 1_FQC_StarAlign_NoERCC.sh... Mon Feb 29 19:50:53 PST 2016
