
Starting 1_FQC_StarAlign_NoERCC.sh... Mon Feb 29 16:54:28 PST 2016

Sample:
HT_ROW38_N701
FastQC already performed for this sample lane
Feb 29 16:54:28 ..... Started STAR run
Feb 29 16:54:39 ..... Started mapping
Feb 29 16:54:43 ..... Started sorting BAM
Feb 29 16:54:44 ..... Finished successfully
STAR alignment complete

End of 1_FQC_StarAlign_NoERCC.sh... Mon Feb 29 16:54:44 PST 2016

Starting 1_FQC_StarAlign_NoERCC.sh... Mon Feb 29 19:50:23 PST 2016

Sample:
HT_ROW38_N701
FastQC already performed for this sample lane
Feb 29 19:50:23 ..... Started STAR run
Feb 29 19:50:35 ..... Started mapping
Feb 29 19:50:39 ..... Started sorting BAM
Feb 29 19:50:39 ..... Finished successfully
STAR alignment complete

End of 1_FQC_StarAlign_NoERCC.sh... Mon Feb 29 19:50:40 PST 2016
