
Starting 1_FQC_StarAlign_NoERCC.sh... Mon Feb 29 15:02:13 PST 2016

Sample:
HT_ROW03_N705
FastQC already performed for this sample lane
Feb 29 15:02:13 ..... Started STAR run
Feb 29 15:07:05 ..... Started mapping
Feb 29 15:07:13 ..... Started sorting BAM
Feb 29 15:07:13 ..... Finished successfully
STAR alignment complete

End of 1_FQC_StarAlign_NoERCC.sh... Mon Feb 29 15:07:14 PST 2016

Starting 1_FQC_StarAlign_NoERCC.sh... Mon Feb 29 17:10:08 PST 2016

Sample:
HT_ROW03_N705
FastQC already performed for this sample lane
Feb 29 17:10:08 ..... Started STAR run
Feb 29 17:12:34 ..... Started mapping
Feb 29 17:12:42 ..... Started sorting BAM
Feb 29 17:12:42 ..... Finished successfully
STAR alignment complete

End of 1_FQC_StarAlign_NoERCC.sh... Mon Feb 29 17:12:42 PST 2016
