
Starting 1_FQC_StarAlign_NoERCC.sh... Mon Feb 29 15:12:58 PST 2016

Sample:
HT_ROW06_N716
FastQC already performed for this sample lane
Feb 29 15:12:58 ..... Started STAR run
Feb 29 15:13:09 ..... Started mapping
Feb 29 15:13:17 ..... Started sorting BAM
Feb 29 15:13:18 ..... Finished successfully
STAR alignment complete

End of 1_FQC_StarAlign_NoERCC.sh... Mon Feb 29 15:13:18 PST 2016

Starting 1_FQC_StarAlign_NoERCC.sh... Mon Feb 29 17:24:38 PST 2016

Sample:
HT_ROW06_N716
FastQC already performed for this sample lane
Feb 29 17:24:38 ..... Started STAR run
Feb 29 17:24:49 ..... Started mapping
Feb 29 17:24:57 ..... Started sorting BAM
Feb 29 17:24:57 ..... Finished successfully
STAR alignment complete

End of 1_FQC_StarAlign_NoERCC.sh... Mon Feb 29 17:24:58 PST 2016
