
Starting 1_FQC_StarAlign_NoERCC.sh... Mon Feb 29 16:11:28 PST 2016

Sample:
HT_ROW27_N703
FastQC already performed for this sample lane
Feb 29 16:11:28 ..... Started STAR run
Feb 29 16:11:56 ..... Started mapping
Feb 29 16:12:02 ..... Started sorting BAM
Feb 29 16:12:03 ..... Finished successfully
STAR alignment complete

End of 1_FQC_StarAlign_NoERCC.sh... Mon Feb 29 16:12:03 PST 2016

Starting 1_FQC_StarAlign_NoERCC.sh... Mon Feb 29 18:39:08 PST 2016

Sample:
HT_ROW27_N703
FastQC already performed for this sample lane
Feb 29 18:39:08 ..... Started STAR run
Feb 29 18:40:10 ..... Started mapping
Feb 29 18:40:17 ..... Started sorting BAM
Feb 29 18:40:18 ..... Finished successfully
STAR alignment complete

End of 1_FQC_StarAlign_NoERCC.sh... Mon Feb 29 18:40:18 PST 2016
