
Starting 1_FQC_StarAlign_NoERCC.sh... Mon Feb 29 15:34:43 PST 2016

Sample:
HT_ROW15_N703
FastQC already performed for this sample lane
Feb 29 15:34:43 ..... Started STAR run
Feb 29 15:34:55 ..... Started mapping
Feb 29 15:34:55 ..... Started sorting BAM
Feb 29 15:34:56 ..... Finished successfully
STAR alignment complete

End of 1_FQC_StarAlign_NoERCC.sh... Mon Feb 29 15:34:56 PST 2016

Starting 1_FQC_StarAlign_NoERCC.sh... Mon Feb 29 17:53:23 PST 2016

Sample:
HT_ROW15_N703
FastQC already performed for this sample lane
Feb 29 17:53:23 ..... Started STAR run
Feb 29 17:53:48 ..... Started mapping
Feb 29 17:53:48 ..... Started sorting BAM
Feb 29 17:53:48 ..... Finished successfully
STAR alignment complete

End of 1_FQC_StarAlign_NoERCC.sh... Mon Feb 29 17:53:49 PST 2016
