
Starting 1_FQC_StarAlign_NoERCC.sh... Mon Feb 29 15:52:28 PST 2016

Sample:
HT_ROW19_N714
FastQC already performed for this sample lane
Feb 29 15:52:28 ..... Started STAR run
Feb 29 15:52:39 ..... Started mapping
Feb 29 15:52:41 ..... Started sorting BAM
Feb 29 15:52:41 ..... Finished successfully
STAR alignment complete

End of 1_FQC_StarAlign_NoERCC.sh... Mon Feb 29 15:52:42 PST 2016

Starting 1_FQC_StarAlign_NoERCC.sh... Mon Feb 29 18:01:53 PST 2016

Sample:
HT_ROW19_N714
FastQC already performed for this sample lane
Feb 29 18:01:53 ..... Started STAR run
Feb 29 18:02:09 ..... Started mapping
Feb 29 18:02:10 ..... Started sorting BAM
Feb 29 18:02:11 ..... Finished successfully
STAR alignment complete

End of 1_FQC_StarAlign_NoERCC.sh... Mon Feb 29 18:02:11 PST 2016
