
Starting 1_FQC_StarAlign_NoERCC.sh... Mon Feb 29 15:08:43 PST 2016

Sample:
HT_ROW05_N701
FastQC already performed for this sample lane
Feb 29 15:08:43 ..... Started STAR run
Feb 29 15:09:02 ..... Started mapping
Feb 29 15:09:12 ..... Started sorting BAM
Feb 29 15:09:13 ..... Finished successfully
STAR alignment complete

End of 1_FQC_StarAlign_NoERCC.sh... Mon Feb 29 15:09:14 PST 2016

Starting 1_FQC_StarAlign_NoERCC.sh... Mon Feb 29 17:16:53 PST 2016

Sample:
HT_ROW05_N701
FastQC already performed for this sample lane
Feb 29 17:16:53 ..... Started STAR run
Feb 29 17:17:04 ..... Started mapping
Feb 29 17:17:14 ..... Started sorting BAM
Feb 29 17:17:15 ..... Finished successfully
STAR alignment complete

End of 1_FQC_StarAlign_NoERCC.sh... Mon Feb 29 17:17:15 PST 2016
