
Starting 1_FQC_StarAlign_NoERCC.sh... Mon Feb 29 15:28:43 PST 2016

Sample:
HT_ROW13_N706
FastQC already performed for this sample lane
Feb 29 15:28:43 ..... Started STAR run
Feb 29 15:28:54 ..... Started mapping
Feb 29 15:29:10 ..... Started sorting BAM
Feb 29 15:29:10 ..... Finished successfully
STAR alignment complete

End of 1_FQC_StarAlign_NoERCC.sh... Mon Feb 29 15:29:11 PST 2016

Starting 1_FQC_StarAlign_NoERCC.sh... Mon Feb 29 17:48:38 PST 2016

Sample:
HT_ROW13_N706
FastQC already performed for this sample lane
Feb 29 17:48:38 ..... Started STAR run
Feb 29 17:48:50 ..... Started mapping
Feb 29 17:49:05 ..... Started sorting BAM
Feb 29 17:49:06 ..... Finished successfully
STAR alignment complete

End of 1_FQC_StarAlign_NoERCC.sh... Mon Feb 29 17:49:06 PST 2016
