
Starting 1_FQC_StarAlign_NoERCC.sh... Mon Feb 29 14:59:13 PST 2016

Sample:
HT_ROW02_N706
FastQC already performed for this sample lane
Feb 29 14:59:13 ..... Started STAR run
Feb 29 14:59:24 ..... Started mapping
Feb 29 14:59:26 ..... Started sorting BAM
Feb 29 14:59:27 ..... Finished successfully
STAR alignment complete

End of 1_FQC_StarAlign_NoERCC.sh... Mon Feb 29 14:59:27 PST 2016

Starting 1_FQC_StarAlign_NoERCC.sh... Mon Feb 29 17:06:53 PST 2016

Sample:
HT_ROW02_N706
FastQC already performed for this sample lane
Feb 29 17:06:53 ..... Started STAR run
Feb 29 17:07:04 ..... Started mapping
Feb 29 17:07:06 ..... Started sorting BAM
Feb 29 17:07:06 ..... Finished successfully
STAR alignment complete

End of 1_FQC_StarAlign_NoERCC.sh... Mon Feb 29 17:07:07 PST 2016
