
Starting 1_FQC_StarAlign_NoERCC.sh... Mon Feb 29 16:06:28 PST 2016

Sample:
HT_ROW24_N720
FastQC already performed for this sample lane
Feb 29 16:06:28 ..... Started STAR run
Feb 29 16:06:40 ..... Started mapping
Feb 29 16:06:52 ..... Started sorting BAM
Feb 29 16:06:52 ..... Finished successfully
STAR alignment complete

End of 1_FQC_StarAlign_NoERCC.sh... Mon Feb 29 16:06:52 PST 2016

Starting 1_FQC_StarAlign_NoERCC.sh... Mon Feb 29 18:22:23 PST 2016

Sample:
HT_ROW24_N720
FastQC already performed for this sample lane
Feb 29 18:22:23 ..... Started STAR run
Feb 29 18:27:13 ..... Started mapping
Feb 29 18:27:31 ..... Started sorting BAM
Feb 29 18:27:33 ..... Finished successfully
STAR alignment complete

End of 1_FQC_StarAlign_NoERCC.sh... Mon Feb 29 18:27:35 PST 2016
