
Starting 1_FQC_StarAlign_NoERCC.sh... Mon Feb 29 15:11:43 PST 2016

Sample:
HT_ROW06_N703
FastQC already performed for this sample lane
Feb 29 15:11:43 ..... Started STAR run
Feb 29 15:15:11 ..... Started mapping
Feb 29 15:15:12 ..... Started sorting BAM
Feb 29 15:15:12 ..... Finished successfully
STAR alignment complete

End of 1_FQC_StarAlign_NoERCC.sh... Mon Feb 29 15:15:13 PST 2016

Starting 1_FQC_StarAlign_NoERCC.sh... Mon Feb 29 17:21:23 PST 2016

Sample:
HT_ROW06_N703
FastQC already performed for this sample lane
Feb 29 17:21:23 ..... Started STAR run
Feb 29 17:21:35 ..... Started mapping
Feb 29 17:21:36 ..... Started sorting BAM
Feb 29 17:21:36 ..... Finished successfully
STAR alignment complete

End of 1_FQC_StarAlign_NoERCC.sh... Mon Feb 29 17:21:37 PST 2016
