
Starting 1_FQC_StarAlign_NoERCC.sh... Mon Feb 29 16:32:28 PST 2016

Sample:
HT_ROW32_N702
FastQC already performed for this sample lane
Feb 29 16:32:28 ..... Started STAR run
Feb 29 16:32:40 ..... Started mapping
Feb 29 16:32:41 ..... Started sorting BAM
Feb 29 16:32:42 ..... Finished successfully
STAR alignment complete

End of 1_FQC_StarAlign_NoERCC.sh... Mon Feb 29 16:32:42 PST 2016

Starting 1_FQC_StarAlign_NoERCC.sh... Mon Feb 29 19:10:08 PST 2016

Sample:
HT_ROW32_N702
FastQC already performed for this sample lane
Feb 29 19:10:08 ..... Started STAR run
Feb 29 19:10:35 ..... Started mapping
Feb 29 19:10:37 ..... Started sorting BAM
Feb 29 19:10:37 ..... Finished successfully
STAR alignment complete

End of 1_FQC_StarAlign_NoERCC.sh... Mon Feb 29 19:10:38 PST 2016
