
Starting 1_FQC_StarAlign_NoERCC.sh... Mon Feb 29 15:54:58 PST 2016

Sample:
HT_ROW20_N706
FastQC already performed for this sample lane
Feb 29 15:54:58 ..... Started STAR run
Feb 29 15:55:10 ..... Started mapping
Feb 29 15:55:14 ..... Started sorting BAM
Feb 29 15:55:15 ..... Finished successfully
STAR alignment complete

End of 1_FQC_StarAlign_NoERCC.sh... Mon Feb 29 15:55:16 PST 2016

Starting 1_FQC_StarAlign_NoERCC.sh... Mon Feb 29 18:04:08 PST 2016

Sample:
HT_ROW20_N706
FastQC already performed for this sample lane
Feb 29 18:04:08 ..... Started STAR run
Feb 29 18:04:19 ..... Started mapping
Feb 29 18:04:25 ..... Started sorting BAM
Feb 29 18:04:25 ..... Finished successfully
STAR alignment complete

End of 1_FQC_StarAlign_NoERCC.sh... Mon Feb 29 18:04:26 PST 2016
