
Starting 1_FQC_StarAlign_NoERCC.sh... Mon Feb 29 16:11:28 PST 2016

Sample:
HT_ROW27_N704
FastQC already performed for this sample lane
Feb 29 16:11:28 ..... Started STAR run
Feb 29 16:11:39 ..... Started mapping
Feb 29 16:11:46 ..... Started sorting BAM
Feb 29 16:11:46 ..... Finished successfully
STAR alignment complete

End of 1_FQC_StarAlign_NoERCC.sh... Mon Feb 29 16:11:47 PST 2016

Starting 1_FQC_StarAlign_NoERCC.sh... Mon Feb 29 18:39:08 PST 2016

Sample:
HT_ROW27_N704
FastQC already performed for this sample lane
Feb 29 18:39:08 ..... Started STAR run
Feb 29 18:40:44 ..... Started mapping
Feb 29 18:40:53 ..... Started sorting BAM
Feb 29 18:40:54 ..... Finished successfully
STAR alignment complete

End of 1_FQC_StarAlign_NoERCC.sh... Mon Feb 29 18:40:55 PST 2016
