
Starting 1_FQC_StarAlign_NoERCC.sh... Mon Feb 29 15:10:58 PST 2016

Sample:
HT_ROW05_N721
FastQC already performed for this sample lane
Feb 29 15:10:58 ..... Started STAR run
Feb 29 15:11:15 ..... Started mapping
Feb 29 15:11:16 ..... Started sorting BAM
Feb 29 15:11:17 ..... Finished successfully
STAR alignment complete

End of 1_FQC_StarAlign_NoERCC.sh... Mon Feb 29 15:11:17 PST 2016

Starting 1_FQC_StarAlign_NoERCC.sh... Mon Feb 29 17:20:08 PST 2016

Sample:
HT_ROW05_N721
FastQC already performed for this sample lane
Feb 29 17:20:08 ..... Started STAR run
Feb 29 17:24:35 ..... Started mapping
Feb 29 17:24:37 ..... Started sorting BAM
Feb 29 17:24:37 ..... Finished successfully
STAR alignment complete

End of 1_FQC_StarAlign_NoERCC.sh... Mon Feb 29 17:24:37 PST 2016
