
Starting 1_FQC_StarAlign_NoERCC.sh... Mon Feb 29 17:01:23 PST 2016

Sample:
HT_ROW40_N707
FastQC already performed for this sample lane
Feb 29 17:01:23 ..... Started STAR run
Feb 29 17:01:37 ..... Started mapping
Feb 29 17:01:38 ..... Started sorting BAM
Feb 29 17:01:38 ..... Finished successfully
STAR alignment complete

End of 1_FQC_StarAlign_NoERCC.sh... Mon Feb 29 17:01:38 PST 2016

Starting 1_FQC_StarAlign_NoERCC.sh... Mon Feb 29 19:59:53 PST 2016

Sample:
HT_ROW40_N707
FastQC already performed for this sample lane
Feb 29 19:59:53 ..... Started STAR run
Feb 29 20:00:05 ..... Started mapping
Feb 29 20:00:06 ..... Started sorting BAM
Feb 29 20:00:06 ..... Finished successfully
STAR alignment complete

End of 1_FQC_StarAlign_NoERCC.sh... Mon Feb 29 20:00:06 PST 2016
