
Starting 1_FQC_StarAlign_NoERCC.sh... Mon Feb 29 16:57:08 PST 2016

Sample:
HT_ROW38_N722
FastQC already performed for this sample lane
Feb 29 16:57:08 ..... Started STAR run
Feb 29 16:59:28 ..... Started mapping
Feb 29 16:59:29 ..... Started sorting BAM
Feb 29 16:59:29 ..... Finished successfully
STAR alignment complete

End of 1_FQC_StarAlign_NoERCC.sh... Mon Feb 29 16:59:30 PST 2016

Starting 1_FQC_StarAlign_NoERCC.sh... Mon Feb 29 19:54:23 PST 2016

Sample:
HT_ROW38_N722
FastQC already performed for this sample lane
Feb 29 19:54:23 ..... Started STAR run
Feb 29 19:54:34 ..... Started mapping
Feb 29 19:54:35 ..... Started sorting BAM
Feb 29 19:54:35 ..... Finished successfully
STAR alignment complete

End of 1_FQC_StarAlign_NoERCC.sh... Mon Feb 29 19:54:36 PST 2016
