
Starting 1_FQC_StarAlign_NoERCC.sh... Mon Feb 29 15:15:43 PST 2016

Sample:
HT_ROW07_N721
FastQC already performed for this sample lane
Feb 29 15:15:43 ..... Started STAR run
Feb 29 15:15:55 ..... Started mapping
Feb 29 15:15:57 ..... Started sorting BAM
Feb 29 15:15:57 ..... Finished successfully
STAR alignment complete

End of 1_FQC_StarAlign_NoERCC.sh... Mon Feb 29 15:15:57 PST 2016

Starting 1_FQC_StarAlign_NoERCC.sh... Mon Feb 29 17:29:23 PST 2016

Sample:
HT_ROW07_N721
FastQC already performed for this sample lane
Feb 29 17:29:23 ..... Started STAR run
Feb 29 17:29:36 ..... Started mapping
Feb 29 17:29:38 ..... Started sorting BAM
Feb 29 17:29:38 ..... Finished successfully
STAR alignment complete

End of 1_FQC_StarAlign_NoERCC.sh... Mon Feb 29 17:29:39 PST 2016
