
Starting 1_FQC_StarAlign_NoERCC.sh... Mon Feb 29 15:55:58 PST 2016

Sample:
HT_ROW20_N716
FastQC already performed for this sample lane
Feb 29 15:55:58 ..... Started STAR run
Feb 29 15:56:10 ..... Started mapping
Feb 29 15:56:15 ..... Started sorting BAM
Feb 29 15:56:15 ..... Finished successfully
STAR alignment complete

End of 1_FQC_StarAlign_NoERCC.sh... Mon Feb 29 15:56:16 PST 2016

Starting 1_FQC_StarAlign_NoERCC.sh... Mon Feb 29 18:06:08 PST 2016

Sample:
HT_ROW20_N716
FastQC already performed for this sample lane
Feb 29 18:06:08 ..... Started STAR run
Feb 29 18:06:20 ..... Started mapping
Feb 29 18:06:24 ..... Started sorting BAM
Feb 29 18:06:24 ..... Finished successfully
STAR alignment complete

End of 1_FQC_StarAlign_NoERCC.sh... Mon Feb 29 18:06:25 PST 2016
