
Starting 1_FQC_StarAlign_NoERCC.sh... Mon Feb 29 15:46:58 PST 2016

Sample:
HT_ROW18_N705
FastQC already performed for this sample lane
Feb 29 15:46:58 ..... Started STAR run
Feb 29 15:48:51 ..... Started mapping
Feb 29 15:48:52 ..... Started sorting BAM
Feb 29 15:48:52 ..... Finished successfully
STAR alignment complete

End of 1_FQC_StarAlign_NoERCC.sh... Mon Feb 29 15:48:53 PST 2016

Starting 1_FQC_StarAlign_NoERCC.sh... Mon Feb 29 17:58:53 PST 2016

Sample:
HT_ROW18_N705
FastQC already performed for this sample lane
Feb 29 17:58:53 ..... Started STAR run
Feb 29 18:03:30 ..... Started mapping
Feb 29 18:03:31 ..... Started sorting BAM
Feb 29 18:03:32 ..... Finished successfully
STAR alignment complete

End of 1_FQC_StarAlign_NoERCC.sh... Mon Feb 29 18:03:32 PST 2016
