
Starting 1_FQC_StarAlign_NoERCC.sh... Mon Feb 29 15:44:58 PST 2016

Sample:
HT_ROW17_N712
FastQC already performed for this sample lane
Feb 29 15:44:58 ..... Started STAR run
Feb 29 15:46:41 ..... Started mapping
Feb 29 15:46:43 ..... Started sorting BAM
Feb 29 15:46:43 ..... Finished successfully
STAR alignment complete

End of 1_FQC_StarAlign_NoERCC.sh... Mon Feb 29 15:46:43 PST 2016

Starting 1_FQC_StarAlign_NoERCC.sh... Mon Feb 29 17:57:38 PST 2016

Sample:
HT_ROW17_N712
FastQC already performed for this sample lane
Feb 29 17:57:38 ..... Started STAR run
Feb 29 17:57:49 ..... Started mapping
Feb 29 17:57:50 ..... Started sorting BAM
Feb 29 17:57:50 ..... Finished successfully
STAR alignment complete

End of 1_FQC_StarAlign_NoERCC.sh... Mon Feb 29 17:57:50 PST 2016
