
Starting 1_FQC_StarAlign_NoERCC.sh... Mon Feb 29 16:03:58 PST 2016

Sample:
HT_ROW23_N720
FastQC already performed for this sample lane
Feb 29 16:03:58 ..... Started STAR run
Feb 29 16:04:09 ..... Started mapping
Feb 29 16:04:16 ..... Started sorting BAM
Feb 29 16:04:16 ..... Finished successfully
STAR alignment complete

End of 1_FQC_StarAlign_NoERCC.sh... Mon Feb 29 16:04:16 PST 2016

Starting 1_FQC_StarAlign_NoERCC.sh... Mon Feb 29 18:17:08 PST 2016

Sample:
HT_ROW23_N720
FastQC already performed for this sample lane
Feb 29 18:17:08 ..... Started STAR run
Feb 29 18:17:20 ..... Started mapping
Feb 29 18:17:26 ..... Started sorting BAM
Feb 29 18:17:26 ..... Finished successfully
STAR alignment complete

End of 1_FQC_StarAlign_NoERCC.sh... Mon Feb 29 18:17:27 PST 2016
