
Starting 1_FQC_StarAlign_NoERCC.sh... Mon Feb 29 16:10:58 PST 2016

Sample:
HT_ROW26_N720
FastQC already performed for this sample lane
Feb 29 16:10:58 ..... Started STAR run
Feb 29 16:11:10 ..... Started mapping
Feb 29 16:11:10 ..... Started sorting BAM
Feb 29 16:11:11 ..... Finished successfully
STAR alignment complete

End of 1_FQC_StarAlign_NoERCC.sh... Mon Feb 29 16:11:11 PST 2016

Starting 1_FQC_StarAlign_NoERCC.sh... Mon Feb 29 18:34:23 PST 2016

Sample:
HT_ROW26_N720
FastQC already performed for this sample lane
Feb 29 18:34:23 ..... Started STAR run
Feb 29 18:38:23 ..... Started mapping
Feb 29 18:38:24 ..... Started sorting BAM
Feb 29 18:38:25 ..... Finished successfully
STAR alignment complete

End of 1_FQC_StarAlign_NoERCC.sh... Mon Feb 29 18:38:27 PST 2016
