
Starting 1_FQC_StarAlign_NoERCC.sh... Mon Feb 29 15:25:13 PST 2016

Sample:
HT_ROW11_N720
FastQC already performed for this sample lane
Feb 29 15:25:13 ..... Started STAR run
Feb 29 15:25:25 ..... Started mapping
Feb 29 15:25:36 ..... Started sorting BAM
Feb 29 15:25:37 ..... Finished successfully
STAR alignment complete

End of 1_FQC_StarAlign_NoERCC.sh... Mon Feb 29 15:25:38 PST 2016

Starting 1_FQC_StarAlign_NoERCC.sh... Mon Feb 29 17:44:08 PST 2016

Sample:
HT_ROW11_N720
FastQC already performed for this sample lane
Feb 29 17:44:08 ..... Started STAR run
Feb 29 17:44:19 ..... Started mapping
Feb 29 17:44:31 ..... Started sorting BAM
Feb 29 17:44:32 ..... Finished successfully
STAR alignment complete

End of 1_FQC_StarAlign_NoERCC.sh... Mon Feb 29 17:44:33 PST 2016
