
Starting 1_FQC_StarAlign_NoERCC.sh... Mon Feb 29 16:05:43 PST 2016

Sample:
HT_ROW24_N710
FastQC already performed for this sample lane
Feb 29 16:05:43 ..... Started STAR run
Feb 29 16:06:39 ..... Started mapping
Feb 29 16:06:42 ..... Started sorting BAM
Feb 29 16:06:42 ..... Finished successfully
STAR alignment complete

End of 1_FQC_StarAlign_NoERCC.sh... Mon Feb 29 16:06:42 PST 2016

Starting 1_FQC_StarAlign_NoERCC.sh... Mon Feb 29 18:21:53 PST 2016

Sample:
HT_ROW24_N710
FastQC already performed for this sample lane
Feb 29 18:21:53 ..... Started STAR run
Feb 29 18:22:04 ..... Started mapping
Feb 29 18:22:07 ..... Started sorting BAM
Feb 29 18:22:07 ..... Finished successfully
STAR alignment complete

End of 1_FQC_StarAlign_NoERCC.sh... Mon Feb 29 18:22:07 PST 2016
