
Starting 1_FQC_StarAlign_NoERCC.sh... Mon Feb 29 16:27:58 PST 2016

Sample:
HT_ROW31_N715
FastQC already performed for this sample lane
Feb 29 16:27:58 ..... Started STAR run
Feb 29 16:32:44 ..... Started mapping
Feb 29 16:32:59 ..... Started sorting BAM
Feb 29 16:32:59 ..... Finished successfully
STAR alignment complete

End of 1_FQC_StarAlign_NoERCC.sh... Mon Feb 29 16:33:00 PST 2016

Starting 1_FQC_StarAlign_NoERCC.sh... Mon Feb 29 19:08:23 PST 2016

Sample:
HT_ROW31_N715
FastQC already performed for this sample lane
Feb 29 19:08:23 ..... Started STAR run
Feb 29 19:11:22 ..... Started mapping
Feb 29 19:11:39 ..... Started sorting BAM
Feb 29 19:11:40 ..... Finished successfully
STAR alignment complete

End of 1_FQC_StarAlign_NoERCC.sh... Mon Feb 29 19:11:41 PST 2016
