
Starting 1_FQC_StarAlign_NoERCC.sh... Mon Feb 29 15:23:13 PST 2016

Sample:
HT_ROW10_N719
FastQC already performed for this sample lane
Feb 29 15:23:13 ..... Started STAR run
Feb 29 15:23:24 ..... Started mapping
Feb 29 15:23:32 ..... Started sorting BAM
Feb 29 15:23:32 ..... Finished successfully
STAR alignment complete

End of 1_FQC_StarAlign_NoERCC.sh... Mon Feb 29 15:23:32 PST 2016

Starting 1_FQC_StarAlign_NoERCC.sh... Mon Feb 29 17:39:53 PST 2016

Sample:
HT_ROW10_N719
FastQC already performed for this sample lane
Feb 29 17:39:53 ..... Started STAR run
Feb 29 17:43:35 ..... Started mapping
Feb 29 17:43:44 ..... Started sorting BAM
Feb 29 17:43:44 ..... Finished successfully
STAR alignment complete

End of 1_FQC_StarAlign_NoERCC.sh... Mon Feb 29 17:43:44 PST 2016
