
Starting 1_FQC_StarAlign_NoERCC.sh... Mon Feb 29 16:45:43 PST 2016

Sample:
HT_ROW35_N721
FastQC already performed for this sample lane
Feb 29 16:45:43 ..... Started STAR run
Feb 29 16:46:36 ..... Started mapping
Feb 29 16:46:38 ..... Started sorting BAM
Feb 29 16:46:39 ..... Finished successfully
STAR alignment complete

End of 1_FQC_StarAlign_NoERCC.sh... Mon Feb 29 16:46:40 PST 2016

Starting 1_FQC_StarAlign_NoERCC.sh... Mon Feb 29 19:31:53 PST 2016

Sample:
HT_ROW35_N721
FastQC already performed for this sample lane
Feb 29 19:31:53 ..... Started STAR run
Feb 29 19:36:16 ..... Started mapping
Feb 29 19:36:18 ..... Started sorting BAM
Feb 29 19:36:18 ..... Finished successfully
STAR alignment complete

End of 1_FQC_StarAlign_NoERCC.sh... Mon Feb 29 19:36:20 PST 2016
