
Starting 1_FQC_StarAlign_NoERCC.sh... Mon Feb 29 16:27:13 PST 2016

Sample:
HT_ROW31_N710
FastQC already performed for this sample lane
Feb 29 16:27:13 ..... Started STAR run
Feb 29 16:29:30 ..... Started mapping
Feb 29 16:29:31 ..... Started sorting BAM
Feb 29 16:29:31 ..... Finished successfully
STAR alignment complete

End of 1_FQC_StarAlign_NoERCC.sh... Mon Feb 29 16:29:32 PST 2016

Starting 1_FQC_StarAlign_NoERCC.sh... Mon Feb 29 19:07:08 PST 2016

Sample:
HT_ROW31_N710
FastQC already performed for this sample lane
Feb 29 19:07:08 ..... Started STAR run
Feb 29 19:07:22 ..... Started mapping
Feb 29 19:07:24 ..... Started sorting BAM
Feb 29 19:07:25 ..... Finished successfully
STAR alignment complete

End of 1_FQC_StarAlign_NoERCC.sh... Mon Feb 29 19:07:26 PST 2016
