
Starting 1_FQC_StarAlign_NoERCC.sh... Mon Feb 29 15:48:58 PST 2016

Sample:
HT_ROW18_N716
FastQC already performed for this sample lane
Feb 29 15:48:58 ..... Started STAR run
Feb 29 15:52:49 ..... Started mapping
Feb 29 15:52:55 ..... Started sorting BAM
Feb 29 15:52:56 ..... Finished successfully
STAR alignment complete

End of 1_FQC_StarAlign_NoERCC.sh... Mon Feb 29 15:52:56 PST 2016

Starting 1_FQC_StarAlign_NoERCC.sh... Mon Feb 29 17:59:38 PST 2016

Sample:
HT_ROW18_N716
FastQC already performed for this sample lane
Feb 29 17:59:38 ..... Started STAR run
Feb 29 18:00:39 ..... Started mapping
Feb 29 18:00:42 ..... Started sorting BAM
Feb 29 18:00:42 ..... Finished successfully
STAR alignment complete

End of 1_FQC_StarAlign_NoERCC.sh... Mon Feb 29 18:00:43 PST 2016
