
Starting 1_FQC_StarAlign_NoERCC.sh... Mon Feb 29 16:43:58 PST 2016

Sample:
HT_ROW35_N704
FastQC already performed for this sample lane
Feb 29 16:43:58 ..... Started STAR run
Feb 29 16:44:09 ..... Started mapping
Feb 29 16:44:13 ..... Started sorting BAM
Feb 29 16:44:13 ..... Finished successfully
STAR alignment complete

End of 1_FQC_StarAlign_NoERCC.sh... Mon Feb 29 16:44:14 PST 2016

Starting 1_FQC_StarAlign_NoERCC.sh... Mon Feb 29 19:30:08 PST 2016

Sample:
HT_ROW35_N704
FastQC already performed for this sample lane
Feb 29 19:30:08 ..... Started STAR run
Feb 29 19:30:19 ..... Started mapping
Feb 29 19:30:23 ..... Started sorting BAM
Feb 29 19:30:23 ..... Finished successfully
STAR alignment complete

End of 1_FQC_StarAlign_NoERCC.sh... Mon Feb 29 19:30:24 PST 2016
