
Starting 1_FQC_StarAlign_NoERCC.sh... Mon Feb 29 14:48:28 PST 2016

Sample:
HT_ROW01_N704
FastQC already performed for this sample lane
Feb 29 14:48:28 ..... Started STAR run
Feb 29 14:58:15 ..... Started mapping
Feb 29 14:58:20 ..... Started sorting BAM
Feb 29 14:58:20 ..... Finished successfully
STAR alignment complete

End of 1_FQC_StarAlign_NoERCC.sh... Mon Feb 29 14:58:22 PST 2016

Starting 1_FQC_StarAlign_NoERCC.sh... Mon Feb 29 17:03:23 PST 2016

Sample:
HT_ROW01_N704
FastQC already performed for this sample lane
Feb 29 17:03:23 ..... Started STAR run
Feb 29 17:03:34 ..... Started mapping
Feb 29 17:03:37 ..... Started sorting BAM
Feb 29 17:03:37 ..... Finished successfully
STAR alignment complete

End of 1_FQC_StarAlign_NoERCC.sh... Mon Feb 29 17:03:38 PST 2016
