
Starting 1_FQC_StarAlign_NoERCC.sh... Mon Feb 29 16:05:28 PST 2016

Sample:
HT_ROW24_N706
FastQC already performed for this sample lane
Feb 29 16:05:28 ..... Started STAR run
Feb 29 16:06:39 ..... Started mapping
Feb 29 16:06:45 ..... Started sorting BAM
Feb 29 16:06:45 ..... Finished successfully
STAR alignment complete

End of 1_FQC_StarAlign_NoERCC.sh... Mon Feb 29 16:06:45 PST 2016

Starting 1_FQC_StarAlign_NoERCC.sh... Mon Feb 29 18:18:23 PST 2016

Sample:
HT_ROW24_N706
FastQC already performed for this sample lane
Feb 29 18:18:23 ..... Started STAR run
Feb 29 18:21:35 ..... Started mapping
Feb 29 18:21:41 ..... Started sorting BAM
Feb 29 18:21:42 ..... Finished successfully
STAR alignment complete

End of 1_FQC_StarAlign_NoERCC.sh... Mon Feb 29 18:21:43 PST 2016
