
Starting 1_FQC_StarAlign_NoERCC.sh... Mon Feb 29 16:20:13 PST 2016

Sample:
HT_ROW30_N704
FastQC already performed for this sample lane
Feb 29 16:20:13 ..... Started STAR run
Feb 29 16:20:25 ..... Started mapping
Feb 29 16:20:42 ..... Started sorting BAM
Feb 29 16:20:43 ..... Finished successfully
STAR alignment complete

End of 1_FQC_StarAlign_NoERCC.sh... Mon Feb 29 16:20:43 PST 2016

Starting 1_FQC_StarAlign_NoERCC.sh... Mon Feb 29 19:02:38 PST 2016

Sample:
HT_ROW30_N704
FastQC already performed for this sample lane
Feb 29 19:02:38 ..... Started STAR run
Feb 29 19:04:16 ..... Started mapping
Feb 29 19:04:35 ..... Started sorting BAM
Feb 29 19:04:36 ..... Finished successfully
STAR alignment complete

End of 1_FQC_StarAlign_NoERCC.sh... Mon Feb 29 19:04:37 PST 2016
