
Starting 1_FQC_StarAlign_NoERCC.sh... Mon Feb 29 14:59:58 PST 2016

Sample:
HT_ROW02_N712
FastQC already performed for this sample lane
Feb 29 14:59:58 ..... Started STAR run
Feb 29 15:00:12 ..... Started mapping
Feb 29 15:00:18 ..... Started sorting BAM
Feb 29 15:00:18 ..... Finished successfully
STAR alignment complete

End of 1_FQC_StarAlign_NoERCC.sh... Mon Feb 29 15:00:19 PST 2016

Starting 1_FQC_StarAlign_NoERCC.sh... Mon Feb 29 17:07:53 PST 2016

Sample:
HT_ROW02_N712
FastQC already performed for this sample lane
Feb 29 17:07:53 ..... Started STAR run
Feb 29 17:08:04 ..... Started mapping
Feb 29 17:08:11 ..... Started sorting BAM
Feb 29 17:08:12 ..... Finished successfully
STAR alignment complete

End of 1_FQC_StarAlign_NoERCC.sh... Mon Feb 29 17:08:13 PST 2016
