
Starting 1_FQC_StarAlign_NoERCC.sh... Mon Feb 29 16:18:28 PST 2016

Sample:
HT_ROW29_N723
FastQC already performed for this sample lane
Feb 29 16:18:28 ..... Started STAR run
Feb 29 16:18:40 ..... Started mapping
Feb 29 16:18:45 ..... Started sorting BAM
Feb 29 16:18:46 ..... Finished successfully
STAR alignment complete

End of 1_FQC_StarAlign_NoERCC.sh... Mon Feb 29 16:18:47 PST 2016

Starting 1_FQC_StarAlign_NoERCC.sh... Mon Feb 29 19:01:08 PST 2016

Sample:
HT_ROW29_N723
FastQC already performed for this sample lane
Feb 29 19:01:08 ..... Started STAR run
Feb 29 19:01:37 ..... Started mapping
Feb 29 19:01:46 ..... Started sorting BAM
Feb 29 19:01:49 ..... Finished successfully
STAR alignment complete

End of 1_FQC_StarAlign_NoERCC.sh... Mon Feb 29 19:01:51 PST 2016
