
Starting 1_FQC_StarAlign_NoERCC.sh... Mon Feb 29 17:02:08 PST 2016

Sample:
HT_ROW40_N719
FastQC already performed for this sample lane
Feb 29 17:02:08 ..... Started STAR run
Feb 29 17:02:19 ..... Started mapping
Feb 29 17:02:23 ..... Started sorting BAM
Feb 29 17:02:23 ..... Finished successfully
STAR alignment complete

End of 1_FQC_StarAlign_NoERCC.sh... Mon Feb 29 17:02:23 PST 2016

Starting 1_FQC_StarAlign_NoERCC.sh... Mon Feb 29 20:00:53 PST 2016

Sample:
HT_ROW40_N719
FastQC already performed for this sample lane
Feb 29 20:00:53 ..... Started STAR run
Feb 29 20:03:26 ..... Started mapping
Feb 29 20:03:30 ..... Started sorting BAM
Feb 29 20:03:30 ..... Finished successfully
STAR alignment complete

End of 1_FQC_StarAlign_NoERCC.sh... Mon Feb 29 20:03:31 PST 2016
