
Starting 1_FQC_StarAlign_NoERCC.sh... Mon Feb 29 15:32:43 PST 2016

Sample:
HT_ROW14_N720
FastQC already performed for this sample lane
Feb 29 15:32:43 ..... Started STAR run
Feb 29 15:32:54 ..... Started mapping
Feb 29 15:32:59 ..... Started sorting BAM
Feb 29 15:32:59 ..... Finished successfully
STAR alignment complete

End of 1_FQC_StarAlign_NoERCC.sh... Mon Feb 29 15:32:59 PST 2016

Starting 1_FQC_StarAlign_NoERCC.sh... Mon Feb 29 17:52:38 PST 2016

Sample:
HT_ROW14_N720
FastQC already performed for this sample lane
Feb 29 17:52:38 ..... Started STAR run
Feb 29 17:53:04 ..... Started mapping
Feb 29 17:53:10 ..... Started sorting BAM
Feb 29 17:53:10 ..... Finished successfully
STAR alignment complete

End of 1_FQC_StarAlign_NoERCC.sh... Mon Feb 29 17:53:10 PST 2016
