
Starting 1_FQC_StarAlign_NoERCC.sh... Mon Feb 29 16:06:58 PST 2016

Sample:
HT_ROW25_N704
FastQC already performed for this sample lane
Feb 29 16:06:58 ..... Started STAR run
Feb 29 16:11:29 ..... Started mapping
Feb 29 16:11:34 ..... Started sorting BAM
Feb 29 16:11:34 ..... Finished successfully
STAR alignment complete

End of 1_FQC_StarAlign_NoERCC.sh... Mon Feb 29 16:11:34 PST 2016

Starting 1_FQC_StarAlign_NoERCC.sh... Mon Feb 29 18:24:08 PST 2016

Sample:
HT_ROW25_N704
FastQC already performed for this sample lane
Feb 29 18:24:08 ..... Started STAR run
Feb 29 18:24:20 ..... Started mapping
Feb 29 18:24:25 ..... Started sorting BAM
Feb 29 18:24:26 ..... Finished successfully
STAR alignment complete

End of 1_FQC_StarAlign_NoERCC.sh... Mon Feb 29 18:24:26 PST 2016
