
Starting 1_FQC_StarAlign_NoERCC.sh... Mon Feb 29 15:08:13 PST 2016

Sample:
HT_ROW04_N722
FastQC already performed for this sample lane
Feb 29 15:08:13 ..... Started STAR run
Feb 29 15:08:24 ..... Started mapping
Feb 29 15:08:26 ..... Started sorting BAM
Feb 29 15:08:26 ..... Finished successfully
STAR alignment complete

End of 1_FQC_StarAlign_NoERCC.sh... Mon Feb 29 15:08:26 PST 2016

Starting 1_FQC_StarAlign_NoERCC.sh... Mon Feb 29 17:16:23 PST 2016

Sample:
HT_ROW04_N722
FastQC already performed for this sample lane
Feb 29 17:16:23 ..... Started STAR run
Feb 29 17:16:34 ..... Started mapping
Feb 29 17:16:37 ..... Started sorting BAM
Feb 29 17:16:37 ..... Finished successfully
STAR alignment complete

End of 1_FQC_StarAlign_NoERCC.sh... Mon Feb 29 17:16:38 PST 2016
