
Starting 1_FQC_StarAlign_NoERCC.sh... Mon Feb 29 14:48:28 PST 2016

Sample:
HT_ROW01_N703
FastQC already performed for this sample lane
Feb 29 14:48:28 ..... Started STAR run
Feb 29 14:58:15 ..... Started mapping
Feb 29 14:58:22 ..... Started sorting BAM
Feb 29 14:58:22 ..... Finished successfully
STAR alignment complete

End of 1_FQC_StarAlign_NoERCC.sh... Mon Feb 29 14:58:23 PST 2016

Starting 1_FQC_StarAlign_NoERCC.sh... Mon Feb 29 17:03:08 PST 2016

Sample:
HT_ROW01_N703
FastQC already performed for this sample lane
Feb 29 17:03:08 ..... Started STAR run
Feb 29 17:03:19 ..... Started mapping
Feb 29 17:03:24 ..... Started sorting BAM
Feb 29 17:03:24 ..... Finished successfully
STAR alignment complete

End of 1_FQC_StarAlign_NoERCC.sh... Mon Feb 29 17:03:25 PST 2016
