
Starting 1_FQC_StarAlign_NoERCC.sh... Mon Feb 29 15:43:58 PST 2016

Sample:
HT_ROW17_N704
FastQC already performed for this sample lane
Feb 29 15:43:58 ..... Started STAR run
Feb 29 15:44:09 ..... Started mapping
Feb 29 15:44:16 ..... Started sorting BAM
Feb 29 15:44:16 ..... Finished successfully
STAR alignment complete

End of 1_FQC_StarAlign_NoERCC.sh... Mon Feb 29 15:44:17 PST 2016

Starting 1_FQC_StarAlign_NoERCC.sh... Mon Feb 29 17:57:23 PST 2016

Sample:
HT_ROW17_N704
FastQC already performed for this sample lane
Feb 29 17:57:23 ..... Started STAR run
Feb 29 17:57:58 ..... Started mapping
Feb 29 17:58:05 ..... Started sorting BAM
Feb 29 17:58:06 ..... Finished successfully
STAR alignment complete

End of 1_FQC_StarAlign_NoERCC.sh... Mon Feb 29 17:58:06 PST 2016
