
Starting 1_FQC_StarAlign_NoERCC.sh... Mon Feb 29 16:56:23 PST 2016

Sample:
HT_ROW38_N718
FastQC already performed for this sample lane
Feb 29 16:56:23 ..... Started STAR run
Feb 29 16:56:34 ..... Started mapping
Feb 29 16:56:35 ..... Started sorting BAM
Feb 29 16:56:36 ..... Finished successfully
STAR alignment complete

End of 1_FQC_StarAlign_NoERCC.sh... Mon Feb 29 16:56:36 PST 2016

Starting 1_FQC_StarAlign_NoERCC.sh... Mon Feb 29 19:53:08 PST 2016

Sample:
HT_ROW38_N718
FastQC already performed for this sample lane
Feb 29 19:53:08 ..... Started STAR run
Feb 29 19:53:20 ..... Started mapping
Feb 29 19:53:21 ..... Started sorting BAM
Feb 29 19:53:21 ..... Finished successfully
STAR alignment complete

End of 1_FQC_StarAlign_NoERCC.sh... Mon Feb 29 19:53:22 PST 2016
