
Starting 1_FQC_StarAlign_NoERCC.sh... Mon Feb 29 16:29:43 PST 2016

Sample:
HT_ROW31_N718
FastQC already performed for this sample lane
Feb 29 16:29:43 ..... Started STAR run
Feb 29 16:29:56 ..... Started mapping
Feb 29 16:30:07 ..... Started sorting BAM
Feb 29 16:30:07 ..... Finished successfully
STAR alignment complete

End of 1_FQC_StarAlign_NoERCC.sh... Mon Feb 29 16:30:07 PST 2016

Starting 1_FQC_StarAlign_NoERCC.sh... Mon Feb 29 19:08:38 PST 2016

Sample:
HT_ROW31_N718
FastQC already performed for this sample lane
Feb 29 19:08:38 ..... Started STAR run
Feb 29 19:09:20 ..... Started mapping
Feb 29 19:09:31 ..... Started sorting BAM
Feb 29 19:09:32 ..... Finished successfully
STAR alignment complete

End of 1_FQC_StarAlign_NoERCC.sh... Mon Feb 29 19:09:32 PST 2016
