
Starting 1_FQC_StarAlign_NoERCC.sh... Mon Feb 29 16:17:58 PST 2016

Sample:
HT_ROW29_N721
FastQC already performed for this sample lane
Feb 29 16:17:58 ..... Started STAR run
Feb 29 16:21:36 ..... Started mapping
Feb 29 16:21:53 ..... Started sorting BAM
Feb 29 16:21:54 ..... Finished successfully
STAR alignment complete

End of 1_FQC_StarAlign_NoERCC.sh... Mon Feb 29 16:21:55 PST 2016

Starting 1_FQC_StarAlign_NoERCC.sh... Mon Feb 29 19:00:53 PST 2016

Sample:
HT_ROW29_N721
FastQC already performed for this sample lane
Feb 29 19:00:53 ..... Started STAR run
Feb 29 19:05:58 ..... Started mapping
Feb 29 19:06:20 ..... Started sorting BAM
Feb 29 19:06:20 ..... Finished successfully
STAR alignment complete

End of 1_FQC_StarAlign_NoERCC.sh... Mon Feb 29 19:06:21 PST 2016
