
Starting 1_FQC_StarAlign_NoERCC.sh... Mon Feb 29 16:35:28 PST 2016

Sample:
HT_ROW32_N722
FastQC already performed for this sample lane
Feb 29 16:35:28 ..... Started STAR run
Feb 29 16:35:39 ..... Started mapping
Feb 29 16:35:44 ..... Started sorting BAM
Feb 29 16:35:45 ..... Finished successfully
STAR alignment complete

End of 1_FQC_StarAlign_NoERCC.sh... Mon Feb 29 16:35:46 PST 2016

Starting 1_FQC_StarAlign_NoERCC.sh... Mon Feb 29 19:15:08 PST 2016

Sample:
HT_ROW32_N722
FastQC already performed for this sample lane
Feb 29 19:15:08 ..... Started STAR run
Feb 29 19:17:17 ..... Started mapping
Feb 29 19:17:22 ..... Started sorting BAM
Feb 29 19:17:22 ..... Finished successfully
STAR alignment complete

End of 1_FQC_StarAlign_NoERCC.sh... Mon Feb 29 19:17:24 PST 2016
