
Starting 1_FQC_StarAlign_NoERCC.sh... Mon Feb 29 14:48:28 PST 2016

Sample:
HT_ROW01_N707
FastQC already performed for this sample lane
Feb 29 14:48:28 ..... Started STAR run
Feb 29 14:53:49 ..... Started mapping
Feb 29 14:53:56 ..... Started sorting BAM
Feb 29 14:53:57 ..... Finished successfully
STAR alignment complete

End of 1_FQC_StarAlign_NoERCC.sh... Mon Feb 29 14:53:58 PST 2016

Starting 1_FQC_StarAlign_NoERCC.sh... Mon Feb 29 17:04:08 PST 2016

Sample:
HT_ROW01_N707
FastQC already performed for this sample lane
Feb 29 17:04:08 ..... Started STAR run
Feb 29 17:04:21 ..... Started mapping
Feb 29 17:04:26 ..... Started sorting BAM
Feb 29 17:04:27 ..... Finished successfully
STAR alignment complete

End of 1_FQC_StarAlign_NoERCC.sh... Mon Feb 29 17:04:28 PST 2016
