
Starting 1_FQC_StarAlign_NoERCC.sh... Mon Feb 29 16:26:58 PST 2016

Sample:
HT_ROW31_N705
FastQC already performed for this sample lane
Feb 29 16:26:58 ..... Started STAR run
Feb 29 16:31:17 ..... Started mapping
Feb 29 16:31:33 ..... Started sorting BAM
Feb 29 16:31:33 ..... Finished successfully
STAR alignment complete

End of 1_FQC_StarAlign_NoERCC.sh... Mon Feb 29 16:31:34 PST 2016

Starting 1_FQC_StarAlign_NoERCC.sh... Mon Feb 29 19:06:23 PST 2016

Sample:
HT_ROW31_N705
FastQC already performed for this sample lane
Feb 29 19:06:23 ..... Started STAR run
Feb 29 19:10:24 ..... Started mapping
Feb 29 19:10:41 ..... Started sorting BAM
Feb 29 19:10:41 ..... Finished successfully
STAR alignment complete

End of 1_FQC_StarAlign_NoERCC.sh... Mon Feb 29 19:10:42 PST 2016
