
Starting 1_FQC_StarAlign_NoERCC.sh... Mon Feb 29 15:18:13 PST 2016

Sample:
HT_ROW08_N718
FastQC already performed for this sample lane
Feb 29 15:18:13 ..... Started STAR run
Feb 29 15:18:24 ..... Started mapping
Feb 29 15:18:25 ..... Started sorting BAM
Feb 29 15:18:25 ..... Finished successfully
STAR alignment complete

End of 1_FQC_StarAlign_NoERCC.sh... Mon Feb 29 15:18:25 PST 2016

Starting 1_FQC_StarAlign_NoERCC.sh... Mon Feb 29 17:31:53 PST 2016

Sample:
HT_ROW08_N718
FastQC already performed for this sample lane
Feb 29 17:31:53 ..... Started STAR run
Feb 29 17:32:28 ..... Started mapping
Feb 29 17:32:29 ..... Started sorting BAM
Feb 29 17:32:30 ..... Finished successfully
STAR alignment complete

End of 1_FQC_StarAlign_NoERCC.sh... Mon Feb 29 17:32:30 PST 2016
