
Starting 1_FQC_StarAlign_NoERCC.sh... Mon Feb 29 16:53:13 PST 2016

Sample:
HT_ROW37_N716
FastQC already performed for this sample lane
Feb 29 16:53:13 ..... Started STAR run
Feb 29 16:53:24 ..... Started mapping
Feb 29 16:53:25 ..... Started sorting BAM
Feb 29 16:53:26 ..... Finished successfully
STAR alignment complete

End of 1_FQC_StarAlign_NoERCC.sh... Mon Feb 29 16:53:26 PST 2016

Starting 1_FQC_StarAlign_NoERCC.sh... Mon Feb 29 19:46:08 PST 2016

Sample:
HT_ROW37_N716
FastQC already performed for this sample lane
Feb 29 19:46:08 ..... Started STAR run
Feb 29 19:49:42 ..... Started mapping
Feb 29 19:49:43 ..... Started sorting BAM
Feb 29 19:49:43 ..... Finished successfully
STAR alignment complete

End of 1_FQC_StarAlign_NoERCC.sh... Mon Feb 29 19:49:44 PST 2016
