
Starting 1_FQC_StarAlign_NoERCC.sh... Mon Feb 29 15:24:43 PST 2016

Sample:
HT_ROW11_N716
FastQC already performed for this sample lane
Feb 29 15:24:43 ..... Started STAR run
Feb 29 15:24:55 ..... Started mapping
Feb 29 15:24:56 ..... Started sorting BAM
Feb 29 15:24:57 ..... Finished successfully
STAR alignment complete

End of 1_FQC_StarAlign_NoERCC.sh... Mon Feb 29 15:24:57 PST 2016

Starting 1_FQC_StarAlign_NoERCC.sh... Mon Feb 29 17:43:53 PST 2016

Sample:
HT_ROW11_N716
FastQC already performed for this sample lane
Feb 29 17:43:53 ..... Started STAR run
Feb 29 17:45:43 ..... Started mapping
Feb 29 17:45:44 ..... Started sorting BAM
Feb 29 17:45:44 ..... Finished successfully
STAR alignment complete

End of 1_FQC_StarAlign_NoERCC.sh... Mon Feb 29 17:45:45 PST 2016
