
Starting 1_FQC_StarAlign_NoERCC.sh... Mon Feb 29 16:45:29 PST 2016

Sample:
HT_ROW35_N720
FastQC already performed for this sample lane
Feb 29 16:45:29 ..... Started STAR run
Feb 29 16:46:36 ..... Started mapping
Feb 29 16:46:40 ..... Started sorting BAM
Feb 29 16:46:40 ..... Finished successfully
STAR alignment complete

End of 1_FQC_StarAlign_NoERCC.sh... Mon Feb 29 16:46:41 PST 2016

Starting 1_FQC_StarAlign_NoERCC.sh... Mon Feb 29 19:31:53 PST 2016

Sample:
HT_ROW35_N720
FastQC already performed for this sample lane
Feb 29 19:31:53 ..... Started STAR run
Feb 29 19:36:17 ..... Started mapping
Feb 29 19:36:21 ..... Started sorting BAM
Feb 29 19:36:21 ..... Finished successfully
STAR alignment complete

End of 1_FQC_StarAlign_NoERCC.sh... Mon Feb 29 19:36:23 PST 2016
