
Starting 1_FQC_StarAlign_NoERCC.sh... Mon Feb 29 15:57:13 PST 2016

Sample:
HT_ROW21_N702
FastQC already performed for this sample lane
Feb 29 15:57:13 ..... Started STAR run
Feb 29 15:57:23 ..... Started mapping
Feb 29 15:57:25 ..... Started sorting BAM
Feb 29 15:57:25 ..... Finished successfully
STAR alignment complete

End of 1_FQC_StarAlign_NoERCC.sh... Mon Feb 29 15:57:25 PST 2016

Starting 1_FQC_StarAlign_NoERCC.sh... Mon Feb 29 18:08:08 PST 2016

Sample:
HT_ROW21_N702
FastQC already performed for this sample lane
Feb 29 18:08:08 ..... Started STAR run
Feb 29 18:08:19 ..... Started mapping
Feb 29 18:08:20 ..... Started sorting BAM
Feb 29 18:08:21 ..... Finished successfully
STAR alignment complete

End of 1_FQC_StarAlign_NoERCC.sh... Mon Feb 29 18:08:21 PST 2016
