
Starting 1_FQC_StarAlign_NoERCC.sh... Mon Feb 29 16:30:43 PST 2016

Sample:
HT_ROW31_N722
FastQC already performed for this sample lane
Feb 29 16:30:43 ..... Started STAR run
Feb 29 16:32:11 ..... Started mapping
Feb 29 16:32:12 ..... Started sorting BAM
Feb 29 16:32:12 ..... Finished successfully
STAR alignment complete

End of 1_FQC_StarAlign_NoERCC.sh... Mon Feb 29 16:32:13 PST 2016

Starting 1_FQC_StarAlign_NoERCC.sh... Mon Feb 29 19:09:38 PST 2016

Sample:
HT_ROW31_N722
FastQC already performed for this sample lane
Feb 29 19:09:38 ..... Started STAR run
Feb 29 19:09:51 ..... Started mapping
Feb 29 19:09:52 ..... Started sorting BAM
Feb 29 19:09:52 ..... Finished successfully
STAR alignment complete

End of 1_FQC_StarAlign_NoERCC.sh... Mon Feb 29 19:09:53 PST 2016
