
Starting 1_FQC_StarAlign_NoERCC.sh... Mon Feb 29 15:54:43 PST 2016

Sample:
HT_ROW20_N705
FastQC already performed for this sample lane
Feb 29 15:54:43 ..... Started STAR run
Feb 29 15:57:56 ..... Started mapping
Feb 29 15:58:06 ..... Started sorting BAM
Feb 29 15:58:08 ..... Finished successfully
STAR alignment complete

End of 1_FQC_StarAlign_NoERCC.sh... Mon Feb 29 15:58:08 PST 2016

Starting 1_FQC_StarAlign_NoERCC.sh... Mon Feb 29 18:04:08 PST 2016

Sample:
HT_ROW20_N705
FastQC already performed for this sample lane
Feb 29 18:04:08 ..... Started STAR run
Feb 29 18:04:19 ..... Started mapping
Feb 29 18:04:31 ..... Started sorting BAM
Feb 29 18:04:35 ..... Finished successfully
STAR alignment complete

End of 1_FQC_StarAlign_NoERCC.sh... Mon Feb 29 18:04:35 PST 2016
