
Starting 1_FQC_StarAlign_NoERCC.sh... Mon Feb 29 16:51:28 PST 2016

Sample:
HT_ROW37_N703
FastQC already performed for this sample lane
Feb 29 16:51:28 ..... Started STAR run
Feb 29 16:51:41 ..... Started mapping
Feb 29 16:51:45 ..... Started sorting BAM
Feb 29 16:51:45 ..... Finished successfully
STAR alignment complete

End of 1_FQC_StarAlign_NoERCC.sh... Mon Feb 29 16:51:46 PST 2016

Starting 1_FQC_StarAlign_NoERCC.sh... Mon Feb 29 19:44:53 PST 2016

Sample:
HT_ROW37_N703
FastQC already performed for this sample lane
Feb 29 19:44:53 ..... Started STAR run
Feb 29 19:45:48 ..... Started mapping
Feb 29 19:45:52 ..... Started sorting BAM
Feb 29 19:45:52 ..... Finished successfully
STAR alignment complete

End of 1_FQC_StarAlign_NoERCC.sh... Mon Feb 29 19:45:53 PST 2016
