
Starting 1_FQC_StarAlign_NoERCC.sh... Mon Feb 29 15:57:28 PST 2016

Sample:
HT_ROW21_N711
FastQC already performed for this sample lane
Feb 29 15:57:28 ..... Started STAR run
Feb 29 15:57:40 ..... Started mapping
Feb 29 15:57:55 ..... Started sorting BAM
Feb 29 15:57:55 ..... Finished successfully
STAR alignment complete

End of 1_FQC_StarAlign_NoERCC.sh... Mon Feb 29 15:57:56 PST 2016

Starting 1_FQC_StarAlign_NoERCC.sh... Mon Feb 29 18:08:38 PST 2016

Sample:
HT_ROW21_N711
FastQC already performed for this sample lane
Feb 29 18:08:38 ..... Started STAR run
Feb 29 18:12:04 ..... Started mapping
Feb 29 18:12:19 ..... Started sorting BAM
Feb 29 18:12:20 ..... Finished successfully
STAR alignment complete

End of 1_FQC_StarAlign_NoERCC.sh... Mon Feb 29 18:12:20 PST 2016
