
Starting 1_FQC_StarAlign_NoERCC.sh... Mon Feb 29 15:13:58 PST 2016

Sample:
HT_ROW06_N724
FastQC already performed for this sample lane
Feb 29 15:13:58 ..... Started STAR run
Feb 29 15:14:10 ..... Started mapping
Feb 29 15:14:18 ..... Started sorting BAM
Feb 29 15:14:18 ..... Finished successfully
STAR alignment complete

End of 1_FQC_StarAlign_NoERCC.sh... Mon Feb 29 15:14:18 PST 2016

Starting 1_FQC_StarAlign_NoERCC.sh... Mon Feb 29 17:25:08 PST 2016

Sample:
HT_ROW06_N724
FastQC already performed for this sample lane
Feb 29 17:25:08 ..... Started STAR run
Feb 29 17:30:14 ..... Started mapping
Feb 29 17:30:22 ..... Started sorting BAM
Feb 29 17:30:23 ..... Finished successfully
STAR alignment complete

End of 1_FQC_StarAlign_NoERCC.sh... Mon Feb 29 17:30:23 PST 2016
