
Starting 1_FQC_StarAlign_NoERCC.sh... Mon Feb 29 16:50:28 PST 2016

Sample:
HT_ROW36_N721
FastQC already performed for this sample lane
Feb 29 16:50:28 ..... Started STAR run
Feb 29 16:50:39 ..... Started mapping
Feb 29 16:50:56 ..... Started sorting BAM
Feb 29 16:50:57 ..... Finished successfully
STAR alignment complete

End of 1_FQC_StarAlign_NoERCC.sh... Mon Feb 29 16:50:58 PST 2016

Starting 1_FQC_StarAlign_NoERCC.sh... Mon Feb 29 19:41:53 PST 2016

Sample:
HT_ROW36_N721
FastQC already performed for this sample lane
Feb 29 19:41:53 ..... Started STAR run
Feb 29 19:42:34 ..... Started mapping
Feb 29 19:42:55 ..... Started sorting BAM
Feb 29 19:42:57 ..... Finished successfully
STAR alignment complete

End of 1_FQC_StarAlign_NoERCC.sh... Mon Feb 29 19:42:58 PST 2016
