
Starting 1_FQC_StarAlign_NoERCC.sh... Mon Feb 29 16:26:58 PST 2016

Sample:
HT_ROW31_N707
FastQC already performed for this sample lane
Feb 29 16:26:58 ..... Started STAR run
Feb 29 16:31:19 ..... Started mapping
Feb 29 16:31:21 ..... Started sorting BAM
Feb 29 16:31:21 ..... Finished successfully
STAR alignment complete

End of 1_FQC_StarAlign_NoERCC.sh... Mon Feb 29 16:31:21 PST 2016

Starting 1_FQC_StarAlign_NoERCC.sh... Mon Feb 29 19:06:53 PST 2016

Sample:
HT_ROW31_N707
FastQC already performed for this sample lane
Feb 29 19:06:53 ..... Started STAR run
Feb 29 19:07:04 ..... Started mapping
Feb 29 19:07:05 ..... Started sorting BAM
Feb 29 19:07:05 ..... Finished successfully
STAR alignment complete

End of 1_FQC_StarAlign_NoERCC.sh... Mon Feb 29 19:07:06 PST 2016
