
Starting 1_FQC_StarAlign_NoERCC.sh... Mon Feb 29 16:58:53 PST 2016

Sample:
HT_ROW39_N707
FastQC already performed for this sample lane
Feb 29 16:58:53 ..... Started STAR run
Feb 29 16:59:05 ..... Started mapping
Feb 29 16:59:11 ..... Started sorting BAM
Feb 29 16:59:12 ..... Finished successfully
STAR alignment complete

End of 1_FQC_StarAlign_NoERCC.sh... Mon Feb 29 16:59:13 PST 2016

Starting 1_FQC_StarAlign_NoERCC.sh... Mon Feb 29 19:55:38 PST 2016

Sample:
HT_ROW39_N707
FastQC already performed for this sample lane
Feb 29 19:55:38 ..... Started STAR run
Feb 29 19:55:56 ..... Started mapping
Feb 29 19:56:02 ..... Started sorting BAM
Feb 29 19:56:02 ..... Finished successfully
STAR alignment complete

End of 1_FQC_StarAlign_NoERCC.sh... Mon Feb 29 19:56:03 PST 2016
