
Starting 1_FQC_StarAlign_NoERCC.sh... Mon Feb 29 16:40:13 PST 2016

Sample:
HT_ROW34_N710
FastQC already performed for this sample lane
Feb 29 16:40:13 ..... Started STAR run
Feb 29 16:44:16 ..... Started mapping
Feb 29 16:44:21 ..... Started sorting BAM
Feb 29 16:44:21 ..... Finished successfully
STAR alignment complete

End of 1_FQC_StarAlign_NoERCC.sh... Mon Feb 29 16:44:22 PST 2016

Starting 1_FQC_StarAlign_NoERCC.sh... Mon Feb 29 19:27:53 PST 2016

Sample:
HT_ROW34_N710
FastQC already performed for this sample lane
Feb 29 19:27:53 ..... Started STAR run
Feb 29 19:28:05 ..... Started mapping
Feb 29 19:28:10 ..... Started sorting BAM
Feb 29 19:28:10 ..... Finished successfully
STAR alignment complete

End of 1_FQC_StarAlign_NoERCC.sh... Mon Feb 29 19:28:11 PST 2016
