
Starting 1_FQC_StarAlign_NoERCC.sh... Mon Feb 29 16:19:58 PST 2016

Sample:
HT_ROW30_N703
FastQC already performed for this sample lane
Feb 29 16:19:58 ..... Started STAR run
Feb 29 16:20:10 ..... Started mapping
Feb 29 16:20:13 ..... Started sorting BAM
Feb 29 16:20:14 ..... Finished successfully
STAR alignment complete

End of 1_FQC_StarAlign_NoERCC.sh... Mon Feb 29 16:20:14 PST 2016

Starting 1_FQC_StarAlign_NoERCC.sh... Mon Feb 29 19:02:38 PST 2016

Sample:
HT_ROW30_N703
FastQC already performed for this sample lane
Feb 29 19:02:38 ..... Started STAR run
Feb 29 19:05:27 ..... Started mapping
Feb 29 19:05:31 ..... Started sorting BAM
Feb 29 19:05:31 ..... Finished successfully
STAR alignment complete

End of 1_FQC_StarAlign_NoERCC.sh... Mon Feb 29 19:05:31 PST 2016
