
Starting 1_FQC_StarAlign_NoERCC.sh... Mon Feb 29 15:24:13 PST 2016

Sample:
HT_ROW11_N710
FastQC already performed for this sample lane
Feb 29 15:24:13 ..... Started STAR run
Feb 29 15:24:24 ..... Started mapping
Feb 29 15:24:27 ..... Started sorting BAM
Feb 29 15:24:27 ..... Finished successfully
STAR alignment complete

End of 1_FQC_StarAlign_NoERCC.sh... Mon Feb 29 15:24:28 PST 2016

Starting 1_FQC_StarAlign_NoERCC.sh... Mon Feb 29 17:42:23 PST 2016

Sample:
HT_ROW11_N710
FastQC already performed for this sample lane
Feb 29 17:42:23 ..... Started STAR run
Feb 29 17:42:35 ..... Started mapping
Feb 29 17:42:39 ..... Started sorting BAM
Feb 29 17:42:39 ..... Finished successfully
STAR alignment complete

End of 1_FQC_StarAlign_NoERCC.sh... Mon Feb 29 17:42:40 PST 2016
