
Starting 1_FQC_StarAlign_NoERCC.sh... Mon Feb 29 15:56:13 PST 2016

Sample:
HT_ROW20_N718
FastQC already performed for this sample lane
Feb 29 15:56:13 ..... Started STAR run
Feb 29 15:56:24 ..... Started mapping
Feb 29 15:56:31 ..... Started sorting BAM
Feb 29 15:56:31 ..... Finished successfully
STAR alignment complete

End of 1_FQC_StarAlign_NoERCC.sh... Mon Feb 29 15:56:32 PST 2016

Starting 1_FQC_StarAlign_NoERCC.sh... Mon Feb 29 18:06:08 PST 2016

Sample:
HT_ROW20_N718
FastQC already performed for this sample lane
Feb 29 18:06:08 ..... Started STAR run
Feb 29 18:06:19 ..... Started mapping
Feb 29 18:06:25 ..... Started sorting BAM
Feb 29 18:06:26 ..... Finished successfully
STAR alignment complete

End of 1_FQC_StarAlign_NoERCC.sh... Mon Feb 29 18:06:26 PST 2016
