
Starting 1_FQC_StarAlign_NoERCC.sh... Mon Feb 29 16:01:13 PST 2016

Sample:
HT_ROW22_N716
FastQC already performed for this sample lane
Feb 29 16:01:13 ..... Started STAR run
Feb 29 16:01:24 ..... Started mapping
Feb 29 16:01:28 ..... Started sorting BAM
Feb 29 16:01:29 ..... Finished successfully
STAR alignment complete

End of 1_FQC_StarAlign_NoERCC.sh... Mon Feb 29 16:01:29 PST 2016

Starting 1_FQC_StarAlign_NoERCC.sh... Mon Feb 29 18:12:23 PST 2016

Sample:
HT_ROW22_N716
FastQC already performed for this sample lane
Feb 29 18:12:23 ..... Started STAR run
Feb 29 18:12:33 ..... Started mapping
Feb 29 18:12:38 ..... Started sorting BAM
Feb 29 18:12:38 ..... Finished successfully
STAR alignment complete

End of 1_FQC_StarAlign_NoERCC.sh... Mon Feb 29 18:12:38 PST 2016
