
Starting 1_FQC_StarAlign_NoERCC.sh... Mon Feb 29 15:21:43 PST 2016

Sample:
HT_ROW10_N704
FastQC already performed for this sample lane
Feb 29 15:21:43 ..... Started STAR run
Feb 29 15:21:55 ..... Started mapping
Feb 29 15:22:05 ..... Started sorting BAM
Feb 29 15:22:05 ..... Finished successfully
STAR alignment complete

End of 1_FQC_StarAlign_NoERCC.sh... Mon Feb 29 15:22:06 PST 2016

Starting 1_FQC_StarAlign_NoERCC.sh... Mon Feb 29 17:37:53 PST 2016

Sample:
HT_ROW10_N704
FastQC already performed for this sample lane
Feb 29 17:37:53 ..... Started STAR run
Feb 29 17:38:04 ..... Started mapping
Feb 29 17:38:14 ..... Started sorting BAM
Feb 29 17:38:15 ..... Finished successfully
STAR alignment complete

End of 1_FQC_StarAlign_NoERCC.sh... Mon Feb 29 17:38:16 PST 2016
