
Starting 1_FQC_StarAlign_NoERCC.sh... Mon Feb 29 15:06:58 PST 2016

Sample:
HT_ROW04_N703
FastQC already performed for this sample lane
Feb 29 15:06:58 ..... Started STAR run
Feb 29 15:07:09 ..... Started mapping
Feb 29 15:07:10 ..... Started sorting BAM
Feb 29 15:07:10 ..... Finished successfully
STAR alignment complete

End of 1_FQC_StarAlign_NoERCC.sh... Mon Feb 29 15:07:10 PST 2016

Starting 1_FQC_StarAlign_NoERCC.sh... Mon Feb 29 17:13:23 PST 2016

Sample:
HT_ROW04_N703
FastQC already performed for this sample lane
Feb 29 17:13:23 ..... Started STAR run
Feb 29 17:15:56 ..... Started mapping
Feb 29 17:15:57 ..... Started sorting BAM
Feb 29 17:15:57 ..... Finished successfully
STAR alignment complete

End of 1_FQC_StarAlign_NoERCC.sh... Mon Feb 29 17:15:58 PST 2016
