
Starting 1_FQC_StarAlign_NoERCC.sh... Mon Feb 29 16:44:43 PST 2016

Sample:
HT_ROW35_N711
FastQC already performed for this sample lane
Feb 29 16:44:43 ..... Started STAR run
Feb 29 16:49:06 ..... Started mapping
Feb 29 16:49:23 ..... Started sorting BAM
Feb 29 16:49:23 ..... Finished successfully
STAR alignment complete

End of 1_FQC_StarAlign_NoERCC.sh... Mon Feb 29 16:49:24 PST 2016

Starting 1_FQC_StarAlign_NoERCC.sh... Mon Feb 29 19:30:38 PST 2016

Sample:
HT_ROW35_N711
FastQC already performed for this sample lane
Feb 29 19:30:38 ..... Started STAR run
Feb 29 19:30:58 ..... Started mapping
Feb 29 19:31:14 ..... Started sorting BAM
Feb 29 19:31:16 ..... Finished successfully
STAR alignment complete

End of 1_FQC_StarAlign_NoERCC.sh... Mon Feb 29 19:31:16 PST 2016
