
Starting 1_FQC_StarAlign_NoERCC.sh... Mon Feb 29 16:07:43 PST 2016

Sample:
HT_ROW25_N714
FastQC already performed for this sample lane
Feb 29 16:07:43 ..... Started STAR run
Feb 29 16:07:55 ..... Started mapping
Feb 29 16:08:11 ..... Started sorting BAM
Feb 29 16:08:11 ..... Finished successfully
STAR alignment complete

End of 1_FQC_StarAlign_NoERCC.sh... Mon Feb 29 16:08:11 PST 2016

Starting 1_FQC_StarAlign_NoERCC.sh... Mon Feb 29 18:26:08 PST 2016

Sample:
HT_ROW25_N714
FastQC already performed for this sample lane
Feb 29 18:26:08 ..... Started STAR run
Feb 29 18:26:20 ..... Started mapping
Feb 29 18:26:36 ..... Started sorting BAM
Feb 29 18:26:36 ..... Finished successfully
STAR alignment complete

End of 1_FQC_StarAlign_NoERCC.sh... Mon Feb 29 18:26:37 PST 2016
