
Starting 1_FQC_StarAlign_NoERCC.sh... Mon Feb 29 15:20:43 PST 2016

Sample:
HT_ROW09_N724
FastQC already performed for this sample lane
Feb 29 15:20:43 ..... Started STAR run
Feb 29 15:20:54 ..... Started mapping
Feb 29 15:21:10 ..... Started sorting BAM
Feb 29 15:21:10 ..... Finished successfully
STAR alignment complete

End of 1_FQC_StarAlign_NoERCC.sh... Mon Feb 29 15:21:10 PST 2016

Starting 1_FQC_StarAlign_NoERCC.sh... Mon Feb 29 17:36:53 PST 2016

Sample:
HT_ROW09_N724
FastQC already performed for this sample lane
Feb 29 17:36:53 ..... Started STAR run
Feb 29 17:37:05 ..... Started mapping
Feb 29 17:37:20 ..... Started sorting BAM
Feb 29 17:37:20 ..... Finished successfully
STAR alignment complete

End of 1_FQC_StarAlign_NoERCC.sh... Mon Feb 29 17:37:21 PST 2016
