
Starting 1_FQC_StarAlign_NoERCC.sh... Mon Feb 29 14:59:43 PST 2016

Sample:
HT_ROW02_N711
FastQC already performed for this sample lane
Feb 29 14:59:43 ..... Started STAR run
Feb 29 14:59:56 ..... Started mapping
Feb 29 15:00:13 ..... Started sorting BAM
Feb 29 15:00:13 ..... Finished successfully
STAR alignment complete

End of 1_FQC_StarAlign_NoERCC.sh... Mon Feb 29 15:00:14 PST 2016

Starting 1_FQC_StarAlign_NoERCC.sh... Mon Feb 29 17:07:53 PST 2016

Sample:
HT_ROW02_N711
FastQC already performed for this sample lane
Feb 29 17:07:53 ..... Started STAR run
Feb 29 17:08:04 ..... Started mapping
Feb 29 17:08:20 ..... Started sorting BAM
Feb 29 17:08:21 ..... Finished successfully
STAR alignment complete

End of 1_FQC_StarAlign_NoERCC.sh... Mon Feb 29 17:08:22 PST 2016
