
Starting 1_FQC_StarAlign_NoERCC.sh... Mon Feb 29 15:43:13 PST 2016

Sample:
HT_ROW17_N701
FastQC already performed for this sample lane
Feb 29 15:43:13 ..... Started STAR run
Feb 29 15:43:25 ..... Started mapping
Feb 29 15:43:29 ..... Started sorting BAM
Feb 29 15:43:30 ..... Finished successfully
STAR alignment complete

End of 1_FQC_StarAlign_NoERCC.sh... Mon Feb 29 15:43:31 PST 2016

Starting 1_FQC_StarAlign_NoERCC.sh... Mon Feb 29 17:57:08 PST 2016

Sample:
HT_ROW17_N701
FastQC already performed for this sample lane
Feb 29 17:57:08 ..... Started STAR run
Feb 29 17:57:19 ..... Started mapping
Feb 29 17:57:24 ..... Started sorting BAM
Feb 29 17:57:25 ..... Finished successfully
STAR alignment complete

End of 1_FQC_StarAlign_NoERCC.sh... Mon Feb 29 17:57:25 PST 2016
