
Starting 1_FQC_StarAlign_NoERCC.sh... Mon Feb 29 16:52:43 PST 2016

Sample:
HT_ROW37_N714
FastQC already performed for this sample lane
Feb 29 16:52:43 ..... Started STAR run
Feb 29 16:52:55 ..... Started mapping
Feb 29 16:52:56 ..... Started sorting BAM
Feb 29 16:52:57 ..... Finished successfully
STAR alignment complete

End of 1_FQC_StarAlign_NoERCC.sh... Mon Feb 29 16:52:57 PST 2016

Starting 1_FQC_StarAlign_NoERCC.sh... Mon Feb 29 19:45:53 PST 2016

Sample:
HT_ROW37_N714
FastQC already performed for this sample lane
Feb 29 19:45:53 ..... Started STAR run
Feb 29 19:49:48 ..... Started mapping
Feb 29 19:49:50 ..... Started sorting BAM
Feb 29 19:49:50 ..... Finished successfully
STAR alignment complete

End of 1_FQC_StarAlign_NoERCC.sh... Mon Feb 29 19:49:51 PST 2016
