
Starting 1_FQC_StarAlign_NoERCC.sh... Mon Feb 29 15:17:13 PST 2016

Sample:
HT_ROW08_N707
FastQC already performed for this sample lane
Feb 29 15:17:13 ..... Started STAR run
Feb 29 15:17:24 ..... Started mapping
Feb 29 15:17:25 ..... Started sorting BAM
Feb 29 15:17:25 ..... Finished successfully
STAR alignment complete

End of 1_FQC_StarAlign_NoERCC.sh... Mon Feb 29 15:17:26 PST 2016

Starting 1_FQC_StarAlign_NoERCC.sh... Mon Feb 29 17:30:38 PST 2016

Sample:
HT_ROW08_N707
FastQC already performed for this sample lane
Feb 29 17:30:38 ..... Started STAR run
Feb 29 17:34:30 ..... Started mapping
Feb 29 17:34:31 ..... Started sorting BAM
Feb 29 17:34:31 ..... Finished successfully
STAR alignment complete

End of 1_FQC_StarAlign_NoERCC.sh... Mon Feb 29 17:34:32 PST 2016
