
Starting 1_FQC_StarAlign_NoERCC.sh... Mon Feb 29 15:13:13 PST 2016

Sample:
HT_ROW06_N719
FastQC already performed for this sample lane
Feb 29 15:13:13 ..... Started STAR run
Feb 29 15:13:24 ..... Started mapping
Feb 29 15:13:35 ..... Started sorting BAM
Feb 29 15:13:36 ..... Finished successfully
STAR alignment complete

End of 1_FQC_StarAlign_NoERCC.sh... Mon Feb 29 15:13:36 PST 2016

Starting 1_FQC_StarAlign_NoERCC.sh... Mon Feb 29 17:24:53 PST 2016

Sample:
HT_ROW06_N719
FastQC already performed for this sample lane
Feb 29 17:24:53 ..... Started STAR run
Feb 29 17:30:08 ..... Started mapping
Feb 29 17:30:20 ..... Started sorting BAM
Feb 29 17:30:20 ..... Finished successfully
STAR alignment complete

End of 1_FQC_StarAlign_NoERCC.sh... Mon Feb 29 17:30:21 PST 2016
