
Starting 1_FQC_StarAlign_NoERCC.sh... Mon Feb 29 16:27:28 PST 2016

Sample:
HT_ROW31_N714
FastQC already performed for this sample lane
Feb 29 16:27:28 ..... Started STAR run
Feb 29 16:29:30 ..... Started mapping
Feb 29 16:29:42 ..... Started sorting BAM
Feb 29 16:29:42 ..... Finished successfully
STAR alignment complete

End of 1_FQC_StarAlign_NoERCC.sh... Mon Feb 29 16:29:43 PST 2016

Starting 1_FQC_StarAlign_NoERCC.sh... Mon Feb 29 19:07:53 PST 2016

Sample:
HT_ROW31_N714
FastQC already performed for this sample lane
Feb 29 19:07:53 ..... Started STAR run
Feb 29 19:08:18 ..... Started mapping
Feb 29 19:08:31 ..... Started sorting BAM
Feb 29 19:08:32 ..... Finished successfully
STAR alignment complete

End of 1_FQC_StarAlign_NoERCC.sh... Mon Feb 29 19:08:33 PST 2016
