
Starting 1_FQC_StarAlign_NoERCC.sh... Mon Feb 29 16:53:28 PST 2016

Sample:
HT_ROW37_N718
FastQC already performed for this sample lane
Feb 29 16:53:28 ..... Started STAR run
Feb 29 16:53:39 ..... Started mapping
Feb 29 16:53:41 ..... Started sorting BAM
Feb 29 16:53:41 ..... Finished successfully
STAR alignment complete

End of 1_FQC_StarAlign_NoERCC.sh... Mon Feb 29 16:53:42 PST 2016

Starting 1_FQC_StarAlign_NoERCC.sh... Mon Feb 29 19:49:53 PST 2016

Sample:
HT_ROW37_N718
FastQC already performed for this sample lane
Feb 29 19:49:53 ..... Started STAR run
Feb 29 19:51:14 ..... Started mapping
Feb 29 19:51:17 ..... Started sorting BAM
Feb 29 19:51:17 ..... Finished successfully
STAR alignment complete

End of 1_FQC_StarAlign_NoERCC.sh... Mon Feb 29 19:51:18 PST 2016
