
Starting 1_FQC_StarAlign_NoERCC.sh... Mon Feb 29 16:09:28 PST 2016

Sample:
HT_ROW26_N704
FastQC already performed for this sample lane
Feb 29 16:09:28 ..... Started STAR run
Feb 29 16:09:56 ..... Started mapping
Feb 29 16:09:59 ..... Started sorting BAM
Feb 29 16:09:59 ..... Finished successfully
STAR alignment complete

End of 1_FQC_StarAlign_NoERCC.sh... Mon Feb 29 16:10:00 PST 2016

Starting 1_FQC_StarAlign_NoERCC.sh... Mon Feb 29 18:30:23 PST 2016

Sample:
HT_ROW26_N704
FastQC already performed for this sample lane
Feb 29 18:30:23 ..... Started STAR run
Feb 29 18:30:35 ..... Started mapping
Feb 29 18:30:39 ..... Started sorting BAM
Feb 29 18:30:39 ..... Finished successfully
STAR alignment complete

End of 1_FQC_StarAlign_NoERCC.sh... Mon Feb 29 18:30:41 PST 2016
