
Starting 1_FQC_StarAlign_NoERCC.sh... Mon Feb 29 16:16:58 PST 2016

Sample:
HT_ROW29_N711
FastQC already performed for this sample lane
Feb 29 16:16:58 ..... Started STAR run
Feb 29 16:17:09 ..... Started mapping
Feb 29 16:17:27 ..... Started sorting BAM
Feb 29 16:17:28 ..... Finished successfully
STAR alignment complete

End of 1_FQC_StarAlign_NoERCC.sh... Mon Feb 29 16:17:28 PST 2016

Starting 1_FQC_StarAlign_NoERCC.sh... Mon Feb 29 18:57:53 PST 2016

Sample:
HT_ROW29_N711
FastQC already performed for this sample lane
Feb 29 18:57:53 ..... Started STAR run
Feb 29 18:58:29 ..... Started mapping
Feb 29 18:58:55 ..... Started sorting BAM
Feb 29 18:58:57 ..... Finished successfully
STAR alignment complete

End of 1_FQC_StarAlign_NoERCC.sh... Mon Feb 29 18:58:57 PST 2016
