
Starting 1_FQC_StarAlign_NoERCC.sh... Mon Feb 29 16:10:13 PST 2016

Sample:
HT_ROW26_N715
FastQC already performed for this sample lane
Feb 29 16:10:13 ..... Started STAR run
Feb 29 16:10:45 ..... Started mapping
Feb 29 16:10:52 ..... Started sorting BAM
Feb 29 16:10:52 ..... Finished successfully
STAR alignment complete

End of 1_FQC_StarAlign_NoERCC.sh... Mon Feb 29 16:10:52 PST 2016

Starting 1_FQC_StarAlign_NoERCC.sh... Mon Feb 29 18:34:08 PST 2016

Sample:
HT_ROW26_N715
FastQC already performed for this sample lane
Feb 29 18:34:08 ..... Started STAR run
Feb 29 18:38:23 ..... Started mapping
Feb 29 18:38:31 ..... Started sorting BAM
Feb 29 18:38:32 ..... Finished successfully
STAR alignment complete

End of 1_FQC_StarAlign_NoERCC.sh... Mon Feb 29 18:38:33 PST 2016
