
Starting 1_FQC_StarAlign_NoERCC.sh... Mon Feb 29 15:30:43 PST 2016

Sample:
HT_ROW13_N722
FastQC already performed for this sample lane
Feb 29 15:30:43 ..... Started STAR run
Feb 29 15:30:55 ..... Started mapping
Feb 29 15:30:56 ..... Started sorting BAM
Feb 29 15:30:57 ..... Finished successfully
STAR alignment complete

End of 1_FQC_StarAlign_NoERCC.sh... Mon Feb 29 15:30:57 PST 2016

Starting 1_FQC_StarAlign_NoERCC.sh... Mon Feb 29 17:50:08 PST 2016

Sample:
HT_ROW13_N722
FastQC already performed for this sample lane
Feb 29 17:50:08 ..... Started STAR run
Feb 29 17:51:07 ..... Started mapping
Feb 29 17:51:09 ..... Started sorting BAM
Feb 29 17:51:09 ..... Finished successfully
STAR alignment complete

End of 1_FQC_StarAlign_NoERCC.sh... Mon Feb 29 17:51:10 PST 2016
