
Starting 1_FQC_StarAlign_NoERCC.sh... Mon Feb 29 15:06:28 PST 2016

Sample:
HT_ROW03_N723
FastQC already performed for this sample lane
Feb 29 15:06:28 ..... Started STAR run
Feb 29 15:06:40 ..... Started mapping
Feb 29 15:06:55 ..... Started sorting BAM
Feb 29 15:06:56 ..... Finished successfully
STAR alignment complete

End of 1_FQC_StarAlign_NoERCC.sh... Mon Feb 29 15:06:56 PST 2016

Starting 1_FQC_StarAlign_NoERCC.sh... Mon Feb 29 17:12:53 PST 2016

Sample:
HT_ROW03_N723
FastQC already performed for this sample lane
Feb 29 17:12:53 ..... Started STAR run
Feb 29 17:15:34 ..... Started mapping
Feb 29 17:15:50 ..... Started sorting BAM
Feb 29 17:15:51 ..... Finished successfully
STAR alignment complete

End of 1_FQC_StarAlign_NoERCC.sh... Mon Feb 29 17:15:51 PST 2016
