
Starting 1_FQC_StarAlign_NoERCC.sh... Mon Feb 29 15:31:43 PST 2016

Sample:
HT_ROW14_N704
FastQC already performed for this sample lane
Feb 29 15:31:43 ..... Started STAR run
Feb 29 15:31:54 ..... Started mapping
Feb 29 15:32:04 ..... Started sorting BAM
Feb 29 15:32:04 ..... Finished successfully
STAR alignment complete

End of 1_FQC_StarAlign_NoERCC.sh... Mon Feb 29 15:32:04 PST 2016

Starting 1_FQC_StarAlign_NoERCC.sh... Mon Feb 29 17:50:38 PST 2016

Sample:
HT_ROW14_N704
FastQC already performed for this sample lane
Feb 29 17:50:38 ..... Started STAR run
Feb 29 17:52:38 ..... Started mapping
Feb 29 17:52:48 ..... Started sorting BAM
Feb 29 17:52:48 ..... Finished successfully
STAR alignment complete

End of 1_FQC_StarAlign_NoERCC.sh... Mon Feb 29 17:52:49 PST 2016
