
Starting 1_FQC_StarAlign_NoERCC.sh... Mon Feb 29 16:11:58 PST 2016

Sample:
HT_ROW27_N714
FastQC already performed for this sample lane
Feb 29 16:11:58 ..... Started STAR run
Feb 29 16:12:25 ..... Started mapping
Feb 29 16:12:29 ..... Started sorting BAM
Feb 29 16:12:29 ..... Finished successfully
STAR alignment complete

End of 1_FQC_StarAlign_NoERCC.sh... Mon Feb 29 16:12:30 PST 2016

Starting 1_FQC_StarAlign_NoERCC.sh... Mon Feb 29 18:40:23 PST 2016

Sample:
HT_ROW27_N714
FastQC already performed for this sample lane
Feb 29 18:40:23 ..... Started STAR run
Feb 29 18:45:18 ..... Started mapping
Feb 29 18:45:23 ..... Started sorting BAM
Feb 29 18:45:23 ..... Finished successfully
STAR alignment complete

End of 1_FQC_StarAlign_NoERCC.sh... Mon Feb 29 18:45:24 PST 2016
