
Starting 1_FQC_StarAlign_NoERCC.sh... Mon Feb 29 16:58:53 PST 2016

Sample:
HT_ROW39_N710
FastQC already performed for this sample lane
Feb 29 16:58:53 ..... Started STAR run
Feb 29 16:59:04 ..... Started mapping
Feb 29 16:59:05 ..... Started sorting BAM
Feb 29 16:59:06 ..... Finished successfully
STAR alignment complete

End of 1_FQC_StarAlign_NoERCC.sh... Mon Feb 29 16:59:07 PST 2016

Starting 1_FQC_StarAlign_NoERCC.sh... Mon Feb 29 19:55:53 PST 2016

Sample:
HT_ROW39_N710
FastQC already performed for this sample lane
Feb 29 19:55:53 ..... Started STAR run
Feb 29 19:56:07 ..... Started mapping
Feb 29 19:56:09 ..... Started sorting BAM
Feb 29 19:56:09 ..... Finished successfully
STAR alignment complete

End of 1_FQC_StarAlign_NoERCC.sh... Mon Feb 29 19:56:09 PST 2016
