
Starting 1_FQC_StarAlign_NoERCC.sh... Mon Feb 29 16:03:13 PST 2016

Sample:
HT_ROW23_N710
FastQC already performed for this sample lane
Feb 29 16:03:13 ..... Started STAR run
Feb 29 16:03:25 ..... Started mapping
Feb 29 16:03:26 ..... Started sorting BAM
Feb 29 16:03:26 ..... Finished successfully
STAR alignment complete

End of 1_FQC_StarAlign_NoERCC.sh... Mon Feb 29 16:03:26 PST 2016

Starting 1_FQC_StarAlign_NoERCC.sh... Mon Feb 29 18:15:23 PST 2016

Sample:
HT_ROW23_N710
FastQC already performed for this sample lane
Feb 29 18:15:23 ..... Started STAR run
Feb 29 18:15:36 ..... Started mapping
Feb 29 18:15:36 ..... Started sorting BAM
Feb 29 18:15:37 ..... Finished successfully
STAR alignment complete

End of 1_FQC_StarAlign_NoERCC.sh... Mon Feb 29 18:15:37 PST 2016
