
Starting 1_FQC_StarAlign_NoERCC.sh... Mon Feb 29 15:11:43 PST 2016

Sample:
HT_ROW06_N702
FastQC already performed for this sample lane
Feb 29 15:11:43 ..... Started STAR run
Feb 29 15:15:11 ..... Started mapping
Feb 29 15:15:14 ..... Started sorting BAM
Feb 29 15:15:14 ..... Finished successfully
STAR alignment complete

End of 1_FQC_StarAlign_NoERCC.sh... Mon Feb 29 15:15:14 PST 2016

Starting 1_FQC_StarAlign_NoERCC.sh... Mon Feb 29 17:21:08 PST 2016

Sample:
HT_ROW06_N702
FastQC already performed for this sample lane
Feb 29 17:21:08 ..... Started STAR run
Feb 29 17:21:21 ..... Started mapping
Feb 29 17:21:24 ..... Started sorting BAM
Feb 29 17:21:24 ..... Finished successfully
STAR alignment complete

End of 1_FQC_StarAlign_NoERCC.sh... Mon Feb 29 17:21:25 PST 2016
