
Starting 1_FQC_StarAlign_NoERCC.sh... Mon Feb 29 14:55:43 PST 2016

Sample:
HT_ROW01_N718
FastQC already performed for this sample lane
Feb 29 14:55:43 ..... Started STAR run
Feb 29 14:57:45 ..... Started mapping
Feb 29 14:57:54 ..... Started sorting BAM
Feb 29 14:57:54 ..... Finished successfully
STAR alignment complete

End of 1_FQC_StarAlign_NoERCC.sh... Mon Feb 29 14:57:55 PST 2016

Starting 1_FQC_StarAlign_NoERCC.sh... Mon Feb 29 17:04:38 PST 2016

Sample:
HT_ROW01_N718
FastQC already performed for this sample lane
Feb 29 17:04:38 ..... Started STAR run
Feb 29 17:05:44 ..... Started mapping
Feb 29 17:05:55 ..... Started sorting BAM
Feb 29 17:05:55 ..... Finished successfully
STAR alignment complete

End of 1_FQC_StarAlign_NoERCC.sh... Mon Feb 29 17:05:56 PST 2016
