
Starting 1_FQC_StarAlign_NoERCC.sh... Mon Feb 29 16:50:28 PST 2016

Sample:
HT_ROW36_N722
FastQC already performed for this sample lane
Feb 29 16:50:28 ..... Started STAR run
Feb 29 16:50:39 ..... Started mapping
Feb 29 16:50:42 ..... Started sorting BAM
Feb 29 16:50:42 ..... Finished successfully
STAR alignment complete

End of 1_FQC_StarAlign_NoERCC.sh... Mon Feb 29 16:50:43 PST 2016

Starting 1_FQC_StarAlign_NoERCC.sh... Mon Feb 29 19:42:53 PST 2016

Sample:
HT_ROW36_N722
FastQC already performed for this sample lane
Feb 29 19:42:53 ..... Started STAR run
Feb 29 19:44:08 ..... Started mapping
Feb 29 19:44:11 ..... Started sorting BAM
Feb 29 19:44:11 ..... Finished successfully
STAR alignment complete

End of 1_FQC_StarAlign_NoERCC.sh... Mon Feb 29 19:44:12 PST 2016
