
Starting 1_FQC_StarAlign_NoERCC.sh... Mon Feb 29 16:01:58 PST 2016

Sample:
HT_ROW22_N721
FastQC already performed for this sample lane
Feb 29 16:01:58 ..... Started STAR run
Feb 29 16:03:17 ..... Started mapping
Feb 29 16:03:33 ..... Started sorting BAM
Feb 29 16:03:34 ..... Finished successfully
STAR alignment complete

End of 1_FQC_StarAlign_NoERCC.sh... Mon Feb 29 16:03:34 PST 2016

Starting 1_FQC_StarAlign_NoERCC.sh... Mon Feb 29 18:13:23 PST 2016

Sample:
HT_ROW22_N721
FastQC already performed for this sample lane
Feb 29 18:13:23 ..... Started STAR run
Feb 29 18:13:36 ..... Started mapping
Feb 29 18:13:52 ..... Started sorting BAM
Feb 29 18:13:52 ..... Finished successfully
STAR alignment complete

End of 1_FQC_StarAlign_NoERCC.sh... Mon Feb 29 18:13:53 PST 2016
