
Starting 1_FQC_StarAlign_NoERCC.sh... Mon Feb 29 15:13:58 PST 2016

Sample:
HT_ROW07_N701
FastQC already performed for this sample lane
Feb 29 15:13:58 ..... Started STAR run
Feb 29 15:14:13 ..... Started mapping
Feb 29 15:14:17 ..... Started sorting BAM
Feb 29 15:14:18 ..... Finished successfully
STAR alignment complete

End of 1_FQC_StarAlign_NoERCC.sh... Mon Feb 29 15:14:18 PST 2016

Starting 1_FQC_StarAlign_NoERCC.sh... Mon Feb 29 17:25:23 PST 2016

Sample:
HT_ROW07_N701
FastQC already performed for this sample lane
Feb 29 17:25:23 ..... Started STAR run
Feb 29 17:25:35 ..... Started mapping
Feb 29 17:25:40 ..... Started sorting BAM
Feb 29 17:25:40 ..... Finished successfully
STAR alignment complete

End of 1_FQC_StarAlign_NoERCC.sh... Mon Feb 29 17:25:41 PST 2016
