
Starting 1_FQC_StarAlign_NoERCC.sh... Mon Feb 29 15:26:58 PST 2016

Sample:
HT_ROW12_N711
FastQC already performed for this sample lane
Feb 29 15:26:58 ..... Started STAR run
Feb 29 15:27:09 ..... Started mapping
Feb 29 15:27:26 ..... Started sorting BAM
Feb 29 15:27:26 ..... Finished successfully
STAR alignment complete

End of 1_FQC_StarAlign_NoERCC.sh... Mon Feb 29 15:27:27 PST 2016

Starting 1_FQC_StarAlign_NoERCC.sh... Mon Feb 29 17:45:53 PST 2016

Sample:
HT_ROW12_N711
FastQC already performed for this sample lane
Feb 29 17:45:53 ..... Started STAR run
Feb 29 17:47:28 ..... Started mapping
Feb 29 17:47:44 ..... Started sorting BAM
Feb 29 17:47:45 ..... Finished successfully
STAR alignment complete

End of 1_FQC_StarAlign_NoERCC.sh... Mon Feb 29 17:47:45 PST 2016
