
Starting 1_FQC_StarAlign_NoERCC.sh... Mon Feb 29 15:33:43 PST 2016

Sample:
HT_ROW14_N723
FastQC already performed for this sample lane
Feb 29 15:33:43 ..... Started STAR run
Feb 29 15:33:54 ..... Started mapping
Feb 29 15:33:56 ..... Started sorting BAM
Feb 29 15:33:57 ..... Finished successfully
STAR alignment complete

End of 1_FQC_StarAlign_NoERCC.sh... Mon Feb 29 15:33:57 PST 2016

Starting 1_FQC_StarAlign_NoERCC.sh... Mon Feb 29 17:52:53 PST 2016

Sample:
HT_ROW14_N723
FastQC already performed for this sample lane
Feb 29 17:52:53 ..... Started STAR run
Feb 29 17:54:04 ..... Started mapping
Feb 29 17:54:06 ..... Started sorting BAM
Feb 29 17:54:06 ..... Finished successfully
STAR alignment complete

End of 1_FQC_StarAlign_NoERCC.sh... Mon Feb 29 17:54:07 PST 2016
