
Starting 1_FQC_StarAlign_NoERCC.sh... Mon Feb 29 15:23:28 PST 2016

Sample:
HT_ROW10_N723
FastQC already performed for this sample lane
Feb 29 15:23:28 ..... Started STAR run
Feb 29 15:23:40 ..... Started mapping
Feb 29 15:23:55 ..... Started sorting BAM
Feb 29 15:23:56 ..... Finished successfully
STAR alignment complete

End of 1_FQC_StarAlign_NoERCC.sh... Mon Feb 29 15:23:56 PST 2016

Starting 1_FQC_StarAlign_NoERCC.sh... Mon Feb 29 17:40:38 PST 2016

Sample:
HT_ROW10_N723
FastQC already performed for this sample lane
Feb 29 17:40:38 ..... Started STAR run
Feb 29 17:45:41 ..... Started mapping
Feb 29 17:45:57 ..... Started sorting BAM
Feb 29 17:45:57 ..... Finished successfully
STAR alignment complete

End of 1_FQC_StarAlign_NoERCC.sh... Mon Feb 29 17:45:58 PST 2016
