
Starting 1_FQC_StarAlign_NoERCC.sh... Mon Feb 29 15:14:43 PST 2016

Sample:
HT_ROW07_N706
FastQC already performed for this sample lane
Feb 29 15:14:43 ..... Started STAR run
Feb 29 15:14:55 ..... Started mapping
Feb 29 15:15:03 ..... Started sorting BAM
Feb 29 15:15:03 ..... Finished successfully
STAR alignment complete

End of 1_FQC_StarAlign_NoERCC.sh... Mon Feb 29 15:15:03 PST 2016

Starting 1_FQC_StarAlign_NoERCC.sh... Mon Feb 29 17:25:53 PST 2016

Sample:
HT_ROW07_N706
FastQC already performed for this sample lane
Feb 29 17:25:53 ..... Started STAR run
Feb 29 17:30:55 ..... Started mapping
Feb 29 17:31:08 ..... Started sorting BAM
Feb 29 17:31:10 ..... Finished successfully
STAR alignment complete

End of 1_FQC_StarAlign_NoERCC.sh... Mon Feb 29 17:31:11 PST 2016
