
Starting 1_FQC_StarAlign_NoERCC.sh... Mon Feb 29 15:22:43 PST 2016

Sample:
HT_ROW10_N714
FastQC already performed for this sample lane
Feb 29 15:22:43 ..... Started STAR run
Feb 29 15:22:54 ..... Started mapping
Feb 29 15:23:03 ..... Started sorting BAM
Feb 29 15:23:04 ..... Finished successfully
STAR alignment complete

End of 1_FQC_StarAlign_NoERCC.sh... Mon Feb 29 15:23:04 PST 2016

Starting 1_FQC_StarAlign_NoERCC.sh... Mon Feb 29 17:39:38 PST 2016

Sample:
HT_ROW10_N714
FastQC already performed for this sample lane
Feb 29 17:39:38 ..... Started STAR run
Feb 29 17:39:50 ..... Started mapping
Feb 29 17:40:00 ..... Started sorting BAM
Feb 29 17:40:00 ..... Finished successfully
STAR alignment complete

End of 1_FQC_StarAlign_NoERCC.sh... Mon Feb 29 17:40:01 PST 2016
