
Starting 1_FQC_StarAlign_NoERCC.sh... Mon Feb 29 15:11:28 PST 2016

Sample:
HT_ROW05_N723
FastQC already performed for this sample lane
Feb 29 15:11:28 ..... Started STAR run
Feb 29 15:11:40 ..... Started mapping
Feb 29 15:11:52 ..... Started sorting BAM
Feb 29 15:11:52 ..... Finished successfully
STAR alignment complete

End of 1_FQC_StarAlign_NoERCC.sh... Mon Feb 29 15:11:53 PST 2016

Starting 1_FQC_StarAlign_NoERCC.sh... Mon Feb 29 17:20:38 PST 2016

Sample:
HT_ROW05_N723
FastQC already performed for this sample lane
Feb 29 17:20:38 ..... Started STAR run
Feb 29 17:24:59 ..... Started mapping
Feb 29 17:25:11 ..... Started sorting BAM
Feb 29 17:25:12 ..... Finished successfully
STAR alignment complete

End of 1_FQC_StarAlign_NoERCC.sh... Mon Feb 29 17:25:13 PST 2016
