
Starting 1_FQC_StarAlign_NoERCC.sh... Mon Feb 29 15:41:43 PST 2016

Sample:
HT_ROW16_N718
FastQC already performed for this sample lane
Feb 29 15:41:43 ..... Started STAR run
Feb 29 15:45:50 ..... Started mapping
Feb 29 15:45:54 ..... Started sorting BAM
Feb 29 15:45:54 ..... Finished successfully
STAR alignment complete

End of 1_FQC_StarAlign_NoERCC.sh... Mon Feb 29 15:45:55 PST 2016

Starting 1_FQC_StarAlign_NoERCC.sh... Mon Feb 29 17:56:23 PST 2016

Sample:
HT_ROW16_N718
FastQC already performed for this sample lane
Feb 29 17:56:23 ..... Started STAR run
Feb 29 17:56:51 ..... Started mapping
Feb 29 17:56:54 ..... Started sorting BAM
Feb 29 17:56:54 ..... Finished successfully
STAR alignment complete

End of 1_FQC_StarAlign_NoERCC.sh... Mon Feb 29 17:56:54 PST 2016
