
Starting 1_FQC_StarAlign_NoERCC.sh... Mon Feb 29 15:46:43 PST 2016

Sample:
HT_ROW18_N702
FastQC already performed for this sample lane
Feb 29 15:46:43 ..... Started STAR run
Feb 29 15:46:55 ..... Started mapping
Feb 29 15:46:57 ..... Started sorting BAM
Feb 29 15:46:57 ..... Finished successfully
STAR alignment complete

End of 1_FQC_StarAlign_NoERCC.sh... Mon Feb 29 15:46:58 PST 2016

Starting 1_FQC_StarAlign_NoERCC.sh... Mon Feb 29 17:58:53 PST 2016

Sample:
HT_ROW18_N702
FastQC already performed for this sample lane
Feb 29 17:58:53 ..... Started STAR run
Feb 29 17:59:05 ..... Started mapping
Feb 29 17:59:07 ..... Started sorting BAM
Feb 29 17:59:07 ..... Finished successfully
STAR alignment complete

End of 1_FQC_StarAlign_NoERCC.sh... Mon Feb 29 17:59:08 PST 2016
