
Starting 1_FQC_StarAlign_NoERCC.sh... Mon Feb 29 16:48:28 PST 2016

Sample:
HT_ROW36_N704
FastQC already performed for this sample lane
Feb 29 16:48:28 ..... Started STAR run
Feb 29 16:48:40 ..... Started mapping
Feb 29 16:48:44 ..... Started sorting BAM
Feb 29 16:48:45 ..... Finished successfully
STAR alignment complete

End of 1_FQC_StarAlign_NoERCC.sh... Mon Feb 29 16:48:46 PST 2016

Starting 1_FQC_StarAlign_NoERCC.sh... Mon Feb 29 19:36:23 PST 2016

Sample:
HT_ROW36_N704
FastQC already performed for this sample lane
Feb 29 19:36:23 ..... Started STAR run
Feb 29 19:41:01 ..... Started mapping
Feb 29 19:41:05 ..... Started sorting BAM
Feb 29 19:41:06 ..... Finished successfully
STAR alignment complete

End of 1_FQC_StarAlign_NoERCC.sh... Mon Feb 29 19:41:07 PST 2016
