
Starting 1_FQC_StarAlign_NoERCC.sh... Mon Feb 29 17:00:53 PST 2016

Sample:
HT_ROW40_N703
FastQC already performed for this sample lane
Feb 29 17:00:53 ..... Started STAR run
Feb 29 17:01:04 ..... Started mapping
Feb 29 17:01:12 ..... Started sorting BAM
Feb 29 17:01:12 ..... Finished successfully
STAR alignment complete

End of 1_FQC_StarAlign_NoERCC.sh... Mon Feb 29 17:01:13 PST 2016

Starting 1_FQC_StarAlign_NoERCC.sh... Mon Feb 29 19:59:08 PST 2016

Sample:
HT_ROW40_N703
FastQC already performed for this sample lane
Feb 29 19:59:08 ..... Started STAR run
Feb 29 19:59:19 ..... Started mapping
Feb 29 19:59:26 ..... Started sorting BAM
Feb 29 19:59:26 ..... Finished successfully
STAR alignment complete

End of 1_FQC_StarAlign_NoERCC.sh... Mon Feb 29 19:59:27 PST 2016
