
Starting 1_FQC_StarAlign_NoERCC.sh... Mon Feb 29 17:00:23 PST 2016

Sample:
HT_ROW39_N724
FastQC already performed for this sample lane
Feb 29 17:00:23 ..... Started STAR run
Feb 29 17:00:47 ..... Started mapping
Feb 29 17:01:03 ..... Started sorting BAM
Feb 29 17:01:04 ..... Finished successfully
STAR alignment complete

End of 1_FQC_StarAlign_NoERCC.sh... Mon Feb 29 17:01:04 PST 2016

Starting 1_FQC_StarAlign_NoERCC.sh... Mon Feb 29 19:57:53 PST 2016

Sample:
HT_ROW39_N724
FastQC already performed for this sample lane
Feb 29 19:57:53 ..... Started STAR run
Feb 29 19:58:34 ..... Started mapping
Feb 29 19:58:50 ..... Started sorting BAM
Feb 29 19:58:51 ..... Finished successfully
STAR alignment complete

End of 1_FQC_StarAlign_NoERCC.sh... Mon Feb 29 19:58:51 PST 2016
