
Starting 1_FQC_StarAlign_NoERCC.sh... Mon Feb 29 15:40:58 PST 2016

Sample:
HT_ROW16_N710
FastQC already performed for this sample lane
Feb 29 15:40:58 ..... Started STAR run
Feb 29 15:45:11 ..... Started mapping
Feb 29 15:45:12 ..... Started sorting BAM
Feb 29 15:45:12 ..... Finished successfully
STAR alignment complete

End of 1_FQC_StarAlign_NoERCC.sh... Mon Feb 29 15:45:13 PST 2016

Starting 1_FQC_StarAlign_NoERCC.sh... Mon Feb 29 17:55:38 PST 2016

Sample:
HT_ROW16_N710
FastQC already performed for this sample lane
Feb 29 17:55:38 ..... Started STAR run
Feb 29 17:55:50 ..... Started mapping
Feb 29 17:55:51 ..... Started sorting BAM
Feb 29 17:55:51 ..... Finished successfully
STAR alignment complete

End of 1_FQC_StarAlign_NoERCC.sh... Mon Feb 29 17:55:51 PST 2016
