
Starting 1_FQC_StarAlign_NoERCC.sh... Mon Feb 29 15:09:28 PST 2016

Sample:
HT_ROW05_N706
FastQC already performed for this sample lane
Feb 29 15:09:28 ..... Started STAR run
Feb 29 15:09:40 ..... Started mapping
Feb 29 15:09:41 ..... Started sorting BAM
Feb 29 15:09:41 ..... Finished successfully
STAR alignment complete

End of 1_FQC_StarAlign_NoERCC.sh... Mon Feb 29 15:09:42 PST 2016

Starting 1_FQC_StarAlign_NoERCC.sh... Mon Feb 29 17:18:23 PST 2016

Sample:
HT_ROW05_N706
FastQC already performed for this sample lane
Feb 29 17:18:23 ..... Started STAR run
Feb 29 17:18:35 ..... Started mapping
Feb 29 17:18:36 ..... Started sorting BAM
Feb 29 17:18:37 ..... Finished successfully
STAR alignment complete

End of 1_FQC_StarAlign_NoERCC.sh... Mon Feb 29 17:18:37 PST 2016
