
Starting 1_FQC_StarAlign_NoERCC.sh... Mon Feb 29 15:26:43 PST 2016

Sample:
HT_ROW12_N706
FastQC already performed for this sample lane
Feb 29 15:26:43 ..... Started STAR run
Feb 29 15:26:55 ..... Started mapping
Feb 29 15:27:01 ..... Started sorting BAM
Feb 29 15:27:02 ..... Finished successfully
STAR alignment complete

End of 1_FQC_StarAlign_NoERCC.sh... Mon Feb 29 15:27:02 PST 2016

Starting 1_FQC_StarAlign_NoERCC.sh... Mon Feb 29 17:45:53 PST 2016

Sample:
HT_ROW12_N706
FastQC already performed for this sample lane
Feb 29 17:45:53 ..... Started STAR run
Feb 29 17:46:05 ..... Started mapping
Feb 29 17:46:11 ..... Started sorting BAM
Feb 29 17:46:12 ..... Finished successfully
STAR alignment complete

End of 1_FQC_StarAlign_NoERCC.sh... Mon Feb 29 17:46:12 PST 2016
