
Starting 1_FQC_StarAlign_NoERCC.sh... Mon Feb 29 16:49:58 PST 2016

Sample:
HT_ROW36_N719
FastQC already performed for this sample lane
Feb 29 16:49:58 ..... Started STAR run
Feb 29 16:50:10 ..... Started mapping
Feb 29 16:50:17 ..... Started sorting BAM
Feb 29 16:50:17 ..... Finished successfully
STAR alignment complete

End of 1_FQC_StarAlign_NoERCC.sh... Mon Feb 29 16:50:17 PST 2016

Starting 1_FQC_StarAlign_NoERCC.sh... Mon Feb 29 19:41:23 PST 2016

Sample:
HT_ROW36_N719
FastQC already performed for this sample lane
Feb 29 19:41:23 ..... Started STAR run
Feb 29 19:44:34 ..... Started mapping
Feb 29 19:44:41 ..... Started sorting BAM
Feb 29 19:44:42 ..... Finished successfully
STAR alignment complete

End of 1_FQC_StarAlign_NoERCC.sh... Mon Feb 29 19:44:42 PST 2016
