
Starting 1_FQC_StarAlign_NoERCC.sh... Mon Feb 29 16:30:28 PST 2016

Sample:
HT_ROW31_N721
FastQC already performed for this sample lane
Feb 29 16:30:28 ..... Started STAR run
Feb 29 16:32:11 ..... Started mapping
Feb 29 16:32:22 ..... Started sorting BAM
Feb 29 16:32:23 ..... Finished successfully
STAR alignment complete

End of 1_FQC_StarAlign_NoERCC.sh... Mon Feb 29 16:32:23 PST 2016

Starting 1_FQC_StarAlign_NoERCC.sh... Mon Feb 29 19:09:38 PST 2016

Sample:
HT_ROW31_N721
FastQC already performed for this sample lane
Feb 29 19:09:38 ..... Started STAR run
Feb 29 19:09:51 ..... Started mapping
Feb 29 19:10:04 ..... Started sorting BAM
Feb 29 19:10:05 ..... Finished successfully
STAR alignment complete

End of 1_FQC_StarAlign_NoERCC.sh... Mon Feb 29 19:10:06 PST 2016
