
Starting 1_FQC_StarAlign_NoERCC.sh... Mon Feb 29 15:28:43 PST 2016

Sample:
HT_ROW13_N711
FastQC already performed for this sample lane
Feb 29 15:28:43 ..... Started STAR run
Feb 29 15:30:19 ..... Started mapping
Feb 29 15:30:34 ..... Started sorting BAM
Feb 29 15:30:34 ..... Finished successfully
STAR alignment complete

End of 1_FQC_StarAlign_NoERCC.sh... Mon Feb 29 15:30:35 PST 2016

Starting 1_FQC_StarAlign_NoERCC.sh... Mon Feb 29 17:48:53 PST 2016

Sample:
HT_ROW13_N711
FastQC already performed for this sample lane
Feb 29 17:48:53 ..... Started STAR run
Feb 29 17:49:40 ..... Started mapping
Feb 29 17:49:54 ..... Started sorting BAM
Feb 29 17:49:54 ..... Finished successfully
STAR alignment complete

End of 1_FQC_StarAlign_NoERCC.sh... Mon Feb 29 17:49:55 PST 2016
