
Starting 1_FQC_StarAlign_NoERCC.sh... Mon Feb 29 15:40:28 PST 2016

Sample:
HT_ROW16_N701
FastQC already performed for this sample lane
Feb 29 15:40:28 ..... Started STAR run
Feb 29 15:40:39 ..... Started mapping
Feb 29 15:40:45 ..... Started sorting BAM
Feb 29 15:40:45 ..... Finished successfully
STAR alignment complete

End of 1_FQC_StarAlign_NoERCC.sh... Mon Feb 29 15:40:45 PST 2016

Starting 1_FQC_StarAlign_NoERCC.sh... Mon Feb 29 17:54:53 PST 2016

Sample:
HT_ROW16_N701
FastQC already performed for this sample lane
Feb 29 17:54:53 ..... Started STAR run
Feb 29 17:55:04 ..... Started mapping
Feb 29 17:55:12 ..... Started sorting BAM
Feb 29 17:55:13 ..... Finished successfully
STAR alignment complete

End of 1_FQC_StarAlign_NoERCC.sh... Mon Feb 29 17:55:13 PST 2016
