
Starting 1_FQC_StarAlign_NoERCC.sh... Mon Feb 29 16:11:13 PST 2016

Sample:
HT_ROW27_N701
FastQC already performed for this sample lane
Feb 29 16:11:13 ..... Started STAR run
Feb 29 16:11:36 ..... Started mapping
Feb 29 16:11:47 ..... Started sorting BAM
Feb 29 16:11:47 ..... Finished successfully
STAR alignment complete

End of 1_FQC_StarAlign_NoERCC.sh... Mon Feb 29 16:11:47 PST 2016

Starting 1_FQC_StarAlign_NoERCC.sh... Mon Feb 29 18:38:38 PST 2016

Sample:
HT_ROW27_N701
FastQC already performed for this sample lane
Feb 29 18:38:38 ..... Started STAR run
Feb 29 18:38:49 ..... Started mapping
Feb 29 18:38:59 ..... Started sorting BAM
Feb 29 18:38:59 ..... Finished successfully
STAR alignment complete

End of 1_FQC_StarAlign_NoERCC.sh... Mon Feb 29 18:39:00 PST 2016
