
Starting 1_FQC_StarAlign_NoERCC.sh... Mon Feb 29 14:57:58 PST 2016

Sample:
HT_ROW01_N721
FastQC already performed for this sample lane
Feb 29 14:57:58 ..... Started STAR run
Feb 29 14:58:49 ..... Started mapping
Feb 29 14:59:05 ..... Started sorting BAM
Feb 29 14:59:06 ..... Finished successfully
STAR alignment complete

End of 1_FQC_StarAlign_NoERCC.sh... Mon Feb 29 14:59:07 PST 2016

Starting 1_FQC_StarAlign_NoERCC.sh... Mon Feb 29 17:05:53 PST 2016

Sample:
HT_ROW01_N721
FastQC already performed for this sample lane
Feb 29 17:05:53 ..... Started STAR run
Feb 29 17:06:04 ..... Started mapping
Feb 29 17:06:20 ..... Started sorting BAM
Feb 29 17:06:20 ..... Finished successfully
STAR alignment complete

End of 1_FQC_StarAlign_NoERCC.sh... Mon Feb 29 17:06:20 PST 2016
