
Starting 1_FQC_StarAlign_NoERCC.sh... Mon Feb 29 16:05:43 PST 2016

Sample:
HT_ROW24_N712
FastQC already performed for this sample lane
Feb 29 16:05:43 ..... Started STAR run
Feb 29 16:05:54 ..... Started mapping
Feb 29 16:06:10 ..... Started sorting BAM
Feb 29 16:06:11 ..... Finished successfully
STAR alignment complete

End of 1_FQC_StarAlign_NoERCC.sh... Mon Feb 29 16:06:11 PST 2016

Starting 1_FQC_StarAlign_NoERCC.sh... Mon Feb 29 18:22:08 PST 2016

Sample:
HT_ROW24_N712
FastQC already performed for this sample lane
Feb 29 18:22:08 ..... Started STAR run
Feb 29 18:27:12 ..... Started mapping
Feb 29 18:27:31 ..... Started sorting BAM
Feb 29 18:27:33 ..... Finished successfully
STAR alignment complete

End of 1_FQC_StarAlign_NoERCC.sh... Mon Feb 29 18:27:35 PST 2016
