
Starting 1_FQC_StarAlign_NoERCC.sh... Mon Feb 29 15:27:43 PST 2016

Sample:
HT_ROW12_N719
FastQC already performed for this sample lane
Feb 29 15:27:43 ..... Started STAR run
Feb 29 15:27:55 ..... Started mapping
Feb 29 15:28:02 ..... Started sorting BAM
Feb 29 15:28:02 ..... Finished successfully
STAR alignment complete

End of 1_FQC_StarAlign_NoERCC.sh... Mon Feb 29 15:28:02 PST 2016

Starting 1_FQC_StarAlign_NoERCC.sh... Mon Feb 29 17:47:23 PST 2016

Sample:
HT_ROW12_N719
FastQC already performed for this sample lane
Feb 29 17:47:23 ..... Started STAR run
Feb 29 17:47:36 ..... Started mapping
Feb 29 17:47:42 ..... Started sorting BAM
Feb 29 17:47:42 ..... Finished successfully
STAR alignment complete

End of 1_FQC_StarAlign_NoERCC.sh... Mon Feb 29 17:47:42 PST 2016
