
Starting 1_FQC_StarAlign_NoERCC.sh... Mon Feb 29 15:45:43 PST 2016

Sample:
HT_ROW17_N720
FastQC already performed for this sample lane
Feb 29 15:45:43 ..... Started STAR run
Feb 29 15:45:55 ..... Started mapping
Feb 29 15:46:01 ..... Started sorting BAM
Feb 29 15:46:01 ..... Finished successfully
STAR alignment complete

End of 1_FQC_StarAlign_NoERCC.sh... Mon Feb 29 15:46:01 PST 2016

Starting 1_FQC_StarAlign_NoERCC.sh... Mon Feb 29 17:58:23 PST 2016

Sample:
HT_ROW17_N720
FastQC already performed for this sample lane
Feb 29 17:58:23 ..... Started STAR run
Feb 29 17:58:34 ..... Started mapping
Feb 29 17:58:39 ..... Started sorting BAM
Feb 29 17:58:39 ..... Finished successfully
STAR alignment complete

End of 1_FQC_StarAlign_NoERCC.sh... Mon Feb 29 17:58:39 PST 2016
