
Starting 1_FQC_StarAlign_NoERCC.sh... Mon Feb 29 16:08:13 PST 2016

Sample:
HT_ROW25_N718
FastQC already performed for this sample lane
Feb 29 16:08:13 ..... Started STAR run
Feb 29 16:08:47 ..... Started mapping
Feb 29 16:08:49 ..... Started sorting BAM
Feb 29 16:08:49 ..... Finished successfully
STAR alignment complete

End of 1_FQC_StarAlign_NoERCC.sh... Mon Feb 29 16:08:49 PST 2016

Starting 1_FQC_StarAlign_NoERCC.sh... Mon Feb 29 18:26:38 PST 2016

Sample:
HT_ROW25_N718
FastQC already performed for this sample lane
Feb 29 18:26:38 ..... Started STAR run
Feb 29 18:33:49 ..... Started mapping
Feb 29 18:33:52 ..... Started sorting BAM
Feb 29 18:33:53 ..... Finished successfully
STAR alignment complete

End of 1_FQC_StarAlign_NoERCC.sh... Mon Feb 29 18:33:54 PST 2016
