
Starting 1_FQC_StarAlign_NoERCC.sh... Mon Feb 29 15:47:28 PST 2016

Sample:
HT_ROW18_N707
FastQC already performed for this sample lane
Feb 29 15:47:28 ..... Started STAR run
Feb 29 15:47:41 ..... Started mapping
Feb 29 15:47:42 ..... Started sorting BAM
Feb 29 15:47:42 ..... Finished successfully
STAR alignment complete

End of 1_FQC_StarAlign_NoERCC.sh... Mon Feb 29 15:47:42 PST 2016

Starting 1_FQC_StarAlign_NoERCC.sh... Mon Feb 29 17:59:08 PST 2016

Sample:
HT_ROW18_N707
FastQC already performed for this sample lane
Feb 29 17:59:08 ..... Started STAR run
Feb 29 17:59:20 ..... Started mapping
Feb 29 17:59:22 ..... Started sorting BAM
Feb 29 17:59:22 ..... Finished successfully
STAR alignment complete

End of 1_FQC_StarAlign_NoERCC.sh... Mon Feb 29 17:59:22 PST 2016
