
Starting 1_FQC_StarAlign_NoERCC.sh... Mon Feb 29 16:02:28 PST 2016

Sample:
HT_ROW23_N704
FastQC already performed for this sample lane
Feb 29 16:02:28 ..... Started STAR run
Feb 29 16:03:49 ..... Started mapping
Feb 29 16:03:51 ..... Started sorting BAM
Feb 29 16:03:51 ..... Finished successfully
STAR alignment complete

End of 1_FQC_StarAlign_NoERCC.sh... Mon Feb 29 16:03:52 PST 2016

Starting 1_FQC_StarAlign_NoERCC.sh... Mon Feb 29 18:14:08 PST 2016

Sample:
HT_ROW23_N704
FastQC already performed for this sample lane
Feb 29 18:14:08 ..... Started STAR run
Feb 29 18:14:28 ..... Started mapping
Feb 29 18:14:30 ..... Started sorting BAM
Feb 29 18:14:31 ..... Finished successfully
STAR alignment complete

End of 1_FQC_StarAlign_NoERCC.sh... Mon Feb 29 18:14:32 PST 2016
