
Starting 1_FQC_StarAlign_NoERCC.sh... Mon Feb 29 16:36:28 PST 2016

Sample:
HT_ROW33_N707
FastQC already performed for this sample lane
Feb 29 16:36:28 ..... Started STAR run
Feb 29 16:39:52 ..... Started mapping
Feb 29 16:39:58 ..... Started sorting BAM
Feb 29 16:39:58 ..... Finished successfully
STAR alignment complete

End of 1_FQC_StarAlign_NoERCC.sh... Mon Feb 29 16:39:58 PST 2016

Starting 1_FQC_StarAlign_NoERCC.sh... Mon Feb 29 19:17:38 PST 2016

Sample:
HT_ROW33_N707
FastQC already performed for this sample lane
Feb 29 19:17:38 ..... Started STAR run
Feb 29 19:22:00 ..... Started mapping
Feb 29 19:22:07 ..... Started sorting BAM
Feb 29 19:22:07 ..... Finished successfully
STAR alignment complete

End of 1_FQC_StarAlign_NoERCC.sh... Mon Feb 29 19:22:09 PST 2016
