
Starting 1_FQC_StarAlign_NoERCC.sh... Mon Feb 29 15:35:28 PST 2016

Sample:
HT_ROW15_N711
FastQC already performed for this sample lane
Feb 29 15:35:28 ..... Started STAR run
Feb 29 15:35:40 ..... Started mapping
Feb 29 15:36:06 ..... Started sorting BAM
Feb 29 15:36:07 ..... Finished successfully
STAR alignment complete

End of 1_FQC_StarAlign_NoERCC.sh... Mon Feb 29 15:36:08 PST 2016

Starting 1_FQC_StarAlign_NoERCC.sh... Mon Feb 29 17:53:53 PST 2016

Sample:
HT_ROW15_N711
FastQC already performed for this sample lane
Feb 29 17:53:53 ..... Started STAR run
Feb 29 17:54:04 ..... Started mapping
Feb 29 17:54:31 ..... Started sorting BAM
Feb 29 17:54:33 ..... Finished successfully
STAR alignment complete

End of 1_FQC_StarAlign_NoERCC.sh... Mon Feb 29 17:54:33 PST 2016
