
Starting 1_FQC_StarAlign_NoERCC.sh... Mon Feb 29 15:26:28 PST 2016

Sample:
HT_ROW12_N703
FastQC already performed for this sample lane
Feb 29 15:26:28 ..... Started STAR run
Feb 29 15:26:40 ..... Started mapping
Feb 29 15:26:41 ..... Started sorting BAM
Feb 29 15:26:41 ..... Finished successfully
STAR alignment complete

End of 1_FQC_StarAlign_NoERCC.sh... Mon Feb 29 15:26:42 PST 2016

Starting 1_FQC_StarAlign_NoERCC.sh... Mon Feb 29 17:45:08 PST 2016

Sample:
HT_ROW12_N703
FastQC already performed for this sample lane
Feb 29 17:45:08 ..... Started STAR run
Feb 29 17:45:20 ..... Started mapping
Feb 29 17:45:22 ..... Started sorting BAM
Feb 29 17:45:22 ..... Finished successfully
STAR alignment complete

End of 1_FQC_StarAlign_NoERCC.sh... Mon Feb 29 17:45:22 PST 2016
