
Starting 1_FQC_StarAlign_NoERCC.sh... Mon Feb 29 16:51:58 PST 2016

Sample:
HT_ROW37_N710
FastQC already performed for this sample lane
Feb 29 16:51:58 ..... Started STAR run
Feb 29 16:53:39 ..... Started mapping
Feb 29 16:53:55 ..... Started sorting BAM
Feb 29 16:53:55 ..... Finished successfully
STAR alignment complete

End of 1_FQC_StarAlign_NoERCC.sh... Mon Feb 29 16:53:56 PST 2016

Starting 1_FQC_StarAlign_NoERCC.sh... Mon Feb 29 19:45:53 PST 2016

Sample:
HT_ROW37_N710
FastQC already performed for this sample lane
Feb 29 19:45:53 ..... Started STAR run
Feb 29 19:51:14 ..... Started mapping
Feb 29 19:51:29 ..... Started sorting BAM
Feb 29 19:51:30 ..... Finished successfully
STAR alignment complete

End of 1_FQC_StarAlign_NoERCC.sh... Mon Feb 29 19:51:31 PST 2016
