
Starting 1_FQC_StarAlign_NoERCC.sh... Mon Feb 29 15:57:28 PST 2016

Sample:
HT_ROW21_N704
FastQC already performed for this sample lane
Feb 29 15:57:28 ..... Started STAR run
Feb 29 16:00:36 ..... Started mapping
Feb 29 16:00:39 ..... Started sorting BAM
Feb 29 16:00:39 ..... Finished successfully
STAR alignment complete

End of 1_FQC_StarAlign_NoERCC.sh... Mon Feb 29 16:00:40 PST 2016

Starting 1_FQC_StarAlign_NoERCC.sh... Mon Feb 29 18:08:23 PST 2016

Sample:
HT_ROW21_N704
FastQC already performed for this sample lane
Feb 29 18:08:23 ..... Started STAR run
Feb 29 18:08:34 ..... Started mapping
Feb 29 18:08:36 ..... Started sorting BAM
Feb 29 18:08:36 ..... Finished successfully
STAR alignment complete

End of 1_FQC_StarAlign_NoERCC.sh... Mon Feb 29 18:08:37 PST 2016
