
Starting 1_FQC_StarAlign_NoERCC.sh... Mon Feb 29 16:49:13 PST 2016

Sample:
HT_ROW36_N711
FastQC already performed for this sample lane
Feb 29 16:49:13 ..... Started STAR run
Feb 29 16:51:43 ..... Started mapping
Feb 29 16:51:49 ..... Started sorting BAM
Feb 29 16:51:49 ..... Finished successfully
STAR alignment complete

End of 1_FQC_StarAlign_NoERCC.sh... Mon Feb 29 16:51:50 PST 2016

Starting 1_FQC_StarAlign_NoERCC.sh... Mon Feb 29 19:40:08 PST 2016

Sample:
HT_ROW36_N711
FastQC already performed for this sample lane
Feb 29 19:40:08 ..... Started STAR run
Feb 29 19:41:29 ..... Started mapping
Feb 29 19:41:35 ..... Started sorting BAM
Feb 29 19:41:36 ..... Finished successfully
STAR alignment complete

End of 1_FQC_StarAlign_NoERCC.sh... Mon Feb 29 19:41:37 PST 2016
