
Starting 1_FQC_StarAlign_NoERCC.sh... Mon Feb 29 16:36:13 PST 2016

Sample:
HT_ROW33_N704
FastQC already performed for this sample lane
Feb 29 16:36:13 ..... Started STAR run
Feb 29 16:37:40 ..... Started mapping
Feb 29 16:37:56 ..... Started sorting BAM
Feb 29 16:37:56 ..... Finished successfully
STAR alignment complete

End of 1_FQC_StarAlign_NoERCC.sh... Mon Feb 29 16:37:57 PST 2016

Starting 1_FQC_StarAlign_NoERCC.sh... Mon Feb 29 19:16:38 PST 2016

Sample:
HT_ROW33_N704
FastQC already performed for this sample lane
Feb 29 19:16:38 ..... Started STAR run
Feb 29 19:18:32 ..... Started mapping
Feb 29 19:18:50 ..... Started sorting BAM
Feb 29 19:18:51 ..... Finished successfully
STAR alignment complete

End of 1_FQC_StarAlign_NoERCC.sh... Mon Feb 29 19:18:51 PST 2016
