
Starting 1_FQC_StarAlign_NoERCC.sh... Mon Feb 29 15:48:28 PST 2016

Sample:
HT_ROW18_N714
FastQC already performed for this sample lane
Feb 29 15:48:28 ..... Started STAR run
Feb 29 15:48:57 ..... Started mapping
Feb 29 15:49:17 ..... Started sorting BAM
Feb 29 15:49:18 ..... Finished successfully
STAR alignment complete

End of 1_FQC_StarAlign_NoERCC.sh... Mon Feb 29 15:49:19 PST 2016

Starting 1_FQC_StarAlign_NoERCC.sh... Mon Feb 29 17:59:38 PST 2016

Sample:
HT_ROW18_N714
FastQC already performed for this sample lane
Feb 29 17:59:38 ..... Started STAR run
Feb 29 17:59:49 ..... Started mapping
Feb 29 18:00:08 ..... Started sorting BAM
Feb 29 18:00:09 ..... Finished successfully
STAR alignment complete

End of 1_FQC_StarAlign_NoERCC.sh... Mon Feb 29 18:00:09 PST 2016
