
Starting 1_FQC_StarAlign_NoERCC.sh... Mon Feb 29 15:45:28 PST 2016

Sample:
HT_ROW17_N716
FastQC already performed for this sample lane
Feb 29 15:45:28 ..... Started STAR run
Feb 29 15:48:39 ..... Started mapping
Feb 29 15:48:48 ..... Started sorting BAM
Feb 29 15:48:49 ..... Finished successfully
STAR alignment complete

End of 1_FQC_StarAlign_NoERCC.sh... Mon Feb 29 15:48:49 PST 2016

Starting 1_FQC_StarAlign_NoERCC.sh... Mon Feb 29 17:58:08 PST 2016

Sample:
HT_ROW17_N716
FastQC already performed for this sample lane
Feb 29 17:58:08 ..... Started STAR run
Feb 29 17:58:20 ..... Started mapping
Feb 29 17:58:26 ..... Started sorting BAM
Feb 29 17:58:26 ..... Finished successfully
STAR alignment complete

End of 1_FQC_StarAlign_NoERCC.sh... Mon Feb 29 17:58:27 PST 2016
