
Starting 1_FQC_StarAlign_NoERCC.sh... Mon Feb 29 15:18:13 PST 2016

Sample:
HT_ROW08_N716
FastQC already performed for this sample lane
Feb 29 15:18:13 ..... Started STAR run
Feb 29 15:18:24 ..... Started mapping
Feb 29 15:18:34 ..... Started sorting BAM
Feb 29 15:18:34 ..... Finished successfully
STAR alignment complete

End of 1_FQC_StarAlign_NoERCC.sh... Mon Feb 29 15:18:34 PST 2016

Starting 1_FQC_StarAlign_NoERCC.sh... Mon Feb 29 17:31:38 PST 2016

Sample:
HT_ROW08_N716
FastQC already performed for this sample lane
Feb 29 17:31:38 ..... Started STAR run
Feb 29 17:31:50 ..... Started mapping
Feb 29 17:32:00 ..... Started sorting BAM
Feb 29 17:32:01 ..... Finished successfully
STAR alignment complete

End of 1_FQC_StarAlign_NoERCC.sh... Mon Feb 29 17:32:01 PST 2016
