
Starting 1_FQC_StarAlign_NoERCC.sh... Mon Feb 29 16:57:53 PST 2016

Sample:
HT_ROW39_N702
FastQC already performed for this sample lane
Feb 29 16:57:53 ..... Started STAR run
Feb 29 16:58:05 ..... Started mapping
Feb 29 16:58:14 ..... Started sorting BAM
Feb 29 16:58:15 ..... Finished successfully
STAR alignment complete

End of 1_FQC_StarAlign_NoERCC.sh... Mon Feb 29 16:58:15 PST 2016

Starting 1_FQC_StarAlign_NoERCC.sh... Mon Feb 29 19:54:53 PST 2016

Sample:
HT_ROW39_N702
FastQC already performed for this sample lane
Feb 29 19:54:53 ..... Started STAR run
Feb 29 19:55:04 ..... Started mapping
Feb 29 19:55:13 ..... Started sorting BAM
Feb 29 19:55:14 ..... Finished successfully
STAR alignment complete

End of 1_FQC_StarAlign_NoERCC.sh... Mon Feb 29 19:55:14 PST 2016
