
Starting 1_FQC_StarAlign_NoERCC.sh... Mon Feb 29 16:43:58 PST 2016

Sample:
HT_ROW35_N703
FastQC already performed for this sample lane
Feb 29 16:43:58 ..... Started STAR run
Feb 29 16:44:09 ..... Started mapping
Feb 29 16:44:14 ..... Started sorting BAM
Feb 29 16:44:15 ..... Finished successfully
STAR alignment complete

End of 1_FQC_StarAlign_NoERCC.sh... Mon Feb 29 16:44:15 PST 2016

Starting 1_FQC_StarAlign_NoERCC.sh... Mon Feb 29 19:30:08 PST 2016

Sample:
HT_ROW35_N703
FastQC already performed for this sample lane
Feb 29 19:30:08 ..... Started STAR run
Feb 29 19:30:19 ..... Started mapping
Feb 29 19:30:25 ..... Started sorting BAM
Feb 29 19:30:25 ..... Finished successfully
STAR alignment complete

End of 1_FQC_StarAlign_NoERCC.sh... Mon Feb 29 19:30:26 PST 2016
