
Starting 1_FQC_StarAlign_NoERCC.sh... Mon Feb 29 16:59:53 PST 2016

Sample:
HT_ROW39_N720
FastQC already performed for this sample lane
Feb 29 16:59:53 ..... Started STAR run
Feb 29 17:00:04 ..... Started mapping
Feb 29 17:00:07 ..... Started sorting BAM
Feb 29 17:00:08 ..... Finished successfully
STAR alignment complete

End of 1_FQC_StarAlign_NoERCC.sh... Mon Feb 29 17:00:08 PST 2016

Starting 1_FQC_StarAlign_NoERCC.sh... Mon Feb 29 19:56:53 PST 2016

Sample:
HT_ROW39_N720
FastQC already performed for this sample lane
Feb 29 19:56:53 ..... Started STAR run
Feb 29 20:00:33 ..... Started mapping
Feb 29 20:00:36 ..... Started sorting BAM
Feb 29 20:00:36 ..... Finished successfully
STAR alignment complete

End of 1_FQC_StarAlign_NoERCC.sh... Mon Feb 29 20:00:36 PST 2016
