
Starting 1_FQC_StarAlign_NoERCC.sh... Mon Feb 29 16:06:58 PST 2016

Sample:
HT_ROW25_N706
FastQC already performed for this sample lane
Feb 29 16:06:58 ..... Started STAR run
Feb 29 16:07:44 ..... Started mapping
Feb 29 16:07:48 ..... Started sorting BAM
Feb 29 16:07:48 ..... Finished successfully
STAR alignment complete

End of 1_FQC_StarAlign_NoERCC.sh... Mon Feb 29 16:07:48 PST 2016

Starting 1_FQC_StarAlign_NoERCC.sh... Mon Feb 29 18:24:38 PST 2016

Sample:
HT_ROW25_N706
FastQC already performed for this sample lane
Feb 29 18:24:38 ..... Started STAR run
Feb 29 18:24:50 ..... Started mapping
Feb 29 18:24:55 ..... Started sorting BAM
Feb 29 18:24:56 ..... Finished successfully
STAR alignment complete

End of 1_FQC_StarAlign_NoERCC.sh... Mon Feb 29 18:24:57 PST 2016
