
Starting 1_FQC_StarAlign_NoERCC.sh... Mon Feb 29 15:41:58 PST 2016

Sample:
HT_ROW16_N720
FastQC already performed for this sample lane
Feb 29 15:41:58 ..... Started STAR run
Feb 29 15:42:41 ..... Started mapping
Feb 29 15:42:44 ..... Started sorting BAM
Feb 29 15:42:45 ..... Finished successfully
STAR alignment complete

End of 1_FQC_StarAlign_NoERCC.sh... Mon Feb 29 15:42:45 PST 2016

Starting 1_FQC_StarAlign_NoERCC.sh... Mon Feb 29 17:56:38 PST 2016

Sample:
HT_ROW16_N720
FastQC already performed for this sample lane
Feb 29 17:56:38 ..... Started STAR run
Feb 29 17:56:49 ..... Started mapping
Feb 29 17:56:52 ..... Started sorting BAM
Feb 29 17:56:52 ..... Finished successfully
STAR alignment complete

End of 1_FQC_StarAlign_NoERCC.sh... Mon Feb 29 17:56:52 PST 2016
