
Starting 1_FQC_StarAlign_NoERCC.sh... Mon Feb 29 15:18:58 PST 2016

Sample:
HT_ROW09_N701
FastQC already performed for this sample lane
Feb 29 15:18:58 ..... Started STAR run
Feb 29 15:19:10 ..... Started mapping
Feb 29 15:19:14 ..... Started sorting BAM
Feb 29 15:19:14 ..... Finished successfully
STAR alignment complete

End of 1_FQC_StarAlign_NoERCC.sh... Mon Feb 29 15:19:14 PST 2016

Starting 1_FQC_StarAlign_NoERCC.sh... Mon Feb 29 17:33:38 PST 2016

Sample:
HT_ROW09_N701
FastQC already performed for this sample lane
Feb 29 17:33:38 ..... Started STAR run
Feb 29 17:33:49 ..... Started mapping
Feb 29 17:33:53 ..... Started sorting BAM
Feb 29 17:33:53 ..... Finished successfully
STAR alignment complete

End of 1_FQC_StarAlign_NoERCC.sh... Mon Feb 29 17:33:54 PST 2016
