
Starting 1_FQC_StarAlign_NoERCC.sh... Mon Feb 29 15:06:43 PST 2016

Sample:
HT_ROW04_N701
FastQC already performed for this sample lane
Feb 29 15:06:43 ..... Started STAR run
Feb 29 15:06:54 ..... Started mapping
Feb 29 15:06:55 ..... Started sorting BAM
Feb 29 15:06:55 ..... Finished successfully
STAR alignment complete

End of 1_FQC_StarAlign_NoERCC.sh... Mon Feb 29 15:06:55 PST 2016

Starting 1_FQC_StarAlign_NoERCC.sh... Mon Feb 29 17:13:08 PST 2016

Sample:
HT_ROW04_N701
FastQC already performed for this sample lane
Feb 29 17:13:08 ..... Started STAR run
Feb 29 17:13:33 ..... Started mapping
Feb 29 17:13:35 ..... Started sorting BAM
Feb 29 17:13:35 ..... Finished successfully
STAR alignment complete

End of 1_FQC_StarAlign_NoERCC.sh... Mon Feb 29 17:13:37 PST 2016
