
Starting 1_FQC_StarAlign_NoERCC.sh... Mon Feb 29 16:40:43 PST 2016

Sample:
HT_ROW34_N715
FastQC already performed for this sample lane
Feb 29 16:40:43 ..... Started STAR run
Feb 29 16:40:55 ..... Started mapping
Feb 29 16:41:12 ..... Started sorting BAM
Feb 29 16:41:14 ..... Finished successfully
STAR alignment complete

End of 1_FQC_StarAlign_NoERCC.sh... Mon Feb 29 16:41:14 PST 2016

Starting 1_FQC_StarAlign_NoERCC.sh... Mon Feb 29 19:28:23 PST 2016

Sample:
HT_ROW34_N715
FastQC already performed for this sample lane
Feb 29 19:28:23 ..... Started STAR run
Feb 29 19:28:34 ..... Started mapping
Feb 29 19:28:51 ..... Started sorting BAM
Feb 29 19:28:52 ..... Finished successfully
STAR alignment complete

End of 1_FQC_StarAlign_NoERCC.sh... Mon Feb 29 19:28:53 PST 2016
