
Starting 1_FQC_StarAlign_NoERCC.sh... Mon Feb 29 16:01:58 PST 2016

Sample:
HT_ROW22_N722
FastQC already performed for this sample lane
Feb 29 16:01:58 ..... Started STAR run
Feb 29 16:03:12 ..... Started mapping
Feb 29 16:03:17 ..... Started sorting BAM
Feb 29 16:03:17 ..... Finished successfully
STAR alignment complete

End of 1_FQC_StarAlign_NoERCC.sh... Mon Feb 29 16:03:18 PST 2016

Starting 1_FQC_StarAlign_NoERCC.sh... Mon Feb 29 18:13:38 PST 2016

Sample:
HT_ROW22_N722
FastQC already performed for this sample lane
Feb 29 18:13:38 ..... Started STAR run
Feb 29 18:13:51 ..... Started mapping
Feb 29 18:13:53 ..... Started sorting BAM
Feb 29 18:13:53 ..... Finished successfully
STAR alignment complete

End of 1_FQC_StarAlign_NoERCC.sh... Mon Feb 29 18:13:54 PST 2016
