
Starting 1_FQC_StarAlign_NoERCC.sh... Mon Feb 29 15:20:13 PST 2016

Sample:
HT_ROW09_N720
FastQC already performed for this sample lane
Feb 29 15:20:13 ..... Started STAR run
Feb 29 15:20:24 ..... Started mapping
Feb 29 15:20:27 ..... Started sorting BAM
Feb 29 15:20:28 ..... Finished successfully
STAR alignment complete

End of 1_FQC_StarAlign_NoERCC.sh... Mon Feb 29 15:20:28 PST 2016

Starting 1_FQC_StarAlign_NoERCC.sh... Mon Feb 29 17:35:53 PST 2016

Sample:
HT_ROW09_N720
FastQC already performed for this sample lane
Feb 29 17:35:53 ..... Started STAR run
Feb 29 17:36:04 ..... Started mapping
Feb 29 17:36:07 ..... Started sorting BAM
Feb 29 17:36:07 ..... Finished successfully
STAR alignment complete

End of 1_FQC_StarAlign_NoERCC.sh... Mon Feb 29 17:36:08 PST 2016
