
Starting 1_FQC_StarAlign_NoERCC.sh... Mon Feb 29 15:11:58 PST 2016

Sample:
HT_ROW06_N705
FastQC already performed for this sample lane
Feb 29 15:11:58 ..... Started STAR run
Feb 29 15:12:25 ..... Started mapping
Feb 29 15:12:40 ..... Started sorting BAM
Feb 29 15:12:40 ..... Finished successfully
STAR alignment complete

End of 1_FQC_StarAlign_NoERCC.sh... Mon Feb 29 15:12:41 PST 2016

Starting 1_FQC_StarAlign_NoERCC.sh... Mon Feb 29 17:21:53 PST 2016

Sample:
HT_ROW06_N705
FastQC already performed for this sample lane
Feb 29 17:21:53 ..... Started STAR run
Feb 29 17:22:04 ..... Started mapping
Feb 29 17:22:20 ..... Started sorting BAM
Feb 29 17:22:21 ..... Finished successfully
STAR alignment complete

End of 1_FQC_StarAlign_NoERCC.sh... Mon Feb 29 17:22:22 PST 2016
