
Starting 1_FQC_StarAlign_NoERCC.sh... Mon Feb 29 16:10:58 PST 2016

Sample:
HT_ROW26_N722
FastQC already performed for this sample lane
Feb 29 16:10:58 ..... Started STAR run
Feb 29 16:11:39 ..... Started mapping
Feb 29 16:11:45 ..... Started sorting BAM
Feb 29 16:11:46 ..... Finished successfully
STAR alignment complete

End of 1_FQC_StarAlign_NoERCC.sh... Mon Feb 29 16:11:46 PST 2016

Starting 1_FQC_StarAlign_NoERCC.sh... Mon Feb 29 18:34:38 PST 2016

Sample:
HT_ROW26_N722
FastQC already performed for this sample lane
Feb 29 18:34:38 ..... Started STAR run
Feb 29 18:38:50 ..... Started mapping
Feb 29 18:38:57 ..... Started sorting BAM
Feb 29 18:38:57 ..... Finished successfully
STAR alignment complete

End of 1_FQC_StarAlign_NoERCC.sh... Mon Feb 29 18:38:58 PST 2016
