
Starting 1_FQC_StarAlign_NoERCC.sh... Mon Feb 29 16:13:43 PST 2016

Sample:
HT_ROW28_N704
FastQC already performed for this sample lane
Feb 29 16:13:43 ..... Started STAR run
Feb 29 16:13:54 ..... Started mapping
Feb 29 16:14:02 ..... Started sorting BAM
Feb 29 16:14:03 ..... Finished successfully
STAR alignment complete

End of 1_FQC_StarAlign_NoERCC.sh... Mon Feb 29 16:14:03 PST 2016

Starting 1_FQC_StarAlign_NoERCC.sh... Mon Feb 29 18:48:38 PST 2016

Sample:
HT_ROW28_N704
FastQC already performed for this sample lane
Feb 29 18:48:38 ..... Started STAR run
Feb 29 18:53:00 ..... Started mapping
Feb 29 18:53:14 ..... Started sorting BAM
Feb 29 18:53:14 ..... Finished successfully
STAR alignment complete

End of 1_FQC_StarAlign_NoERCC.sh... Mon Feb 29 18:53:15 PST 2016
