
Starting 1_FQC_StarAlign_NoERCC.sh... Mon Feb 29 15:42:43 PST 2016

Sample:
HT_ROW16_N723
FastQC already performed for this sample lane
Feb 29 15:42:43 ..... Started STAR run
Feb 29 15:42:55 ..... Started mapping
Feb 29 15:43:02 ..... Started sorting BAM
Feb 29 15:43:02 ..... Finished successfully
STAR alignment complete

End of 1_FQC_StarAlign_NoERCC.sh... Mon Feb 29 15:43:03 PST 2016

Starting 1_FQC_StarAlign_NoERCC.sh... Mon Feb 29 17:56:53 PST 2016

Sample:
HT_ROW16_N723
FastQC already performed for this sample lane
Feb 29 17:56:53 ..... Started STAR run
Feb 29 17:57:12 ..... Started mapping
Feb 29 17:57:19 ..... Started sorting BAM
Feb 29 17:57:20 ..... Finished successfully
STAR alignment complete

End of 1_FQC_StarAlign_NoERCC.sh... Mon Feb 29 17:57:20 PST 2016
