
Starting 1_FQC_StarAlign_NoERCC.sh... Mon Feb 29 16:21:13 PST 2016

Sample:
HT_ROW30_N710
FastQC already performed for this sample lane
Feb 29 16:21:13 ..... Started STAR run
Feb 29 16:21:24 ..... Started mapping
Feb 29 16:21:33 ..... Started sorting BAM
Feb 29 16:21:33 ..... Finished successfully
STAR alignment complete

End of 1_FQC_StarAlign_NoERCC.sh... Mon Feb 29 16:21:34 PST 2016

Starting 1_FQC_StarAlign_NoERCC.sh... Mon Feb 29 19:03:08 PST 2016

Sample:
HT_ROW30_N710
FastQC already performed for this sample lane
Feb 29 19:03:08 ..... Started STAR run
Feb 29 19:03:29 ..... Started mapping
Feb 29 19:03:40 ..... Started sorting BAM
Feb 29 19:03:40 ..... Finished successfully
STAR alignment complete

End of 1_FQC_StarAlign_NoERCC.sh... Mon Feb 29 19:03:41 PST 2016
