Starting script... Thu Feb 25 17:57:06 PST 2016
In dirs:
../data/bam/SxaQSEQsXap096L1/HT_ROW27_N702 ../data/bam/SxaQSEQsXap096L2/HT_ROW27_N702
Out dir:
../data/bam/merged/HT_ROW27_N702
2
Merging:
../data/bam/SxaQSEQsXap096L1/HT_ROW27_N702/Aligned.sortedByCoord.out.bam ../data/bam/SxaQSEQsXap096L2/HT_ROW27_N702/Aligned.sortedByCoord.out.bam
Done merging...
Running QC stats scripts from PicardTools...
sorted reads file is now indexed
reordered_reads.bam is now created
alignment_stats.txt is now created
rnaseq_stats.txt is now created
gcbias_summary stats are now created
duplicates are now marked
all reads left are now only proper pairs
marked-duplicates file is now sorted
marked-duplicates file is now indexed
cleaning up the extra .bam files
Starting end... Thu Feb 25 17:58:37 PST 2016
