[1] "Starting script..."
[1] "Files to merge: "
   [1] "SxaQSEQsXap096L1/HT_ROW01_N701/SJ.out.tab"
   [2] "SxaQSEQsXap096L1/HT_ROW01_N702/SJ.out.tab"
   [3] "SxaQSEQsXap096L1/HT_ROW01_N703/SJ.out.tab"
   [4] "SxaQSEQsXap096L1/HT_ROW01_N704/SJ.out.tab"
   [5] "SxaQSEQsXap096L1/HT_ROW01_N705/SJ.out.tab"
   [6] "SxaQSEQsXap096L1/HT_ROW01_N706/SJ.out.tab"
   [7] "SxaQSEQsXap096L1/HT_ROW01_N707/SJ.out.tab"
   [8] "SxaQSEQsXap096L1/HT_ROW01_N710/SJ.out.tab"
   [9] "SxaQSEQsXap096L1/HT_ROW01_N711/SJ.out.tab"
  [10] "SxaQSEQsXap096L1/HT_ROW01_N712/SJ.out.tab"
  [11] "SxaQSEQsXap096L1/HT_ROW01_N714/SJ.out.tab"
  [12] "SxaQSEQsXap096L1/HT_ROW01_N715/SJ.out.tab"
  [13] "SxaQSEQsXap096L1/HT_ROW01_N716/SJ.out.tab"
  [14] "SxaQSEQsXap096L1/HT_ROW01_N718/SJ.out.tab"
  [15] "SxaQSEQsXap096L1/HT_ROW01_N719/SJ.out.tab"
  [16] "SxaQSEQsXap096L1/HT_ROW01_N720/SJ.out.tab"
  [17] "SxaQSEQsXap096L1/HT_ROW01_N721/SJ.out.tab"
  [18] "SxaQSEQsXap096L1/HT_ROW01_N722/SJ.out.tab"
  [19] "SxaQSEQsXap096L1/HT_ROW01_N723/SJ.out.tab"
  [20] "SxaQSEQsXap096L1/HT_ROW01_N724/SJ.out.tab"
  [21] "SxaQSEQsXap096L1/HT_ROW02_N701/SJ.out.tab"
  [22] "SxaQSEQsXap096L1/HT_ROW02_N702/SJ.out.tab"
  [23] "SxaQSEQsXap096L1/HT_ROW02_N703/SJ.out.tab"
  [24] "SxaQSEQsXap096L1/HT_ROW02_N704/SJ.out.tab"
  [25] "SxaQSEQsXap096L1/HT_ROW02_N705/SJ.out.tab"
  [26] "SxaQSEQsXap096L1/HT_ROW02_N706/SJ.out.tab"
  [27] "SxaQSEQsXap096L1/HT_ROW02_N707/SJ.out.tab"
  [28] "SxaQSEQsXap096L1/HT_ROW02_N710/SJ.out.tab"
  [29] "SxaQSEQsXap096L1/HT_ROW02_N711/SJ.out.tab"
  [30] "SxaQSEQsXap096L1/HT_ROW02_N712/SJ.out.tab"
  [31] "SxaQSEQsXap096L1/HT_ROW02_N714/SJ.out.tab"
  [32] "SxaQSEQsXap096L1/HT_ROW02_N715/SJ.out.tab"
  [33] "SxaQSEQsXap096L1/HT_ROW02_N716/SJ.out.tab"
  [34] "SxaQSEQsXap096L1/HT_ROW02_N718/SJ.out.tab"
  [35] "SxaQSEQsXap096L1/HT_ROW02_N719/SJ.out.tab"
  [36] "SxaQSEQsXap096L1/HT_ROW02_N720/SJ.out.tab"
  [37] "SxaQSEQsXap096L1/HT_ROW02_N721/SJ.out.tab"
  [38] "SxaQSEQsXap096L1/HT_ROW02_N722/SJ.out.tab"
  [39] "SxaQSEQsXap096L1/HT_ROW02_N723/SJ.out.tab"
  [40] "SxaQSEQsXap096L1/HT_ROW02_N724/SJ.out.tab"
  [41] "SxaQSEQsXap096L1/HT_ROW03_N701/SJ.out.tab"
  [42] "SxaQSEQsXap096L1/HT_ROW03_N702/SJ.out.tab"
  [43] "SxaQSEQsXap096L1/HT_ROW03_N703/SJ.out.tab"
  [44] "SxaQSEQsXap096L1/HT_ROW03_N704/SJ.out.tab"
  [45] "SxaQSEQsXap096L1/HT_ROW03_N705/SJ.out.tab"
  [46] "SxaQSEQsXap096L1/HT_ROW03_N706/SJ.out.tab"
  [47] "SxaQSEQsXap096L1/HT_ROW03_N707/SJ.out.tab"
  [48] "SxaQSEQsXap096L1/HT_ROW03_N710/SJ.out.tab"
  [49] "SxaQSEQsXap096L1/HT_ROW03_N711/SJ.out.tab"
  [50] "SxaQSEQsXap096L1/HT_ROW03_N712/SJ.out.tab"
  [51] "SxaQSEQsXap096L1/HT_ROW03_N714/SJ.out.tab"
  [52] "SxaQSEQsXap096L1/HT_ROW03_N715/SJ.out.tab"
  [53] "SxaQSEQsXap096L1/HT_ROW03_N716/SJ.out.tab"
  [54] "SxaQSEQsXap096L1/HT_ROW03_N718/SJ.out.tab"
  [55] "SxaQSEQsXap096L1/HT_ROW03_N719/SJ.out.tab"
  [56] "SxaQSEQsXap096L1/HT_ROW03_N720/SJ.out.tab"
  [57] "SxaQSEQsXap096L1/HT_ROW03_N721/SJ.out.tab"
  [58] "SxaQSEQsXap096L1/HT_ROW03_N722/SJ.out.tab"
  [59] "SxaQSEQsXap096L1/HT_ROW03_N723/SJ.out.tab"
  [60] "SxaQSEQsXap096L1/HT_ROW03_N724/SJ.out.tab"
  [61] "SxaQSEQsXap096L1/HT_ROW04_N701/SJ.out.tab"
  [62] "SxaQSEQsXap096L1/HT_ROW04_N702/SJ.out.tab"
  [63] "SxaQSEQsXap096L1/HT_ROW04_N703/SJ.out.tab"
  [64] "SxaQSEQsXap096L1/HT_ROW04_N704/SJ.out.tab"
  [65] "SxaQSEQsXap096L1/HT_ROW04_N705/SJ.out.tab"
  [66] "SxaQSEQsXap096L1/HT_ROW04_N706/SJ.out.tab"
  [67] "SxaQSEQsXap096L1/HT_ROW04_N707/SJ.out.tab"
  [68] "SxaQSEQsXap096L1/HT_ROW04_N710/SJ.out.tab"
  [69] "SxaQSEQsXap096L1/HT_ROW04_N711/SJ.out.tab"
  [70] "SxaQSEQsXap096L1/HT_ROW04_N712/SJ.out.tab"
  [71] "SxaQSEQsXap096L1/HT_ROW04_N714/SJ.out.tab"
  [72] "SxaQSEQsXap096L1/HT_ROW04_N715/SJ.out.tab"
  [73] "SxaQSEQsXap096L1/HT_ROW04_N716/SJ.out.tab"
  [74] "SxaQSEQsXap096L1/HT_ROW04_N718/SJ.out.tab"
  [75] "SxaQSEQsXap096L1/HT_ROW04_N719/SJ.out.tab"
  [76] "SxaQSEQsXap096L1/HT_ROW04_N720/SJ.out.tab"
  [77] "SxaQSEQsXap096L1/HT_ROW04_N721/SJ.out.tab"
  [78] "SxaQSEQsXap096L1/HT_ROW04_N722/SJ.out.tab"
  [79] "SxaQSEQsXap096L1/HT_ROW04_N723/SJ.out.tab"
  [80] "SxaQSEQsXap096L1/HT_ROW04_N724/SJ.out.tab"
  [81] "SxaQSEQsXap096L1/HT_ROW05_N701/SJ.out.tab"
  [82] "SxaQSEQsXap096L1/HT_ROW05_N702/SJ.out.tab"
  [83] "SxaQSEQsXap096L1/HT_ROW05_N703/SJ.out.tab"
  [84] "SxaQSEQsXap096L1/HT_ROW05_N704/SJ.out.tab"
  [85] "SxaQSEQsXap096L1/HT_ROW05_N705/SJ.out.tab"
  [86] "SxaQSEQsXap096L1/HT_ROW05_N706/SJ.out.tab"
  [87] "SxaQSEQsXap096L1/HT_ROW05_N707/SJ.out.tab"
  [88] "SxaQSEQsXap096L1/HT_ROW05_N710/SJ.out.tab"
  [89] "SxaQSEQsXap096L1/HT_ROW05_N711/SJ.out.tab"
  [90] "SxaQSEQsXap096L1/HT_ROW05_N712/SJ.out.tab"
  [91] "SxaQSEQsXap096L1/HT_ROW05_N714/SJ.out.tab"
  [92] "SxaQSEQsXap096L1/HT_ROW05_N715/SJ.out.tab"
  [93] "SxaQSEQsXap096L1/HT_ROW05_N716/SJ.out.tab"
  [94] "SxaQSEQsXap096L1/HT_ROW05_N718/SJ.out.tab"
  [95] "SxaQSEQsXap096L1/HT_ROW05_N719/SJ.out.tab"
  [96] "SxaQSEQsXap096L1/HT_ROW05_N720/SJ.out.tab"
  [97] "SxaQSEQsXap096L1/HT_ROW05_N721/SJ.out.tab"
  [98] "SxaQSEQsXap096L1/HT_ROW05_N722/SJ.out.tab"
  [99] "SxaQSEQsXap096L1/HT_ROW05_N723/SJ.out.tab"
 [100] "SxaQSEQsXap096L1/HT_ROW05_N724/SJ.out.tab"
 [101] "SxaQSEQsXap096L1/HT_ROW06_N701/SJ.out.tab"
 [102] "SxaQSEQsXap096L1/HT_ROW06_N702/SJ.out.tab"
 [103] "SxaQSEQsXap096L1/HT_ROW06_N703/SJ.out.tab"
 [104] "SxaQSEQsXap096L1/HT_ROW06_N704/SJ.out.tab"
 [105] "SxaQSEQsXap096L1/HT_ROW06_N705/SJ.out.tab"
 [106] "SxaQSEQsXap096L1/HT_ROW06_N706/SJ.out.tab"
 [107] "SxaQSEQsXap096L1/HT_ROW06_N707/SJ.out.tab"
 [108] "SxaQSEQsXap096L1/HT_ROW06_N710/SJ.out.tab"
 [109] "SxaQSEQsXap096L1/HT_ROW06_N711/SJ.out.tab"
 [110] "SxaQSEQsXap096L1/HT_ROW06_N712/SJ.out.tab"
 [111] "SxaQSEQsXap096L1/HT_ROW06_N714/SJ.out.tab"
 [112] "SxaQSEQsXap096L1/HT_ROW06_N715/SJ.out.tab"
 [113] "SxaQSEQsXap096L1/HT_ROW06_N716/SJ.out.tab"
 [114] "SxaQSEQsXap096L1/HT_ROW06_N718/SJ.out.tab"
 [115] "SxaQSEQsXap096L1/HT_ROW06_N719/SJ.out.tab"
 [116] "SxaQSEQsXap096L1/HT_ROW06_N720/SJ.out.tab"
 [117] "SxaQSEQsXap096L1/HT_ROW06_N721/SJ.out.tab"
 [118] "SxaQSEQsXap096L1/HT_ROW06_N722/SJ.out.tab"
 [119] "SxaQSEQsXap096L1/HT_ROW06_N723/SJ.out.tab"
 [120] "SxaQSEQsXap096L1/HT_ROW06_N724/SJ.out.tab"
 [121] "SxaQSEQsXap096L1/HT_ROW07_N701/SJ.out.tab"
 [122] "SxaQSEQsXap096L1/HT_ROW07_N702/SJ.out.tab"
 [123] "SxaQSEQsXap096L1/HT_ROW07_N703/SJ.out.tab"
 [124] "SxaQSEQsXap096L1/HT_ROW07_N704/SJ.out.tab"
 [125] "SxaQSEQsXap096L1/HT_ROW07_N705/SJ.out.tab"
 [126] "SxaQSEQsXap096L1/HT_ROW07_N706/SJ.out.tab"
 [127] "SxaQSEQsXap096L1/HT_ROW07_N707/SJ.out.tab"
 [128] "SxaQSEQsXap096L1/HT_ROW07_N710/SJ.out.tab"
 [129] "SxaQSEQsXap096L1/HT_ROW07_N711/SJ.out.tab"
 [130] "SxaQSEQsXap096L1/HT_ROW07_N712/SJ.out.tab"
 [131] "SxaQSEQsXap096L1/HT_ROW07_N714/SJ.out.tab"
 [132] "SxaQSEQsXap096L1/HT_ROW07_N715/SJ.out.tab"
 [133] "SxaQSEQsXap096L1/HT_ROW07_N716/SJ.out.tab"
 [134] "SxaQSEQsXap096L1/HT_ROW07_N718/SJ.out.tab"
 [135] "SxaQSEQsXap096L1/HT_ROW07_N719/SJ.out.tab"
 [136] "SxaQSEQsXap096L1/HT_ROW07_N720/SJ.out.tab"
 [137] "SxaQSEQsXap096L1/HT_ROW07_N721/SJ.out.tab"
 [138] "SxaQSEQsXap096L1/HT_ROW07_N722/SJ.out.tab"
 [139] "SxaQSEQsXap096L1/HT_ROW07_N723/SJ.out.tab"
 [140] "SxaQSEQsXap096L1/HT_ROW07_N724/SJ.out.tab"
 [141] "SxaQSEQsXap096L1/HT_ROW08_N701/SJ.out.tab"
 [142] "SxaQSEQsXap096L1/HT_ROW08_N702/SJ.out.tab"
 [143] "SxaQSEQsXap096L1/HT_ROW08_N703/SJ.out.tab"
 [144] "SxaQSEQsXap096L1/HT_ROW08_N704/SJ.out.tab"
 [145] "SxaQSEQsXap096L1/HT_ROW08_N705/SJ.out.tab"
 [146] "SxaQSEQsXap096L1/HT_ROW08_N706/SJ.out.tab"
 [147] "SxaQSEQsXap096L1/HT_ROW08_N707/SJ.out.tab"
 [148] "SxaQSEQsXap096L1/HT_ROW08_N710/SJ.out.tab"
 [149] "SxaQSEQsXap096L1/HT_ROW08_N711/SJ.out.tab"
 [150] "SxaQSEQsXap096L1/HT_ROW08_N712/SJ.out.tab"
 [151] "SxaQSEQsXap096L1/HT_ROW08_N714/SJ.out.tab"
 [152] "SxaQSEQsXap096L1/HT_ROW08_N715/SJ.out.tab"
 [153] "SxaQSEQsXap096L1/HT_ROW08_N716/SJ.out.tab"
 [154] "SxaQSEQsXap096L1/HT_ROW08_N718/SJ.out.tab"
 [155] "SxaQSEQsXap096L1/HT_ROW08_N719/SJ.out.tab"
 [156] "SxaQSEQsXap096L1/HT_ROW08_N720/SJ.out.tab"
 [157] "SxaQSEQsXap096L1/HT_ROW08_N721/SJ.out.tab"
 [158] "SxaQSEQsXap096L1/HT_ROW08_N722/SJ.out.tab"
 [159] "SxaQSEQsXap096L1/HT_ROW08_N723/SJ.out.tab"
 [160] "SxaQSEQsXap096L1/HT_ROW08_N724/SJ.out.tab"
 [161] "SxaQSEQsXap096L1/HT_ROW09_N701/SJ.out.tab"
 [162] "SxaQSEQsXap096L1/HT_ROW09_N702/SJ.out.tab"
 [163] "SxaQSEQsXap096L1/HT_ROW09_N703/SJ.out.tab"
 [164] "SxaQSEQsXap096L1/HT_ROW09_N704/SJ.out.tab"
 [165] "SxaQSEQsXap096L1/HT_ROW09_N705/SJ.out.tab"
 [166] "SxaQSEQsXap096L1/HT_ROW09_N706/SJ.out.tab"
 [167] "SxaQSEQsXap096L1/HT_ROW09_N707/SJ.out.tab"
 [168] "SxaQSEQsXap096L1/HT_ROW09_N710/SJ.out.tab"
 [169] "SxaQSEQsXap096L1/HT_ROW09_N711/SJ.out.tab"
 [170] "SxaQSEQsXap096L1/HT_ROW09_N712/SJ.out.tab"
 [171] "SxaQSEQsXap096L1/HT_ROW09_N714/SJ.out.tab"
 [172] "SxaQSEQsXap096L1/HT_ROW09_N715/SJ.out.tab"
 [173] "SxaQSEQsXap096L1/HT_ROW09_N716/SJ.out.tab"
 [174] "SxaQSEQsXap096L1/HT_ROW09_N718/SJ.out.tab"
 [175] "SxaQSEQsXap096L1/HT_ROW09_N719/SJ.out.tab"
 [176] "SxaQSEQsXap096L1/HT_ROW09_N720/SJ.out.tab"
 [177] "SxaQSEQsXap096L1/HT_ROW09_N721/SJ.out.tab"
 [178] "SxaQSEQsXap096L1/HT_ROW09_N722/SJ.out.tab"
 [179] "SxaQSEQsXap096L1/HT_ROW09_N723/SJ.out.tab"
 [180] "SxaQSEQsXap096L1/HT_ROW09_N724/SJ.out.tab"
 [181] "SxaQSEQsXap096L1/HT_ROW10_N701/SJ.out.tab"
 [182] "SxaQSEQsXap096L1/HT_ROW10_N702/SJ.out.tab"
 [183] "SxaQSEQsXap096L1/HT_ROW10_N703/SJ.out.tab"
 [184] "SxaQSEQsXap096L1/HT_ROW10_N704/SJ.out.tab"
 [185] "SxaQSEQsXap096L1/HT_ROW10_N705/SJ.out.tab"
 [186] "SxaQSEQsXap096L1/HT_ROW10_N706/SJ.out.tab"
 [187] "SxaQSEQsXap096L1/HT_ROW10_N707/SJ.out.tab"
 [188] "SxaQSEQsXap096L1/HT_ROW10_N710/SJ.out.tab"
 [189] "SxaQSEQsXap096L1/HT_ROW10_N711/SJ.out.tab"
 [190] "SxaQSEQsXap096L1/HT_ROW10_N712/SJ.out.tab"
 [191] "SxaQSEQsXap096L1/HT_ROW10_N714/SJ.out.tab"
 [192] "SxaQSEQsXap096L1/HT_ROW10_N715/SJ.out.tab"
 [193] "SxaQSEQsXap096L1/HT_ROW10_N716/SJ.out.tab"
 [194] "SxaQSEQsXap096L1/HT_ROW10_N718/SJ.out.tab"
 [195] "SxaQSEQsXap096L1/HT_ROW10_N719/SJ.out.tab"
 [196] "SxaQSEQsXap096L1/HT_ROW10_N720/SJ.out.tab"
 [197] "SxaQSEQsXap096L1/HT_ROW10_N721/SJ.out.tab"
 [198] "SxaQSEQsXap096L1/HT_ROW10_N722/SJ.out.tab"
 [199] "SxaQSEQsXap096L1/HT_ROW10_N723/SJ.out.tab"
 [200] "SxaQSEQsXap096L1/HT_ROW10_N724/SJ.out.tab"
 [201] "SxaQSEQsXap096L1/HT_ROW11_N701/SJ.out.tab"
 [202] "SxaQSEQsXap096L1/HT_ROW11_N702/SJ.out.tab"
 [203] "SxaQSEQsXap096L1/HT_ROW11_N703/SJ.out.tab"
 [204] "SxaQSEQsXap096L1/HT_ROW11_N704/SJ.out.tab"
 [205] "SxaQSEQsXap096L1/HT_ROW11_N705/SJ.out.tab"
 [206] "SxaQSEQsXap096L1/HT_ROW11_N706/SJ.out.tab"
 [207] "SxaQSEQsXap096L1/HT_ROW11_N707/SJ.out.tab"
 [208] "SxaQSEQsXap096L1/HT_ROW11_N710/SJ.out.tab"
 [209] "SxaQSEQsXap096L1/HT_ROW11_N711/SJ.out.tab"
 [210] "SxaQSEQsXap096L1/HT_ROW11_N712/SJ.out.tab"
 [211] "SxaQSEQsXap096L1/HT_ROW11_N714/SJ.out.tab"
 [212] "SxaQSEQsXap096L1/HT_ROW11_N715/SJ.out.tab"
 [213] "SxaQSEQsXap096L1/HT_ROW11_N716/SJ.out.tab"
 [214] "SxaQSEQsXap096L1/HT_ROW11_N718/SJ.out.tab"
 [215] "SxaQSEQsXap096L1/HT_ROW11_N719/SJ.out.tab"
 [216] "SxaQSEQsXap096L1/HT_ROW11_N720/SJ.out.tab"
 [217] "SxaQSEQsXap096L1/HT_ROW11_N721/SJ.out.tab"
 [218] "SxaQSEQsXap096L1/HT_ROW11_N722/SJ.out.tab"
 [219] "SxaQSEQsXap096L1/HT_ROW11_N723/SJ.out.tab"
 [220] "SxaQSEQsXap096L1/HT_ROW11_N724/SJ.out.tab"
 [221] "SxaQSEQsXap096L1/HT_ROW12_N701/SJ.out.tab"
 [222] "SxaQSEQsXap096L1/HT_ROW12_N702/SJ.out.tab"
 [223] "SxaQSEQsXap096L1/HT_ROW12_N703/SJ.out.tab"
 [224] "SxaQSEQsXap096L1/HT_ROW12_N704/SJ.out.tab"
 [225] "SxaQSEQsXap096L1/HT_ROW12_N705/SJ.out.tab"
 [226] "SxaQSEQsXap096L1/HT_ROW12_N706/SJ.out.tab"
 [227] "SxaQSEQsXap096L1/HT_ROW12_N707/SJ.out.tab"
 [228] "SxaQSEQsXap096L1/HT_ROW12_N710/SJ.out.tab"
 [229] "SxaQSEQsXap096L1/HT_ROW12_N711/SJ.out.tab"
 [230] "SxaQSEQsXap096L1/HT_ROW12_N712/SJ.out.tab"
 [231] "SxaQSEQsXap096L1/HT_ROW12_N714/SJ.out.tab"
 [232] "SxaQSEQsXap096L1/HT_ROW12_N715/SJ.out.tab"
 [233] "SxaQSEQsXap096L1/HT_ROW12_N716/SJ.out.tab"
 [234] "SxaQSEQsXap096L1/HT_ROW12_N718/SJ.out.tab"
 [235] "SxaQSEQsXap096L1/HT_ROW12_N719/SJ.out.tab"
 [236] "SxaQSEQsXap096L1/HT_ROW12_N720/SJ.out.tab"
 [237] "SxaQSEQsXap096L1/HT_ROW12_N721/SJ.out.tab"
 [238] "SxaQSEQsXap096L1/HT_ROW12_N722/SJ.out.tab"
 [239] "SxaQSEQsXap096L1/HT_ROW12_N723/SJ.out.tab"
 [240] "SxaQSEQsXap096L1/HT_ROW12_N724/SJ.out.tab"
 [241] "SxaQSEQsXap096L1/HT_ROW13_N701/SJ.out.tab"
 [242] "SxaQSEQsXap096L1/HT_ROW13_N702/SJ.out.tab"
 [243] "SxaQSEQsXap096L1/HT_ROW13_N703/SJ.out.tab"
 [244] "SxaQSEQsXap096L1/HT_ROW13_N704/SJ.out.tab"
 [245] "SxaQSEQsXap096L1/HT_ROW13_N705/SJ.out.tab"
 [246] "SxaQSEQsXap096L1/HT_ROW13_N706/SJ.out.tab"
 [247] "SxaQSEQsXap096L1/HT_ROW13_N707/SJ.out.tab"
 [248] "SxaQSEQsXap096L1/HT_ROW13_N710/SJ.out.tab"
 [249] "SxaQSEQsXap096L1/HT_ROW13_N711/SJ.out.tab"
 [250] "SxaQSEQsXap096L1/HT_ROW13_N712/SJ.out.tab"
 [251] "SxaQSEQsXap096L1/HT_ROW13_N714/SJ.out.tab"
 [252] "SxaQSEQsXap096L1/HT_ROW13_N715/SJ.out.tab"
 [253] "SxaQSEQsXap096L1/HT_ROW13_N716/SJ.out.tab"
 [254] "SxaQSEQsXap096L1/HT_ROW13_N718/SJ.out.tab"
 [255] "SxaQSEQsXap096L1/HT_ROW13_N719/SJ.out.tab"
 [256] "SxaQSEQsXap096L1/HT_ROW13_N720/SJ.out.tab"
 [257] "SxaQSEQsXap096L1/HT_ROW13_N721/SJ.out.tab"
 [258] "SxaQSEQsXap096L1/HT_ROW13_N722/SJ.out.tab"
 [259] "SxaQSEQsXap096L1/HT_ROW13_N723/SJ.out.tab"
 [260] "SxaQSEQsXap096L1/HT_ROW13_N724/SJ.out.tab"
 [261] "SxaQSEQsXap096L1/HT_ROW14_N701/SJ.out.tab"
 [262] "SxaQSEQsXap096L1/HT_ROW14_N702/SJ.out.tab"
 [263] "SxaQSEQsXap096L1/HT_ROW14_N703/SJ.out.tab"
 [264] "SxaQSEQsXap096L1/HT_ROW14_N704/SJ.out.tab"
 [265] "SxaQSEQsXap096L1/HT_ROW14_N705/SJ.out.tab"
 [266] "SxaQSEQsXap096L1/HT_ROW14_N706/SJ.out.tab"
 [267] "SxaQSEQsXap096L1/HT_ROW14_N707/SJ.out.tab"
 [268] "SxaQSEQsXap096L1/HT_ROW14_N710/SJ.out.tab"
 [269] "SxaQSEQsXap096L1/HT_ROW14_N711/SJ.out.tab"
 [270] "SxaQSEQsXap096L1/HT_ROW14_N712/SJ.out.tab"
 [271] "SxaQSEQsXap096L1/HT_ROW14_N714/SJ.out.tab"
 [272] "SxaQSEQsXap096L1/HT_ROW14_N715/SJ.out.tab"
 [273] "SxaQSEQsXap096L1/HT_ROW14_N716/SJ.out.tab"
 [274] "SxaQSEQsXap096L1/HT_ROW14_N718/SJ.out.tab"
 [275] "SxaQSEQsXap096L1/HT_ROW14_N719/SJ.out.tab"
 [276] "SxaQSEQsXap096L1/HT_ROW14_N720/SJ.out.tab"
 [277] "SxaQSEQsXap096L1/HT_ROW14_N721/SJ.out.tab"
 [278] "SxaQSEQsXap096L1/HT_ROW14_N722/SJ.out.tab"
 [279] "SxaQSEQsXap096L1/HT_ROW14_N723/SJ.out.tab"
 [280] "SxaQSEQsXap096L1/HT_ROW14_N724/SJ.out.tab"
 [281] "SxaQSEQsXap096L1/HT_ROW15_N701/SJ.out.tab"
 [282] "SxaQSEQsXap096L1/HT_ROW15_N702/SJ.out.tab"
 [283] "SxaQSEQsXap096L1/HT_ROW15_N703/SJ.out.tab"
 [284] "SxaQSEQsXap096L1/HT_ROW15_N704/SJ.out.tab"
 [285] "SxaQSEQsXap096L1/HT_ROW15_N705/SJ.out.tab"
 [286] "SxaQSEQsXap096L1/HT_ROW15_N706/SJ.out.tab"
 [287] "SxaQSEQsXap096L1/HT_ROW15_N707/SJ.out.tab"
 [288] "SxaQSEQsXap096L1/HT_ROW15_N710/SJ.out.tab"
 [289] "SxaQSEQsXap096L1/HT_ROW15_N711/SJ.out.tab"
 [290] "SxaQSEQsXap096L1/HT_ROW15_N712/SJ.out.tab"
 [291] "SxaQSEQsXap096L1/HT_ROW15_N714/SJ.out.tab"
 [292] "SxaQSEQsXap096L1/HT_ROW15_N715/SJ.out.tab"
 [293] "SxaQSEQsXap096L1/HT_ROW15_N716/SJ.out.tab"
 [294] "SxaQSEQsXap096L1/HT_ROW15_N718/SJ.out.tab"
 [295] "SxaQSEQsXap096L1/HT_ROW15_N719/SJ.out.tab"
 [296] "SxaQSEQsXap096L1/HT_ROW15_N720/SJ.out.tab"
 [297] "SxaQSEQsXap096L1/HT_ROW15_N721/SJ.out.tab"
 [298] "SxaQSEQsXap096L1/HT_ROW15_N722/SJ.out.tab"
 [299] "SxaQSEQsXap096L1/HT_ROW15_N723/SJ.out.tab"
 [300] "SxaQSEQsXap096L1/HT_ROW15_N724/SJ.out.tab"
 [301] "SxaQSEQsXap096L1/HT_ROW16_N701/SJ.out.tab"
 [302] "SxaQSEQsXap096L1/HT_ROW16_N702/SJ.out.tab"
 [303] "SxaQSEQsXap096L1/HT_ROW16_N703/SJ.out.tab"
 [304] "SxaQSEQsXap096L1/HT_ROW16_N704/SJ.out.tab"
 [305] "SxaQSEQsXap096L1/HT_ROW16_N705/SJ.out.tab"
 [306] "SxaQSEQsXap096L1/HT_ROW16_N706/SJ.out.tab"
 [307] "SxaQSEQsXap096L1/HT_ROW16_N707/SJ.out.tab"
 [308] "SxaQSEQsXap096L1/HT_ROW16_N710/SJ.out.tab"
 [309] "SxaQSEQsXap096L1/HT_ROW16_N711/SJ.out.tab"
 [310] "SxaQSEQsXap096L1/HT_ROW16_N712/SJ.out.tab"
 [311] "SxaQSEQsXap096L1/HT_ROW16_N714/SJ.out.tab"
 [312] "SxaQSEQsXap096L1/HT_ROW16_N715/SJ.out.tab"
 [313] "SxaQSEQsXap096L1/HT_ROW16_N716/SJ.out.tab"
 [314] "SxaQSEQsXap096L1/HT_ROW16_N718/SJ.out.tab"
 [315] "SxaQSEQsXap096L1/HT_ROW16_N719/SJ.out.tab"
 [316] "SxaQSEQsXap096L1/HT_ROW16_N720/SJ.out.tab"
 [317] "SxaQSEQsXap096L1/HT_ROW16_N721/SJ.out.tab"
 [318] "SxaQSEQsXap096L1/HT_ROW16_N722/SJ.out.tab"
 [319] "SxaQSEQsXap096L1/HT_ROW16_N723/SJ.out.tab"
 [320] "SxaQSEQsXap096L1/HT_ROW16_N724/SJ.out.tab"
 [321] "SxaQSEQsXap096L1/HT_ROW17_N701/SJ.out.tab"
 [322] "SxaQSEQsXap096L1/HT_ROW17_N702/SJ.out.tab"
 [323] "SxaQSEQsXap096L1/HT_ROW17_N703/SJ.out.tab"
 [324] "SxaQSEQsXap096L1/HT_ROW17_N704/SJ.out.tab"
 [325] "SxaQSEQsXap096L1/HT_ROW17_N705/SJ.out.tab"
 [326] "SxaQSEQsXap096L1/HT_ROW17_N706/SJ.out.tab"
 [327] "SxaQSEQsXap096L1/HT_ROW17_N707/SJ.out.tab"
 [328] "SxaQSEQsXap096L1/HT_ROW17_N710/SJ.out.tab"
 [329] "SxaQSEQsXap096L1/HT_ROW17_N711/SJ.out.tab"
 [330] "SxaQSEQsXap096L1/HT_ROW17_N712/SJ.out.tab"
 [331] "SxaQSEQsXap096L1/HT_ROW17_N714/SJ.out.tab"
 [332] "SxaQSEQsXap096L1/HT_ROW17_N715/SJ.out.tab"
 [333] "SxaQSEQsXap096L1/HT_ROW17_N716/SJ.out.tab"
 [334] "SxaQSEQsXap096L1/HT_ROW17_N718/SJ.out.tab"
 [335] "SxaQSEQsXap096L1/HT_ROW17_N719/SJ.out.tab"
 [336] "SxaQSEQsXap096L1/HT_ROW17_N720/SJ.out.tab"
 [337] "SxaQSEQsXap096L1/HT_ROW17_N721/SJ.out.tab"
 [338] "SxaQSEQsXap096L1/HT_ROW17_N722/SJ.out.tab"
 [339] "SxaQSEQsXap096L1/HT_ROW17_N723/SJ.out.tab"
 [340] "SxaQSEQsXap096L1/HT_ROW17_N724/SJ.out.tab"
 [341] "SxaQSEQsXap096L1/HT_ROW18_N701/SJ.out.tab"
 [342] "SxaQSEQsXap096L1/HT_ROW18_N702/SJ.out.tab"
 [343] "SxaQSEQsXap096L1/HT_ROW18_N703/SJ.out.tab"
 [344] "SxaQSEQsXap096L1/HT_ROW18_N704/SJ.out.tab"
 [345] "SxaQSEQsXap096L1/HT_ROW18_N705/SJ.out.tab"
 [346] "SxaQSEQsXap096L1/HT_ROW18_N706/SJ.out.tab"
 [347] "SxaQSEQsXap096L1/HT_ROW18_N707/SJ.out.tab"
 [348] "SxaQSEQsXap096L1/HT_ROW18_N710/SJ.out.tab"
 [349] "SxaQSEQsXap096L1/HT_ROW18_N711/SJ.out.tab"
 [350] "SxaQSEQsXap096L1/HT_ROW18_N712/SJ.out.tab"
 [351] "SxaQSEQsXap096L1/HT_ROW18_N714/SJ.out.tab"
 [352] "SxaQSEQsXap096L1/HT_ROW18_N715/SJ.out.tab"
 [353] "SxaQSEQsXap096L1/HT_ROW18_N716/SJ.out.tab"
 [354] "SxaQSEQsXap096L1/HT_ROW18_N718/SJ.out.tab"
 [355] "SxaQSEQsXap096L1/HT_ROW18_N719/SJ.out.tab"
 [356] "SxaQSEQsXap096L1/HT_ROW18_N720/SJ.out.tab"
 [357] "SxaQSEQsXap096L1/HT_ROW18_N721/SJ.out.tab"
 [358] "SxaQSEQsXap096L1/HT_ROW18_N722/SJ.out.tab"
 [359] "SxaQSEQsXap096L1/HT_ROW18_N723/SJ.out.tab"
 [360] "SxaQSEQsXap096L1/HT_ROW18_N724/SJ.out.tab"
 [361] "SxaQSEQsXap096L1/HT_ROW19_N701/SJ.out.tab"
 [362] "SxaQSEQsXap096L1/HT_ROW19_N702/SJ.out.tab"
 [363] "SxaQSEQsXap096L1/HT_ROW19_N703/SJ.out.tab"
 [364] "SxaQSEQsXap096L1/HT_ROW19_N704/SJ.out.tab"
 [365] "SxaQSEQsXap096L1/HT_ROW19_N705/SJ.out.tab"
 [366] "SxaQSEQsXap096L1/HT_ROW19_N706/SJ.out.tab"
 [367] "SxaQSEQsXap096L1/HT_ROW19_N707/SJ.out.tab"
 [368] "SxaQSEQsXap096L1/HT_ROW19_N710/SJ.out.tab"
 [369] "SxaQSEQsXap096L1/HT_ROW19_N711/SJ.out.tab"
 [370] "SxaQSEQsXap096L1/HT_ROW19_N712/SJ.out.tab"
 [371] "SxaQSEQsXap096L1/HT_ROW19_N714/SJ.out.tab"
 [372] "SxaQSEQsXap096L1/HT_ROW19_N715/SJ.out.tab"
 [373] "SxaQSEQsXap096L1/HT_ROW19_N716/SJ.out.tab"
 [374] "SxaQSEQsXap096L1/HT_ROW19_N718/SJ.out.tab"
 [375] "SxaQSEQsXap096L1/HT_ROW19_N719/SJ.out.tab"
 [376] "SxaQSEQsXap096L1/HT_ROW19_N720/SJ.out.tab"
 [377] "SxaQSEQsXap096L1/HT_ROW19_N721/SJ.out.tab"
 [378] "SxaQSEQsXap096L1/HT_ROW19_N722/SJ.out.tab"
 [379] "SxaQSEQsXap096L1/HT_ROW19_N723/SJ.out.tab"
 [380] "SxaQSEQsXap096L1/HT_ROW19_N724/SJ.out.tab"
 [381] "SxaQSEQsXap096L1/HT_ROW20_N701/SJ.out.tab"
 [382] "SxaQSEQsXap096L1/HT_ROW20_N702/SJ.out.tab"
 [383] "SxaQSEQsXap096L1/HT_ROW20_N703/SJ.out.tab"
 [384] "SxaQSEQsXap096L1/HT_ROW20_N704/SJ.out.tab"
 [385] "SxaQSEQsXap096L1/HT_ROW20_N705/SJ.out.tab"
 [386] "SxaQSEQsXap096L1/HT_ROW20_N706/SJ.out.tab"
 [387] "SxaQSEQsXap096L1/HT_ROW20_N707/SJ.out.tab"
 [388] "SxaQSEQsXap096L1/HT_ROW20_N710/SJ.out.tab"
 [389] "SxaQSEQsXap096L1/HT_ROW20_N711/SJ.out.tab"
 [390] "SxaQSEQsXap096L1/HT_ROW20_N712/SJ.out.tab"
 [391] "SxaQSEQsXap096L1/HT_ROW20_N714/SJ.out.tab"
 [392] "SxaQSEQsXap096L1/HT_ROW20_N715/SJ.out.tab"
 [393] "SxaQSEQsXap096L1/HT_ROW20_N716/SJ.out.tab"
 [394] "SxaQSEQsXap096L1/HT_ROW20_N718/SJ.out.tab"
 [395] "SxaQSEQsXap096L1/HT_ROW20_N719/SJ.out.tab"
 [396] "SxaQSEQsXap096L1/HT_ROW20_N720/SJ.out.tab"
 [397] "SxaQSEQsXap096L1/HT_ROW20_N721/SJ.out.tab"
 [398] "SxaQSEQsXap096L1/HT_ROW20_N722/SJ.out.tab"
 [399] "SxaQSEQsXap096L1/HT_ROW20_N723/SJ.out.tab"
 [400] "SxaQSEQsXap096L1/HT_ROW20_N724/SJ.out.tab"
 [401] "SxaQSEQsXap096L1/HT_ROW21_N701/SJ.out.tab"
 [402] "SxaQSEQsXap096L1/HT_ROW21_N702/SJ.out.tab"
 [403] "SxaQSEQsXap096L1/HT_ROW21_N703/SJ.out.tab"
 [404] "SxaQSEQsXap096L1/HT_ROW21_N704/SJ.out.tab"
 [405] "SxaQSEQsXap096L1/HT_ROW21_N705/SJ.out.tab"
 [406] "SxaQSEQsXap096L1/HT_ROW21_N706/SJ.out.tab"
 [407] "SxaQSEQsXap096L1/HT_ROW21_N707/SJ.out.tab"
 [408] "SxaQSEQsXap096L1/HT_ROW21_N710/SJ.out.tab"
 [409] "SxaQSEQsXap096L1/HT_ROW21_N711/SJ.out.tab"
 [410] "SxaQSEQsXap096L1/HT_ROW21_N712/SJ.out.tab"
 [411] "SxaQSEQsXap096L1/HT_ROW21_N714/SJ.out.tab"
 [412] "SxaQSEQsXap096L1/HT_ROW21_N715/SJ.out.tab"
 [413] "SxaQSEQsXap096L1/HT_ROW21_N716/SJ.out.tab"
 [414] "SxaQSEQsXap096L1/HT_ROW21_N718/SJ.out.tab"
 [415] "SxaQSEQsXap096L1/HT_ROW21_N719/SJ.out.tab"
 [416] "SxaQSEQsXap096L1/HT_ROW21_N720/SJ.out.tab"
 [417] "SxaQSEQsXap096L1/HT_ROW21_N721/SJ.out.tab"
 [418] "SxaQSEQsXap096L1/HT_ROW21_N722/SJ.out.tab"
 [419] "SxaQSEQsXap096L1/HT_ROW21_N723/SJ.out.tab"
 [420] "SxaQSEQsXap096L1/HT_ROW21_N724/SJ.out.tab"
 [421] "SxaQSEQsXap096L1/HT_ROW22_N701/SJ.out.tab"
 [422] "SxaQSEQsXap096L1/HT_ROW22_N702/SJ.out.tab"
 [423] "SxaQSEQsXap096L1/HT_ROW22_N703/SJ.out.tab"
 [424] "SxaQSEQsXap096L1/HT_ROW22_N704/SJ.out.tab"
 [425] "SxaQSEQsXap096L1/HT_ROW22_N705/SJ.out.tab"
 [426] "SxaQSEQsXap096L1/HT_ROW22_N706/SJ.out.tab"
 [427] "SxaQSEQsXap096L1/HT_ROW22_N707/SJ.out.tab"
 [428] "SxaQSEQsXap096L1/HT_ROW22_N710/SJ.out.tab"
 [429] "SxaQSEQsXap096L1/HT_ROW22_N711/SJ.out.tab"
 [430] "SxaQSEQsXap096L1/HT_ROW22_N712/SJ.out.tab"
 [431] "SxaQSEQsXap096L1/HT_ROW22_N714/SJ.out.tab"
 [432] "SxaQSEQsXap096L1/HT_ROW22_N715/SJ.out.tab"
 [433] "SxaQSEQsXap096L1/HT_ROW22_N716/SJ.out.tab"
 [434] "SxaQSEQsXap096L1/HT_ROW22_N718/SJ.out.tab"
 [435] "SxaQSEQsXap096L1/HT_ROW22_N719/SJ.out.tab"
 [436] "SxaQSEQsXap096L1/HT_ROW22_N720/SJ.out.tab"
 [437] "SxaQSEQsXap096L1/HT_ROW22_N721/SJ.out.tab"
 [438] "SxaQSEQsXap096L1/HT_ROW22_N722/SJ.out.tab"
 [439] "SxaQSEQsXap096L1/HT_ROW22_N723/SJ.out.tab"
 [440] "SxaQSEQsXap096L1/HT_ROW22_N724/SJ.out.tab"
 [441] "SxaQSEQsXap096L1/HT_ROW23_N701/SJ.out.tab"
 [442] "SxaQSEQsXap096L1/HT_ROW23_N702/SJ.out.tab"
 [443] "SxaQSEQsXap096L1/HT_ROW23_N703/SJ.out.tab"
 [444] "SxaQSEQsXap096L1/HT_ROW23_N704/SJ.out.tab"
 [445] "SxaQSEQsXap096L1/HT_ROW23_N705/SJ.out.tab"
 [446] "SxaQSEQsXap096L1/HT_ROW23_N706/SJ.out.tab"
 [447] "SxaQSEQsXap096L1/HT_ROW23_N707/SJ.out.tab"
 [448] "SxaQSEQsXap096L1/HT_ROW23_N710/SJ.out.tab"
 [449] "SxaQSEQsXap096L1/HT_ROW23_N711/SJ.out.tab"
 [450] "SxaQSEQsXap096L1/HT_ROW23_N712/SJ.out.tab"
 [451] "SxaQSEQsXap096L1/HT_ROW23_N714/SJ.out.tab"
 [452] "SxaQSEQsXap096L1/HT_ROW23_N715/SJ.out.tab"
 [453] "SxaQSEQsXap096L1/HT_ROW23_N716/SJ.out.tab"
 [454] "SxaQSEQsXap096L1/HT_ROW23_N718/SJ.out.tab"
 [455] "SxaQSEQsXap096L1/HT_ROW23_N719/SJ.out.tab"
 [456] "SxaQSEQsXap096L1/HT_ROW23_N720/SJ.out.tab"
 [457] "SxaQSEQsXap096L1/HT_ROW23_N721/SJ.out.tab"
 [458] "SxaQSEQsXap096L1/HT_ROW23_N722/SJ.out.tab"
 [459] "SxaQSEQsXap096L1/HT_ROW23_N723/SJ.out.tab"
 [460] "SxaQSEQsXap096L1/HT_ROW23_N724/SJ.out.tab"
 [461] "SxaQSEQsXap096L1/HT_ROW24_N701/SJ.out.tab"
 [462] "SxaQSEQsXap096L1/HT_ROW24_N702/SJ.out.tab"
 [463] "SxaQSEQsXap096L1/HT_ROW24_N703/SJ.out.tab"
 [464] "SxaQSEQsXap096L1/HT_ROW24_N704/SJ.out.tab"
 [465] "SxaQSEQsXap096L1/HT_ROW24_N705/SJ.out.tab"
 [466] "SxaQSEQsXap096L1/HT_ROW24_N706/SJ.out.tab"
 [467] "SxaQSEQsXap096L1/HT_ROW24_N707/SJ.out.tab"
 [468] "SxaQSEQsXap096L1/HT_ROW24_N710/SJ.out.tab"
 [469] "SxaQSEQsXap096L1/HT_ROW24_N711/SJ.out.tab"
 [470] "SxaQSEQsXap096L1/HT_ROW24_N712/SJ.out.tab"
 [471] "SxaQSEQsXap096L1/HT_ROW24_N714/SJ.out.tab"
 [472] "SxaQSEQsXap096L1/HT_ROW24_N715/SJ.out.tab"
 [473] "SxaQSEQsXap096L1/HT_ROW24_N716/SJ.out.tab"
 [474] "SxaQSEQsXap096L1/HT_ROW24_N718/SJ.out.tab"
 [475] "SxaQSEQsXap096L1/HT_ROW24_N719/SJ.out.tab"
 [476] "SxaQSEQsXap096L1/HT_ROW24_N720/SJ.out.tab"
 [477] "SxaQSEQsXap096L1/HT_ROW24_N721/SJ.out.tab"
 [478] "SxaQSEQsXap096L1/HT_ROW24_N722/SJ.out.tab"
 [479] "SxaQSEQsXap096L1/HT_ROW24_N723/SJ.out.tab"
 [480] "SxaQSEQsXap096L1/HT_ROW24_N724/SJ.out.tab"
 [481] "SxaQSEQsXap096L1/HT_ROW25_N701/SJ.out.tab"
 [482] "SxaQSEQsXap096L1/HT_ROW25_N702/SJ.out.tab"
 [483] "SxaQSEQsXap096L1/HT_ROW25_N703/SJ.out.tab"
 [484] "SxaQSEQsXap096L1/HT_ROW25_N704/SJ.out.tab"
 [485] "SxaQSEQsXap096L1/HT_ROW25_N705/SJ.out.tab"
 [486] "SxaQSEQsXap096L1/HT_ROW25_N706/SJ.out.tab"
 [487] "SxaQSEQsXap096L1/HT_ROW25_N707/SJ.out.tab"
 [488] "SxaQSEQsXap096L1/HT_ROW25_N710/SJ.out.tab"
 [489] "SxaQSEQsXap096L1/HT_ROW25_N711/SJ.out.tab"
 [490] "SxaQSEQsXap096L1/HT_ROW25_N712/SJ.out.tab"
 [491] "SxaQSEQsXap096L1/HT_ROW25_N714/SJ.out.tab"
 [492] "SxaQSEQsXap096L1/HT_ROW25_N715/SJ.out.tab"
 [493] "SxaQSEQsXap096L1/HT_ROW25_N716/SJ.out.tab"
 [494] "SxaQSEQsXap096L1/HT_ROW25_N718/SJ.out.tab"
 [495] "SxaQSEQsXap096L1/HT_ROW25_N719/SJ.out.tab"
 [496] "SxaQSEQsXap096L1/HT_ROW25_N720/SJ.out.tab"
 [497] "SxaQSEQsXap096L1/HT_ROW25_N721/SJ.out.tab"
 [498] "SxaQSEQsXap096L1/HT_ROW25_N722/SJ.out.tab"
 [499] "SxaQSEQsXap096L1/HT_ROW25_N723/SJ.out.tab"
 [500] "SxaQSEQsXap096L1/HT_ROW25_N724/SJ.out.tab"
 [501] "SxaQSEQsXap096L1/HT_ROW26_N701/SJ.out.tab"
 [502] "SxaQSEQsXap096L1/HT_ROW26_N702/SJ.out.tab"
 [503] "SxaQSEQsXap096L1/HT_ROW26_N703/SJ.out.tab"
 [504] "SxaQSEQsXap096L1/HT_ROW26_N704/SJ.out.tab"
 [505] "SxaQSEQsXap096L1/HT_ROW26_N705/SJ.out.tab"
 [506] "SxaQSEQsXap096L1/HT_ROW26_N706/SJ.out.tab"
 [507] "SxaQSEQsXap096L1/HT_ROW26_N707/SJ.out.tab"
 [508] "SxaQSEQsXap096L1/HT_ROW26_N710/SJ.out.tab"
 [509] "SxaQSEQsXap096L1/HT_ROW26_N711/SJ.out.tab"
 [510] "SxaQSEQsXap096L1/HT_ROW26_N712/SJ.out.tab"
 [511] "SxaQSEQsXap096L1/HT_ROW26_N714/SJ.out.tab"
 [512] "SxaQSEQsXap096L1/HT_ROW26_N715/SJ.out.tab"
 [513] "SxaQSEQsXap096L1/HT_ROW26_N716/SJ.out.tab"
 [514] "SxaQSEQsXap096L1/HT_ROW26_N718/SJ.out.tab"
 [515] "SxaQSEQsXap096L1/HT_ROW26_N719/SJ.out.tab"
 [516] "SxaQSEQsXap096L1/HT_ROW26_N720/SJ.out.tab"
 [517] "SxaQSEQsXap096L1/HT_ROW26_N721/SJ.out.tab"
 [518] "SxaQSEQsXap096L1/HT_ROW26_N722/SJ.out.tab"
 [519] "SxaQSEQsXap096L1/HT_ROW26_N723/SJ.out.tab"
 [520] "SxaQSEQsXap096L1/HT_ROW26_N724/SJ.out.tab"
 [521] "SxaQSEQsXap096L1/HT_ROW27_N701/SJ.out.tab"
 [522] "SxaQSEQsXap096L1/HT_ROW27_N702/SJ.out.tab"
 [523] "SxaQSEQsXap096L1/HT_ROW27_N703/SJ.out.tab"
 [524] "SxaQSEQsXap096L1/HT_ROW27_N704/SJ.out.tab"
 [525] "SxaQSEQsXap096L1/HT_ROW27_N705/SJ.out.tab"
 [526] "SxaQSEQsXap096L1/HT_ROW27_N706/SJ.out.tab"
 [527] "SxaQSEQsXap096L1/HT_ROW27_N707/SJ.out.tab"
 [528] "SxaQSEQsXap096L1/HT_ROW27_N710/SJ.out.tab"
 [529] "SxaQSEQsXap096L1/HT_ROW27_N711/SJ.out.tab"
 [530] "SxaQSEQsXap096L1/HT_ROW27_N712/SJ.out.tab"
 [531] "SxaQSEQsXap096L1/HT_ROW27_N714/SJ.out.tab"
 [532] "SxaQSEQsXap096L1/HT_ROW27_N715/SJ.out.tab"
 [533] "SxaQSEQsXap096L1/HT_ROW27_N716/SJ.out.tab"
 [534] "SxaQSEQsXap096L1/HT_ROW27_N718/SJ.out.tab"
 [535] "SxaQSEQsXap096L1/HT_ROW27_N719/SJ.out.tab"
 [536] "SxaQSEQsXap096L1/HT_ROW27_N720/SJ.out.tab"
 [537] "SxaQSEQsXap096L1/HT_ROW27_N721/SJ.out.tab"
 [538] "SxaQSEQsXap096L1/HT_ROW27_N722/SJ.out.tab"
 [539] "SxaQSEQsXap096L1/HT_ROW27_N723/SJ.out.tab"
 [540] "SxaQSEQsXap096L1/HT_ROW27_N724/SJ.out.tab"
 [541] "SxaQSEQsXap096L1/HT_ROW28_N701/SJ.out.tab"
 [542] "SxaQSEQsXap096L1/HT_ROW28_N702/SJ.out.tab"
 [543] "SxaQSEQsXap096L1/HT_ROW28_N703/SJ.out.tab"
 [544] "SxaQSEQsXap096L1/HT_ROW28_N704/SJ.out.tab"
 [545] "SxaQSEQsXap096L1/HT_ROW28_N705/SJ.out.tab"
 [546] "SxaQSEQsXap096L1/HT_ROW28_N706/SJ.out.tab"
 [547] "SxaQSEQsXap096L1/HT_ROW28_N707/SJ.out.tab"
 [548] "SxaQSEQsXap096L1/HT_ROW28_N710/SJ.out.tab"
 [549] "SxaQSEQsXap096L1/HT_ROW28_N711/SJ.out.tab"
 [550] "SxaQSEQsXap096L1/HT_ROW28_N712/SJ.out.tab"
 [551] "SxaQSEQsXap096L1/HT_ROW28_N714/SJ.out.tab"
 [552] "SxaQSEQsXap096L1/HT_ROW28_N715/SJ.out.tab"
 [553] "SxaQSEQsXap096L1/HT_ROW28_N716/SJ.out.tab"
 [554] "SxaQSEQsXap096L1/HT_ROW28_N718/SJ.out.tab"
 [555] "SxaQSEQsXap096L1/HT_ROW28_N719/SJ.out.tab"
 [556] "SxaQSEQsXap096L1/HT_ROW28_N720/SJ.out.tab"
 [557] "SxaQSEQsXap096L1/HT_ROW28_N721/SJ.out.tab"
 [558] "SxaQSEQsXap096L1/HT_ROW28_N722/SJ.out.tab"
 [559] "SxaQSEQsXap096L1/HT_ROW28_N723/SJ.out.tab"
 [560] "SxaQSEQsXap096L1/HT_ROW28_N724/SJ.out.tab"
 [561] "SxaQSEQsXap096L1/HT_ROW29_N701/SJ.out.tab"
 [562] "SxaQSEQsXap096L1/HT_ROW29_N702/SJ.out.tab"
 [563] "SxaQSEQsXap096L1/HT_ROW29_N703/SJ.out.tab"
 [564] "SxaQSEQsXap096L1/HT_ROW29_N704/SJ.out.tab"
 [565] "SxaQSEQsXap096L1/HT_ROW29_N705/SJ.out.tab"
 [566] "SxaQSEQsXap096L1/HT_ROW29_N706/SJ.out.tab"
 [567] "SxaQSEQsXap096L1/HT_ROW29_N707/SJ.out.tab"
 [568] "SxaQSEQsXap096L1/HT_ROW29_N710/SJ.out.tab"
 [569] "SxaQSEQsXap096L1/HT_ROW29_N711/SJ.out.tab"
 [570] "SxaQSEQsXap096L1/HT_ROW29_N712/SJ.out.tab"
 [571] "SxaQSEQsXap096L1/HT_ROW29_N714/SJ.out.tab"
 [572] "SxaQSEQsXap096L1/HT_ROW29_N715/SJ.out.tab"
 [573] "SxaQSEQsXap096L1/HT_ROW29_N716/SJ.out.tab"
 [574] "SxaQSEQsXap096L1/HT_ROW29_N718/SJ.out.tab"
 [575] "SxaQSEQsXap096L1/HT_ROW29_N719/SJ.out.tab"
 [576] "SxaQSEQsXap096L1/HT_ROW29_N720/SJ.out.tab"
 [577] "SxaQSEQsXap096L1/HT_ROW29_N721/SJ.out.tab"
 [578] "SxaQSEQsXap096L1/HT_ROW29_N722/SJ.out.tab"
 [579] "SxaQSEQsXap096L1/HT_ROW29_N723/SJ.out.tab"
 [580] "SxaQSEQsXap096L1/HT_ROW29_N724/SJ.out.tab"
 [581] "SxaQSEQsXap096L1/HT_ROW30_N701/SJ.out.tab"
 [582] "SxaQSEQsXap096L1/HT_ROW30_N702/SJ.out.tab"
 [583] "SxaQSEQsXap096L1/HT_ROW30_N703/SJ.out.tab"
 [584] "SxaQSEQsXap096L1/HT_ROW30_N704/SJ.out.tab"
 [585] "SxaQSEQsXap096L1/HT_ROW30_N705/SJ.out.tab"
 [586] "SxaQSEQsXap096L1/HT_ROW30_N706/SJ.out.tab"
 [587] "SxaQSEQsXap096L1/HT_ROW30_N707/SJ.out.tab"
 [588] "SxaQSEQsXap096L1/HT_ROW30_N710/SJ.out.tab"
 [589] "SxaQSEQsXap096L1/HT_ROW30_N711/SJ.out.tab"
 [590] "SxaQSEQsXap096L1/HT_ROW30_N712/SJ.out.tab"
 [591] "SxaQSEQsXap096L1/HT_ROW30_N714/SJ.out.tab"
 [592] "SxaQSEQsXap096L1/HT_ROW30_N715/SJ.out.tab"
 [593] "SxaQSEQsXap096L1/HT_ROW30_N716/SJ.out.tab"
 [594] "SxaQSEQsXap096L1/HT_ROW30_N718/SJ.out.tab"
 [595] "SxaQSEQsXap096L1/HT_ROW30_N719/SJ.out.tab"
 [596] "SxaQSEQsXap096L1/HT_ROW30_N720/SJ.out.tab"
 [597] "SxaQSEQsXap096L1/HT_ROW30_N721/SJ.out.tab"
 [598] "SxaQSEQsXap096L1/HT_ROW30_N722/SJ.out.tab"
 [599] "SxaQSEQsXap096L1/HT_ROW30_N723/SJ.out.tab"
 [600] "SxaQSEQsXap096L1/HT_ROW30_N724/SJ.out.tab"
 [601] "SxaQSEQsXap096L1/HT_ROW31_N701/SJ.out.tab"
 [602] "SxaQSEQsXap096L1/HT_ROW31_N702/SJ.out.tab"
 [603] "SxaQSEQsXap096L1/HT_ROW31_N703/SJ.out.tab"
 [604] "SxaQSEQsXap096L1/HT_ROW31_N704/SJ.out.tab"
 [605] "SxaQSEQsXap096L1/HT_ROW31_N705/SJ.out.tab"
 [606] "SxaQSEQsXap096L1/HT_ROW31_N706/SJ.out.tab"
 [607] "SxaQSEQsXap096L1/HT_ROW31_N707/SJ.out.tab"
 [608] "SxaQSEQsXap096L1/HT_ROW31_N710/SJ.out.tab"
 [609] "SxaQSEQsXap096L1/HT_ROW31_N711/SJ.out.tab"
 [610] "SxaQSEQsXap096L1/HT_ROW31_N712/SJ.out.tab"
 [611] "SxaQSEQsXap096L1/HT_ROW31_N714/SJ.out.tab"
 [612] "SxaQSEQsXap096L1/HT_ROW31_N715/SJ.out.tab"
 [613] "SxaQSEQsXap096L1/HT_ROW31_N716/SJ.out.tab"
 [614] "SxaQSEQsXap096L1/HT_ROW31_N718/SJ.out.tab"
 [615] "SxaQSEQsXap096L1/HT_ROW31_N719/SJ.out.tab"
 [616] "SxaQSEQsXap096L1/HT_ROW31_N720/SJ.out.tab"
 [617] "SxaQSEQsXap096L1/HT_ROW31_N721/SJ.out.tab"
 [618] "SxaQSEQsXap096L1/HT_ROW31_N722/SJ.out.tab"
 [619] "SxaQSEQsXap096L1/HT_ROW31_N723/SJ.out.tab"
 [620] "SxaQSEQsXap096L1/HT_ROW31_N724/SJ.out.tab"
 [621] "SxaQSEQsXap096L1/HT_ROW32_N701/SJ.out.tab"
 [622] "SxaQSEQsXap096L1/HT_ROW32_N702/SJ.out.tab"
 [623] "SxaQSEQsXap096L1/HT_ROW32_N703/SJ.out.tab"
 [624] "SxaQSEQsXap096L1/HT_ROW32_N704/SJ.out.tab"
 [625] "SxaQSEQsXap096L1/HT_ROW32_N705/SJ.out.tab"
 [626] "SxaQSEQsXap096L1/HT_ROW32_N706/SJ.out.tab"
 [627] "SxaQSEQsXap096L1/HT_ROW32_N707/SJ.out.tab"
 [628] "SxaQSEQsXap096L1/HT_ROW32_N710/SJ.out.tab"
 [629] "SxaQSEQsXap096L1/HT_ROW32_N711/SJ.out.tab"
 [630] "SxaQSEQsXap096L1/HT_ROW32_N712/SJ.out.tab"
 [631] "SxaQSEQsXap096L1/HT_ROW32_N714/SJ.out.tab"
 [632] "SxaQSEQsXap096L1/HT_ROW32_N715/SJ.out.tab"
 [633] "SxaQSEQsXap096L1/HT_ROW32_N716/SJ.out.tab"
 [634] "SxaQSEQsXap096L1/HT_ROW32_N718/SJ.out.tab"
 [635] "SxaQSEQsXap096L1/HT_ROW32_N719/SJ.out.tab"
 [636] "SxaQSEQsXap096L1/HT_ROW32_N720/SJ.out.tab"
 [637] "SxaQSEQsXap096L1/HT_ROW32_N721/SJ.out.tab"
 [638] "SxaQSEQsXap096L1/HT_ROW32_N722/SJ.out.tab"
 [639] "SxaQSEQsXap096L1/HT_ROW32_N723/SJ.out.tab"
 [640] "SxaQSEQsXap096L1/HT_ROW32_N724/SJ.out.tab"
 [641] "SxaQSEQsXap096L1/HT_ROW33_N701/SJ.out.tab"
 [642] "SxaQSEQsXap096L1/HT_ROW33_N702/SJ.out.tab"
 [643] "SxaQSEQsXap096L1/HT_ROW33_N703/SJ.out.tab"
 [644] "SxaQSEQsXap096L1/HT_ROW33_N704/SJ.out.tab"
 [645] "SxaQSEQsXap096L1/HT_ROW33_N705/SJ.out.tab"
 [646] "SxaQSEQsXap096L1/HT_ROW33_N706/SJ.out.tab"
 [647] "SxaQSEQsXap096L1/HT_ROW33_N707/SJ.out.tab"
 [648] "SxaQSEQsXap096L1/HT_ROW33_N710/SJ.out.tab"
 [649] "SxaQSEQsXap096L1/HT_ROW33_N711/SJ.out.tab"
 [650] "SxaQSEQsXap096L1/HT_ROW33_N712/SJ.out.tab"
 [651] "SxaQSEQsXap096L1/HT_ROW33_N714/SJ.out.tab"
 [652] "SxaQSEQsXap096L1/HT_ROW33_N715/SJ.out.tab"
 [653] "SxaQSEQsXap096L1/HT_ROW33_N716/SJ.out.tab"
 [654] "SxaQSEQsXap096L1/HT_ROW33_N718/SJ.out.tab"
 [655] "SxaQSEQsXap096L1/HT_ROW33_N719/SJ.out.tab"
 [656] "SxaQSEQsXap096L1/HT_ROW33_N720/SJ.out.tab"
 [657] "SxaQSEQsXap096L1/HT_ROW33_N721/SJ.out.tab"
 [658] "SxaQSEQsXap096L1/HT_ROW33_N722/SJ.out.tab"
 [659] "SxaQSEQsXap096L1/HT_ROW33_N723/SJ.out.tab"
 [660] "SxaQSEQsXap096L1/HT_ROW33_N724/SJ.out.tab"
 [661] "SxaQSEQsXap096L1/HT_ROW34_N701/SJ.out.tab"
 [662] "SxaQSEQsXap096L1/HT_ROW34_N702/SJ.out.tab"
 [663] "SxaQSEQsXap096L1/HT_ROW34_N703/SJ.out.tab"
 [664] "SxaQSEQsXap096L1/HT_ROW34_N704/SJ.out.tab"
 [665] "SxaQSEQsXap096L1/HT_ROW34_N705/SJ.out.tab"
 [666] "SxaQSEQsXap096L1/HT_ROW34_N706/SJ.out.tab"
 [667] "SxaQSEQsXap096L1/HT_ROW34_N707/SJ.out.tab"
 [668] "SxaQSEQsXap096L1/HT_ROW34_N710/SJ.out.tab"
 [669] "SxaQSEQsXap096L1/HT_ROW34_N711/SJ.out.tab"
 [670] "SxaQSEQsXap096L1/HT_ROW34_N712/SJ.out.tab"
 [671] "SxaQSEQsXap096L1/HT_ROW34_N714/SJ.out.tab"
 [672] "SxaQSEQsXap096L1/HT_ROW34_N715/SJ.out.tab"
 [673] "SxaQSEQsXap096L1/HT_ROW34_N716/SJ.out.tab"
 [674] "SxaQSEQsXap096L1/HT_ROW34_N718/SJ.out.tab"
 [675] "SxaQSEQsXap096L1/HT_ROW34_N719/SJ.out.tab"
 [676] "SxaQSEQsXap096L1/HT_ROW34_N720/SJ.out.tab"
 [677] "SxaQSEQsXap096L1/HT_ROW34_N721/SJ.out.tab"
 [678] "SxaQSEQsXap096L1/HT_ROW34_N722/SJ.out.tab"
 [679] "SxaQSEQsXap096L1/HT_ROW34_N723/SJ.out.tab"
 [680] "SxaQSEQsXap096L1/HT_ROW34_N724/SJ.out.tab"
 [681] "SxaQSEQsXap096L1/HT_ROW35_N701/SJ.out.tab"
 [682] "SxaQSEQsXap096L1/HT_ROW35_N702/SJ.out.tab"
 [683] "SxaQSEQsXap096L1/HT_ROW35_N703/SJ.out.tab"
 [684] "SxaQSEQsXap096L1/HT_ROW35_N704/SJ.out.tab"
 [685] "SxaQSEQsXap096L1/HT_ROW35_N705/SJ.out.tab"
 [686] "SxaQSEQsXap096L1/HT_ROW35_N706/SJ.out.tab"
 [687] "SxaQSEQsXap096L1/HT_ROW35_N707/SJ.out.tab"
 [688] "SxaQSEQsXap096L1/HT_ROW35_N710/SJ.out.tab"
 [689] "SxaQSEQsXap096L1/HT_ROW35_N711/SJ.out.tab"
 [690] "SxaQSEQsXap096L1/HT_ROW35_N712/SJ.out.tab"
 [691] "SxaQSEQsXap096L1/HT_ROW35_N714/SJ.out.tab"
 [692] "SxaQSEQsXap096L1/HT_ROW35_N715/SJ.out.tab"
 [693] "SxaQSEQsXap096L1/HT_ROW35_N716/SJ.out.tab"
 [694] "SxaQSEQsXap096L1/HT_ROW35_N718/SJ.out.tab"
 [695] "SxaQSEQsXap096L1/HT_ROW35_N719/SJ.out.tab"
 [696] "SxaQSEQsXap096L1/HT_ROW35_N720/SJ.out.tab"
 [697] "SxaQSEQsXap096L1/HT_ROW35_N721/SJ.out.tab"
 [698] "SxaQSEQsXap096L1/HT_ROW35_N722/SJ.out.tab"
 [699] "SxaQSEQsXap096L1/HT_ROW35_N723/SJ.out.tab"
 [700] "SxaQSEQsXap096L1/HT_ROW35_N724/SJ.out.tab"
 [701] "SxaQSEQsXap096L1/HT_ROW36_N701/SJ.out.tab"
 [702] "SxaQSEQsXap096L1/HT_ROW36_N702/SJ.out.tab"
 [703] "SxaQSEQsXap096L1/HT_ROW36_N703/SJ.out.tab"
 [704] "SxaQSEQsXap096L1/HT_ROW36_N704/SJ.out.tab"
 [705] "SxaQSEQsXap096L1/HT_ROW36_N705/SJ.out.tab"
 [706] "SxaQSEQsXap096L1/HT_ROW36_N706/SJ.out.tab"
 [707] "SxaQSEQsXap096L1/HT_ROW36_N707/SJ.out.tab"
 [708] "SxaQSEQsXap096L1/HT_ROW36_N710/SJ.out.tab"
 [709] "SxaQSEQsXap096L1/HT_ROW36_N711/SJ.out.tab"
 [710] "SxaQSEQsXap096L1/HT_ROW36_N712/SJ.out.tab"
 [711] "SxaQSEQsXap096L1/HT_ROW36_N714/SJ.out.tab"
 [712] "SxaQSEQsXap096L1/HT_ROW36_N715/SJ.out.tab"
 [713] "SxaQSEQsXap096L1/HT_ROW36_N716/SJ.out.tab"
 [714] "SxaQSEQsXap096L1/HT_ROW36_N718/SJ.out.tab"
 [715] "SxaQSEQsXap096L1/HT_ROW36_N719/SJ.out.tab"
 [716] "SxaQSEQsXap096L1/HT_ROW36_N720/SJ.out.tab"
 [717] "SxaQSEQsXap096L1/HT_ROW36_N721/SJ.out.tab"
 [718] "SxaQSEQsXap096L1/HT_ROW36_N722/SJ.out.tab"
 [719] "SxaQSEQsXap096L1/HT_ROW36_N723/SJ.out.tab"
 [720] "SxaQSEQsXap096L1/HT_ROW36_N724/SJ.out.tab"
 [721] "SxaQSEQsXap096L1/HT_ROW37_N701/SJ.out.tab"
 [722] "SxaQSEQsXap096L1/HT_ROW37_N702/SJ.out.tab"
 [723] "SxaQSEQsXap096L1/HT_ROW37_N703/SJ.out.tab"
 [724] "SxaQSEQsXap096L1/HT_ROW37_N704/SJ.out.tab"
 [725] "SxaQSEQsXap096L1/HT_ROW37_N705/SJ.out.tab"
 [726] "SxaQSEQsXap096L1/HT_ROW37_N706/SJ.out.tab"
 [727] "SxaQSEQsXap096L1/HT_ROW37_N707/SJ.out.tab"
 [728] "SxaQSEQsXap096L1/HT_ROW37_N710/SJ.out.tab"
 [729] "SxaQSEQsXap096L1/HT_ROW37_N711/SJ.out.tab"
 [730] "SxaQSEQsXap096L1/HT_ROW37_N712/SJ.out.tab"
 [731] "SxaQSEQsXap096L1/HT_ROW37_N714/SJ.out.tab"
 [732] "SxaQSEQsXap096L1/HT_ROW37_N715/SJ.out.tab"
 [733] "SxaQSEQsXap096L1/HT_ROW37_N716/SJ.out.tab"
 [734] "SxaQSEQsXap096L1/HT_ROW37_N718/SJ.out.tab"
 [735] "SxaQSEQsXap096L1/HT_ROW37_N719/SJ.out.tab"
 [736] "SxaQSEQsXap096L1/HT_ROW37_N720/SJ.out.tab"
 [737] "SxaQSEQsXap096L1/HT_ROW37_N721/SJ.out.tab"
 [738] "SxaQSEQsXap096L1/HT_ROW37_N722/SJ.out.tab"
 [739] "SxaQSEQsXap096L1/HT_ROW37_N723/SJ.out.tab"
 [740] "SxaQSEQsXap096L1/HT_ROW37_N724/SJ.out.tab"
 [741] "SxaQSEQsXap096L1/HT_ROW38_N701/SJ.out.tab"
 [742] "SxaQSEQsXap096L1/HT_ROW38_N702/SJ.out.tab"
 [743] "SxaQSEQsXap096L1/HT_ROW38_N703/SJ.out.tab"
 [744] "SxaQSEQsXap096L1/HT_ROW38_N704/SJ.out.tab"
 [745] "SxaQSEQsXap096L1/HT_ROW38_N705/SJ.out.tab"
 [746] "SxaQSEQsXap096L1/HT_ROW38_N706/SJ.out.tab"
 [747] "SxaQSEQsXap096L1/HT_ROW38_N707/SJ.out.tab"
 [748] "SxaQSEQsXap096L1/HT_ROW38_N710/SJ.out.tab"
 [749] "SxaQSEQsXap096L1/HT_ROW38_N711/SJ.out.tab"
 [750] "SxaQSEQsXap096L1/HT_ROW38_N712/SJ.out.tab"
 [751] "SxaQSEQsXap096L1/HT_ROW38_N714/SJ.out.tab"
 [752] "SxaQSEQsXap096L1/HT_ROW38_N715/SJ.out.tab"
 [753] "SxaQSEQsXap096L1/HT_ROW38_N716/SJ.out.tab"
 [754] "SxaQSEQsXap096L1/HT_ROW38_N718/SJ.out.tab"
 [755] "SxaQSEQsXap096L1/HT_ROW38_N719/SJ.out.tab"
 [756] "SxaQSEQsXap096L1/HT_ROW38_N720/SJ.out.tab"
 [757] "SxaQSEQsXap096L1/HT_ROW38_N721/SJ.out.tab"
 [758] "SxaQSEQsXap096L1/HT_ROW38_N722/SJ.out.tab"
 [759] "SxaQSEQsXap096L1/HT_ROW38_N723/SJ.out.tab"
 [760] "SxaQSEQsXap096L1/HT_ROW38_N724/SJ.out.tab"
 [761] "SxaQSEQsXap096L1/HT_ROW39_N701/SJ.out.tab"
 [762] "SxaQSEQsXap096L1/HT_ROW39_N702/SJ.out.tab"
 [763] "SxaQSEQsXap096L1/HT_ROW39_N703/SJ.out.tab"
 [764] "SxaQSEQsXap096L1/HT_ROW39_N704/SJ.out.tab"
 [765] "SxaQSEQsXap096L1/HT_ROW39_N705/SJ.out.tab"
 [766] "SxaQSEQsXap096L1/HT_ROW39_N706/SJ.out.tab"
 [767] "SxaQSEQsXap096L1/HT_ROW39_N707/SJ.out.tab"
 [768] "SxaQSEQsXap096L1/HT_ROW39_N710/SJ.out.tab"
 [769] "SxaQSEQsXap096L1/HT_ROW39_N711/SJ.out.tab"
 [770] "SxaQSEQsXap096L1/HT_ROW39_N712/SJ.out.tab"
 [771] "SxaQSEQsXap096L1/HT_ROW39_N714/SJ.out.tab"
 [772] "SxaQSEQsXap096L1/HT_ROW39_N715/SJ.out.tab"
 [773] "SxaQSEQsXap096L1/HT_ROW39_N716/SJ.out.tab"
 [774] "SxaQSEQsXap096L1/HT_ROW39_N718/SJ.out.tab"
 [775] "SxaQSEQsXap096L1/HT_ROW39_N719/SJ.out.tab"
 [776] "SxaQSEQsXap096L1/HT_ROW39_N720/SJ.out.tab"
 [777] "SxaQSEQsXap096L1/HT_ROW39_N721/SJ.out.tab"
 [778] "SxaQSEQsXap096L1/HT_ROW39_N722/SJ.out.tab"
 [779] "SxaQSEQsXap096L1/HT_ROW39_N723/SJ.out.tab"
 [780] "SxaQSEQsXap096L1/HT_ROW39_N724/SJ.out.tab"
 [781] "SxaQSEQsXap096L1/HT_ROW40_N701/SJ.out.tab"
 [782] "SxaQSEQsXap096L1/HT_ROW40_N702/SJ.out.tab"
 [783] "SxaQSEQsXap096L1/HT_ROW40_N703/SJ.out.tab"
 [784] "SxaQSEQsXap096L1/HT_ROW40_N704/SJ.out.tab"
 [785] "SxaQSEQsXap096L1/HT_ROW40_N705/SJ.out.tab"
 [786] "SxaQSEQsXap096L1/HT_ROW40_N706/SJ.out.tab"
 [787] "SxaQSEQsXap096L1/HT_ROW40_N707/SJ.out.tab"
 [788] "SxaQSEQsXap096L1/HT_ROW40_N710/SJ.out.tab"
 [789] "SxaQSEQsXap096L1/HT_ROW40_N711/SJ.out.tab"
 [790] "SxaQSEQsXap096L1/HT_ROW40_N712/SJ.out.tab"
 [791] "SxaQSEQsXap096L1/HT_ROW40_N714/SJ.out.tab"
 [792] "SxaQSEQsXap096L1/HT_ROW40_N715/SJ.out.tab"
 [793] "SxaQSEQsXap096L1/HT_ROW40_N716/SJ.out.tab"
 [794] "SxaQSEQsXap096L1/HT_ROW40_N718/SJ.out.tab"
 [795] "SxaQSEQsXap096L1/HT_ROW40_N719/SJ.out.tab"
 [796] "SxaQSEQsXap096L1/HT_ROW40_N720/SJ.out.tab"
 [797] "SxaQSEQsXap096L1/HT_ROW40_N721/SJ.out.tab"
 [798] "SxaQSEQsXap096L1/HT_ROW40_N722/SJ.out.tab"
 [799] "SxaQSEQsXap096L1/HT_ROW40_N723/SJ.out.tab"
 [800] "SxaQSEQsXap096L1/HT_ROW40_N724/SJ.out.tab"
 [801] "SxaQSEQsXap096L2/HT_ROW01_N701/SJ.out.tab"
 [802] "SxaQSEQsXap096L2/HT_ROW01_N702/SJ.out.tab"
 [803] "SxaQSEQsXap096L2/HT_ROW01_N703/SJ.out.tab"
 [804] "SxaQSEQsXap096L2/HT_ROW01_N704/SJ.out.tab"
 [805] "SxaQSEQsXap096L2/HT_ROW01_N705/SJ.out.tab"
 [806] "SxaQSEQsXap096L2/HT_ROW01_N706/SJ.out.tab"
 [807] "SxaQSEQsXap096L2/HT_ROW01_N707/SJ.out.tab"
 [808] "SxaQSEQsXap096L2/HT_ROW01_N710/SJ.out.tab"
 [809] "SxaQSEQsXap096L2/HT_ROW01_N711/SJ.out.tab"
 [810] "SxaQSEQsXap096L2/HT_ROW01_N712/SJ.out.tab"
 [811] "SxaQSEQsXap096L2/HT_ROW01_N714/SJ.out.tab"
 [812] "SxaQSEQsXap096L2/HT_ROW01_N715/SJ.out.tab"
 [813] "SxaQSEQsXap096L2/HT_ROW01_N716/SJ.out.tab"
 [814] "SxaQSEQsXap096L2/HT_ROW01_N718/SJ.out.tab"
 [815] "SxaQSEQsXap096L2/HT_ROW01_N719/SJ.out.tab"
 [816] "SxaQSEQsXap096L2/HT_ROW01_N720/SJ.out.tab"
 [817] "SxaQSEQsXap096L2/HT_ROW01_N721/SJ.out.tab"
 [818] "SxaQSEQsXap096L2/HT_ROW01_N722/SJ.out.tab"
 [819] "SxaQSEQsXap096L2/HT_ROW01_N723/SJ.out.tab"
 [820] "SxaQSEQsXap096L2/HT_ROW01_N724/SJ.out.tab"
 [821] "SxaQSEQsXap096L2/HT_ROW02_N701/SJ.out.tab"
 [822] "SxaQSEQsXap096L2/HT_ROW02_N702/SJ.out.tab"
 [823] "SxaQSEQsXap096L2/HT_ROW02_N703/SJ.out.tab"
 [824] "SxaQSEQsXap096L2/HT_ROW02_N704/SJ.out.tab"
 [825] "SxaQSEQsXap096L2/HT_ROW02_N705/SJ.out.tab"
 [826] "SxaQSEQsXap096L2/HT_ROW02_N706/SJ.out.tab"
 [827] "SxaQSEQsXap096L2/HT_ROW02_N707/SJ.out.tab"
 [828] "SxaQSEQsXap096L2/HT_ROW02_N710/SJ.out.tab"
 [829] "SxaQSEQsXap096L2/HT_ROW02_N711/SJ.out.tab"
 [830] "SxaQSEQsXap096L2/HT_ROW02_N712/SJ.out.tab"
 [831] "SxaQSEQsXap096L2/HT_ROW02_N714/SJ.out.tab"
 [832] "SxaQSEQsXap096L2/HT_ROW02_N715/SJ.out.tab"
 [833] "SxaQSEQsXap096L2/HT_ROW02_N716/SJ.out.tab"
 [834] "SxaQSEQsXap096L2/HT_ROW02_N718/SJ.out.tab"
 [835] "SxaQSEQsXap096L2/HT_ROW02_N719/SJ.out.tab"
 [836] "SxaQSEQsXap096L2/HT_ROW02_N720/SJ.out.tab"
 [837] "SxaQSEQsXap096L2/HT_ROW02_N721/SJ.out.tab"
 [838] "SxaQSEQsXap096L2/HT_ROW02_N722/SJ.out.tab"
 [839] "SxaQSEQsXap096L2/HT_ROW02_N723/SJ.out.tab"
 [840] "SxaQSEQsXap096L2/HT_ROW02_N724/SJ.out.tab"
 [841] "SxaQSEQsXap096L2/HT_ROW03_N701/SJ.out.tab"
 [842] "SxaQSEQsXap096L2/HT_ROW03_N702/SJ.out.tab"
 [843] "SxaQSEQsXap096L2/HT_ROW03_N703/SJ.out.tab"
 [844] "SxaQSEQsXap096L2/HT_ROW03_N704/SJ.out.tab"
 [845] "SxaQSEQsXap096L2/HT_ROW03_N705/SJ.out.tab"
 [846] "SxaQSEQsXap096L2/HT_ROW03_N706/SJ.out.tab"
 [847] "SxaQSEQsXap096L2/HT_ROW03_N707/SJ.out.tab"
 [848] "SxaQSEQsXap096L2/HT_ROW03_N710/SJ.out.tab"
 [849] "SxaQSEQsXap096L2/HT_ROW03_N711/SJ.out.tab"
 [850] "SxaQSEQsXap096L2/HT_ROW03_N712/SJ.out.tab"
 [851] "SxaQSEQsXap096L2/HT_ROW03_N714/SJ.out.tab"
 [852] "SxaQSEQsXap096L2/HT_ROW03_N715/SJ.out.tab"
 [853] "SxaQSEQsXap096L2/HT_ROW03_N716/SJ.out.tab"
 [854] "SxaQSEQsXap096L2/HT_ROW03_N718/SJ.out.tab"
 [855] "SxaQSEQsXap096L2/HT_ROW03_N719/SJ.out.tab"
 [856] "SxaQSEQsXap096L2/HT_ROW03_N720/SJ.out.tab"
 [857] "SxaQSEQsXap096L2/HT_ROW03_N721/SJ.out.tab"
 [858] "SxaQSEQsXap096L2/HT_ROW03_N722/SJ.out.tab"
 [859] "SxaQSEQsXap096L2/HT_ROW03_N723/SJ.out.tab"
 [860] "SxaQSEQsXap096L2/HT_ROW03_N724/SJ.out.tab"
 [861] "SxaQSEQsXap096L2/HT_ROW04_N701/SJ.out.tab"
 [862] "SxaQSEQsXap096L2/HT_ROW04_N702/SJ.out.tab"
 [863] "SxaQSEQsXap096L2/HT_ROW04_N703/SJ.out.tab"
 [864] "SxaQSEQsXap096L2/HT_ROW04_N704/SJ.out.tab"
 [865] "SxaQSEQsXap096L2/HT_ROW04_N705/SJ.out.tab"
 [866] "SxaQSEQsXap096L2/HT_ROW04_N706/SJ.out.tab"
 [867] "SxaQSEQsXap096L2/HT_ROW04_N707/SJ.out.tab"
 [868] "SxaQSEQsXap096L2/HT_ROW04_N710/SJ.out.tab"
 [869] "SxaQSEQsXap096L2/HT_ROW04_N711/SJ.out.tab"
 [870] "SxaQSEQsXap096L2/HT_ROW04_N712/SJ.out.tab"
 [871] "SxaQSEQsXap096L2/HT_ROW04_N714/SJ.out.tab"
 [872] "SxaQSEQsXap096L2/HT_ROW04_N715/SJ.out.tab"
 [873] "SxaQSEQsXap096L2/HT_ROW04_N716/SJ.out.tab"
 [874] "SxaQSEQsXap096L2/HT_ROW04_N718/SJ.out.tab"
 [875] "SxaQSEQsXap096L2/HT_ROW04_N719/SJ.out.tab"
 [876] "SxaQSEQsXap096L2/HT_ROW04_N720/SJ.out.tab"
 [877] "SxaQSEQsXap096L2/HT_ROW04_N721/SJ.out.tab"
 [878] "SxaQSEQsXap096L2/HT_ROW04_N722/SJ.out.tab"
 [879] "SxaQSEQsXap096L2/HT_ROW04_N723/SJ.out.tab"
 [880] "SxaQSEQsXap096L2/HT_ROW04_N724/SJ.out.tab"
 [881] "SxaQSEQsXap096L2/HT_ROW05_N701/SJ.out.tab"
 [882] "SxaQSEQsXap096L2/HT_ROW05_N702/SJ.out.tab"
 [883] "SxaQSEQsXap096L2/HT_ROW05_N703/SJ.out.tab"
 [884] "SxaQSEQsXap096L2/HT_ROW05_N704/SJ.out.tab"
 [885] "SxaQSEQsXap096L2/HT_ROW05_N705/SJ.out.tab"
 [886] "SxaQSEQsXap096L2/HT_ROW05_N706/SJ.out.tab"
 [887] "SxaQSEQsXap096L2/HT_ROW05_N707/SJ.out.tab"
 [888] "SxaQSEQsXap096L2/HT_ROW05_N710/SJ.out.tab"
 [889] "SxaQSEQsXap096L2/HT_ROW05_N711/SJ.out.tab"
 [890] "SxaQSEQsXap096L2/HT_ROW05_N712/SJ.out.tab"
 [891] "SxaQSEQsXap096L2/HT_ROW05_N714/SJ.out.tab"
 [892] "SxaQSEQsXap096L2/HT_ROW05_N715/SJ.out.tab"
 [893] "SxaQSEQsXap096L2/HT_ROW05_N716/SJ.out.tab"
 [894] "SxaQSEQsXap096L2/HT_ROW05_N718/SJ.out.tab"
 [895] "SxaQSEQsXap096L2/HT_ROW05_N719/SJ.out.tab"
 [896] "SxaQSEQsXap096L2/HT_ROW05_N720/SJ.out.tab"
 [897] "SxaQSEQsXap096L2/HT_ROW05_N721/SJ.out.tab"
 [898] "SxaQSEQsXap096L2/HT_ROW05_N722/SJ.out.tab"
 [899] "SxaQSEQsXap096L2/HT_ROW05_N723/SJ.out.tab"
 [900] "SxaQSEQsXap096L2/HT_ROW05_N724/SJ.out.tab"
 [901] "SxaQSEQsXap096L2/HT_ROW06_N701/SJ.out.tab"
 [902] "SxaQSEQsXap096L2/HT_ROW06_N702/SJ.out.tab"
 [903] "SxaQSEQsXap096L2/HT_ROW06_N703/SJ.out.tab"
 [904] "SxaQSEQsXap096L2/HT_ROW06_N704/SJ.out.tab"
 [905] "SxaQSEQsXap096L2/HT_ROW06_N705/SJ.out.tab"
 [906] "SxaQSEQsXap096L2/HT_ROW06_N706/SJ.out.tab"
 [907] "SxaQSEQsXap096L2/HT_ROW06_N707/SJ.out.tab"
 [908] "SxaQSEQsXap096L2/HT_ROW06_N710/SJ.out.tab"
 [909] "SxaQSEQsXap096L2/HT_ROW06_N711/SJ.out.tab"
 [910] "SxaQSEQsXap096L2/HT_ROW06_N712/SJ.out.tab"
 [911] "SxaQSEQsXap096L2/HT_ROW06_N714/SJ.out.tab"
 [912] "SxaQSEQsXap096L2/HT_ROW06_N715/SJ.out.tab"
 [913] "SxaQSEQsXap096L2/HT_ROW06_N716/SJ.out.tab"
 [914] "SxaQSEQsXap096L2/HT_ROW06_N718/SJ.out.tab"
 [915] "SxaQSEQsXap096L2/HT_ROW06_N719/SJ.out.tab"
 [916] "SxaQSEQsXap096L2/HT_ROW06_N720/SJ.out.tab"
 [917] "SxaQSEQsXap096L2/HT_ROW06_N721/SJ.out.tab"
 [918] "SxaQSEQsXap096L2/HT_ROW06_N722/SJ.out.tab"
 [919] "SxaQSEQsXap096L2/HT_ROW06_N723/SJ.out.tab"
 [920] "SxaQSEQsXap096L2/HT_ROW06_N724/SJ.out.tab"
 [921] "SxaQSEQsXap096L2/HT_ROW07_N701/SJ.out.tab"
 [922] "SxaQSEQsXap096L2/HT_ROW07_N702/SJ.out.tab"
 [923] "SxaQSEQsXap096L2/HT_ROW07_N703/SJ.out.tab"
 [924] "SxaQSEQsXap096L2/HT_ROW07_N704/SJ.out.tab"
 [925] "SxaQSEQsXap096L2/HT_ROW07_N705/SJ.out.tab"
 [926] "SxaQSEQsXap096L2/HT_ROW07_N706/SJ.out.tab"
 [927] "SxaQSEQsXap096L2/HT_ROW07_N707/SJ.out.tab"
 [928] "SxaQSEQsXap096L2/HT_ROW07_N710/SJ.out.tab"
 [929] "SxaQSEQsXap096L2/HT_ROW07_N711/SJ.out.tab"
 [930] "SxaQSEQsXap096L2/HT_ROW07_N712/SJ.out.tab"
 [931] "SxaQSEQsXap096L2/HT_ROW07_N714/SJ.out.tab"
 [932] "SxaQSEQsXap096L2/HT_ROW07_N715/SJ.out.tab"
 [933] "SxaQSEQsXap096L2/HT_ROW07_N716/SJ.out.tab"
 [934] "SxaQSEQsXap096L2/HT_ROW07_N718/SJ.out.tab"
 [935] "SxaQSEQsXap096L2/HT_ROW07_N719/SJ.out.tab"
 [936] "SxaQSEQsXap096L2/HT_ROW07_N720/SJ.out.tab"
 [937] "SxaQSEQsXap096L2/HT_ROW07_N721/SJ.out.tab"
 [938] "SxaQSEQsXap096L2/HT_ROW07_N722/SJ.out.tab"
 [939] "SxaQSEQsXap096L2/HT_ROW07_N723/SJ.out.tab"
 [940] "SxaQSEQsXap096L2/HT_ROW07_N724/SJ.out.tab"
 [941] "SxaQSEQsXap096L2/HT_ROW08_N701/SJ.out.tab"
 [942] "SxaQSEQsXap096L2/HT_ROW08_N702/SJ.out.tab"
 [943] "SxaQSEQsXap096L2/HT_ROW08_N703/SJ.out.tab"
 [944] "SxaQSEQsXap096L2/HT_ROW08_N704/SJ.out.tab"
 [945] "SxaQSEQsXap096L2/HT_ROW08_N705/SJ.out.tab"
 [946] "SxaQSEQsXap096L2/HT_ROW08_N706/SJ.out.tab"
 [947] "SxaQSEQsXap096L2/HT_ROW08_N707/SJ.out.tab"
 [948] "SxaQSEQsXap096L2/HT_ROW08_N710/SJ.out.tab"
 [949] "SxaQSEQsXap096L2/HT_ROW08_N711/SJ.out.tab"
 [950] "SxaQSEQsXap096L2/HT_ROW08_N712/SJ.out.tab"
 [951] "SxaQSEQsXap096L2/HT_ROW08_N714/SJ.out.tab"
 [952] "SxaQSEQsXap096L2/HT_ROW08_N715/SJ.out.tab"
 [953] "SxaQSEQsXap096L2/HT_ROW08_N716/SJ.out.tab"
 [954] "SxaQSEQsXap096L2/HT_ROW08_N718/SJ.out.tab"
 [955] "SxaQSEQsXap096L2/HT_ROW08_N719/SJ.out.tab"
 [956] "SxaQSEQsXap096L2/HT_ROW08_N720/SJ.out.tab"
 [957] "SxaQSEQsXap096L2/HT_ROW08_N721/SJ.out.tab"
 [958] "SxaQSEQsXap096L2/HT_ROW08_N722/SJ.out.tab"
 [959] "SxaQSEQsXap096L2/HT_ROW08_N723/SJ.out.tab"
 [960] "SxaQSEQsXap096L2/HT_ROW08_N724/SJ.out.tab"
 [961] "SxaQSEQsXap096L2/HT_ROW09_N701/SJ.out.tab"
 [962] "SxaQSEQsXap096L2/HT_ROW09_N702/SJ.out.tab"
 [963] "SxaQSEQsXap096L2/HT_ROW09_N703/SJ.out.tab"
 [964] "SxaQSEQsXap096L2/HT_ROW09_N704/SJ.out.tab"
 [965] "SxaQSEQsXap096L2/HT_ROW09_N705/SJ.out.tab"
 [966] "SxaQSEQsXap096L2/HT_ROW09_N706/SJ.out.tab"
 [967] "SxaQSEQsXap096L2/HT_ROW09_N707/SJ.out.tab"
 [968] "SxaQSEQsXap096L2/HT_ROW09_N710/SJ.out.tab"
 [969] "SxaQSEQsXap096L2/HT_ROW09_N711/SJ.out.tab"
 [970] "SxaQSEQsXap096L2/HT_ROW09_N712/SJ.out.tab"
 [971] "SxaQSEQsXap096L2/HT_ROW09_N714/SJ.out.tab"
 [972] "SxaQSEQsXap096L2/HT_ROW09_N715/SJ.out.tab"
 [973] "SxaQSEQsXap096L2/HT_ROW09_N716/SJ.out.tab"
 [974] "SxaQSEQsXap096L2/HT_ROW09_N718/SJ.out.tab"
 [975] "SxaQSEQsXap096L2/HT_ROW09_N719/SJ.out.tab"
 [976] "SxaQSEQsXap096L2/HT_ROW09_N720/SJ.out.tab"
 [977] "SxaQSEQsXap096L2/HT_ROW09_N721/SJ.out.tab"
 [978] "SxaQSEQsXap096L2/HT_ROW09_N722/SJ.out.tab"
 [979] "SxaQSEQsXap096L2/HT_ROW09_N723/SJ.out.tab"
 [980] "SxaQSEQsXap096L2/HT_ROW09_N724/SJ.out.tab"
 [981] "SxaQSEQsXap096L2/HT_ROW10_N701/SJ.out.tab"
 [982] "SxaQSEQsXap096L2/HT_ROW10_N702/SJ.out.tab"
 [983] "SxaQSEQsXap096L2/HT_ROW10_N703/SJ.out.tab"
 [984] "SxaQSEQsXap096L2/HT_ROW10_N704/SJ.out.tab"
 [985] "SxaQSEQsXap096L2/HT_ROW10_N705/SJ.out.tab"
 [986] "SxaQSEQsXap096L2/HT_ROW10_N706/SJ.out.tab"
 [987] "SxaQSEQsXap096L2/HT_ROW10_N707/SJ.out.tab"
 [988] "SxaQSEQsXap096L2/HT_ROW10_N710/SJ.out.tab"
 [989] "SxaQSEQsXap096L2/HT_ROW10_N711/SJ.out.tab"
 [990] "SxaQSEQsXap096L2/HT_ROW10_N712/SJ.out.tab"
 [991] "SxaQSEQsXap096L2/HT_ROW10_N714/SJ.out.tab"
 [992] "SxaQSEQsXap096L2/HT_ROW10_N715/SJ.out.tab"
 [993] "SxaQSEQsXap096L2/HT_ROW10_N716/SJ.out.tab"
 [994] "SxaQSEQsXap096L2/HT_ROW10_N718/SJ.out.tab"
 [995] "SxaQSEQsXap096L2/HT_ROW10_N719/SJ.out.tab"
 [996] "SxaQSEQsXap096L2/HT_ROW10_N720/SJ.out.tab"
 [997] "SxaQSEQsXap096L2/HT_ROW10_N721/SJ.out.tab"
 [998] "SxaQSEQsXap096L2/HT_ROW10_N722/SJ.out.tab"
 [999] "SxaQSEQsXap096L2/HT_ROW10_N723/SJ.out.tab"
[1000] "SxaQSEQsXap096L2/HT_ROW10_N724/SJ.out.tab"
[1001] "SxaQSEQsXap096L2/HT_ROW11_N701/SJ.out.tab"
[1002] "SxaQSEQsXap096L2/HT_ROW11_N702/SJ.out.tab"
[1003] "SxaQSEQsXap096L2/HT_ROW11_N703/SJ.out.tab"
[1004] "SxaQSEQsXap096L2/HT_ROW11_N704/SJ.out.tab"
[1005] "SxaQSEQsXap096L2/HT_ROW11_N705/SJ.out.tab"
[1006] "SxaQSEQsXap096L2/HT_ROW11_N706/SJ.out.tab"
[1007] "SxaQSEQsXap096L2/HT_ROW11_N707/SJ.out.tab"
[1008] "SxaQSEQsXap096L2/HT_ROW11_N710/SJ.out.tab"
[1009] "SxaQSEQsXap096L2/HT_ROW11_N711/SJ.out.tab"
[1010] "SxaQSEQsXap096L2/HT_ROW11_N712/SJ.out.tab"
[1011] "SxaQSEQsXap096L2/HT_ROW11_N714/SJ.out.tab"
[1012] "SxaQSEQsXap096L2/HT_ROW11_N715/SJ.out.tab"
[1013] "SxaQSEQsXap096L2/HT_ROW11_N716/SJ.out.tab"
[1014] "SxaQSEQsXap096L2/HT_ROW11_N718/SJ.out.tab"
[1015] "SxaQSEQsXap096L2/HT_ROW11_N719/SJ.out.tab"
[1016] "SxaQSEQsXap096L2/HT_ROW11_N720/SJ.out.tab"
[1017] "SxaQSEQsXap096L2/HT_ROW11_N721/SJ.out.tab"
[1018] "SxaQSEQsXap096L2/HT_ROW11_N722/SJ.out.tab"
[1019] "SxaQSEQsXap096L2/HT_ROW11_N723/SJ.out.tab"
[1020] "SxaQSEQsXap096L2/HT_ROW11_N724/SJ.out.tab"
[1021] "SxaQSEQsXap096L2/HT_ROW12_N701/SJ.out.tab"
[1022] "SxaQSEQsXap096L2/HT_ROW12_N702/SJ.out.tab"
[1023] "SxaQSEQsXap096L2/HT_ROW12_N703/SJ.out.tab"
[1024] "SxaQSEQsXap096L2/HT_ROW12_N704/SJ.out.tab"
[1025] "SxaQSEQsXap096L2/HT_ROW12_N705/SJ.out.tab"
[1026] "SxaQSEQsXap096L2/HT_ROW12_N706/SJ.out.tab"
[1027] "SxaQSEQsXap096L2/HT_ROW12_N707/SJ.out.tab"
[1028] "SxaQSEQsXap096L2/HT_ROW12_N710/SJ.out.tab"
[1029] "SxaQSEQsXap096L2/HT_ROW12_N711/SJ.out.tab"
[1030] "SxaQSEQsXap096L2/HT_ROW12_N712/SJ.out.tab"
[1031] "SxaQSEQsXap096L2/HT_ROW12_N714/SJ.out.tab"
[1032] "SxaQSEQsXap096L2/HT_ROW12_N715/SJ.out.tab"
[1033] "SxaQSEQsXap096L2/HT_ROW12_N716/SJ.out.tab"
[1034] "SxaQSEQsXap096L2/HT_ROW12_N718/SJ.out.tab"
[1035] "SxaQSEQsXap096L2/HT_ROW12_N719/SJ.out.tab"
[1036] "SxaQSEQsXap096L2/HT_ROW12_N720/SJ.out.tab"
[1037] "SxaQSEQsXap096L2/HT_ROW12_N721/SJ.out.tab"
[1038] "SxaQSEQsXap096L2/HT_ROW12_N722/SJ.out.tab"
[1039] "SxaQSEQsXap096L2/HT_ROW12_N723/SJ.out.tab"
[1040] "SxaQSEQsXap096L2/HT_ROW12_N724/SJ.out.tab"
[1041] "SxaQSEQsXap096L2/HT_ROW13_N701/SJ.out.tab"
[1042] "SxaQSEQsXap096L2/HT_ROW13_N702/SJ.out.tab"
[1043] "SxaQSEQsXap096L2/HT_ROW13_N703/SJ.out.tab"
[1044] "SxaQSEQsXap096L2/HT_ROW13_N704/SJ.out.tab"
[1045] "SxaQSEQsXap096L2/HT_ROW13_N705/SJ.out.tab"
[1046] "SxaQSEQsXap096L2/HT_ROW13_N706/SJ.out.tab"
[1047] "SxaQSEQsXap096L2/HT_ROW13_N707/SJ.out.tab"
[1048] "SxaQSEQsXap096L2/HT_ROW13_N710/SJ.out.tab"
[1049] "SxaQSEQsXap096L2/HT_ROW13_N711/SJ.out.tab"
[1050] "SxaQSEQsXap096L2/HT_ROW13_N712/SJ.out.tab"
[1051] "SxaQSEQsXap096L2/HT_ROW13_N714/SJ.out.tab"
[1052] "SxaQSEQsXap096L2/HT_ROW13_N715/SJ.out.tab"
[1053] "SxaQSEQsXap096L2/HT_ROW13_N716/SJ.out.tab"
[1054] "SxaQSEQsXap096L2/HT_ROW13_N718/SJ.out.tab"
[1055] "SxaQSEQsXap096L2/HT_ROW13_N719/SJ.out.tab"
[1056] "SxaQSEQsXap096L2/HT_ROW13_N720/SJ.out.tab"
[1057] "SxaQSEQsXap096L2/HT_ROW13_N721/SJ.out.tab"
[1058] "SxaQSEQsXap096L2/HT_ROW13_N722/SJ.out.tab"
[1059] "SxaQSEQsXap096L2/HT_ROW13_N723/SJ.out.tab"
[1060] "SxaQSEQsXap096L2/HT_ROW13_N724/SJ.out.tab"
[1061] "SxaQSEQsXap096L2/HT_ROW14_N701/SJ.out.tab"
[1062] "SxaQSEQsXap096L2/HT_ROW14_N702/SJ.out.tab"
[1063] "SxaQSEQsXap096L2/HT_ROW14_N703/SJ.out.tab"
[1064] "SxaQSEQsXap096L2/HT_ROW14_N704/SJ.out.tab"
[1065] "SxaQSEQsXap096L2/HT_ROW14_N705/SJ.out.tab"
[1066] "SxaQSEQsXap096L2/HT_ROW14_N706/SJ.out.tab"
[1067] "SxaQSEQsXap096L2/HT_ROW14_N707/SJ.out.tab"
[1068] "SxaQSEQsXap096L2/HT_ROW14_N710/SJ.out.tab"
[1069] "SxaQSEQsXap096L2/HT_ROW14_N711/SJ.out.tab"
[1070] "SxaQSEQsXap096L2/HT_ROW14_N712/SJ.out.tab"
[1071] "SxaQSEQsXap096L2/HT_ROW14_N714/SJ.out.tab"
[1072] "SxaQSEQsXap096L2/HT_ROW14_N715/SJ.out.tab"
[1073] "SxaQSEQsXap096L2/HT_ROW14_N716/SJ.out.tab"
[1074] "SxaQSEQsXap096L2/HT_ROW14_N718/SJ.out.tab"
[1075] "SxaQSEQsXap096L2/HT_ROW14_N719/SJ.out.tab"
[1076] "SxaQSEQsXap096L2/HT_ROW14_N720/SJ.out.tab"
[1077] "SxaQSEQsXap096L2/HT_ROW14_N721/SJ.out.tab"
[1078] "SxaQSEQsXap096L2/HT_ROW14_N722/SJ.out.tab"
[1079] "SxaQSEQsXap096L2/HT_ROW14_N723/SJ.out.tab"
[1080] "SxaQSEQsXap096L2/HT_ROW14_N724/SJ.out.tab"
[1081] "SxaQSEQsXap096L2/HT_ROW15_N701/SJ.out.tab"
[1082] "SxaQSEQsXap096L2/HT_ROW15_N702/SJ.out.tab"
[1083] "SxaQSEQsXap096L2/HT_ROW15_N703/SJ.out.tab"
[1084] "SxaQSEQsXap096L2/HT_ROW15_N704/SJ.out.tab"
[1085] "SxaQSEQsXap096L2/HT_ROW15_N705/SJ.out.tab"
[1086] "SxaQSEQsXap096L2/HT_ROW15_N706/SJ.out.tab"
[1087] "SxaQSEQsXap096L2/HT_ROW15_N707/SJ.out.tab"
[1088] "SxaQSEQsXap096L2/HT_ROW15_N710/SJ.out.tab"
[1089] "SxaQSEQsXap096L2/HT_ROW15_N711/SJ.out.tab"
[1090] "SxaQSEQsXap096L2/HT_ROW15_N712/SJ.out.tab"
[1091] "SxaQSEQsXap096L2/HT_ROW15_N714/SJ.out.tab"
[1092] "SxaQSEQsXap096L2/HT_ROW15_N715/SJ.out.tab"
[1093] "SxaQSEQsXap096L2/HT_ROW15_N716/SJ.out.tab"
[1094] "SxaQSEQsXap096L2/HT_ROW15_N718/SJ.out.tab"
[1095] "SxaQSEQsXap096L2/HT_ROW15_N719/SJ.out.tab"
[1096] "SxaQSEQsXap096L2/HT_ROW15_N720/SJ.out.tab"
[1097] "SxaQSEQsXap096L2/HT_ROW15_N721/SJ.out.tab"
[1098] "SxaQSEQsXap096L2/HT_ROW15_N722/SJ.out.tab"
[1099] "SxaQSEQsXap096L2/HT_ROW15_N723/SJ.out.tab"
[1100] "SxaQSEQsXap096L2/HT_ROW15_N724/SJ.out.tab"
[1101] "SxaQSEQsXap096L2/HT_ROW16_N701/SJ.out.tab"
[1102] "SxaQSEQsXap096L2/HT_ROW16_N702/SJ.out.tab"
[1103] "SxaQSEQsXap096L2/HT_ROW16_N703/SJ.out.tab"
[1104] "SxaQSEQsXap096L2/HT_ROW16_N704/SJ.out.tab"
[1105] "SxaQSEQsXap096L2/HT_ROW16_N705/SJ.out.tab"
[1106] "SxaQSEQsXap096L2/HT_ROW16_N706/SJ.out.tab"
[1107] "SxaQSEQsXap096L2/HT_ROW16_N707/SJ.out.tab"
[1108] "SxaQSEQsXap096L2/HT_ROW16_N710/SJ.out.tab"
[1109] "SxaQSEQsXap096L2/HT_ROW16_N711/SJ.out.tab"
[1110] "SxaQSEQsXap096L2/HT_ROW16_N712/SJ.out.tab"
[1111] "SxaQSEQsXap096L2/HT_ROW16_N714/SJ.out.tab"
[1112] "SxaQSEQsXap096L2/HT_ROW16_N715/SJ.out.tab"
[1113] "SxaQSEQsXap096L2/HT_ROW16_N716/SJ.out.tab"
[1114] "SxaQSEQsXap096L2/HT_ROW16_N718/SJ.out.tab"
[1115] "SxaQSEQsXap096L2/HT_ROW16_N719/SJ.out.tab"
[1116] "SxaQSEQsXap096L2/HT_ROW16_N720/SJ.out.tab"
[1117] "SxaQSEQsXap096L2/HT_ROW16_N721/SJ.out.tab"
[1118] "SxaQSEQsXap096L2/HT_ROW16_N722/SJ.out.tab"
[1119] "SxaQSEQsXap096L2/HT_ROW16_N723/SJ.out.tab"
[1120] "SxaQSEQsXap096L2/HT_ROW16_N724/SJ.out.tab"
[1121] "SxaQSEQsXap096L2/HT_ROW17_N701/SJ.out.tab"
[1122] "SxaQSEQsXap096L2/HT_ROW17_N702/SJ.out.tab"
[1123] "SxaQSEQsXap096L2/HT_ROW17_N703/SJ.out.tab"
[1124] "SxaQSEQsXap096L2/HT_ROW17_N704/SJ.out.tab"
[1125] "SxaQSEQsXap096L2/HT_ROW17_N705/SJ.out.tab"
[1126] "SxaQSEQsXap096L2/HT_ROW17_N706/SJ.out.tab"
[1127] "SxaQSEQsXap096L2/HT_ROW17_N707/SJ.out.tab"
[1128] "SxaQSEQsXap096L2/HT_ROW17_N710/SJ.out.tab"
[1129] "SxaQSEQsXap096L2/HT_ROW17_N711/SJ.out.tab"
[1130] "SxaQSEQsXap096L2/HT_ROW17_N712/SJ.out.tab"
[1131] "SxaQSEQsXap096L2/HT_ROW17_N714/SJ.out.tab"
[1132] "SxaQSEQsXap096L2/HT_ROW17_N715/SJ.out.tab"
[1133] "SxaQSEQsXap096L2/HT_ROW17_N716/SJ.out.tab"
[1134] "SxaQSEQsXap096L2/HT_ROW17_N718/SJ.out.tab"
[1135] "SxaQSEQsXap096L2/HT_ROW17_N719/SJ.out.tab"
[1136] "SxaQSEQsXap096L2/HT_ROW17_N720/SJ.out.tab"
[1137] "SxaQSEQsXap096L2/HT_ROW17_N721/SJ.out.tab"
[1138] "SxaQSEQsXap096L2/HT_ROW17_N722/SJ.out.tab"
[1139] "SxaQSEQsXap096L2/HT_ROW17_N723/SJ.out.tab"
[1140] "SxaQSEQsXap096L2/HT_ROW17_N724/SJ.out.tab"
[1141] "SxaQSEQsXap096L2/HT_ROW18_N701/SJ.out.tab"
[1142] "SxaQSEQsXap096L2/HT_ROW18_N702/SJ.out.tab"
[1143] "SxaQSEQsXap096L2/HT_ROW18_N703/SJ.out.tab"
[1144] "SxaQSEQsXap096L2/HT_ROW18_N704/SJ.out.tab"
[1145] "SxaQSEQsXap096L2/HT_ROW18_N705/SJ.out.tab"
[1146] "SxaQSEQsXap096L2/HT_ROW18_N706/SJ.out.tab"
[1147] "SxaQSEQsXap096L2/HT_ROW18_N707/SJ.out.tab"
[1148] "SxaQSEQsXap096L2/HT_ROW18_N710/SJ.out.tab"
[1149] "SxaQSEQsXap096L2/HT_ROW18_N711/SJ.out.tab"
[1150] "SxaQSEQsXap096L2/HT_ROW18_N712/SJ.out.tab"
[1151] "SxaQSEQsXap096L2/HT_ROW18_N714/SJ.out.tab"
[1152] "SxaQSEQsXap096L2/HT_ROW18_N715/SJ.out.tab"
[1153] "SxaQSEQsXap096L2/HT_ROW18_N716/SJ.out.tab"
[1154] "SxaQSEQsXap096L2/HT_ROW18_N718/SJ.out.tab"
[1155] "SxaQSEQsXap096L2/HT_ROW18_N719/SJ.out.tab"
[1156] "SxaQSEQsXap096L2/HT_ROW18_N720/SJ.out.tab"
[1157] "SxaQSEQsXap096L2/HT_ROW18_N721/SJ.out.tab"
[1158] "SxaQSEQsXap096L2/HT_ROW18_N722/SJ.out.tab"
[1159] "SxaQSEQsXap096L2/HT_ROW18_N723/SJ.out.tab"
[1160] "SxaQSEQsXap096L2/HT_ROW18_N724/SJ.out.tab"
[1161] "SxaQSEQsXap096L2/HT_ROW19_N701/SJ.out.tab"
[1162] "SxaQSEQsXap096L2/HT_ROW19_N702/SJ.out.tab"
[1163] "SxaQSEQsXap096L2/HT_ROW19_N703/SJ.out.tab"
[1164] "SxaQSEQsXap096L2/HT_ROW19_N704/SJ.out.tab"
[1165] "SxaQSEQsXap096L2/HT_ROW19_N705/SJ.out.tab"
[1166] "SxaQSEQsXap096L2/HT_ROW19_N706/SJ.out.tab"
[1167] "SxaQSEQsXap096L2/HT_ROW19_N707/SJ.out.tab"
[1168] "SxaQSEQsXap096L2/HT_ROW19_N710/SJ.out.tab"
[1169] "SxaQSEQsXap096L2/HT_ROW19_N711/SJ.out.tab"
[1170] "SxaQSEQsXap096L2/HT_ROW19_N712/SJ.out.tab"
[1171] "SxaQSEQsXap096L2/HT_ROW19_N714/SJ.out.tab"
[1172] "SxaQSEQsXap096L2/HT_ROW19_N715/SJ.out.tab"
[1173] "SxaQSEQsXap096L2/HT_ROW19_N716/SJ.out.tab"
[1174] "SxaQSEQsXap096L2/HT_ROW19_N718/SJ.out.tab"
[1175] "SxaQSEQsXap096L2/HT_ROW19_N719/SJ.out.tab"
[1176] "SxaQSEQsXap096L2/HT_ROW19_N720/SJ.out.tab"
[1177] "SxaQSEQsXap096L2/HT_ROW19_N721/SJ.out.tab"
[1178] "SxaQSEQsXap096L2/HT_ROW19_N722/SJ.out.tab"
[1179] "SxaQSEQsXap096L2/HT_ROW19_N723/SJ.out.tab"
[1180] "SxaQSEQsXap096L2/HT_ROW19_N724/SJ.out.tab"
[1181] "SxaQSEQsXap096L2/HT_ROW20_N701/SJ.out.tab"
[1182] "SxaQSEQsXap096L2/HT_ROW20_N702/SJ.out.tab"
[1183] "SxaQSEQsXap096L2/HT_ROW20_N703/SJ.out.tab"
[1184] "SxaQSEQsXap096L2/HT_ROW20_N704/SJ.out.tab"
[1185] "SxaQSEQsXap096L2/HT_ROW20_N705/SJ.out.tab"
[1186] "SxaQSEQsXap096L2/HT_ROW20_N706/SJ.out.tab"
[1187] "SxaQSEQsXap096L2/HT_ROW20_N707/SJ.out.tab"
[1188] "SxaQSEQsXap096L2/HT_ROW20_N710/SJ.out.tab"
[1189] "SxaQSEQsXap096L2/HT_ROW20_N711/SJ.out.tab"
[1190] "SxaQSEQsXap096L2/HT_ROW20_N712/SJ.out.tab"
[1191] "SxaQSEQsXap096L2/HT_ROW20_N714/SJ.out.tab"
[1192] "SxaQSEQsXap096L2/HT_ROW20_N715/SJ.out.tab"
[1193] "SxaQSEQsXap096L2/HT_ROW20_N716/SJ.out.tab"
[1194] "SxaQSEQsXap096L2/HT_ROW20_N718/SJ.out.tab"
[1195] "SxaQSEQsXap096L2/HT_ROW20_N719/SJ.out.tab"
[1196] "SxaQSEQsXap096L2/HT_ROW20_N720/SJ.out.tab"
[1197] "SxaQSEQsXap096L2/HT_ROW20_N721/SJ.out.tab"
[1198] "SxaQSEQsXap096L2/HT_ROW20_N722/SJ.out.tab"
[1199] "SxaQSEQsXap096L2/HT_ROW20_N723/SJ.out.tab"
[1200] "SxaQSEQsXap096L2/HT_ROW20_N724/SJ.out.tab"
[1201] "SxaQSEQsXap096L2/HT_ROW21_N701/SJ.out.tab"
[1202] "SxaQSEQsXap096L2/HT_ROW21_N702/SJ.out.tab"
[1203] "SxaQSEQsXap096L2/HT_ROW21_N703/SJ.out.tab"
[1204] "SxaQSEQsXap096L2/HT_ROW21_N704/SJ.out.tab"
[1205] "SxaQSEQsXap096L2/HT_ROW21_N705/SJ.out.tab"
[1206] "SxaQSEQsXap096L2/HT_ROW21_N706/SJ.out.tab"
[1207] "SxaQSEQsXap096L2/HT_ROW21_N707/SJ.out.tab"
[1208] "SxaQSEQsXap096L2/HT_ROW21_N710/SJ.out.tab"
[1209] "SxaQSEQsXap096L2/HT_ROW21_N711/SJ.out.tab"
[1210] "SxaQSEQsXap096L2/HT_ROW21_N712/SJ.out.tab"
[1211] "SxaQSEQsXap096L2/HT_ROW21_N714/SJ.out.tab"
[1212] "SxaQSEQsXap096L2/HT_ROW21_N715/SJ.out.tab"
[1213] "SxaQSEQsXap096L2/HT_ROW21_N716/SJ.out.tab"
[1214] "SxaQSEQsXap096L2/HT_ROW21_N718/SJ.out.tab"
[1215] "SxaQSEQsXap096L2/HT_ROW21_N719/SJ.out.tab"
[1216] "SxaQSEQsXap096L2/HT_ROW21_N720/SJ.out.tab"
[1217] "SxaQSEQsXap096L2/HT_ROW21_N721/SJ.out.tab"
[1218] "SxaQSEQsXap096L2/HT_ROW21_N722/SJ.out.tab"
[1219] "SxaQSEQsXap096L2/HT_ROW21_N723/SJ.out.tab"
[1220] "SxaQSEQsXap096L2/HT_ROW21_N724/SJ.out.tab"
[1221] "SxaQSEQsXap096L2/HT_ROW22_N701/SJ.out.tab"
[1222] "SxaQSEQsXap096L2/HT_ROW22_N702/SJ.out.tab"
[1223] "SxaQSEQsXap096L2/HT_ROW22_N703/SJ.out.tab"
[1224] "SxaQSEQsXap096L2/HT_ROW22_N704/SJ.out.tab"
[1225] "SxaQSEQsXap096L2/HT_ROW22_N705/SJ.out.tab"
[1226] "SxaQSEQsXap096L2/HT_ROW22_N706/SJ.out.tab"
[1227] "SxaQSEQsXap096L2/HT_ROW22_N707/SJ.out.tab"
[1228] "SxaQSEQsXap096L2/HT_ROW22_N710/SJ.out.tab"
[1229] "SxaQSEQsXap096L2/HT_ROW22_N711/SJ.out.tab"
[1230] "SxaQSEQsXap096L2/HT_ROW22_N712/SJ.out.tab"
[1231] "SxaQSEQsXap096L2/HT_ROW22_N714/SJ.out.tab"
[1232] "SxaQSEQsXap096L2/HT_ROW22_N715/SJ.out.tab"
[1233] "SxaQSEQsXap096L2/HT_ROW22_N716/SJ.out.tab"
[1234] "SxaQSEQsXap096L2/HT_ROW22_N718/SJ.out.tab"
[1235] "SxaQSEQsXap096L2/HT_ROW22_N719/SJ.out.tab"
[1236] "SxaQSEQsXap096L2/HT_ROW22_N720/SJ.out.tab"
[1237] "SxaQSEQsXap096L2/HT_ROW22_N721/SJ.out.tab"
[1238] "SxaQSEQsXap096L2/HT_ROW22_N722/SJ.out.tab"
[1239] "SxaQSEQsXap096L2/HT_ROW22_N723/SJ.out.tab"
[1240] "SxaQSEQsXap096L2/HT_ROW22_N724/SJ.out.tab"
[1241] "SxaQSEQsXap096L2/HT_ROW23_N701/SJ.out.tab"
[1242] "SxaQSEQsXap096L2/HT_ROW23_N702/SJ.out.tab"
[1243] "SxaQSEQsXap096L2/HT_ROW23_N703/SJ.out.tab"
[1244] "SxaQSEQsXap096L2/HT_ROW23_N704/SJ.out.tab"
[1245] "SxaQSEQsXap096L2/HT_ROW23_N705/SJ.out.tab"
[1246] "SxaQSEQsXap096L2/HT_ROW23_N706/SJ.out.tab"
[1247] "SxaQSEQsXap096L2/HT_ROW23_N707/SJ.out.tab"
[1248] "SxaQSEQsXap096L2/HT_ROW23_N710/SJ.out.tab"
[1249] "SxaQSEQsXap096L2/HT_ROW23_N711/SJ.out.tab"
[1250] "SxaQSEQsXap096L2/HT_ROW23_N712/SJ.out.tab"
[1251] "SxaQSEQsXap096L2/HT_ROW23_N714/SJ.out.tab"
[1252] "SxaQSEQsXap096L2/HT_ROW23_N715/SJ.out.tab"
[1253] "SxaQSEQsXap096L2/HT_ROW23_N716/SJ.out.tab"
[1254] "SxaQSEQsXap096L2/HT_ROW23_N718/SJ.out.tab"
[1255] "SxaQSEQsXap096L2/HT_ROW23_N719/SJ.out.tab"
[1256] "SxaQSEQsXap096L2/HT_ROW23_N720/SJ.out.tab"
[1257] "SxaQSEQsXap096L2/HT_ROW23_N721/SJ.out.tab"
[1258] "SxaQSEQsXap096L2/HT_ROW23_N722/SJ.out.tab"
[1259] "SxaQSEQsXap096L2/HT_ROW23_N723/SJ.out.tab"
[1260] "SxaQSEQsXap096L2/HT_ROW23_N724/SJ.out.tab"
[1261] "SxaQSEQsXap096L2/HT_ROW24_N701/SJ.out.tab"
[1262] "SxaQSEQsXap096L2/HT_ROW24_N702/SJ.out.tab"
[1263] "SxaQSEQsXap096L2/HT_ROW24_N703/SJ.out.tab"
[1264] "SxaQSEQsXap096L2/HT_ROW24_N704/SJ.out.tab"
[1265] "SxaQSEQsXap096L2/HT_ROW24_N705/SJ.out.tab"
[1266] "SxaQSEQsXap096L2/HT_ROW24_N706/SJ.out.tab"
[1267] "SxaQSEQsXap096L2/HT_ROW24_N707/SJ.out.tab"
[1268] "SxaQSEQsXap096L2/HT_ROW24_N710/SJ.out.tab"
[1269] "SxaQSEQsXap096L2/HT_ROW24_N711/SJ.out.tab"
[1270] "SxaQSEQsXap096L2/HT_ROW24_N712/SJ.out.tab"
[1271] "SxaQSEQsXap096L2/HT_ROW24_N714/SJ.out.tab"
[1272] "SxaQSEQsXap096L2/HT_ROW24_N715/SJ.out.tab"
[1273] "SxaQSEQsXap096L2/HT_ROW24_N716/SJ.out.tab"
[1274] "SxaQSEQsXap096L2/HT_ROW24_N718/SJ.out.tab"
[1275] "SxaQSEQsXap096L2/HT_ROW24_N719/SJ.out.tab"
[1276] "SxaQSEQsXap096L2/HT_ROW24_N720/SJ.out.tab"
[1277] "SxaQSEQsXap096L2/HT_ROW24_N721/SJ.out.tab"
[1278] "SxaQSEQsXap096L2/HT_ROW24_N722/SJ.out.tab"
[1279] "SxaQSEQsXap096L2/HT_ROW24_N723/SJ.out.tab"
[1280] "SxaQSEQsXap096L2/HT_ROW24_N724/SJ.out.tab"
[1281] "SxaQSEQsXap096L2/HT_ROW25_N701/SJ.out.tab"
[1282] "SxaQSEQsXap096L2/HT_ROW25_N702/SJ.out.tab"
[1283] "SxaQSEQsXap096L2/HT_ROW25_N703/SJ.out.tab"
[1284] "SxaQSEQsXap096L2/HT_ROW25_N704/SJ.out.tab"
[1285] "SxaQSEQsXap096L2/HT_ROW25_N705/SJ.out.tab"
[1286] "SxaQSEQsXap096L2/HT_ROW25_N706/SJ.out.tab"
[1287] "SxaQSEQsXap096L2/HT_ROW25_N707/SJ.out.tab"
[1288] "SxaQSEQsXap096L2/HT_ROW25_N710/SJ.out.tab"
[1289] "SxaQSEQsXap096L2/HT_ROW25_N711/SJ.out.tab"
[1290] "SxaQSEQsXap096L2/HT_ROW25_N712/SJ.out.tab"
[1291] "SxaQSEQsXap096L2/HT_ROW25_N714/SJ.out.tab"
[1292] "SxaQSEQsXap096L2/HT_ROW25_N715/SJ.out.tab"
[1293] "SxaQSEQsXap096L2/HT_ROW25_N716/SJ.out.tab"
[1294] "SxaQSEQsXap096L2/HT_ROW25_N718/SJ.out.tab"
[1295] "SxaQSEQsXap096L2/HT_ROW25_N719/SJ.out.tab"
[1296] "SxaQSEQsXap096L2/HT_ROW25_N720/SJ.out.tab"
[1297] "SxaQSEQsXap096L2/HT_ROW25_N721/SJ.out.tab"
[1298] "SxaQSEQsXap096L2/HT_ROW25_N722/SJ.out.tab"
[1299] "SxaQSEQsXap096L2/HT_ROW25_N723/SJ.out.tab"
[1300] "SxaQSEQsXap096L2/HT_ROW25_N724/SJ.out.tab"
[1301] "SxaQSEQsXap096L2/HT_ROW26_N701/SJ.out.tab"
[1302] "SxaQSEQsXap096L2/HT_ROW26_N702/SJ.out.tab"
[1303] "SxaQSEQsXap096L2/HT_ROW26_N703/SJ.out.tab"
[1304] "SxaQSEQsXap096L2/HT_ROW26_N704/SJ.out.tab"
[1305] "SxaQSEQsXap096L2/HT_ROW26_N705/SJ.out.tab"
[1306] "SxaQSEQsXap096L2/HT_ROW26_N706/SJ.out.tab"
[1307] "SxaQSEQsXap096L2/HT_ROW26_N707/SJ.out.tab"
[1308] "SxaQSEQsXap096L2/HT_ROW26_N710/SJ.out.tab"
[1309] "SxaQSEQsXap096L2/HT_ROW26_N711/SJ.out.tab"
[1310] "SxaQSEQsXap096L2/HT_ROW26_N712/SJ.out.tab"
[1311] "SxaQSEQsXap096L2/HT_ROW26_N714/SJ.out.tab"
[1312] "SxaQSEQsXap096L2/HT_ROW26_N715/SJ.out.tab"
[1313] "SxaQSEQsXap096L2/HT_ROW26_N716/SJ.out.tab"
[1314] "SxaQSEQsXap096L2/HT_ROW26_N718/SJ.out.tab"
[1315] "SxaQSEQsXap096L2/HT_ROW26_N719/SJ.out.tab"
[1316] "SxaQSEQsXap096L2/HT_ROW26_N720/SJ.out.tab"
[1317] "SxaQSEQsXap096L2/HT_ROW26_N721/SJ.out.tab"
[1318] "SxaQSEQsXap096L2/HT_ROW26_N722/SJ.out.tab"
[1319] "SxaQSEQsXap096L2/HT_ROW26_N723/SJ.out.tab"
[1320] "SxaQSEQsXap096L2/HT_ROW26_N724/SJ.out.tab"
[1321] "SxaQSEQsXap096L2/HT_ROW27_N701/SJ.out.tab"
[1322] "SxaQSEQsXap096L2/HT_ROW27_N702/SJ.out.tab"
[1323] "SxaQSEQsXap096L2/HT_ROW27_N703/SJ.out.tab"
[1324] "SxaQSEQsXap096L2/HT_ROW27_N704/SJ.out.tab"
[1325] "SxaQSEQsXap096L2/HT_ROW27_N705/SJ.out.tab"
[1326] "SxaQSEQsXap096L2/HT_ROW27_N706/SJ.out.tab"
[1327] "SxaQSEQsXap096L2/HT_ROW27_N707/SJ.out.tab"
[1328] "SxaQSEQsXap096L2/HT_ROW27_N710/SJ.out.tab"
[1329] "SxaQSEQsXap096L2/HT_ROW27_N711/SJ.out.tab"
[1330] "SxaQSEQsXap096L2/HT_ROW27_N712/SJ.out.tab"
[1331] "SxaQSEQsXap096L2/HT_ROW27_N714/SJ.out.tab"
[1332] "SxaQSEQsXap096L2/HT_ROW27_N715/SJ.out.tab"
[1333] "SxaQSEQsXap096L2/HT_ROW27_N716/SJ.out.tab"
[1334] "SxaQSEQsXap096L2/HT_ROW27_N718/SJ.out.tab"
[1335] "SxaQSEQsXap096L2/HT_ROW27_N719/SJ.out.tab"
[1336] "SxaQSEQsXap096L2/HT_ROW27_N720/SJ.out.tab"
[1337] "SxaQSEQsXap096L2/HT_ROW27_N721/SJ.out.tab"
[1338] "SxaQSEQsXap096L2/HT_ROW27_N722/SJ.out.tab"
[1339] "SxaQSEQsXap096L2/HT_ROW27_N723/SJ.out.tab"
[1340] "SxaQSEQsXap096L2/HT_ROW27_N724/SJ.out.tab"
[1341] "SxaQSEQsXap096L2/HT_ROW28_N701/SJ.out.tab"
[1342] "SxaQSEQsXap096L2/HT_ROW28_N702/SJ.out.tab"
[1343] "SxaQSEQsXap096L2/HT_ROW28_N703/SJ.out.tab"
[1344] "SxaQSEQsXap096L2/HT_ROW28_N704/SJ.out.tab"
[1345] "SxaQSEQsXap096L2/HT_ROW28_N705/SJ.out.tab"
[1346] "SxaQSEQsXap096L2/HT_ROW28_N706/SJ.out.tab"
[1347] "SxaQSEQsXap096L2/HT_ROW28_N707/SJ.out.tab"
[1348] "SxaQSEQsXap096L2/HT_ROW28_N710/SJ.out.tab"
[1349] "SxaQSEQsXap096L2/HT_ROW28_N711/SJ.out.tab"
[1350] "SxaQSEQsXap096L2/HT_ROW28_N712/SJ.out.tab"
[1351] "SxaQSEQsXap096L2/HT_ROW28_N714/SJ.out.tab"
[1352] "SxaQSEQsXap096L2/HT_ROW28_N715/SJ.out.tab"
[1353] "SxaQSEQsXap096L2/HT_ROW28_N716/SJ.out.tab"
[1354] "SxaQSEQsXap096L2/HT_ROW28_N718/SJ.out.tab"
[1355] "SxaQSEQsXap096L2/HT_ROW28_N719/SJ.out.tab"
[1356] "SxaQSEQsXap096L2/HT_ROW28_N720/SJ.out.tab"
[1357] "SxaQSEQsXap096L2/HT_ROW28_N721/SJ.out.tab"
[1358] "SxaQSEQsXap096L2/HT_ROW28_N722/SJ.out.tab"
[1359] "SxaQSEQsXap096L2/HT_ROW28_N723/SJ.out.tab"
[1360] "SxaQSEQsXap096L2/HT_ROW28_N724/SJ.out.tab"
[1361] "SxaQSEQsXap096L2/HT_ROW29_N701/SJ.out.tab"
[1362] "SxaQSEQsXap096L2/HT_ROW29_N702/SJ.out.tab"
[1363] "SxaQSEQsXap096L2/HT_ROW29_N703/SJ.out.tab"
[1364] "SxaQSEQsXap096L2/HT_ROW29_N704/SJ.out.tab"
[1365] "SxaQSEQsXap096L2/HT_ROW29_N705/SJ.out.tab"
[1366] "SxaQSEQsXap096L2/HT_ROW29_N706/SJ.out.tab"
[1367] "SxaQSEQsXap096L2/HT_ROW29_N707/SJ.out.tab"
[1368] "SxaQSEQsXap096L2/HT_ROW29_N710/SJ.out.tab"
[1369] "SxaQSEQsXap096L2/HT_ROW29_N711/SJ.out.tab"
[1370] "SxaQSEQsXap096L2/HT_ROW29_N712/SJ.out.tab"
[1371] "SxaQSEQsXap096L2/HT_ROW29_N714/SJ.out.tab"
[1372] "SxaQSEQsXap096L2/HT_ROW29_N715/SJ.out.tab"
[1373] "SxaQSEQsXap096L2/HT_ROW29_N716/SJ.out.tab"
[1374] "SxaQSEQsXap096L2/HT_ROW29_N718/SJ.out.tab"
[1375] "SxaQSEQsXap096L2/HT_ROW29_N719/SJ.out.tab"
[1376] "SxaQSEQsXap096L2/HT_ROW29_N720/SJ.out.tab"
[1377] "SxaQSEQsXap096L2/HT_ROW29_N721/SJ.out.tab"
[1378] "SxaQSEQsXap096L2/HT_ROW29_N722/SJ.out.tab"
[1379] "SxaQSEQsXap096L2/HT_ROW29_N723/SJ.out.tab"
[1380] "SxaQSEQsXap096L2/HT_ROW29_N724/SJ.out.tab"
[1381] "SxaQSEQsXap096L2/HT_ROW30_N701/SJ.out.tab"
[1382] "SxaQSEQsXap096L2/HT_ROW30_N702/SJ.out.tab"
[1383] "SxaQSEQsXap096L2/HT_ROW30_N703/SJ.out.tab"
[1384] "SxaQSEQsXap096L2/HT_ROW30_N704/SJ.out.tab"
[1385] "SxaQSEQsXap096L2/HT_ROW30_N705/SJ.out.tab"
[1386] "SxaQSEQsXap096L2/HT_ROW30_N706/SJ.out.tab"
[1387] "SxaQSEQsXap096L2/HT_ROW30_N707/SJ.out.tab"
[1388] "SxaQSEQsXap096L2/HT_ROW30_N710/SJ.out.tab"
[1389] "SxaQSEQsXap096L2/HT_ROW30_N711/SJ.out.tab"
[1390] "SxaQSEQsXap096L2/HT_ROW30_N712/SJ.out.tab"
[1391] "SxaQSEQsXap096L2/HT_ROW30_N714/SJ.out.tab"
[1392] "SxaQSEQsXap096L2/HT_ROW30_N715/SJ.out.tab"
[1393] "SxaQSEQsXap096L2/HT_ROW30_N716/SJ.out.tab"
[1394] "SxaQSEQsXap096L2/HT_ROW30_N718/SJ.out.tab"
[1395] "SxaQSEQsXap096L2/HT_ROW30_N719/SJ.out.tab"
[1396] "SxaQSEQsXap096L2/HT_ROW30_N720/SJ.out.tab"
[1397] "SxaQSEQsXap096L2/HT_ROW30_N721/SJ.out.tab"
[1398] "SxaQSEQsXap096L2/HT_ROW30_N722/SJ.out.tab"
[1399] "SxaQSEQsXap096L2/HT_ROW30_N723/SJ.out.tab"
[1400] "SxaQSEQsXap096L2/HT_ROW30_N724/SJ.out.tab"
[1401] "SxaQSEQsXap096L2/HT_ROW31_N701/SJ.out.tab"
[1402] "SxaQSEQsXap096L2/HT_ROW31_N702/SJ.out.tab"
[1403] "SxaQSEQsXap096L2/HT_ROW31_N703/SJ.out.tab"
[1404] "SxaQSEQsXap096L2/HT_ROW31_N704/SJ.out.tab"
[1405] "SxaQSEQsXap096L2/HT_ROW31_N705/SJ.out.tab"
[1406] "SxaQSEQsXap096L2/HT_ROW31_N706/SJ.out.tab"
[1407] "SxaQSEQsXap096L2/HT_ROW31_N707/SJ.out.tab"
[1408] "SxaQSEQsXap096L2/HT_ROW31_N710/SJ.out.tab"
[1409] "SxaQSEQsXap096L2/HT_ROW31_N711/SJ.out.tab"
[1410] "SxaQSEQsXap096L2/HT_ROW31_N712/SJ.out.tab"
[1411] "SxaQSEQsXap096L2/HT_ROW31_N714/SJ.out.tab"
[1412] "SxaQSEQsXap096L2/HT_ROW31_N715/SJ.out.tab"
[1413] "SxaQSEQsXap096L2/HT_ROW31_N716/SJ.out.tab"
[1414] "SxaQSEQsXap096L2/HT_ROW31_N718/SJ.out.tab"
[1415] "SxaQSEQsXap096L2/HT_ROW31_N719/SJ.out.tab"
[1416] "SxaQSEQsXap096L2/HT_ROW31_N720/SJ.out.tab"
[1417] "SxaQSEQsXap096L2/HT_ROW31_N721/SJ.out.tab"
[1418] "SxaQSEQsXap096L2/HT_ROW31_N722/SJ.out.tab"
[1419] "SxaQSEQsXap096L2/HT_ROW31_N723/SJ.out.tab"
[1420] "SxaQSEQsXap096L2/HT_ROW31_N724/SJ.out.tab"
[1421] "SxaQSEQsXap096L2/HT_ROW32_N701/SJ.out.tab"
[1422] "SxaQSEQsXap096L2/HT_ROW32_N702/SJ.out.tab"
[1423] "SxaQSEQsXap096L2/HT_ROW32_N703/SJ.out.tab"
[1424] "SxaQSEQsXap096L2/HT_ROW32_N704/SJ.out.tab"
[1425] "SxaQSEQsXap096L2/HT_ROW32_N705/SJ.out.tab"
[1426] "SxaQSEQsXap096L2/HT_ROW32_N706/SJ.out.tab"
[1427] "SxaQSEQsXap096L2/HT_ROW32_N707/SJ.out.tab"
[1428] "SxaQSEQsXap096L2/HT_ROW32_N710/SJ.out.tab"
[1429] "SxaQSEQsXap096L2/HT_ROW32_N711/SJ.out.tab"
[1430] "SxaQSEQsXap096L2/HT_ROW32_N712/SJ.out.tab"
[1431] "SxaQSEQsXap096L2/HT_ROW32_N714/SJ.out.tab"
[1432] "SxaQSEQsXap096L2/HT_ROW32_N715/SJ.out.tab"
[1433] "SxaQSEQsXap096L2/HT_ROW32_N716/SJ.out.tab"
[1434] "SxaQSEQsXap096L2/HT_ROW32_N718/SJ.out.tab"
[1435] "SxaQSEQsXap096L2/HT_ROW32_N719/SJ.out.tab"
[1436] "SxaQSEQsXap096L2/HT_ROW32_N720/SJ.out.tab"
[1437] "SxaQSEQsXap096L2/HT_ROW32_N721/SJ.out.tab"
[1438] "SxaQSEQsXap096L2/HT_ROW32_N722/SJ.out.tab"
[1439] "SxaQSEQsXap096L2/HT_ROW32_N723/SJ.out.tab"
[1440] "SxaQSEQsXap096L2/HT_ROW32_N724/SJ.out.tab"
[1441] "SxaQSEQsXap096L2/HT_ROW33_N701/SJ.out.tab"
[1442] "SxaQSEQsXap096L2/HT_ROW33_N702/SJ.out.tab"
[1443] "SxaQSEQsXap096L2/HT_ROW33_N703/SJ.out.tab"
[1444] "SxaQSEQsXap096L2/HT_ROW33_N704/SJ.out.tab"
[1445] "SxaQSEQsXap096L2/HT_ROW33_N705/SJ.out.tab"
[1446] "SxaQSEQsXap096L2/HT_ROW33_N706/SJ.out.tab"
[1447] "SxaQSEQsXap096L2/HT_ROW33_N707/SJ.out.tab"
[1448] "SxaQSEQsXap096L2/HT_ROW33_N710/SJ.out.tab"
[1449] "SxaQSEQsXap096L2/HT_ROW33_N711/SJ.out.tab"
[1450] "SxaQSEQsXap096L2/HT_ROW33_N712/SJ.out.tab"
[1451] "SxaQSEQsXap096L2/HT_ROW33_N714/SJ.out.tab"
[1452] "SxaQSEQsXap096L2/HT_ROW33_N715/SJ.out.tab"
[1453] "SxaQSEQsXap096L2/HT_ROW33_N716/SJ.out.tab"
[1454] "SxaQSEQsXap096L2/HT_ROW33_N718/SJ.out.tab"
[1455] "SxaQSEQsXap096L2/HT_ROW33_N719/SJ.out.tab"
[1456] "SxaQSEQsXap096L2/HT_ROW33_N720/SJ.out.tab"
[1457] "SxaQSEQsXap096L2/HT_ROW33_N721/SJ.out.tab"
[1458] "SxaQSEQsXap096L2/HT_ROW33_N722/SJ.out.tab"
[1459] "SxaQSEQsXap096L2/HT_ROW33_N723/SJ.out.tab"
[1460] "SxaQSEQsXap096L2/HT_ROW33_N724/SJ.out.tab"
[1461] "SxaQSEQsXap096L2/HT_ROW34_N701/SJ.out.tab"
[1462] "SxaQSEQsXap096L2/HT_ROW34_N702/SJ.out.tab"
[1463] "SxaQSEQsXap096L2/HT_ROW34_N703/SJ.out.tab"
[1464] "SxaQSEQsXap096L2/HT_ROW34_N704/SJ.out.tab"
[1465] "SxaQSEQsXap096L2/HT_ROW34_N705/SJ.out.tab"
[1466] "SxaQSEQsXap096L2/HT_ROW34_N706/SJ.out.tab"
[1467] "SxaQSEQsXap096L2/HT_ROW34_N707/SJ.out.tab"
[1468] "SxaQSEQsXap096L2/HT_ROW34_N710/SJ.out.tab"
[1469] "SxaQSEQsXap096L2/HT_ROW34_N711/SJ.out.tab"
[1470] "SxaQSEQsXap096L2/HT_ROW34_N712/SJ.out.tab"
[1471] "SxaQSEQsXap096L2/HT_ROW34_N714/SJ.out.tab"
[1472] "SxaQSEQsXap096L2/HT_ROW34_N715/SJ.out.tab"
[1473] "SxaQSEQsXap096L2/HT_ROW34_N716/SJ.out.tab"
[1474] "SxaQSEQsXap096L2/HT_ROW34_N718/SJ.out.tab"
[1475] "SxaQSEQsXap096L2/HT_ROW34_N719/SJ.out.tab"
[1476] "SxaQSEQsXap096L2/HT_ROW34_N720/SJ.out.tab"
[1477] "SxaQSEQsXap096L2/HT_ROW34_N721/SJ.out.tab"
[1478] "SxaQSEQsXap096L2/HT_ROW34_N722/SJ.out.tab"
[1479] "SxaQSEQsXap096L2/HT_ROW34_N723/SJ.out.tab"
[1480] "SxaQSEQsXap096L2/HT_ROW34_N724/SJ.out.tab"
[1481] "SxaQSEQsXap096L2/HT_ROW35_N701/SJ.out.tab"
[1482] "SxaQSEQsXap096L2/HT_ROW35_N702/SJ.out.tab"
[1483] "SxaQSEQsXap096L2/HT_ROW35_N703/SJ.out.tab"
[1484] "SxaQSEQsXap096L2/HT_ROW35_N704/SJ.out.tab"
[1485] "SxaQSEQsXap096L2/HT_ROW35_N705/SJ.out.tab"
[1486] "SxaQSEQsXap096L2/HT_ROW35_N706/SJ.out.tab"
[1487] "SxaQSEQsXap096L2/HT_ROW35_N707/SJ.out.tab"
[1488] "SxaQSEQsXap096L2/HT_ROW35_N710/SJ.out.tab"
[1489] "SxaQSEQsXap096L2/HT_ROW35_N711/SJ.out.tab"
[1490] "SxaQSEQsXap096L2/HT_ROW35_N712/SJ.out.tab"
[1491] "SxaQSEQsXap096L2/HT_ROW35_N714/SJ.out.tab"
[1492] "SxaQSEQsXap096L2/HT_ROW35_N715/SJ.out.tab"
[1493] "SxaQSEQsXap096L2/HT_ROW35_N716/SJ.out.tab"
[1494] "SxaQSEQsXap096L2/HT_ROW35_N718/SJ.out.tab"
[1495] "SxaQSEQsXap096L2/HT_ROW35_N719/SJ.out.tab"
[1496] "SxaQSEQsXap096L2/HT_ROW35_N720/SJ.out.tab"
[1497] "SxaQSEQsXap096L2/HT_ROW35_N721/SJ.out.tab"
[1498] "SxaQSEQsXap096L2/HT_ROW35_N722/SJ.out.tab"
[1499] "SxaQSEQsXap096L2/HT_ROW35_N723/SJ.out.tab"
[1500] "SxaQSEQsXap096L2/HT_ROW35_N724/SJ.out.tab"
[1501] "SxaQSEQsXap096L2/HT_ROW36_N701/SJ.out.tab"
[1502] "SxaQSEQsXap096L2/HT_ROW36_N702/SJ.out.tab"
[1503] "SxaQSEQsXap096L2/HT_ROW36_N703/SJ.out.tab"
[1504] "SxaQSEQsXap096L2/HT_ROW36_N704/SJ.out.tab"
[1505] "SxaQSEQsXap096L2/HT_ROW36_N705/SJ.out.tab"
[1506] "SxaQSEQsXap096L2/HT_ROW36_N706/SJ.out.tab"
[1507] "SxaQSEQsXap096L2/HT_ROW36_N707/SJ.out.tab"
[1508] "SxaQSEQsXap096L2/HT_ROW36_N710/SJ.out.tab"
[1509] "SxaQSEQsXap096L2/HT_ROW36_N711/SJ.out.tab"
[1510] "SxaQSEQsXap096L2/HT_ROW36_N712/SJ.out.tab"
[1511] "SxaQSEQsXap096L2/HT_ROW36_N714/SJ.out.tab"
[1512] "SxaQSEQsXap096L2/HT_ROW36_N715/SJ.out.tab"
[1513] "SxaQSEQsXap096L2/HT_ROW36_N716/SJ.out.tab"
[1514] "SxaQSEQsXap096L2/HT_ROW36_N718/SJ.out.tab"
[1515] "SxaQSEQsXap096L2/HT_ROW36_N719/SJ.out.tab"
[1516] "SxaQSEQsXap096L2/HT_ROW36_N720/SJ.out.tab"
[1517] "SxaQSEQsXap096L2/HT_ROW36_N721/SJ.out.tab"
[1518] "SxaQSEQsXap096L2/HT_ROW36_N722/SJ.out.tab"
[1519] "SxaQSEQsXap096L2/HT_ROW36_N723/SJ.out.tab"
[1520] "SxaQSEQsXap096L2/HT_ROW36_N724/SJ.out.tab"
[1521] "SxaQSEQsXap096L2/HT_ROW37_N701/SJ.out.tab"
[1522] "SxaQSEQsXap096L2/HT_ROW37_N702/SJ.out.tab"
[1523] "SxaQSEQsXap096L2/HT_ROW37_N703/SJ.out.tab"
[1524] "SxaQSEQsXap096L2/HT_ROW37_N704/SJ.out.tab"
[1525] "SxaQSEQsXap096L2/HT_ROW37_N705/SJ.out.tab"
[1526] "SxaQSEQsXap096L2/HT_ROW37_N706/SJ.out.tab"
[1527] "SxaQSEQsXap096L2/HT_ROW37_N707/SJ.out.tab"
[1528] "SxaQSEQsXap096L2/HT_ROW37_N710/SJ.out.tab"
[1529] "SxaQSEQsXap096L2/HT_ROW37_N711/SJ.out.tab"
[1530] "SxaQSEQsXap096L2/HT_ROW37_N712/SJ.out.tab"
[1531] "SxaQSEQsXap096L2/HT_ROW37_N714/SJ.out.tab"
[1532] "SxaQSEQsXap096L2/HT_ROW37_N715/SJ.out.tab"
[1533] "SxaQSEQsXap096L2/HT_ROW37_N716/SJ.out.tab"
[1534] "SxaQSEQsXap096L2/HT_ROW37_N718/SJ.out.tab"
[1535] "SxaQSEQsXap096L2/HT_ROW37_N719/SJ.out.tab"
[1536] "SxaQSEQsXap096L2/HT_ROW37_N720/SJ.out.tab"
[1537] "SxaQSEQsXap096L2/HT_ROW37_N721/SJ.out.tab"
[1538] "SxaQSEQsXap096L2/HT_ROW37_N722/SJ.out.tab"
[1539] "SxaQSEQsXap096L2/HT_ROW37_N723/SJ.out.tab"
[1540] "SxaQSEQsXap096L2/HT_ROW37_N724/SJ.out.tab"
[1541] "SxaQSEQsXap096L2/HT_ROW38_N701/SJ.out.tab"
[1542] "SxaQSEQsXap096L2/HT_ROW38_N702/SJ.out.tab"
[1543] "SxaQSEQsXap096L2/HT_ROW38_N703/SJ.out.tab"
[1544] "SxaQSEQsXap096L2/HT_ROW38_N704/SJ.out.tab"
[1545] "SxaQSEQsXap096L2/HT_ROW38_N705/SJ.out.tab"
[1546] "SxaQSEQsXap096L2/HT_ROW38_N706/SJ.out.tab"
[1547] "SxaQSEQsXap096L2/HT_ROW38_N707/SJ.out.tab"
[1548] "SxaQSEQsXap096L2/HT_ROW38_N710/SJ.out.tab"
[1549] "SxaQSEQsXap096L2/HT_ROW38_N711/SJ.out.tab"
[1550] "SxaQSEQsXap096L2/HT_ROW38_N712/SJ.out.tab"
[1551] "SxaQSEQsXap096L2/HT_ROW38_N714/SJ.out.tab"
[1552] "SxaQSEQsXap096L2/HT_ROW38_N715/SJ.out.tab"
[1553] "SxaQSEQsXap096L2/HT_ROW38_N716/SJ.out.tab"
[1554] "SxaQSEQsXap096L2/HT_ROW38_N718/SJ.out.tab"
[1555] "SxaQSEQsXap096L2/HT_ROW38_N719/SJ.out.tab"
[1556] "SxaQSEQsXap096L2/HT_ROW38_N720/SJ.out.tab"
[1557] "SxaQSEQsXap096L2/HT_ROW38_N721/SJ.out.tab"
[1558] "SxaQSEQsXap096L2/HT_ROW38_N722/SJ.out.tab"
[1559] "SxaQSEQsXap096L2/HT_ROW38_N723/SJ.out.tab"
[1560] "SxaQSEQsXap096L2/HT_ROW38_N724/SJ.out.tab"
[1561] "SxaQSEQsXap096L2/HT_ROW39_N701/SJ.out.tab"
[1562] "SxaQSEQsXap096L2/HT_ROW39_N702/SJ.out.tab"
[1563] "SxaQSEQsXap096L2/HT_ROW39_N703/SJ.out.tab"
[1564] "SxaQSEQsXap096L2/HT_ROW39_N704/SJ.out.tab"
[1565] "SxaQSEQsXap096L2/HT_ROW39_N705/SJ.out.tab"
[1566] "SxaQSEQsXap096L2/HT_ROW39_N706/SJ.out.tab"
[1567] "SxaQSEQsXap096L2/HT_ROW39_N707/SJ.out.tab"
[1568] "SxaQSEQsXap096L2/HT_ROW39_N710/SJ.out.tab"
[1569] "SxaQSEQsXap096L2/HT_ROW39_N711/SJ.out.tab"
[1570] "SxaQSEQsXap096L2/HT_ROW39_N712/SJ.out.tab"
[1571] "SxaQSEQsXap096L2/HT_ROW39_N714/SJ.out.tab"
[1572] "SxaQSEQsXap096L2/HT_ROW39_N715/SJ.out.tab"
[1573] "SxaQSEQsXap096L2/HT_ROW39_N716/SJ.out.tab"
[1574] "SxaQSEQsXap096L2/HT_ROW39_N718/SJ.out.tab"
[1575] "SxaQSEQsXap096L2/HT_ROW39_N719/SJ.out.tab"
[1576] "SxaQSEQsXap096L2/HT_ROW39_N720/SJ.out.tab"
[1577] "SxaQSEQsXap096L2/HT_ROW39_N721/SJ.out.tab"
[1578] "SxaQSEQsXap096L2/HT_ROW39_N722/SJ.out.tab"
[1579] "SxaQSEQsXap096L2/HT_ROW39_N723/SJ.out.tab"
[1580] "SxaQSEQsXap096L2/HT_ROW39_N724/SJ.out.tab"
[1581] "SxaQSEQsXap096L2/HT_ROW40_N701/SJ.out.tab"
[1582] "SxaQSEQsXap096L2/HT_ROW40_N702/SJ.out.tab"
[1583] "SxaQSEQsXap096L2/HT_ROW40_N703/SJ.out.tab"
[1584] "SxaQSEQsXap096L2/HT_ROW40_N704/SJ.out.tab"
[1585] "SxaQSEQsXap096L2/HT_ROW40_N705/SJ.out.tab"
[1586] "SxaQSEQsXap096L2/HT_ROW40_N706/SJ.out.tab"
[1587] "SxaQSEQsXap096L2/HT_ROW40_N707/SJ.out.tab"
[1588] "SxaQSEQsXap096L2/HT_ROW40_N710/SJ.out.tab"
[1589] "SxaQSEQsXap096L2/HT_ROW40_N711/SJ.out.tab"
[1590] "SxaQSEQsXap096L2/HT_ROW40_N712/SJ.out.tab"
[1591] "SxaQSEQsXap096L2/HT_ROW40_N714/SJ.out.tab"
[1592] "SxaQSEQsXap096L2/HT_ROW40_N715/SJ.out.tab"
[1593] "SxaQSEQsXap096L2/HT_ROW40_N716/SJ.out.tab"
[1594] "SxaQSEQsXap096L2/HT_ROW40_N718/SJ.out.tab"
[1595] "SxaQSEQsXap096L2/HT_ROW40_N719/SJ.out.tab"
[1596] "SxaQSEQsXap096L2/HT_ROW40_N720/SJ.out.tab"
[1597] "SxaQSEQsXap096L2/HT_ROW40_N721/SJ.out.tab"
[1598] "SxaQSEQsXap096L2/HT_ROW40_N722/SJ.out.tab"
[1599] "SxaQSEQsXap096L2/HT_ROW40_N723/SJ.out.tab"
[1600] "SxaQSEQsXap096L2/HT_ROW40_N724/SJ.out.tab"
[1] "Looping through files..."
[1] "Done looping through files..."
[1] "Making outdir:"
[1] "/geschwindlabshares/RNAseq_singlecellfetal/HT-001-002_DP/data/bam/NoERCC/variant"
